Wed Sep 22 2021 21:20:21 GMT+0200 (GMT+02:00)[2020-09-22T21:20:55.076] [TRACE] file - uIejZyjRwpwZD_giaQ9Wt_xD
[2020-09-22T21:20:55.077] [TRACE] file - Session {
  cookie: {
    path: '/',
    _expires: 2020-12-21T19:20:55.074Z,
    originalMaxAge: 7776000000,
    httpOnly: true
  },
  views: { '/': 174, '/cv': 184, '/giftedADHD': 111 },
  horodate: 2020-09-22T21:20:55.064Z,
  ip: '86.247.252.92',
  geoloc: {
    range: [ 1459091456, 1459093503 ],
    country: 'FR',
    region: 'IDF',
    eu: '1',
    timezone: 'Europe/Paris',
    city: 'Paris',
    ll: [ 48.8543, 2.3527 ],
    metro: 0,
    area: 1
  },
  __lastAccess: 1600802455075
}
