Sat Oct 02 2021 02:31:03 GMT+0200 (GMT+02:00)[2020-10-02T02:31:06.696] [TRACE] file - uIejZyjRwpwZD_giaQ9Wt_xD
[2020-10-02T02:31:06.696] [TRACE] file - Session {
  cookie: {
    path: '/',
    _expires: 2020-12-31T00:31:06.691Z,
    originalMaxAge: 7776000000,
    httpOnly: true
  },
  views: { '/': 250, '/cv': 204, '/giftedADHD': 128 },
  horodate: 2020-10-02T02:31:06.686Z,
  ip: '86.247.252.92',
  geoloc: {
    range: [ 1459091456, 1459093503 ],
    country: 'FR',
    region: 'IDF',
    eu: '1',
    timezone: 'Europe/Paris',
    city: 'Paris',
    ll: [ 48.8543, 2.3527 ],
    metro: 0,
    area: 1
  },
  __lastAccess: 1601598666691
}
[2020-10-02T02:31:58.201] [TRACE] file - uIejZyjRwpwZD_giaQ9Wt_xD
[2020-10-02T02:31:58.201] [TRACE] file - Session {
  cookie: {
    path: '/',
    _expires: 2020-12-31T00:31:58.200Z,
    originalMaxAge: 7776000000,
    httpOnly: true
  },
  views: { '/': 251, '/cv': 204, '/giftedADHD': 128 },
  horodate: 2020-10-02T02:31:58.197Z,
  ip: '86.247.252.92',
  geoloc: {
    range: [ 1459091456, 1459093503 ],
    country: 'FR',
    region: 'IDF',
    eu: '1',
    timezone: 'Europe/Paris',
    city: 'Paris',
    ll: [ 48.8543, 2.3527 ],
    metro: 0,
    area: 1
  },
  __lastAccess: 1601598718200
}
