Wed Sep 22 2021 15:33:17 GMT+0200 (GMT+02:00)[2020-09-22T15:35:29.261] [TRACE] file - uIejZyjRwpwZD_giaQ9Wt_xD
[2020-09-22T15:35:29.262] [TRACE] file - Session {
  cookie: {
    path: '/',
    _expires: 2020-12-21T13:35:29.258Z,
    originalMaxAge: 7776000000,
    httpOnly: true
  },
  views: { '/': 168, '/cv': 180, '/giftedADHD': 109 },
  horodate: 2020-09-22T15:35:29.253Z,
  ip: undefined,
  geoloc: null,
  __lastAccess: 1600781729259
}
[2020-09-22T15:35:29.269] [TRACE] file - uIejZyjRwpwZD_giaQ9Wt_xD
[2020-09-22T15:35:29.269] [TRACE] file - Session {
  cookie: {
    path: '/',
    _expires: 2020-12-21T13:35:29.266Z,
    originalMaxAge: 7776000000,
    httpOnly: true
  },
  views: { '/': 168, '/cv': 180, '/giftedADHD': 109 },
  horodate: 2020-09-22T15:35:29.264Z,
  ip: '86.247.252.92',
  geoloc: {
    range: [ 1459091456, 1459093503 ],
    country: 'FR',
    region: 'IDF',
    eu: '1',
    timezone: 'Europe/Paris',
    city: 'Paris',
    ll: [ 48.8543, 2.3527 ],
    metro: 0,
    area: 1
  },
  __lastAccess: 1600781729267
}
[2020-09-22T15:36:24.622] [TRACE] file - Session {
  cookie: {
    path: '/',
    _expires: 2020-12-21T13:36:24.622Z,
    originalMaxAge: 7776000000,
    httpOnly: true
  },
  views: { '/': 168, '/cv': 181, '/giftedADHD': 109 },
  horodate: 2020-09-22T15:36:24.620Z,
  ip: '86.247.252.92',
  geoloc: {
    range: [ 1459091456, 1459093503 ],
    country: 'FR',
    region: 'IDF',
    eu: '1',
    timezone: 'Europe/Paris',
    city: 'Paris',
    ll: [ 48.8543, 2.3527 ],
    metro: 0,
    area: 1
  },
  __lastAccess: 1600781784622
}
