Wed Sep 22 2021 23:48:24 GMT+0200 (GMT+02:00)[2020-09-22T23:48:28.996] [TRACE] file - uIejZyjRwpwZD_giaQ9Wt_xD
[2020-09-22T23:48:28.997] [TRACE] file - Session {
  cookie: {
    path: '/',
    _expires: 2020-12-21T21:48:28.992Z,
    originalMaxAge: 7776000000,
    httpOnly: true
  },
  views: { '/': 200, '/cv': 184, '/giftedADHD': 111 },
  horodate: 2020-09-22T23:48:28.696Z,
  ip: '86.247.252.92',
  geoloc: {
    range: [ 1459091456, 1459093503 ],
    country: 'FR',
    region: 'IDF',
    eu: '1',
    timezone: 'Europe/Paris',
    city: 'Paris',
    ll: [ 48.8543, 2.3527 ],
    metro: 0,
    area: 1
  },
  __lastAccess: 1600811308992
}
