Sat Oct 02 2021 22:58:07 GMT+0200 (GMT+02:00)[2020-10-02T22:59:38.337] [TRACE] file - uIejZyjRwpwZD_giaQ9Wt_xD
[2020-10-02T22:59:38.338] [TRACE] file - Session {
  cookie: {
    path: '/',
    _expires: 2020-12-31T20:59:38.335Z,
    originalMaxAge: 7776000000,
    httpOnly: true
  },
  views: { '/': 284, '/cv': 222, '/giftedADHD': 135 },
  horodate: 2020-10-02T22:59:38.330Z,
  ip: '86.247.252.92',
  geoloc: {
    range: [ 1459091456, 1459093503 ],
    country: 'FR',
    region: 'IDF',
    eu: '1',
    timezone: 'Europe/Paris',
    city: 'Paris',
    ll: [ 48.8543, 2.3527 ],
    metro: 0,
    area: 1
  },
  __lastAccess: 1601672378336
}
