Sat Oct 02 2021 22:35:06 GMT+0200 (GMT+02:00)[2020-10-02T22:35:09.252] [TRACE] file - uIejZyjRwpwZD_giaQ9Wt_xD
[2020-10-02T22:35:09.253] [TRACE] file - Session {
  cookie: {
    path: '/',
    _expires: 2020-12-31T20:35:09.250Z,
    originalMaxAge: 7776000000,
    httpOnly: true
  },
  views: { '/': 280, '/cv': 222, '/giftedADHD': 135 },
  horodate: 2020-10-02T22:35:09.246Z,
  ip: '86.247.252.92',
  geoloc: {
    range: [ 1459091456, 1459093503 ],
    country: 'FR',
    region: 'IDF',
    eu: '1',
    timezone: 'Europe/Paris',
    city: 'Paris',
    ll: [ 48.8543, 2.3527 ],
    metro: 0,
    area: 1
  },
  __lastAccess: 1601670909251
}
[2020-10-02T22:35:13.775] [TRACE] file - Uw8IfHUsRvd3uMbWNqq9TbJc
[2020-10-02T22:35:13.775] [TRACE] file - Session {
  cookie: {
    path: '/',
    _expires: 2020-12-31T20:35:13.771Z,
    originalMaxAge: 7775999999,
    httpOnly: true
  },
  views: { '/': 170, '/cv': 70, '/giftedADHD': 61 },
  horodate: 2020-10-02T22:35:13.769Z,
  ip: '82.227.67.139',
  geoloc: {
    range: [ 1390624768, 1390625791 ],
    country: 'FR',
    region: 'IDF',
    eu: '1',
    timezone: 'Europe/Paris',
    city: 'Paris',
    ll: [ 48.8543, 2.3527 ],
    metro: 0,
    area: 5
  },
  __lastAccess: 1601670913772
}
