Sat Oct 09 2021 11:12:50 GMT+0200 (GMT+02:00)[2020-10-09T11:12:58.325] [TRACE] file - uIejZyjRwpwZD_giaQ9Wt_xD
[2020-10-09T11:12:58.325] [TRACE] file - Session {
  cookie: {
    path: '/',
    _expires: 2021-01-07T09:12:58.320Z,
    originalMaxAge: 7775999997,
    httpOnly: true
  },
  views: { '/': 378, '/cv': 251, '/giftedADHD': 152 },
  horodate: 2020-10-09T11:12:58.318Z,
  geoloc: {
    range: [ 1459091456, 1459093503 ],
    country: 'FR',
    region: 'IDF',
    eu: '1',
    timezone: 'Europe/Paris',
    city: 'Paris',
    ll: [ 48.8543, 2.3527 ],
    metro: 0,
    area: 1
  },
  __lastAccess: 1602234778323,
  ip: '86.247.252.92'
}
[2020-10-09T11:37:10.018] [TRACE] file - 3AcIPtLOn3ULKxbXO4h0u1sa
[2020-10-09T11:37:10.018] [TRACE] file - Session {
  cookie: {
    path: '/',
    _expires: 2021-01-07T09:37:10.018Z,
    originalMaxAge: 7776000000,
    httpOnly: true,
    SameSite: 'Lax'
  },
  views: { '/': 1 },
  horodate: 2020-10-09T11:37:10.016Z,
  ip: '185.216.195.194',
  geoloc: {
    range: [ 3117990656, 3117990911 ],
    country: 'RU',
    region: 'ROS',
    eu: '0',
    timezone: 'Europe/Moscow',
    city: 'Rostov-on-Don',
    ll: [ 47.2361, 39.7189 ],
    metro: 0,
    area: 50
  },
  __lastAccess: 1602236230018
}
[2020-10-09T13:14:00.099] [TRACE] file - lG661LiSDHyAm-vsy9-uzab0
[2020-10-09T13:14:00.099] [TRACE] file - Session {
  cookie: {
    path: '/',
    _expires: 2021-01-07T11:14:00.099Z,
    originalMaxAge: 7776000000,
    httpOnly: true,
    SameSite: 'Lax'
  },
  views: { '/': 1 },
  horodate: 2020-10-09T13:14:00.097Z,
  ip: '128.14.134.134',
  geoloc: {
    range: [ 2148433920, 2148435967 ],
    country: 'US',
    region: 'CA',
    eu: '0',
    timezone: 'America/Los_Angeles',
    city: 'Arcadia',
    ll: [ 34.1397, -118.0353 ],
    metro: 803,
    area: 500
  },
  __lastAccess: 1602242040099
}
[2020-10-09T14:11:20.215] [TRACE] file - uIejZyjRwpwZD_giaQ9Wt_xD
[2020-10-09T14:11:20.215] [TRACE] file - Session {
  cookie: {
    path: '/',
    _expires: 2021-01-07T12:11:20.212Z,
    originalMaxAge: 7775999997,
    httpOnly: true
  },
  views: { '/': 379, '/cv': 251, '/giftedADHD': 152 },
  horodate: 2020-10-09T14:11:20.213Z,
  geoloc: {
    range: [ 1459091456, 1459093503 ],
    country: 'FR',
    region: 'IDF',
    eu: '1',
    timezone: 'Europe/Paris',
    city: 'Paris',
    ll: [ 48.8543, 2.3527 ],
    metro: 0,
    area: 1
  },
  __lastAccess: 1602245480215,
  ip: '86.247.252.92'
}
[2020-10-09T15:46:43.140] [TRACE] file - RTLErg_JOf9f1YwU3Si8u0nz
[2020-10-09T15:46:43.140] [TRACE] file - Session {
  cookie: {
    path: '/',
    _expires: 2021-01-07T13:46:43.139Z,
    originalMaxAge: 7776000000,
    httpOnly: true,
    SameSite: 'Lax'
  },
  views: { '/': 1 },
  horodate: 2020-10-09T15:46:43.133Z,
  ip: '78.187.93.86',
  geoloc: {
    range: [ 1320901632, 1320902655 ],
    country: 'TR',
    region: '07',
    eu: '0',
    timezone: 'Europe/Istanbul',
    city: 'Antalya',
    ll: [ 36.8867, 30.6866 ],
    metro: 0,
    area: 100
  },
  __lastAccess: 1602251203139
}
[2020-10-09T15:52:03.839] [TRACE] file - a-lJM775kUhbdwDf1uJdKaHN
[2020-10-09T15:52:03.840] [TRACE] file - Session {
  cookie: {
    path: '/',
    _expires: 2021-01-07T13:52:03.839Z,
    originalMaxAge: 7776000000,
    httpOnly: true,
    SameSite: 'Lax'
  },
  views: { '/': 1 },
  horodate: 2020-10-09T15:52:03.835Z,
  ip: '178.154.200.67',
  geoloc: {
    range: [ 2996486144, 2996494335 ],
    country: 'RU',
    region: '',
    eu: '0',
    timezone: 'Europe/Moscow',
    city: '',
    ll: [ 55.7386, 37.6068 ],
    metro: 0,
    area: 1000
  },
  __lastAccess: 1602251523839
}
[2020-10-09T15:56:09.487] [TRACE] file - 9dutlHAc2JFUdf3Q-MQIYQ1x
[2020-10-09T15:56:09.487] [TRACE] file - Session {
  cookie: {
    path: '/',
    _expires: 2021-01-07T13:56:09.486Z,
    originalMaxAge: 7776000000,
    httpOnly: true,
    SameSite: 'Lax'
  },
  views: { '/': 1 },
  horodate: 2020-10-09T15:56:09.482Z,
  ip: '128.14.133.58',
  geoloc: {
    range: [ 2148433920, 2148435967 ],
    country: 'US',
    region: 'CA',
    eu: '0',
    timezone: 'America/Los_Angeles',
    city: 'Arcadia',
    ll: [ 34.1397, -118.0353 ],
    metro: 803,
    area: 500
  },
  __lastAccess: 1602251769486
}
[2020-10-09T15:57:54.125] [TRACE] file - obqxOrwxLyibvqdQI9HPw2vt
[2020-10-09T15:57:54.125] [TRACE] file - Session {
  cookie: {
    path: '/',
    _expires: 2021-01-07T13:57:54.124Z,
    originalMaxAge: 7776000000,
    httpOnly: true,
    SameSite: 'Lax'
  },
  views: { '/': 1 },
  horodate: 2020-10-09T15:57:54.123Z,
  ip: '208.100.26.230',
  geoloc: {
    range: [ 3496218624, 3496222719 ],
    country: 'US',
    region: 'IL',
    eu: '0',
    timezone: 'America/Chicago',
    city: 'Chicago',
    ll: [ 41.8719, -87.6589 ],
    metro: 602,
    area: 1000
  },
  __lastAccess: 1602251874124
}
[2020-10-09T15:59:51.962] [TRACE] file - 2ktw7SuClf1dSqTLKKnf-1ER
[2020-10-09T15:59:51.962] [TRACE] file - Session {
  cookie: {
    path: '/',
    _expires: 2021-01-07T13:59:51.961Z,
    originalMaxAge: 7776000000,
    httpOnly: true,
    SameSite: 'Lax'
  },
  views: { '/': 1 },
  horodate: 2020-10-09T15:59:51.959Z,
  ip: '208.100.26.230',
  geoloc: {
    range: [ 3496218624, 3496222719 ],
    country: 'US',
    region: 'IL',
    eu: '0',
    timezone: 'America/Chicago',
    city: 'Chicago',
    ll: [ 41.8719, -87.6589 ],
    metro: 602,
    area: 1000
  },
  __lastAccess: 1602251991961
}
[2020-10-09T15:59:52.280] [TRACE] file - dLbobQfl9r9mrsMuYvPiQNEm
[2020-10-09T15:59:52.280] [TRACE] file - Session {
  cookie: {
    path: '/',
    _expires: 2021-01-07T13:59:52.280Z,
    originalMaxAge: 7776000000,
    httpOnly: true,
    SameSite: 'Lax'
  },
  views: { '/': 1 },
  horodate: 2020-10-09T15:59:52.275Z,
  ip: '208.100.26.230',
  geoloc: {
    range: [ 3496218624, 3496222719 ],
    country: 'US',
    region: 'IL',
    eu: '0',
    timezone: 'America/Chicago',
    city: 'Chicago',
    ll: [ 41.8719, -87.6589 ],
    metro: 602,
    area: 1000
  },
  __lastAccess: 1602251992280
}
[2020-10-09T16:53:35.485] [TRACE] file - 4MVvmTTcH0JOJmNnzwcGX-zi
[2020-10-09T16:53:35.485] [TRACE] file - Session {
  cookie: {
    path: '/',
    _expires: 2021-01-07T14:53:35.484Z,
    originalMaxAge: 7776000000,
    httpOnly: true,
    SameSite: 'Lax'
  },
  views: { '/': 1 },
  horodate: 2020-10-09T16:53:35.479Z,
  ip: '107.150.176.3',
  geoloc: {
    range: [ 1805037568, 1805038591 ],
    country: 'TR',
    region: '',
    eu: '0',
    timezone: 'Europe/Istanbul',
    city: '',
    ll: [ 41.0214, 28.9948 ],
    metro: 0,
    area: 500
  },
  __lastAccess: 1602255215484
}
[2020-10-09T16:58:53.168] [TRACE] file - n8v39IO63XfHhOTHFhgTN8-y
[2020-10-09T16:58:53.168] [TRACE] file - Session {
  cookie: {
    path: '/',
    _expires: 2021-01-07T14:58:53.168Z,
    originalMaxAge: 7776000000,
    httpOnly: true,
    SameSite: 'Lax'
  },
  views: { '/': 1 },
  horodate: 2020-10-09T16:58:53.167Z,
  ip: '190.128.154.222',
  geoloc: {
    range: [ 3196098560, 3196100607 ],
    country: 'PY',
    region: 'ASU',
    eu: '0',
    timezone: 'America/Asuncion',
    city: 'Asunción',
    ll: [ -25.2927, -57.6157 ],
    metro: 0,
    area: 200
  },
  __lastAccess: 1602255533168
}
[2020-10-09T16:58:53.666] [TRACE] file - 2ED0WBH0BNYAor6Z8gKXqntH
[2020-10-09T16:58:53.666] [TRACE] file - Session {
  cookie: {
    path: '/',
    _expires: 2021-01-07T14:58:53.665Z,
    originalMaxAge: 7776000000,
    httpOnly: true,
    SameSite: 'Lax'
  },
  views: { '/': 1 },
  horodate: 2020-10-09T16:58:53.660Z,
  ip: '190.128.154.222',
  geoloc: {
    range: [ 3196098560, 3196100607 ],
    country: 'PY',
    region: 'ASU',
    eu: '0',
    timezone: 'America/Asuncion',
    city: 'Asunción',
    ll: [ -25.2927, -57.6157 ],
    metro: 0,
    area: 200
  },
  __lastAccess: 1602255533665
}
[2020-10-09T17:17:44.988] [TRACE] file - Sy8iY3375ViNysGwcuX3EZfS
[2020-10-09T17:17:44.988] [TRACE] file - Session {
  cookie: {
    path: '/',
    _expires: 2021-01-07T15:17:44.987Z,
    originalMaxAge: 7776000000,
    httpOnly: true,
    SameSite: 'Lax'
  },
  views: { '/': 1 },
  horodate: 2020-10-09T17:17:44.982Z,
  ip: '74.120.14.52',
  geoloc: {
    range: [ 1249380352, 1249382399 ],
    country: 'US',
    region: '',
    eu: '0',
    timezone: 'America/Chicago',
    city: '',
    ll: [ 37.751, -97.822 ],
    metro: 0,
    area: 1000
  },
  __lastAccess: 1602256664987
}
[2020-10-09T17:17:45.203] [TRACE] file - VBB6uOppieSKZfKZFVhfYZCM
[2020-10-09T17:17:45.203] [TRACE] file - Session {
  cookie: {
    path: '/',
    _expires: 2021-01-07T15:17:45.202Z,
    originalMaxAge: 7776000000,
    httpOnly: true,
    SameSite: 'Lax'
  },
  views: { '/': 1 },
  horodate: 2020-10-09T17:17:45.201Z,
  ip: '74.120.14.52',
  geoloc: {
    range: [ 1249380352, 1249382399 ],
    country: 'US',
    region: '',
    eu: '0',
    timezone: 'America/Chicago',
    city: '',
    ll: [ 37.751, -97.822 ],
    metro: 0,
    area: 1000
  },
  __lastAccess: 1602256665202
}
[2020-10-09T18:24:15.959] [TRACE] file - _2kdCMT_bno1o8jK1bOQvo0S
[2020-10-09T18:24:15.959] [TRACE] file - Session {
  cookie: {
    path: '/',
    _expires: 2021-01-07T16:24:15.958Z,
    originalMaxAge: 7776000000,
    httpOnly: true,
    SameSite: 'Lax'
  },
  views: { '/': 1 },
  horodate: 2020-10-09T18:24:15.952Z,
  ip: '185.142.236.43',
  geoloc: {
    range: [ 3113151488, 3113151743 ],
    country: 'NL',
    region: '',
    eu: '1',
    timezone: 'Europe/Amsterdam',
    city: '',
    ll: [ 52.3824, 4.8995 ],
    metro: 0,
    area: 100
  },
  __lastAccess: 1602260655958
}
[2020-10-09T18:25:02.935] [TRACE] file - kllE7i-ECT0S8ilxzJJtW9ms
[2020-10-09T18:25:02.935] [TRACE] file - Session {
  cookie: {
    path: '/',
    _expires: 2021-01-07T16:25:02.935Z,
    originalMaxAge: 7776000000,
    httpOnly: true,
    SameSite: 'Lax'
  },
  views: { '/': 1 },
  horodate: 2020-10-09T18:25:02.933Z,
  ip: '34.76.47.142',
  geoloc: {
    range: [ 575414272, 575422463 ],
    country: 'US',
    region: '',
    eu: '0',
    timezone: 'America/Chicago',
    city: '',
    ll: [ 37.751, -97.822 ],
    metro: 0,
    area: 1000
  },
  __lastAccess: 1602260702935
}
[2020-10-09T18:43:45.642] [TRACE] file - zC0aoieS5mQoFdwUc5sn85XR
[2020-10-09T18:43:45.642] [TRACE] file - Session {
  cookie: {
    path: '/',
    _expires: 2021-01-07T16:43:45.642Z,
    originalMaxAge: 7776000000,
    httpOnly: true,
    SameSite: 'Lax'
  },
  views: { '/': 1 },
  horodate: 2020-10-09T18:43:45.640Z,
  ip: '131.221.214.3',
  geoloc: {
    range: [ 2212353024, 2212354047 ],
    country: 'BR',
    region: 'PA',
    eu: '0',
    timezone: 'America/Belem',
    city: 'Tailandia',
    ll: [ -2.8723, -48.7575 ],
    metro: 0,
    area: 100
  },
  __lastAccess: 1602261825642
}
[2020-10-09T19:07:56.001] [TRACE] file - Uw8IfHUsRvd3uMbWNqq9TbJc
[2020-10-09T19:07:56.001] [TRACE] file - Session {
  cookie: {
    path: '/',
    _expires: 2021-01-07T17:07:55.999Z,
    originalMaxAge: 7775999999,
    httpOnly: true
  },
  views: { '/': 221, '/cv': 87, '/giftedADHD': 75 },
  horodate: 2020-10-09T19:07:55.996Z,
  ip: '86.247.252.92',
  geoloc: {
    range: [ 1459091456, 1459093503 ],
    country: 'FR',
    region: 'IDF',
    eu: '1',
    timezone: 'Europe/Paris',
    city: 'Paris',
    ll: [ 48.8543, 2.3527 ],
    metro: 0,
    area: 1
  },
  __lastAccess: 1602263276000
}
