Wed Sep 22 2021 10:27:31 GMT+0200 (GMT+02:00)[2020-09-22T10:27:55.029] [TRACE] file - mbKCb49p6cu0kXKpVGFzJx2r
[2020-09-22T10:27:55.030] [TRACE] file - Session {
  cookie: {
    path: '/',
    _expires: 2020-12-21T08:27:55.025Z,
    originalMaxAge: 7775999999,
    httpOnly: true,
    SameSite: 'Lax'
  },
  views: { '/': 1 },
  horodate: 2020-09-22T10:27:55.019Z,
  ip: '127.0.0.1',
  geoloc: null,
  __lastAccess: 1600763275026
}
[2020-09-22T10:28:56.181] [TRACE] file - UesnhTvXfD86dVXO0k3HpBBU
[2020-09-22T10:28:56.181] [TRACE] file - Session {
  cookie: {
    path: '/',
    _expires: 2020-12-21T08:28:56.180Z,
    originalMaxAge: 7776000000,
    httpOnly: true,
    SameSite: 'Lax'
  },
  views: { '/': 1 },
  horodate: 2020-09-22T10:28:56.177Z,
  ip: '86.247.252.92',
  geoloc: {
    range: [ 1459091456, 1459093503 ],
    country: 'FR',
    region: 'IDF',
    eu: '1',
    timezone: 'Europe/Paris',
    city: 'Paris',
    ll: [ 48.8543, 2.3527 ],
    metro: 0,
    area: 1
  },
  __lastAccess: 1600763336181
}
[2020-09-22T10:37:59.626] [TRACE] file - jNEHXo2jdqRFC8FVNwGG74vv
[2020-09-22T10:37:59.626] [TRACE] file - Session {
  cookie: {
    path: '/',
    _expires: 2020-12-21T08:37:59.626Z,
    originalMaxAge: 7776000000,
    httpOnly: true,
    SameSite: 'Lax'
  },
  views: { '/': 1 },
  horodate: 2020-09-22T10:37:59.623Z,
  ip: '86.247.252.92',
  geoloc: {
    range: [ 1459091456, 1459093503 ],
    country: 'FR',
    region: 'IDF',
    eu: '1',
    timezone: 'Europe/Paris',
    city: 'Paris',
    ll: [ 48.8543, 2.3527 ],
    metro: 0,
    area: 1
  },
  __lastAccess: 1600763879626
}
[2020-09-22T10:38:14.309] [TRACE] file - Session {
  cookie: {
    path: '/',
    _expires: 2020-12-21T08:38:14.309Z,
    originalMaxAge: 7776000000,
    httpOnly: true
  },
  views: { '/': 1, '/cv': 1 },
  horodate: 2020-09-22T10:38:14.307Z,
  ip: '86.247.252.92',
  geoloc: {
    range: [ 1459091456, 1459093503 ],
    country: 'FR',
    region: 'IDF',
    eu: '1',
    timezone: 'Europe/Paris',
    city: 'Paris',
    ll: [ 48.8543, 2.3527 ],
    metro: 0,
    area: 1
  },
  __lastAccess: 1600763894309
}
[2020-09-22T10:38:15.386] [TRACE] file - Session {
  cookie: {
    path: '/',
    _expires: 2020-12-21T08:38:15.384Z,
    originalMaxAge: 7776000000,
    httpOnly: true
  },
  views: { '/': 1, '/cv': 1, '/giftedADHD': 1 },
  horodate: 2020-09-22T10:38:15.376Z,
  ip: '86.247.252.92',
  geoloc: {
    range: [ 1459091456, 1459093503 ],
    country: 'FR',
    region: 'IDF',
    eu: '1',
    timezone: 'Europe/Paris',
    city: 'Paris',
    ll: [ 48.8543, 2.3527 ],
    metro: 0,
    area: 1
  },
  __lastAccess: 1600763895385
}
[2020-09-22T10:38:25.042] [TRACE] file - jNEHXo2jdqRFC8FVNwGG74vv
[2020-09-22T10:38:25.042] [TRACE] file - Session {
  cookie: {
    path: '/',
    _expires: 2020-12-21T08:38:25.042Z,
    originalMaxAge: 7776000000,
    httpOnly: true
  },
  views: { '/': 2, '/cv': 1, '/giftedADHD': 1 },
  horodate: 2020-09-22T10:38:25.040Z,
  ip: '86.247.252.92',
  geoloc: {
    range: [ 1459091456, 1459093503 ],
    country: 'FR',
    region: 'IDF',
    eu: '1',
    timezone: 'Europe/Paris',
    city: 'Paris',
    ll: [ 48.8543, 2.3527 ],
    metro: 0,
    area: 1
  },
  __lastAccess: 1600763905042
}
[2020-09-22T10:55:06.562] [TRACE] file - yJZGXwAxamUzgB7to5K0t4Un
[2020-09-22T10:55:06.562] [TRACE] file - Session {
  cookie: {
    path: '/',
    _expires: 2020-12-21T08:55:06.562Z,
    originalMaxAge: 7776000000,
    httpOnly: true,
    SameSite: 'Lax'
  },
  views: { '/': 1 },
  horodate: 2020-09-22T10:55:06.560Z,
  ip: '81.214.74.242',
  geoloc: {
    range: [ 1372997632, 1372998655 ],
    country: 'TR',
    region: '34',
    eu: '0',
    timezone: 'Europe/Istanbul',
    city: 'Istanbul',
    ll: [ 41.002, 28.9646 ],
    metro: 0,
    area: 100
  },
  __lastAccess: 1600764906562
}
[2020-09-22T11:49:09.282] [TRACE] file - g6Men46Gkm7Zg5e37tGJn6KG
[2020-09-22T11:49:09.282] [TRACE] file - Session {
  cookie: {
    path: '/',
    _expires: 2020-12-21T09:49:09.281Z,
    originalMaxAge: 7776000000,
    httpOnly: true,
    SameSite: 'Lax'
  },
  views: { '/': 1 },
  horodate: 2020-09-22T11:49:09.275Z,
  ip: '201.76.115.31',
  geoloc: {
    range: [ 3377230336, 3377230847 ],
    country: 'BR',
    region: 'RS',
    eu: '0',
    timezone: 'America/Sao_Paulo',
    city: 'Montenegro',
    ll: [ -29.6998, -51.4796 ],
    metro: 0,
    area: 10
  },
  __lastAccess: 1600768149281
}
[2020-09-22T12:11:24.529] [TRACE] file - s2D1YAfOxIYaBcD0D7fQyoMj
[2020-09-22T12:11:24.529] [TRACE] file - Session {
  cookie: {
    path: '/',
    _expires: 2020-12-21T10:11:24.529Z,
    originalMaxAge: 7776000000,
    httpOnly: true,
    SameSite: 'Lax'
  },
  views: { '/': 1 },
  horodate: 2020-09-22T12:11:24.527Z,
  ip: '14.188.131.146',
  geoloc: {
    range: [ 247234560, 247238655 ],
    country: 'VN',
    region: '',
    eu: '0',
    timezone: 'Asia/Ho_Chi_Minh',
    city: '',
    ll: [ 16, 106 ],
    metro: 0,
    area: 50
  },
  __lastAccess: 1600769484529
}
[2020-09-22T12:38:10.757] [TRACE] file - 56aPLbUoGE3s9CMODo6wjVaH
[2020-09-22T12:38:10.757] [TRACE] file - Session {
  cookie: {
    path: '/',
    _expires: 2020-12-21T10:38:10.757Z,
    originalMaxAge: 7776000000,
    httpOnly: true,
    SameSite: 'Lax'
  },
  views: { '/': 1 },
  horodate: 2020-09-22T12:38:10.755Z,
  ip: '95.10.76.69',
  geoloc: {
    range: [ 1594507264, 1594523647 ],
    country: 'TR',
    region: '',
    eu: '0',
    timezone: 'Europe/Istanbul',
    city: '',
    ll: [ 41.0214, 28.9948 ],
    metro: 0,
    area: 500
  },
  __lastAccess: 1600771090757
}
[2020-09-22T12:47:24.911] [TRACE] file - pceW0MGMw2tUGok6dOd_Y1aD
[2020-09-22T12:47:24.911] [TRACE] file - Session {
  cookie: {
    path: '/',
    _expires: 2020-12-21T10:47:24.911Z,
    originalMaxAge: 7776000000,
    httpOnly: true,
    SameSite: 'Lax'
  },
  views: { '/': 1 },
  horodate: 2020-09-22T12:47:24.910Z,
  ip: '103.40.122.100',
  geoloc: {
    range: [ 1730705408, 1730706431 ],
    country: 'ID',
    region: '',
    eu: '0',
    timezone: 'Asia/Jakarta',
    city: '',
    ll: [ -6.175, 106.8286 ],
    metro: 0,
    area: 1000
  },
  __lastAccess: 1600771644911
}
[2020-09-22T13:26:59.271] [TRACE] file - xe4KOR36ui-_LBVh74ZzhwIs
[2020-09-22T13:26:59.271] [TRACE] file - Session {
  cookie: {
    path: '/',
    _expires: 2020-12-21T11:26:59.271Z,
    originalMaxAge: 7776000000,
    httpOnly: true,
    SameSite: 'Lax'
  },
  views: { '/': 1 },
  horodate: 2020-09-22T13:26:59.270Z,
  ip: '176.113.115.214',
  geoloc: {
    range: [ 2960224768, 2960225279 ],
    country: 'RU',
    region: 'MOW',
    eu: '0',
    timezone: 'Europe/Moscow',
    city: 'Moscow',
    ll: [ 55.7527, 37.6172 ],
    metro: 0,
    area: 200
  },
  __lastAccess: 1600774019271
}
[2020-09-22T13:27:45.245] [TRACE] file - 5HiDfJkPXIsRjQ4AVzaEkgS3
[2020-09-22T13:27:45.245] [TRACE] file - Session {
  cookie: {
    path: '/',
    _expires: 2020-12-21T11:27:45.245Z,
    originalMaxAge: 7776000000,
    httpOnly: true,
    SameSite: 'Lax'
  },
  views: { '/': 1 },
  horodate: 2020-09-22T13:27:45.243Z,
  ip: '186.29.182.229',
  geoloc: {
    range: [ 3122508800, 3122509823 ],
    country: 'CO',
    region: 'DC',
    eu: '0',
    timezone: 'America/Bogota',
    city: 'Bogotá',
    ll: [ 4.6493, -74.0617 ],
    metro: 0,
    area: 10
  },
  __lastAccess: 1600774065245
}
[2020-09-22T13:35:49.822] [TRACE] file - jArSmVoP22G7bfG7rBeS9kjt
[2020-09-22T13:35:49.822] [TRACE] file - Session {
  cookie: {
    path: '/',
    _expires: 2020-12-21T11:35:49.822Z,
    originalMaxAge: 7776000000,
    httpOnly: true,
    SameSite: 'Lax'
  },
  views: { '/': 1 },
  horodate: 2020-09-22T13:35:49.820Z,
  ip: '176.113.115.214',
  geoloc: {
    range: [ 2960224768, 2960225279 ],
    country: 'RU',
    region: 'MOW',
    eu: '0',
    timezone: 'Europe/Moscow',
    city: 'Moscow',
    ll: [ 55.7527, 37.6172 ],
    metro: 0,
    area: 200
  },
  __lastAccess: 1600774549822
}
[2020-09-22T13:44:54.040] [TRACE] file - U013T1wDyqL2Qn8WMfNVqX9x
[2020-09-22T13:44:54.040] [TRACE] file - Session {
  cookie: {
    path: '/',
    _expires: 2020-12-21T11:44:54.040Z,
    originalMaxAge: 7776000000,
    httpOnly: true,
    SameSite: 'Lax'
  },
  views: { '/': 1 },
  horodate: 2020-09-22T13:44:54.038Z,
  ip: '167.248.133.49',
  geoloc: {
    range: [ 2818080768, 2818113535 ],
    country: 'US',
    region: '',
    eu: '0',
    timezone: 'America/Chicago',
    city: '',
    ll: [ 37.751, -97.822 ],
    metro: 0,
    area: 1000
  },
  __lastAccess: 1600775094040
}
[2020-09-22T13:44:54.260] [TRACE] file - gvHNgH-jFakAekfOOui028QA
[2020-09-22T13:44:54.260] [TRACE] file - Session {
  cookie: {
    path: '/',
    _expires: 2020-12-21T11:44:54.260Z,
    originalMaxAge: 7776000000,
    httpOnly: true,
    SameSite: 'Lax'
  },
  views: { '/': 1 },
  horodate: 2020-09-22T13:44:54.256Z,
  ip: '167.248.133.49',
  geoloc: {
    range: [ 2818080768, 2818113535 ],
    country: 'US',
    region: '',
    eu: '0',
    timezone: 'America/Chicago',
    city: '',
    ll: [ 37.751, -97.822 ],
    metro: 0,
    area: 1000
  },
  __lastAccess: 1600775094260
}
[2020-09-22T13:53:49.112] [TRACE] file - Qd5Px41RFGd7dYEGhAXpUHT-
[2020-09-22T13:53:49.112] [TRACE] file - Session {
  cookie: {
    path: '/',
    _expires: 2020-12-21T11:53:49.111Z,
    originalMaxAge: 7775999999,
    httpOnly: true
  },
  views: { '/': 25, '/cv': 24, '/giftedADHD': 7 },
  horodate: 2020-09-22T13:53:49.110Z,
  geoloc: {
    range: [ 1537998848, 1538260991 ],
    country: 'FR',
    region: '',
    eu: '1',
    timezone: 'Europe/Paris',
    city: '',
    ll: [ 48.8582, 2.3387 ],
    metro: 0,
    area: 500
  },
  __lastAccess: 1600775629112,
  ip: '91.175.159.123'
}
[2020-09-22T13:54:05.206] [TRACE] file - Session {
  cookie: {
    path: '/',
    _expires: 2020-12-21T11:54:05.205Z,
    originalMaxAge: 7775999999,
    httpOnly: true
  },
  views: { '/': 25, '/cv': 25, '/giftedADHD': 7 },
  horodate: 2020-09-22T13:54:05.203Z,
  geoloc: {
    range: [ 1537998848, 1538260991 ],
    country: 'FR',
    region: '',
    eu: '1',
    timezone: 'Europe/Paris',
    city: '',
    ll: [ 48.8582, 2.3387 ],
    metro: 0,
    area: 500
  },
  __lastAccess: 1600775645206,
  ip: '91.175.159.123'
}
[2020-09-22T14:15:51.848] [TRACE] file - 9_-8_eFazaynlkxJUQqehbw9
[2020-09-22T14:15:51.848] [TRACE] file - Session {
  cookie: {
    path: '/',
    _expires: 2020-12-21T12:15:51.848Z,
    originalMaxAge: 7776000000,
    httpOnly: true,
    SameSite: 'Lax'
  },
  views: { '/': 1 },
  horodate: 2020-09-22T14:15:51.846Z,
  ip: '182.160.106.154',
  geoloc: {
    range: [ 3063965696, 3063967743 ],
    country: 'BD',
    region: 'C',
    eu: '0',
    timezone: 'Asia/Dhaka',
    city: 'Dhaka',
    ll: [ 23.771, 90.3611 ],
    metro: 0,
    area: 1000
  },
  __lastAccess: 1600776951848
}
[2020-09-22T14:22:00.739] [TRACE] file - EGkFj6x9fLU-0PUkLRQhPQbV
[2020-09-22T14:22:00.739] [TRACE] file - Session {
  cookie: {
    path: '/',
    _expires: 2020-12-21T12:22:00.738Z,
    originalMaxAge: 7776000000,
    httpOnly: true,
    SameSite: 'Lax'
  },
  views: { '/': 1 },
  horodate: 2020-09-22T14:22:00.736Z,
  ip: '103.220.39.126',
  geoloc: {
    range: [ 1742480896, 1742481407 ],
    country: 'IN',
    region: '',
    eu: '0',
    timezone: 'Asia/Kolkata',
    city: '',
    ll: [ 20, 77 ],
    metro: 0,
    area: 1000
  },
  __lastAccess: 1600777320739
}
[2020-09-22T14:51:28.837] [TRACE] file - fVdvcypvcveYUWH06NCD6FKo
[2020-09-22T14:51:28.837] [TRACE] file - Session {
  cookie: {
    path: '/',
    _expires: 2020-12-21T12:51:28.837Z,
    originalMaxAge: 7776000000,
    httpOnly: true,
    SameSite: 'Lax'
  },
  views: { '/': 1 },
  horodate: 2020-09-22T14:51:28.835Z,
  ip: '212.126.121.254',
  geoloc: {
    range: [ 3565058048, 3565058559 ],
    country: 'IQ',
    region: '',
    eu: '0',
    timezone: 'Asia/Baghdad',
    city: '',
    ll: [ 33, 44 ],
    metro: 0,
    area: 50
  },
  __lastAccess: 1600779088837
}
[2020-09-22T14:55:54.040] [TRACE] file - uIejZyjRwpwZD_giaQ9Wt_xD
[2020-09-22T14:55:54.040] [TRACE] file - Session {
  cookie: {
    path: '/',
    _expires: 2020-12-21T12:55:54.039Z,
    originalMaxAge: 7776000000,
    httpOnly: true
  },
  views: { '/': 167, '/cv': 180, '/giftedADHD': 109 },
  horodate: 2020-09-22T14:55:54.037Z,
  ip: '86.247.252.92',
  geoloc: {
    range: [ 1459091456, 1459093503 ],
    country: 'FR',
    region: 'IDF',
    eu: '1',
    timezone: 'Europe/Paris',
    city: 'Paris',
    ll: [ 48.8543, 2.3527 ],
    metro: 0,
    area: 1
  },
  __lastAccess: 1600779354039
}
[2020-09-22T15:10:23.795] [TRACE] file - Uw8IfHUsRvd3uMbWNqq9TbJc
[2020-09-22T15:10:23.795] [TRACE] file - Session {
  cookie: {
    path: '/',
    _expires: 2020-12-21T13:10:23.794Z,
    originalMaxAge: 7775999999,
    httpOnly: true
  },
  views: { '/': 124, '/cv': 57, '/giftedADHD': 48 },
  horodate: 2020-09-22T15:10:23.793Z,
  ip: '86.247.252.92',
  geoloc: {
    range: [ 1459091456, 1459093503 ],
    country: 'FR',
    region: 'IDF',
    eu: '1',
    timezone: 'Europe/Paris',
    city: 'Paris',
    ll: [ 48.8543, 2.3527 ],
    metro: 0,
    area: 1
  },
  __lastAccess: 1600780223795
}
[2020-09-22T15:13:12.995] [TRACE] file - 5-foj9PNR5_WD_mK_oM5jUDR
[2020-09-22T15:13:12.995] [TRACE] file - Session {
  cookie: {
    path: '/',
    _expires: 2020-12-21T13:13:12.995Z,
    originalMaxAge: 7776000000,
    httpOnly: true,
    SameSite: 'Lax'
  },
  views: { '/': 1 },
  horodate: 2020-09-22T15:13:12.993Z,
  ip: '185.74.39.90',
  geoloc: {
    range: [ 3108644608, 3108644735 ],
    country: 'IT',
    region: '78',
    eu: '1',
    timezone: 'Europe/Rome',
    city: 'Soveria Mannelli',
    ll: [ 39.0833, 16.3667 ],
    metro: 0,
    area: 20
  },
  __lastAccess: 1600780392995
}
[2020-09-22T15:24:03.705] [TRACE] file - lyzqS8MBXWub5So5spb-nJ5x
[2020-09-22T15:24:03.705] [TRACE] file - Session {
  cookie: {
    path: '/',
    _expires: 2020-12-21T13:24:03.705Z,
    originalMaxAge: 7776000000,
    httpOnly: true,
    SameSite: 'Lax'
  },
  views: { '/': 1 },
  horodate: 2020-09-22T15:24:03.702Z,
  ip: '94.102.49.193',
  geoloc: {
    range: [ 1583755264, 1583755775 ],
    country: 'NL',
    region: '',
    eu: '1',
    timezone: 'Europe/Amsterdam',
    city: '',
    ll: [ 52.3824, 4.8995 ],
    metro: 0,
    area: 100
  },
  __lastAccess: 1600781043705
}
