Fri Oct 22 2021 18:59:27 GMT+0200 (GMT+02:00)[2020-10-22T18:59:28.240] [TRACE] file - Session {
  cookie: {
    path: '/',
    _expires: 2021-01-20T16:59:22.695Z,
    originalMaxAge: 7775999999,
    httpOnly: true
  },
  __lastAccess: 1603385962696,
  views: { '/': 11, '/cv': 5, '/giftedADHD': 4, '/leaflet': 31 },
  horodate: 2020-10-22T18:59:28.237Z,
  ip: '86.247.78.60',
  geoloc: {
    range: [ 1459046400, 1459048447 ],
    country: 'FR',
    region: 'IDF',
    eu: '1',
    timezone: 'Europe/Paris',
    city: 'Paris',
    ll: [ 48.8543, 2.3527 ],
    metro: 0,
    area: 5
  }
}
[2020-10-22T18:59:44.977] [TRACE] file - Session {
  cookie: {
    path: '/',
    _expires: 2021-01-20T16:59:44.975Z,
    originalMaxAge: 7775999999,
    httpOnly: true
  },
  __lastAccess: 1603385984976,
  views: { '/': 11, '/cv': 5, '/giftedADHD': 5, '/leaflet': 31 },
  horodate: 2020-10-22T18:59:44.971Z,
  ip: '86.247.78.60',
  geoloc: {
    range: [ 1459046400, 1459048447 ],
    country: 'FR',
    region: 'IDF',
    eu: '1',
    timezone: 'Europe/Paris',
    city: 'Paris',
    ll: [ 48.8543, 2.3527 ],
    metro: 0,
    area: 5
  }
}
[2020-10-22T18:59:46.997] [TRACE] file - Session {
  cookie: {
    path: '/',
    _expires: 2021-01-20T16:59:46.995Z,
    originalMaxAge: 7775999999,
    httpOnly: true
  },
  __lastAccess: 1603385986996,
  views: { '/': 11, '/cv': 6, '/giftedADHD': 5, '/leaflet': 31 },
  horodate: 2020-10-22T18:59:46.993Z,
  ip: '86.247.78.60',
  geoloc: {
    range: [ 1459046400, 1459048447 ],
    country: 'FR',
    region: 'IDF',
    eu: '1',
    timezone: 'Europe/Paris',
    city: 'Paris',
    ll: [ 48.8543, 2.3527 ],
    metro: 0,
    area: 5
  }
}
[2020-10-22T18:59:48.005] [TRACE] file - ZYGadamqoJTb0Bqiy57xWEm7
[2020-10-22T18:59:48.006] [TRACE] file - Session {
  cookie: {
    path: '/',
    _expires: 2021-01-20T16:59:48.004Z,
    originalMaxAge: 7775999999,
    httpOnly: true
  },
  __lastAccess: 1603385988005,
  views: { '/': 12, '/cv': 6, '/giftedADHD': 5, '/leaflet': 31 },
  horodate: 2020-10-22T18:59:48.002Z,
  ip: '86.247.78.60',
  geoloc: {
    range: [ 1459046400, 1459048447 ],
    country: 'FR',
    region: 'IDF',
    eu: '1',
    timezone: 'Europe/Paris',
    city: 'Paris',
    ll: [ 48.8543, 2.3527 ],
    metro: 0,
    area: 5
  }
}
[2020-10-22T18:59:49.349] [TRACE] file - Session {
  cookie: {
    path: '/',
    _expires: 2021-01-20T16:59:49.348Z,
    originalMaxAge: 7775999999,
    httpOnly: true
  },
  __lastAccess: 1603385989349,
  views: { '/': 12, '/cv': 6, '/giftedADHD': 6, '/leaflet': 31 },
  horodate: 2020-10-22T18:59:49.346Z,
  ip: '86.247.78.60',
  geoloc: {
    range: [ 1459046400, 1459048447 ],
    country: 'FR',
    region: 'IDF',
    eu: '1',
    timezone: 'Europe/Paris',
    city: 'Paris',
    ll: [ 48.8543, 2.3527 ],
    metro: 0,
    area: 5
  }
}
[2020-10-22T18:59:56.121] [TRACE] file - Session {
  cookie: {
    path: '/',
    _expires: 2021-01-20T16:59:56.120Z,
    originalMaxAge: 7775999999,
    httpOnly: true
  },
  __lastAccess: 1603385996121,
  views: { '/': 12, '/cv': 6, '/giftedADHD': 6, '/leaflet': 32 },
  horodate: 2020-10-22T18:59:56.119Z,
  ip: '86.247.78.60',
  geoloc: {
    range: [ 1459046400, 1459048447 ],
    country: 'FR',
    region: 'IDF',
    eu: '1',
    timezone: 'Europe/Paris',
    city: 'Paris',
    ll: [ 48.8543, 2.3527 ],
    metro: 0,
    area: 5
  }
}
[2020-10-22T19:01:44.483] [TRACE] file - Session {
  cookie: {
    path: '/',
    _expires: 2021-01-20T17:01:44.482Z,
    originalMaxAge: 7775999999,
    httpOnly: true
  },
  __lastAccess: 1603386104483,
  views: { '/': 12, '/cv': 6, '/giftedADHD': 6, '/leaflet': 33 },
  horodate: 2020-10-22T19:01:44.480Z,
  ip: '86.247.78.60',
  geoloc: {
    range: [ 1459046400, 1459048447 ],
    country: 'FR',
    region: 'IDF',
    eu: '1',
    timezone: 'Europe/Paris',
    city: 'Paris',
    ll: [ 48.8543, 2.3527 ],
    metro: 0,
    area: 5
  }
}
[2020-10-22T19:02:16.735] [TRACE] file - Session {
  cookie: {
    path: '/',
    _expires: 2021-01-20T17:02:16.734Z,
    originalMaxAge: 7775999999,
    httpOnly: true
  },
  __lastAccess: 1603386136735,
  views: { '/': 12, '/cv': 6, '/giftedADHD': 6, '/leaflet': 34 },
  horodate: 2020-10-22T19:02:16.733Z,
  ip: '86.247.78.60',
  geoloc: {
    range: [ 1459046400, 1459048447 ],
    country: 'FR',
    region: 'IDF',
    eu: '1',
    timezone: 'Europe/Paris',
    city: 'Paris',
    ll: [ 48.8543, 2.3527 ],
    metro: 0,
    area: 5
  }
}
[2020-10-22T19:02:22.497] [TRACE] file - Session {
  cookie: {
    path: '/',
    _expires: 2021-01-20T17:02:22.496Z,
    originalMaxAge: 7775999999,
    httpOnly: true
  },
  __lastAccess: 1603386142497,
  views: { '/': 12, '/cv': 6, '/giftedADHD': 6, '/leaflet': 35 },
  horodate: 2020-10-22T19:02:22.495Z,
  ip: '86.247.78.60',
  geoloc: {
    range: [ 1459046400, 1459048447 ],
    country: 'FR',
    region: 'IDF',
    eu: '1',
    timezone: 'Europe/Paris',
    city: 'Paris',
    ll: [ 48.8543, 2.3527 ],
    metro: 0,
    area: 5
  }
}
[2020-10-22T19:02:33.376] [TRACE] file - Session {
  cookie: {
    path: '/',
    _expires: 2021-01-20T17:02:33.374Z,
    originalMaxAge: 7775999999,
    httpOnly: true
  },
  __lastAccess: 1603386153375,
  views: { '/': 12, '/cv': 6, '/giftedADHD': 6, '/leaflet': 36 },
  horodate: 2020-10-22T19:02:33.374Z,
  ip: '86.247.78.60',
  geoloc: {
    range: [ 1459046400, 1459048447 ],
    country: 'FR',
    region: 'IDF',
    eu: '1',
    timezone: 'Europe/Paris',
    city: 'Paris',
    ll: [ 48.8543, 2.3527 ],
    metro: 0,
    area: 5
  }
}
[2020-10-22T19:02:52.832] [TRACE] file - Session {
  cookie: {
    path: '/',
    _expires: 2021-01-20T17:02:52.829Z,
    originalMaxAge: 7775999999,
    httpOnly: true
  },
  __lastAccess: 1603386172830,
  views: { '/': 12, '/cv': 6, '/giftedADHD': 6, '/leaflet': 37 },
  horodate: 2020-10-22T19:02:52.828Z,
  ip: '86.247.78.60',
  geoloc: {
    range: [ 1459046400, 1459048447 ],
    country: 'FR',
    region: 'IDF',
    eu: '1',
    timezone: 'Europe/Paris',
    city: 'Paris',
    ll: [ 48.8543, 2.3527 ],
    metro: 0,
    area: 5
  }
}
[2020-10-22T19:03:00.626] [TRACE] file - Session {
  cookie: {
    path: '/',
    _expires: 2021-01-20T17:03:00.625Z,
    originalMaxAge: 7775999999,
    httpOnly: true
  },
  __lastAccess: 1603386180626,
  views: { '/': 12, '/cv': 6, '/giftedADHD': 6, '/leaflet': 38 },
  horodate: 2020-10-22T19:03:00.624Z,
  ip: '86.247.78.60',
  geoloc: {
    range: [ 1459046400, 1459048447 ],
    country: 'FR',
    region: 'IDF',
    eu: '1',
    timezone: 'Europe/Paris',
    city: 'Paris',
    ll: [ 48.8543, 2.3527 ],
    metro: 0,
    area: 5
  }
}
[2020-10-22T19:03:09.899] [TRACE] file - Session {
  cookie: {
    path: '/',
    _expires: 2021-01-20T17:03:09.898Z,
    originalMaxAge: 7775999999,
    httpOnly: true
  },
  __lastAccess: 1603386189899,
  views: { '/': 12, '/cv': 6, '/giftedADHD': 6, '/leaflet': 39 },
  horodate: 2020-10-22T19:03:09.897Z,
  ip: '86.247.78.60',
  geoloc: {
    range: [ 1459046400, 1459048447 ],
    country: 'FR',
    region: 'IDF',
    eu: '1',
    timezone: 'Europe/Paris',
    city: 'Paris',
    ll: [ 48.8543, 2.3527 ],
    metro: 0,
    area: 5
  }
}
[2020-10-22T19:03:15.312] [TRACE] file - Session {
  cookie: {
    path: '/',
    _expires: 2021-01-20T17:03:15.311Z,
    originalMaxAge: 7775999999,
    httpOnly: true
  },
  __lastAccess: 1603386195312,
  views: { '/': 12, '/cv': 6, '/giftedADHD': 6, '/leaflet': 40 },
  horodate: 2020-10-22T19:03:15.310Z,
  ip: '86.247.78.60',
  geoloc: {
    range: [ 1459046400, 1459048447 ],
    country: 'FR',
    region: 'IDF',
    eu: '1',
    timezone: 'Europe/Paris',
    city: 'Paris',
    ll: [ 48.8543, 2.3527 ],
    metro: 0,
    area: 5
  }
}
[2020-10-22T19:03:21.362] [TRACE] file - Session {
  cookie: {
    path: '/',
    _expires: 2021-01-20T17:03:21.360Z,
    originalMaxAge: 7775999999,
    httpOnly: true
  },
  __lastAccess: 1603386201361,
  views: { '/': 12, '/cv': 6, '/giftedADHD': 6, '/leaflet': 41 },
  horodate: 2020-10-22T19:03:21.360Z,
  ip: '86.247.78.60',
  geoloc: {
    range: [ 1459046400, 1459048447 ],
    country: 'FR',
    region: 'IDF',
    eu: '1',
    timezone: 'Europe/Paris',
    city: 'Paris',
    ll: [ 48.8543, 2.3527 ],
    metro: 0,
    area: 5
  }
}
[2020-10-22T19:03:30.040] [TRACE] file - Session {
  cookie: {
    path: '/',
    _expires: 2021-01-20T17:03:30.039Z,
    originalMaxAge: 7775999999,
    httpOnly: true
  },
  __lastAccess: 1603386210040,
  views: { '/': 12, '/cv': 6, '/giftedADHD': 6, '/leaflet': 42 },
  horodate: 2020-10-22T19:03:30.038Z,
  ip: '86.247.78.60',
  geoloc: {
    range: [ 1459046400, 1459048447 ],
    country: 'FR',
    region: 'IDF',
    eu: '1',
    timezone: 'Europe/Paris',
    city: 'Paris',
    ll: [ 48.8543, 2.3527 ],
    metro: 0,
    area: 5
  }
}
[2020-10-22T19:05:19.705] [TRACE] file - Session {
  cookie: {
    path: '/',
    _expires: 2021-01-20T17:05:19.704Z,
    originalMaxAge: 7775999999,
    httpOnly: true
  },
  __lastAccess: 1603386319705,
  views: { '/': 12, '/cv': 6, '/giftedADHD': 6, '/leaflet': 43 },
  horodate: 2020-10-22T19:05:19.704Z,
  ip: '86.247.78.60',
  geoloc: {
    range: [ 1459046400, 1459048447 ],
    country: 'FR',
    region: 'IDF',
    eu: '1',
    timezone: 'Europe/Paris',
    city: 'Paris',
    ll: [ 48.8543, 2.3527 ],
    metro: 0,
    area: 5
  }
}
[2020-10-22T19:05:22.903] [TRACE] file - Session {
  cookie: {
    path: '/',
    _expires: 2021-01-20T17:05:22.902Z,
    originalMaxAge: 7775999999,
    httpOnly: true
  },
  __lastAccess: 1603386322903,
  views: { '/': 12, '/cv': 6, '/giftedADHD': 6, '/leaflet': 44 },
  horodate: 2020-10-22T19:05:22.902Z,
  ip: '86.247.78.60',
  geoloc: {
    range: [ 1459046400, 1459048447 ],
    country: 'FR',
    region: 'IDF',
    eu: '1',
    timezone: 'Europe/Paris',
    city: 'Paris',
    ll: [ 48.8543, 2.3527 ],
    metro: 0,
    area: 5
  }
}
[2020-10-22T19:06:36.684] [TRACE] file - Session {
  cookie: {
    path: '/',
    _expires: 2021-01-20T17:06:36.683Z,
    originalMaxAge: 7775999999,
    httpOnly: true
  },
  __lastAccess: 1603386396684,
  views: { '/': 12, '/cv': 6, '/giftedADHD': 6, '/leaflet': 45 },
  horodate: 2020-10-22T19:06:36.682Z,
  ip: '86.247.78.60',
  geoloc: {
    range: [ 1459046400, 1459048447 ],
    country: 'FR',
    region: 'IDF',
    eu: '1',
    timezone: 'Europe/Paris',
    city: 'Paris',
    ll: [ 48.8543, 2.3527 ],
    metro: 0,
    area: 5
  }
}
[2020-10-22T19:06:38.681] [TRACE] file - ZYGadamqoJTb0Bqiy57xWEm7
[2020-10-22T19:06:38.681] [TRACE] file - Session {
  cookie: {
    path: '/',
    _expires: 2021-01-20T17:06:38.680Z,
    originalMaxAge: 7775999999,
    httpOnly: true
  },
  __lastAccess: 1603386398681,
  views: { '/': 13, '/cv': 6, '/giftedADHD': 6, '/leaflet': 45 },
  horodate: 2020-10-22T19:06:38.679Z,
  ip: '86.247.78.60',
  geoloc: {
    range: [ 1459046400, 1459048447 ],
    country: 'FR',
    region: 'IDF',
    eu: '1',
    timezone: 'Europe/Paris',
    city: 'Paris',
    ll: [ 48.8543, 2.3527 ],
    metro: 0,
    area: 5
  }
}
[2020-10-22T19:06:40.134] [TRACE] file - Session {
  cookie: {
    path: '/',
    _expires: 2021-01-20T17:06:40.133Z,
    originalMaxAge: 7775999999,
    httpOnly: true
  },
  __lastAccess: 1603386400134,
  views: { '/': 13, '/cv': 7, '/giftedADHD': 6, '/leaflet': 45 },
  horodate: 2020-10-22T19:06:40.131Z,
  ip: '86.247.78.60',
  geoloc: {
    range: [ 1459046400, 1459048447 ],
    country: 'FR',
    region: 'IDF',
    eu: '1',
    timezone: 'Europe/Paris',
    city: 'Paris',
    ll: [ 48.8543, 2.3527 ],
    metro: 0,
    area: 5
  }
}
[2020-10-22T19:06:41.214] [TRACE] file - Session {
  cookie: {
    path: '/',
    _expires: 2021-01-20T17:06:41.213Z,
    originalMaxAge: 7775999999,
    httpOnly: true
  },
  __lastAccess: 1603386401214,
  views: { '/': 13, '/cv': 7, '/giftedADHD': 7, '/leaflet': 45 },
  horodate: 2020-10-22T19:06:41.212Z,
  ip: '86.247.78.60',
  geoloc: {
    range: [ 1459046400, 1459048447 ],
    country: 'FR',
    region: 'IDF',
    eu: '1',
    timezone: 'Europe/Paris',
    city: 'Paris',
    ll: [ 48.8543, 2.3527 ],
    metro: 0,
    area: 5
  }
}
[2020-10-22T19:06:43.050] [TRACE] file - Session {
  cookie: {
    path: '/',
    _expires: 2021-01-20T17:06:43.049Z,
    originalMaxAge: 7775999999,
    httpOnly: true
  },
  __lastAccess: 1603386403050,
  views: { '/': 13, '/cv': 7, '/giftedADHD': 7, '/leaflet': 46 },
  horodate: 2020-10-22T19:06:43.048Z,
  ip: '86.247.78.60',
  geoloc: {
    range: [ 1459046400, 1459048447 ],
    country: 'FR',
    region: 'IDF',
    eu: '1',
    timezone: 'Europe/Paris',
    city: 'Paris',
    ll: [ 48.8543, 2.3527 ],
    metro: 0,
    area: 5
  }
}
[2020-10-22T19:07:02.745] [TRACE] file - Session {
  cookie: {
    path: '/',
    _expires: 2021-01-20T17:07:02.744Z,
    originalMaxAge: 7775999999,
    httpOnly: true
  },
  __lastAccess: 1603386422745,
  views: { '/': 13, '/cv': 7, '/giftedADHD': 7, '/leaflet': 47 },
  horodate: 2020-10-22T19:07:02.744Z,
  ip: '86.247.78.60',
  geoloc: {
    range: [ 1459046400, 1459048447 ],
    country: 'FR',
    region: 'IDF',
    eu: '1',
    timezone: 'Europe/Paris',
    city: 'Paris',
    ll: [ 48.8543, 2.3527 ],
    metro: 0,
    area: 5
  }
}
[2020-10-22T19:07:03.791] [TRACE] file - Session {
  cookie: {
    path: '/',
    _expires: 2021-01-20T17:07:03.790Z,
    originalMaxAge: 7775999999,
    httpOnly: true
  },
  __lastAccess: 1603386423791,
  views: { '/': 13, '/cv': 8, '/giftedADHD': 7, '/leaflet': 47 },
  horodate: 2020-10-22T19:07:03.788Z,
  ip: '86.247.78.60',
  geoloc: {
    range: [ 1459046400, 1459048447 ],
    country: 'FR',
    region: 'IDF',
    eu: '1',
    timezone: 'Europe/Paris',
    city: 'Paris',
    ll: [ 48.8543, 2.3527 ],
    metro: 0,
    area: 5
  }
}
[2020-10-22T19:07:05.466] [TRACE] file - ZYGadamqoJTb0Bqiy57xWEm7
[2020-10-22T19:07:05.466] [TRACE] file - Session {
  cookie: {
    path: '/',
    _expires: 2021-01-20T17:07:05.465Z,
    originalMaxAge: 7775999999,
    httpOnly: true
  },
  __lastAccess: 1603386425466,
  views: { '/': 14, '/cv': 8, '/giftedADHD': 7, '/leaflet': 47 },
  horodate: 2020-10-22T19:07:05.464Z,
  ip: '86.247.78.60',
  geoloc: {
    range: [ 1459046400, 1459048447 ],
    country: 'FR',
    region: 'IDF',
    eu: '1',
    timezone: 'Europe/Paris',
    city: 'Paris',
    ll: [ 48.8543, 2.3527 ],
    metro: 0,
    area: 5
  }
}
[2020-10-22T19:07:06.292] [TRACE] file - Session {
  cookie: {
    path: '/',
    _expires: 2021-01-20T17:07:06.291Z,
    originalMaxAge: 7775999999,
    httpOnly: true
  },
  __lastAccess: 1603386426292,
  views: { '/': 14, '/cv': 8, '/giftedADHD': 8, '/leaflet': 47 },
  horodate: 2020-10-22T19:07:06.289Z,
  ip: '86.247.78.60',
  geoloc: {
    range: [ 1459046400, 1459048447 ],
    country: 'FR',
    region: 'IDF',
    eu: '1',
    timezone: 'Europe/Paris',
    city: 'Paris',
    ll: [ 48.8543, 2.3527 ],
    metro: 0,
    area: 5
  }
}
[2020-10-22T19:07:07.235] [TRACE] file - Session {
  cookie: {
    path: '/',
    _expires: 2021-01-20T17:07:07.234Z,
    originalMaxAge: 7775999999,
    httpOnly: true
  },
  __lastAccess: 1603386427235,
  views: { '/': 14, '/cv': 8, '/giftedADHD': 8, '/leaflet': 48 },
  horodate: 2020-10-22T19:07:07.234Z,
  ip: '86.247.78.60',
  geoloc: {
    range: [ 1459046400, 1459048447 ],
    country: 'FR',
    region: 'IDF',
    eu: '1',
    timezone: 'Europe/Paris',
    city: 'Paris',
    ll: [ 48.8543, 2.3527 ],
    metro: 0,
    area: 5
  }
}
[2020-10-22T19:07:31.264] [TRACE] file - Session {
  cookie: {
    path: '/',
    _expires: 2021-01-20T17:07:31.263Z,
    originalMaxAge: 7775999999,
    httpOnly: true
  },
  __lastAccess: 1603386451264,
  views: { '/': 14, '/cv': 8, '/giftedADHD': 8, '/leaflet': 49 },
  horodate: 2020-10-22T19:07:31.262Z,
  ip: '86.247.78.60',
  geoloc: {
    range: [ 1459046400, 1459048447 ],
    country: 'FR',
    region: 'IDF',
    eu: '1',
    timezone: 'Europe/Paris',
    city: 'Paris',
    ll: [ 48.8543, 2.3527 ],
    metro: 0,
    area: 5
  }
}
[2020-10-22T19:07:51.249] [TRACE] file - Session {
  cookie: {
    path: '/',
    _expires: 2021-01-20T17:07:51.247Z,
    originalMaxAge: 7775999999,
    httpOnly: true
  },
  __lastAccess: 1603386471248,
  views: { '/': 14, '/cv': 8, '/giftedADHD': 8, '/leaflet': 50 },
  horodate: 2020-10-22T19:07:51.245Z,
  ip: '86.247.78.60',
  geoloc: {
    range: [ 1459046400, 1459048447 ],
    country: 'FR',
    region: 'IDF',
    eu: '1',
    timezone: 'Europe/Paris',
    city: 'Paris',
    ll: [ 48.8543, 2.3527 ],
    metro: 0,
    area: 5
  }
}
[2020-10-22T19:07:58.542] [TRACE] file - Session {
  cookie: {
    path: '/',
    _expires: 2021-01-20T17:07:58.540Z,
    originalMaxAge: 7775999999,
    httpOnly: true
  },
  __lastAccess: 1603386478541,
  views: { '/': 14, '/cv': 8, '/giftedADHD': 8, '/leaflet': 51 },
  horodate: 2020-10-22T19:07:58.540Z,
  ip: '86.247.78.60',
  geoloc: {
    range: [ 1459046400, 1459048447 ],
    country: 'FR',
    region: 'IDF',
    eu: '1',
    timezone: 'Europe/Paris',
    city: 'Paris',
    ll: [ 48.8543, 2.3527 ],
    metro: 0,
    area: 5
  }
}
[2020-10-22T19:08:35.233] [TRACE] file - Session {
  cookie: {
    path: '/',
    _expires: 2021-01-20T17:08:35.232Z,
    originalMaxAge: 7775999999,
    httpOnly: true
  },
  __lastAccess: 1603386515233,
  views: { '/': 14, '/cv': 8, '/giftedADHD': 8, '/leaflet': 52 },
  horodate: 2020-10-22T19:08:35.232Z,
  ip: '86.247.78.60',
  geoloc: {
    range: [ 1459046400, 1459048447 ],
    country: 'FR',
    region: 'IDF',
    eu: '1',
    timezone: 'Europe/Paris',
    city: 'Paris',
    ll: [ 48.8543, 2.3527 ],
    metro: 0,
    area: 5
  }
}
[2020-10-22T19:08:37.235] [TRACE] file - ZYGadamqoJTb0Bqiy57xWEm7
[2020-10-22T19:08:37.235] [TRACE] file - Session {
  cookie: {
    path: '/',
    _expires: 2021-01-20T17:08:37.233Z,
    originalMaxAge: 7775999999,
    httpOnly: true
  },
  __lastAccess: 1603386517234,
  views: { '/': 15, '/cv': 8, '/giftedADHD': 8, '/leaflet': 52 },
  horodate: 2020-10-22T19:08:37.232Z,
  ip: '86.247.78.60',
  geoloc: {
    range: [ 1459046400, 1459048447 ],
    country: 'FR',
    region: 'IDF',
    eu: '1',
    timezone: 'Europe/Paris',
    city: 'Paris',
    ll: [ 48.8543, 2.3527 ],
    metro: 0,
    area: 5
  }
}
[2020-10-22T19:08:46.009] [TRACE] file - ZYGadamqoJTb0Bqiy57xWEm7
[2020-10-22T19:08:46.009] [TRACE] file - Session {
  cookie: {
    path: '/',
    _expires: 2021-01-20T17:08:46.008Z,
    originalMaxAge: 7775999999,
    httpOnly: true
  },
  __lastAccess: 1603386526009,
  views: { '/': 16, '/cv': 8, '/giftedADHD': 8, '/leaflet': 52 },
  horodate: 2020-10-22T19:08:46.006Z,
  ip: '86.247.78.60',
  geoloc: {
    range: [ 1459046400, 1459048447 ],
    country: 'FR',
    region: 'IDF',
    eu: '1',
    timezone: 'Europe/Paris',
    city: 'Paris',
    ll: [ 48.8543, 2.3527 ],
    metro: 0,
    area: 5
  }
}
[2020-10-22T19:08:52.541] [TRACE] file - Session {
  cookie: {
    path: '/',
    _expires: 2021-01-20T17:08:52.540Z,
    originalMaxAge: 7775999999,
    httpOnly: true
  },
  __lastAccess: 1603386532541,
  views: { '/': 16, '/cv': 9, '/giftedADHD': 8, '/leaflet': 52 },
  horodate: 2020-10-22T19:08:52.538Z,
  ip: '86.247.78.60',
  geoloc: {
    range: [ 1459046400, 1459048447 ],
    country: 'FR',
    region: 'IDF',
    eu: '1',
    timezone: 'Europe/Paris',
    city: 'Paris',
    ll: [ 48.8543, 2.3527 ],
    metro: 0,
    area: 5
  }
}
[2020-10-22T19:08:54.428] [TRACE] file - Session {
  cookie: {
    path: '/',
    _expires: 2021-01-20T17:08:54.427Z,
    originalMaxAge: 7775999999,
    httpOnly: true
  },
  __lastAccess: 1603386534428,
  views: { '/': 16, '/cv': 9, '/giftedADHD': 9, '/leaflet': 52 },
  horodate: 2020-10-22T19:08:54.427Z,
  ip: '86.247.78.60',
  geoloc: {
    range: [ 1459046400, 1459048447 ],
    country: 'FR',
    region: 'IDF',
    eu: '1',
    timezone: 'Europe/Paris',
    city: 'Paris',
    ll: [ 48.8543, 2.3527 ],
    metro: 0,
    area: 5
  }
}
[2020-10-22T19:09:26.762] [TRACE] file - Session {
  cookie: {
    path: '/',
    _expires: 2021-01-20T17:09:26.761Z,
    originalMaxAge: 7775999999,
    httpOnly: true
  },
  __lastAccess: 1603386566762,
  views: { '/': 16, '/cv': 9, '/giftedADHD': 10, '/leaflet': 52 },
  horodate: 2020-10-22T19:09:26.760Z,
  ip: '86.247.78.60',
  geoloc: {
    range: [ 1459046400, 1459048447 ],
    country: 'FR',
    region: 'IDF',
    eu: '1',
    timezone: 'Europe/Paris',
    city: 'Paris',
    ll: [ 48.8543, 2.3527 ],
    metro: 0,
    area: 5
  }
}
[2020-10-22T19:09:28.942] [TRACE] file - Session {
  cookie: {
    path: '/',
    _expires: 2021-01-20T17:09:28.941Z,
    originalMaxAge: 7775999999,
    httpOnly: true
  },
  __lastAccess: 1603386568942,
  views: { '/': 16, '/cv': 9, '/giftedADHD': 11, '/leaflet': 52 },
  horodate: 2020-10-22T19:09:28.940Z,
  ip: '86.247.78.60',
  geoloc: {
    range: [ 1459046400, 1459048447 ],
    country: 'FR',
    region: 'IDF',
    eu: '1',
    timezone: 'Europe/Paris',
    city: 'Paris',
    ll: [ 48.8543, 2.3527 ],
    metro: 0,
    area: 5
  }
}
[2020-10-22T19:09:30.190] [TRACE] file - Session {
  cookie: {
    path: '/',
    _expires: 2021-01-20T17:09:30.188Z,
    originalMaxAge: 7775999999,
    httpOnly: true
  },
  __lastAccess: 1603386570190,
  views: { '/': 16, '/cv': 10, '/giftedADHD': 11, '/leaflet': 52 },
  horodate: 2020-10-22T19:09:30.188Z,
  ip: '86.247.78.60',
  geoloc: {
    range: [ 1459046400, 1459048447 ],
    country: 'FR',
    region: 'IDF',
    eu: '1',
    timezone: 'Europe/Paris',
    city: 'Paris',
    ll: [ 48.8543, 2.3527 ],
    metro: 0,
    area: 5
  }
}
[2020-10-22T19:09:31.819] [TRACE] file - Session {
  cookie: {
    path: '/',
    _expires: 2021-01-20T17:09:31.818Z,
    originalMaxAge: 7775999999,
    httpOnly: true
  },
  __lastAccess: 1603386571819,
  views: { '/': 16, '/cv': 10, '/giftedADHD': 12, '/leaflet': 52 },
  horodate: 2020-10-22T19:09:31.817Z,
  ip: '86.247.78.60',
  geoloc: {
    range: [ 1459046400, 1459048447 ],
    country: 'FR',
    region: 'IDF',
    eu: '1',
    timezone: 'Europe/Paris',
    city: 'Paris',
    ll: [ 48.8543, 2.3527 ],
    metro: 0,
    area: 5
  }
}
[2020-10-22T19:09:52.528] [TRACE] file - Session {
  cookie: {
    path: '/',
    _expires: 2021-01-20T17:09:52.527Z,
    originalMaxAge: 7775999999,
    httpOnly: true
  },
  __lastAccess: 1603386592528,
  views: { '/': 16, '/cv': 10, '/giftedADHD': 13, '/leaflet': 52 },
  horodate: 2020-10-22T19:09:52.526Z,
  ip: '86.247.78.60',
  geoloc: {
    range: [ 1459046400, 1459048447 ],
    country: 'FR',
    region: 'IDF',
    eu: '1',
    timezone: 'Europe/Paris',
    city: 'Paris',
    ll: [ 48.8543, 2.3527 ],
    metro: 0,
    area: 5
  }
}
[2020-10-22T19:09:54.508] [TRACE] file - ZYGadamqoJTb0Bqiy57xWEm7
[2020-10-22T19:09:54.508] [TRACE] file - Session {
  cookie: {
    path: '/',
    _expires: 2021-01-20T17:09:54.507Z,
    originalMaxAge: 7775999999,
    httpOnly: true
  },
  __lastAccess: 1603386594508,
  views: { '/': 17, '/cv': 10, '/giftedADHD': 13, '/leaflet': 52 },
  horodate: 2020-10-22T19:09:54.505Z,
  ip: '86.247.78.60',
  geoloc: {
    range: [ 1459046400, 1459048447 ],
    country: 'FR',
    region: 'IDF',
    eu: '1',
    timezone: 'Europe/Paris',
    city: 'Paris',
    ll: [ 48.8543, 2.3527 ],
    metro: 0,
    area: 5
  }
}
[2020-10-22T19:09:56.124] [TRACE] file - Session {
  cookie: {
    path: '/',
    _expires: 2021-01-20T17:09:56.123Z,
    originalMaxAge: 7775999999,
    httpOnly: true
  },
  __lastAccess: 1603386596124,
  views: { '/': 17, '/cv': 11, '/giftedADHD': 13, '/leaflet': 52 },
  horodate: 2020-10-22T19:09:56.122Z,
  ip: '86.247.78.60',
  geoloc: {
    range: [ 1459046400, 1459048447 ],
    country: 'FR',
    region: 'IDF',
    eu: '1',
    timezone: 'Europe/Paris',
    city: 'Paris',
    ll: [ 48.8543, 2.3527 ],
    metro: 0,
    area: 5
  }
}
[2020-10-22T19:09:57.136] [TRACE] file - Session {
  cookie: {
    path: '/',
    _expires: 2021-01-20T17:09:57.135Z,
    originalMaxAge: 7775999999,
    httpOnly: true
  },
  __lastAccess: 1603386597136,
  views: { '/': 17, '/cv': 11, '/giftedADHD': 14, '/leaflet': 52 },
  horodate: 2020-10-22T19:09:57.134Z,
  ip: '86.247.78.60',
  geoloc: {
    range: [ 1459046400, 1459048447 ],
    country: 'FR',
    region: 'IDF',
    eu: '1',
    timezone: 'Europe/Paris',
    city: 'Paris',
    ll: [ 48.8543, 2.3527 ],
    metro: 0,
    area: 5
  }
}
[2020-10-22T19:10:41.470] [TRACE] file - Session {
  cookie: {
    path: '/',
    _expires: 2021-01-20T17:10:41.468Z,
    originalMaxAge: 7775999999,
    httpOnly: true
  },
  __lastAccess: 1603386641469,
  views: { '/': 17, '/cv': 11, '/giftedADHD': 15, '/leaflet': 52 },
  horodate: 2020-10-22T19:10:41.468Z,
  ip: '86.247.78.60',
  geoloc: {
    range: [ 1459046400, 1459048447 ],
    country: 'FR',
    region: 'IDF',
    eu: '1',
    timezone: 'Europe/Paris',
    city: 'Paris',
    ll: [ 48.8543, 2.3527 ],
    metro: 0,
    area: 5
  }
}
[2020-10-22T19:10:43.191] [TRACE] file - ZYGadamqoJTb0Bqiy57xWEm7
[2020-10-22T19:10:43.191] [TRACE] file - Session {
  cookie: {
    path: '/',
    _expires: 2021-01-20T17:10:43.190Z,
    originalMaxAge: 7775999999,
    httpOnly: true
  },
  __lastAccess: 1603386643191,
  views: { '/': 18, '/cv': 11, '/giftedADHD': 15, '/leaflet': 52 },
  horodate: 2020-10-22T19:10:43.189Z,
  ip: '86.247.78.60',
  geoloc: {
    range: [ 1459046400, 1459048447 ],
    country: 'FR',
    region: 'IDF',
    eu: '1',
    timezone: 'Europe/Paris',
    city: 'Paris',
    ll: [ 48.8543, 2.3527 ],
    metro: 0,
    area: 5
  }
}
[2020-10-22T19:10:44.438] [TRACE] file - Session {
  cookie: {
    path: '/',
    _expires: 2021-01-20T17:10:44.437Z,
    originalMaxAge: 7775999999,
    httpOnly: true
  },
  __lastAccess: 1603386644438,
  views: { '/': 18, '/cv': 12, '/giftedADHD': 15, '/leaflet': 52 },
  horodate: 2020-10-22T19:10:44.436Z,
  ip: '86.247.78.60',
  geoloc: {
    range: [ 1459046400, 1459048447 ],
    country: 'FR',
    region: 'IDF',
    eu: '1',
    timezone: 'Europe/Paris',
    city: 'Paris',
    ll: [ 48.8543, 2.3527 ],
    metro: 0,
    area: 5
  }
}
[2020-10-22T19:10:45.878] [TRACE] file - Session {
  cookie: {
    path: '/',
    _expires: 2021-01-20T17:10:45.877Z,
    originalMaxAge: 7775999999,
    httpOnly: true
  },
  __lastAccess: 1603386645878,
  views: { '/': 18, '/cv': 12, '/giftedADHD': 16, '/leaflet': 52 },
  horodate: 2020-10-22T19:10:45.876Z,
  ip: '86.247.78.60',
  geoloc: {
    range: [ 1459046400, 1459048447 ],
    country: 'FR',
    region: 'IDF',
    eu: '1',
    timezone: 'Europe/Paris',
    city: 'Paris',
    ll: [ 48.8543, 2.3527 ],
    metro: 0,
    area: 5
  }
}
[2020-10-22T19:10:46.747] [TRACE] file - Session {
  cookie: {
    path: '/',
    _expires: 2021-01-20T17:10:46.746Z,
    originalMaxAge: 7775999999,
    httpOnly: true
  },
  __lastAccess: 1603386646747,
  views: { '/': 18, '/cv': 12, '/giftedADHD': 16, '/leaflet': 53 },
  horodate: 2020-10-22T19:10:46.746Z,
  ip: '86.247.78.60',
  geoloc: {
    range: [ 1459046400, 1459048447 ],
    country: 'FR',
    region: 'IDF',
    eu: '1',
    timezone: 'Europe/Paris',
    city: 'Paris',
    ll: [ 48.8543, 2.3527 ],
    metro: 0,
    area: 5
  }
}
[2020-10-22T19:10:50.644] [TRACE] file - Session {
  cookie: {
    path: '/',
    _expires: 2021-01-20T17:10:50.643Z,
    originalMaxAge: 7775999999,
    httpOnly: true
  },
  __lastAccess: 1603386650644,
  views: { '/': 18, '/cv': 13, '/giftedADHD': 16, '/leaflet': 53 },
  horodate: 2020-10-22T19:10:50.642Z,
  ip: '86.247.78.60',
  geoloc: {
    range: [ 1459046400, 1459048447 ],
    country: 'FR',
    region: 'IDF',
    eu: '1',
    timezone: 'Europe/Paris',
    city: 'Paris',
    ll: [ 48.8543, 2.3527 ],
    metro: 0,
    area: 5
  }
}
[2020-10-22T19:10:51.383] [TRACE] file - ZYGadamqoJTb0Bqiy57xWEm7
[2020-10-22T19:10:51.383] [TRACE] file - Session {
  cookie: {
    path: '/',
    _expires: 2021-01-20T17:10:51.381Z,
    originalMaxAge: 7775999999,
    httpOnly: true
  },
  __lastAccess: 1603386651382,
  views: { '/': 19, '/cv': 13, '/giftedADHD': 16, '/leaflet': 53 },
  horodate: 2020-10-22T19:10:51.381Z,
  ip: '86.247.78.60',
  geoloc: {
    range: [ 1459046400, 1459048447 ],
    country: 'FR',
    region: 'IDF',
    eu: '1',
    timezone: 'Europe/Paris',
    city: 'Paris',
    ll: [ 48.8543, 2.3527 ],
    metro: 0,
    area: 5
  }
}
[2020-10-22T19:10:56.474] [TRACE] file - Session {
  cookie: {
    path: '/',
    _expires: 2021-01-20T17:10:56.473Z,
    originalMaxAge: 7775999999,
    httpOnly: true
  },
  __lastAccess: 1603386656474,
  views: { '/': 19, '/cv': 13, '/giftedADHD': 16, '/leaflet': 54 },
  horodate: 2020-10-22T19:10:56.473Z,
  ip: '86.247.78.60',
  geoloc: {
    range: [ 1459046400, 1459048447 ],
    country: 'FR',
    region: 'IDF',
    eu: '1',
    timezone: 'Europe/Paris',
    city: 'Paris',
    ll: [ 48.8543, 2.3527 ],
    metro: 0,
    area: 5
  }
}
[2020-10-22T19:11:01.872] [TRACE] file - Session {
  cookie: {
    path: '/',
    _expires: 2021-01-20T17:11:01.871Z,
    originalMaxAge: 7775999999,
    httpOnly: true
  },
  __lastAccess: 1603386661872,
  views: { '/': 19, '/cv': 14, '/giftedADHD': 16, '/leaflet': 54 },
  horodate: 2020-10-22T19:11:01.870Z,
  ip: '86.247.78.60',
  geoloc: {
    range: [ 1459046400, 1459048447 ],
    country: 'FR',
    region: 'IDF',
    eu: '1',
    timezone: 'Europe/Paris',
    city: 'Paris',
    ll: [ 48.8543, 2.3527 ],
    metro: 0,
    area: 5
  }
}
[2020-10-22T19:11:03.749] [TRACE] file - ZYGadamqoJTb0Bqiy57xWEm7
[2020-10-22T19:11:03.749] [TRACE] file - Session {
  cookie: {
    path: '/',
    _expires: 2021-01-20T17:11:03.748Z,
    originalMaxAge: 7775999999,
    httpOnly: true
  },
  __lastAccess: 1603386663749,
  views: { '/': 20, '/cv': 14, '/giftedADHD': 16, '/leaflet': 54 },
  horodate: 2020-10-22T19:11:03.746Z,
  ip: '86.247.78.60',
  geoloc: {
    range: [ 1459046400, 1459048447 ],
    country: 'FR',
    region: 'IDF',
    eu: '1',
    timezone: 'Europe/Paris',
    city: 'Paris',
    ll: [ 48.8543, 2.3527 ],
    metro: 0,
    area: 5
  }
}
[2020-10-22T19:11:23.270] [TRACE] file - mk1gnO17D3iPqnEoaovW_Ozy
[2020-10-22T19:11:23.270] [TRACE] file - Session {
  cookie: {
    path: '/',
    _expires: 2021-01-20T17:11:23.269Z,
    originalMaxAge: 7776000000,
    httpOnly: true,
    SameSite: 'Lax'
  },
  views: { '/': 1 },
  horodate: 2020-10-22T19:11:23.267Z,
  ip: '193.118.53.202',
  geoloc: {
    range: [ 3245748224, 3245752319 ],
    country: 'DE',
    region: '',
    eu: '1',
    timezone: 'Europe/Berlin',
    city: '',
    ll: [ 51.2993, 9.491 ],
    metro: 0,
    area: 200
  },
  __lastAccess: 1603386683269
}
[2020-10-22T19:11:42.113] [TRACE] file - Session {
  cookie: {
    path: '/',
    _expires: 2021-01-20T17:11:42.112Z,
    originalMaxAge: 7775999999,
    httpOnly: true
  },
  __lastAccess: 1603386702113,
  views: { '/': 20, '/cv': 15, '/giftedADHD': 16, '/leaflet': 54 },
  horodate: 2020-10-22T19:11:42.111Z,
  ip: '86.247.78.60',
  geoloc: {
    range: [ 1459046400, 1459048447 ],
    country: 'FR',
    region: 'IDF',
    eu: '1',
    timezone: 'Europe/Paris',
    city: 'Paris',
    ll: [ 48.8543, 2.3527 ],
    metro: 0,
    area: 5
  }
}
[2020-10-22T19:11:43.252] [TRACE] file - Session {
  cookie: {
    path: '/',
    _expires: 2021-01-20T17:11:43.251Z,
    originalMaxAge: 7775999999,
    httpOnly: true
  },
  __lastAccess: 1603386703252,
  views: { '/': 20, '/cv': 15, '/giftedADHD': 17, '/leaflet': 54 },
  horodate: 2020-10-22T19:11:43.250Z,
  ip: '86.247.78.60',
  geoloc: {
    range: [ 1459046400, 1459048447 ],
    country: 'FR',
    region: 'IDF',
    eu: '1',
    timezone: 'Europe/Paris',
    city: 'Paris',
    ll: [ 48.8543, 2.3527 ],
    metro: 0,
    area: 5
  }
}
[2020-10-22T19:11:44.506] [TRACE] file - Session {
  cookie: {
    path: '/',
    _expires: 2021-01-20T17:11:44.505Z,
    originalMaxAge: 7775999999,
    httpOnly: true
  },
  __lastAccess: 1603386704506,
  views: { '/': 20, '/cv': 15, '/giftedADHD': 17, '/leaflet': 55 },
  horodate: 2020-10-22T19:11:44.505Z,
  ip: '86.247.78.60',
  geoloc: {
    range: [ 1459046400, 1459048447 ],
    country: 'FR',
    region: 'IDF',
    eu: '1',
    timezone: 'Europe/Paris',
    city: 'Paris',
    ll: [ 48.8543, 2.3527 ],
    metro: 0,
    area: 5
  }
}
[2020-10-22T19:53:40.766] [TRACE] file - bw3NwNHZX8zdkOjI8dVcx7lK
[2020-10-22T19:53:40.766] [TRACE] file - Session {
  cookie: {
    path: '/',
    _expires: 2021-01-20T17:53:40.765Z,
    originalMaxAge: 7776000000,
    httpOnly: true,
    SameSite: 'Lax'
  },
  views: { '/': 1 },
  horodate: 2020-10-22T19:53:40.759Z,
  ip: '213.32.122.81',
  geoloc: {
    range: [ 3575675456, 3575675519 ],
    country: 'FR',
    region: '',
    eu: '1',
    timezone: 'Europe/Paris',
    city: '',
    ll: [ 48.8582, 2.3387 ],
    metro: 0,
    area: 500
  },
  __lastAccess: 1603389220765
}
[2020-10-22T20:58:12.335] [TRACE] file - 07OyYyK8WqB3Ys2O8iiiOtny
[2020-10-22T20:58:12.335] [TRACE] file - Session {
  cookie: {
    path: '/',
    _expires: 2021-01-20T18:58:12.335Z,
    originalMaxAge: 7776000000,
    httpOnly: true,
    SameSite: 'Lax'
  },
  views: { '/': 1 },
  horodate: 2020-10-22T20:58:12.328Z,
  ip: '116.212.37.62',
  geoloc: {
    range: [ 1960058880, 1960067071 ],
    country: 'VN',
    region: '',
    eu: '0',
    timezone: 'Asia/Ho_Chi_Minh',
    city: '',
    ll: [ 16, 106 ],
    metro: 0,
    area: 50
  },
  __lastAccess: 1603393092335
}
[2020-10-22T21:25:53.915] [TRACE] file - FKU3zlG7Nje6xPLHYIL022Tf
[2020-10-22T21:25:53.915] [TRACE] file - Session {
  cookie: {
    path: '/',
    _expires: 2021-01-20T19:25:53.914Z,
    originalMaxAge: 7776000000,
    httpOnly: true,
    SameSite: 'Lax'
  },
  views: { '/': 1 },
  horodate: 2020-10-22T21:25:53.907Z,
  ip: '168.232.15.154',
  geoloc: {
    range: [ 2833780480, 2833780735 ],
    country: 'BR',
    region: 'CE',
    eu: '0',
    timezone: 'America/Fortaleza',
    city: 'Pacoti',
    ll: [ -4.1957, -38.9025 ],
    metro: 0,
    area: 100
  },
  __lastAccess: 1603394753914
}
[2020-10-22T21:53:37.655] [TRACE] file - 3IPfS33SllaGkso7GPOTj7gG
[2020-10-22T21:53:37.655] [TRACE] file - Session {
  cookie: {
    path: '/',
    _expires: 2021-01-20T19:53:37.655Z,
    originalMaxAge: 7776000000,
    httpOnly: true,
    SameSite: 'Lax'
  },
  views: { '/': 1 },
  horodate: 2020-10-22T21:53:37.653Z,
  ip: '68.106.223.129',
  geoloc: {
    range: [ 1147853824, 1147854847 ],
    country: 'US',
    region: 'CA',
    eu: '0',
    timezone: 'America/Los_Angeles',
    city: 'Laguna Niguel',
    ll: [ 33.5157, -117.7109 ],
    metro: 803,
    area: 5
  },
  __lastAccess: 1603396417655
}
[2020-10-22T22:01:34.957] [TRACE] file - srWWDirpeRm0VmkkBG_PFO9X
[2020-10-22T22:01:34.957] [TRACE] file - Session {
  cookie: {
    path: '/',
    _expires: 2021-01-20T20:01:34.956Z,
    originalMaxAge: 7776000000,
    httpOnly: true,
    SameSite: 'Lax'
  },
  views: { '/': 1 },
  horodate: 2020-10-22T22:01:34.955Z,
  ip: '93.38.115.105',
  geoloc: {
    range: [ 1562800128, 1562801151 ],
    country: 'IT',
    region: '25',
    eu: '1',
    timezone: 'Europe/Rome',
    city: 'Busto Arsizio',
    ll: [ 45.6113, 8.8491 ],
    metro: 0,
    area: 500
  },
  __lastAccess: 1603396894957
}
[2020-10-22T22:17:53.217] [TRACE] file - KmWA9ngNPyp2XxuD7rO_7CNL
[2020-10-22T22:17:53.217] [TRACE] file - Session {
  cookie: {
    path: '/',
    _expires: 2021-01-20T20:17:53.216Z,
    originalMaxAge: 7776000000,
    httpOnly: true,
    SameSite: 'Lax'
  },
  views: { '/': 1 },
  horodate: 2020-10-22T22:17:53.215Z,
  ip: '182.160.110.227',
  geoloc: {
    range: [ 3063965696, 3063967743 ],
    country: 'BD',
    region: 'C',
    eu: '0',
    timezone: 'Asia/Dhaka',
    city: 'Dhaka',
    ll: [ 23.771, 90.3611 ],
    metro: 0,
    area: 1000
  },
  __lastAccess: 1603397873217
}
[2020-10-22T23:19:25.763] [TRACE] file - g9amoXslox2Szvn-X4Uv0KBJ
[2020-10-22T23:19:25.763] [TRACE] file - Session {
  cookie: {
    path: '/',
    _expires: 2021-01-20T21:19:25.762Z,
    originalMaxAge: 7776000000,
    httpOnly: true,
    SameSite: 'Lax'
  },
  views: { '/': 1 },
  horodate: 2020-10-22T23:19:25.756Z,
  ip: '114.33.161.96',
  geoloc: {
    range: [ 1914806272, 1914808319 ],
    country: 'TW',
    region: '',
    eu: '0',
    timezone: 'Asia/Taipei',
    city: '',
    ll: [ 23.5, 121 ],
    metro: 0,
    area: 200
  },
  __lastAccess: 1603401565762
}
[2020-10-22T23:41:22.969] [TRACE] file - Lp8dg2PRh7cPYvQZvooaqwFd
[2020-10-22T23:41:22.969] [TRACE] file - Session {
  cookie: {
    path: '/',
    _expires: 2021-01-20T21:41:22.968Z,
    originalMaxAge: 7776000000,
    httpOnly: true,
    SameSite: 'Lax'
  },
  views: { '/': 1 },
  horodate: 2020-10-22T23:41:22.959Z,
  ip: '220.132.165.241',
  geoloc: {
    range: [ 3699680256, 3699680767 ],
    country: 'TW',
    region: 'HSQ',
    eu: '0',
    timezone: 'Asia/Taipei',
    city: 'Hsinchu',
    ll: [ 24.8065, 120.9706 ],
    metro: 0,
    area: 200
  },
  __lastAccess: 1603402882968
}
[2020-10-23T00:03:21.895] [TRACE] file - 8sICuYCVuiu7ERoMkYeZb1He
[2020-10-23T00:03:21.895] [TRACE] file - Session {
  cookie: {
    path: '/',
    _expires: 2021-01-20T22:03:21.895Z,
    originalMaxAge: 7776000000,
    httpOnly: true,
    SameSite: 'Lax'
  },
  views: { '/': 1 },
  horodate: 2020-10-22T00:03:21.894Z,
  ip: '87.27.70.115',
  geoloc: {
    range: [ 1461405184, 1461405439 ],
    country: 'IT',
    region: '75',
    eu: '1',
    timezone: 'Europe/Rome',
    city: 'Martina Franca',
    ll: [ 40.7035, 17.3381 ],
    metro: 0,
    area: 500
  },
  __lastAccess: 1603404201895
}
[2020-10-23T00:09:46.590] [TRACE] file - 0-vZlHY3qEUkdCbie9ijnoaw
[2020-10-23T00:09:46.590] [TRACE] file - Session {
  cookie: {
    path: '/',
    _expires: 2021-01-20T22:09:46.590Z,
    originalMaxAge: 7776000000,
    httpOnly: true,
    SameSite: 'Lax'
  },
  views: { '/': 1 },
  horodate: 2020-10-22T00:09:46.589Z,
  ip: '168.197.41.131',
  geoloc: {
    range: [ 2831493120, 2831494143 ],
    country: 'MX',
    region: 'BCN',
    eu: '0',
    timezone: 'America/Tijuana',
    city: 'Tijuana',
    ll: [ 32.4041, -116.8198 ],
    metro: 0,
    area: 10
  },
  __lastAccess: 1603404586590
}
[2020-10-23T00:43:35.335] [TRACE] file - PNAVTfYho1vBer-BuEQU_5rq
[2020-10-23T00:43:35.335] [TRACE] file - Session {
  cookie: {
    path: '/',
    _expires: 2021-01-20T22:43:35.333Z,
    originalMaxAge: 7776000000,
    httpOnly: true,
    SameSite: 'Lax'
  },
  views: { '/': 1 },
  horodate: 2020-10-22T00:43:35.328Z,
  ip: '114.35.236.106',
  geoloc: {
    range: [ 1914955776, 1914957823 ],
    country: 'TW',
    region: '',
    eu: '0',
    timezone: 'Asia/Taipei',
    city: '',
    ll: [ 23.5, 121 ],
    metro: 0,
    area: 200
  },
  __lastAccess: 1603406615334
}
[2020-10-23T01:24:31.114] [TRACE] file - uIejZyjRwpwZD_giaQ9Wt_xD
[2020-10-23T01:24:31.114] [TRACE] file - Session {
  cookie: {
    path: '/',
    _expires: 2021-01-20T23:24:31.108Z,
    originalMaxAge: 7775999994,
    httpOnly: true
  },
  views: { '/': 591, '/cv': 265, '/giftedADHD': 163, '/leaflet': 14 },
  horodate: 2020-10-22T01:24:31.112Z,
  geoloc: {
    range: [ 1459046400, 1459048447 ],
    country: 'FR',
    region: 'IDF',
    eu: '1',
    timezone: 'Europe/Paris',
    city: 'Paris',
    ll: [ 48.8543, 2.3527 ],
    metro: 0,
    area: 5
  },
  __lastAccess: 1603409071114,
  ip: '86.247.78.60'
}
[2020-10-23T01:24:33.342] [TRACE] file - Session {
  cookie: {
    path: '/',
    _expires: 2021-01-20T23:24:33.334Z,
    originalMaxAge: 7775999994,
    httpOnly: true
  },
  views: { '/': 591, '/cv': 265, '/giftedADHD': 163, '/leaflet': 15 },
  horodate: 2020-10-22T01:24:33.338Z,
  geoloc: {
    range: [ 1459046400, 1459048447 ],
    country: 'FR',
    region: 'IDF',
    eu: '1',
    timezone: 'Europe/Paris',
    city: 'Paris',
    ll: [ 48.8543, 2.3527 ],
    metro: 0,
    area: 5
  },
  __lastAccess: 1603409073340,
  ip: '86.247.78.60'
}
[2020-10-23T01:24:53.648] [TRACE] file - auXIFjgyXDXJ-doSJvNIQroR
[2020-10-23T01:24:53.648] [TRACE] file - Session {
  cookie: {
    path: '/',
    _expires: 2021-01-20T23:24:53.647Z,
    originalMaxAge: 7776000000,
    httpOnly: true,
    SameSite: 'Lax'
  },
  views: { '/': 1 },
  horodate: 2020-10-22T01:24:53.646Z,
  ip: '109.201.133.6',
  geoloc: {
    range: [ 1841923328, 1841923583 ],
    country: 'NL',
    region: 'GE',
    eu: '1',
    timezone: 'Europe/Amsterdam',
    city: 'Rozendaal',
    ll: [ 52.0074, 5.9654 ],
    metro: 0,
    area: 100
  },
  __lastAccess: 1603409093647
}
[2020-10-23T01:25:41.515] [TRACE] file - Session {
  cookie: {
    path: '/',
    _expires: 2021-01-20T23:25:41.515Z,
    originalMaxAge: 7776000000,
    httpOnly: true
  },
  views: { '/': 1, '/leaflet': 1 },
  horodate: 2020-10-22T01:25:41.511Z,
  ip: '109.201.133.6',
  geoloc: {
    range: [ 1841923328, 1841923583 ],
    country: 'NL',
    region: 'GE',
    eu: '1',
    timezone: 'Europe/Amsterdam',
    city: 'Rozendaal',
    ll: [ 52.0074, 5.9654 ],
    metro: 0,
    area: 100
  },
  __lastAccess: 1603409141515
}
[2020-10-23T01:25:49.979] [TRACE] file - Session {
  cookie: {
    path: '/',
    _expires: 2021-01-20T23:25:49.978Z,
    originalMaxAge: 7776000000,
    httpOnly: true
  },
  views: { '/': 1, '/leaflet': 2 },
  horodate: 2020-10-22T01:25:49.976Z,
  ip: '109.201.133.6',
  geoloc: {
    range: [ 1841923328, 1841923583 ],
    country: 'NL',
    region: 'GE',
    eu: '1',
    timezone: 'Europe/Amsterdam',
    city: 'Rozendaal',
    ll: [ 52.0074, 5.9654 ],
    metro: 0,
    area: 100
  },
  __lastAccess: 1603409149978
}
[2020-10-23T01:26:00.892] [TRACE] file - Session {
  cookie: {
    path: '/',
    _expires: 2021-01-20T23:26:00.891Z,
    originalMaxAge: 7776000000,
    httpOnly: true,
    SameSite: 'Lax'
  },
  ip: '192.99.56.22',
  geoloc: {
    range: [ 3227727872, 3227728383 ],
    country: 'CA',
    region: 'QC',
    eu: '0',
    timezone: 'America/Toronto',
    city: 'Montreal',
    ll: [ 45.5063, -73.5794 ],
    metro: 0,
    area: 1000
  },
  views: { '/leaflet': 1 },
  horodate: 2020-10-22T01:26:00.888Z,
  __lastAccess: 1603409160892
}
[2020-10-23T01:26:32.579] [TRACE] file - Session {
  cookie: {
    path: '/',
    _expires: 2021-01-20T23:26:32.578Z,
    originalMaxAge: 7776000000,
    httpOnly: true,
    SameSite: 'Lax'
  },
  ip: '5.62.43.78',
  geoloc: {
    range: [ 87960320, 87960575 ],
    country: 'GB',
    region: 'ENG',
    eu: '1',
    timezone: 'Europe/London',
    city: 'London',
    ll: [ 51.5164, -0.093 ],
    metro: 0,
    area: 1000
  },
  views: { '/leaflet': 1 },
  horodate: 2020-10-22T01:26:32.577Z,
  __lastAccess: 1603409192578
}
[2020-10-23T01:26:54.558] [TRACE] file - Session {
  cookie: {
    path: '/',
    _expires: 2021-01-20T23:26:54.557Z,
    originalMaxAge: 7776000000,
    httpOnly: true
  },
  ip: '5.62.43.78',
  geoloc: {
    range: [ 87960320, 87960575 ],
    country: 'GB',
    region: 'ENG',
    eu: '1',
    timezone: 'Europe/London',
    city: 'London',
    ll: [ 51.5164, -0.093 ],
    metro: 0,
    area: 1000
  },
  views: { '/leaflet': 2 },
  horodate: 2020-10-22T01:26:54.555Z,
  __lastAccess: 1603409214557
}
[2020-10-23T01:27:32.866] [TRACE] file - Session {
  cookie: {
    path: '/',
    _expires: 2021-01-20T23:27:32.866Z,
    originalMaxAge: 7776000000,
    httpOnly: true,
    SameSite: 'Lax'
  },
  ip: '92.222.82.130',
  geoloc: {
    range: [ 1558073344, 1558075391 ],
    country: 'FR',
    region: 'IDF',
    eu: '1',
    timezone: 'Europe/Paris',
    city: 'Paris',
    ll: [ 48.8607, 2.3281 ],
    metro: 0,
    area: 500
  },
  views: { '/leaflet': 1 },
  horodate: 2020-10-22T01:27:32.863Z,
  __lastAccess: 1603409252866
}
