Tue Oct 05 2021 09:21:40 GMT+0200 (GMT+02:00)[2020-10-05T09:21:42.796] [TRACE] file - uIejZyjRwpwZD_giaQ9Wt_xD
[2020-10-05T09:21:42.797] [TRACE] file - Session {
  cookie: {
    path: '/',
    _expires: 2021-01-03T07:21:42.793Z,
    originalMaxAge: 7775999998,
    httpOnly: true
  },
  views: { '/': 339, '/cv': 239, '/giftedADHD': 147 },
  horodate: 2020-10-05T09:21:42.789Z,
  geoloc: {
    range: [ 1459091456, 1459093503 ],
    country: 'FR',
    region: 'IDF',
    eu: '1',
    timezone: 'Europe/Paris',
    city: 'Paris',
    ll: [ 48.8543, 2.3527 ],
    metro: 0,
    area: 1
  },
  __lastAccess: 1601882502795,
  ip: '86.247.252.92'
}
[2020-10-05T09:37:03.743] [TRACE] file - EIFKHcE5tJjpwC2tODwEYbaZ
[2020-10-05T09:37:03.743] [TRACE] file - Session {
  cookie: {
    path: '/',
    _expires: 2021-01-03T07:37:03.740Z,
    originalMaxAge: 7776000000,
    httpOnly: true,
    SameSite: 'Lax'
  },
  views: { '/': 1 },
  horodate: 2020-10-05T09:37:03.736Z,
  ip: '188.0.250.101',
  geoloc: {
    range: [ 3154180096, 3154182143 ],
    country: 'MD',
    region: 'CU',
    eu: '0',
    timezone: 'Europe/Chisinau',
    city: 'Chisinau',
    ll: [ 47.0052, 28.8573 ],
    metro: 0,
    area: 50
  },
  __lastAccess: 1601883423740
}
[2020-10-05T10:24:02.400] [TRACE] file - T2mpyybCPUjDRJ7q_MNrUgGz
[2020-10-05T10:24:02.400] [TRACE] file - Session {
  cookie: {
    path: '/',
    _expires: 2021-01-03T08:24:02.400Z,
    originalMaxAge: 7776000000,
    httpOnly: true,
    SameSite: 'Lax'
  },
  views: { '/': 1 },
  horodate: 2020-10-05T10:24:02.396Z,
  ip: '74.120.14.50',
  geoloc: {
    range: [ 1249380352, 1249382399 ],
    country: 'US',
    region: '',
    eu: '0',
    timezone: 'America/Chicago',
    city: '',
    ll: [ 37.751, -97.822 ],
    metro: 0,
    area: 1000
  },
  __lastAccess: 1601886242400
}
[2020-10-05T10:24:02.618] [TRACE] file - laT5Axycs8jiAaqG8FXG4Xwl
[2020-10-05T10:24:02.618] [TRACE] file - Session {
  cookie: {
    path: '/',
    _expires: 2021-01-03T08:24:02.616Z,
    originalMaxAge: 7776000000,
    httpOnly: true,
    SameSite: 'Lax'
  },
  views: { '/': 1 },
  horodate: 2020-10-05T10:24:02.612Z,
  ip: '74.120.14.50',
  geoloc: {
    range: [ 1249380352, 1249382399 ],
    country: 'US',
    region: '',
    eu: '0',
    timezone: 'America/Chicago',
    city: '',
    ll: [ 37.751, -97.822 ],
    metro: 0,
    area: 1000
  },
  __lastAccess: 1601886242616
}
[2020-10-05T10:36:38.012] [TRACE] file - Uw8IfHUsRvd3uMbWNqq9TbJc
[2020-10-05T10:36:38.012] [TRACE] file - Session {
  cookie: {
    path: '/',
    _expires: 2021-01-03T08:36:38.011Z,
    originalMaxAge: 7775999999,
    httpOnly: true
  },
  views: { '/': 195, '/cv': 78, '/giftedADHD': 70 },
  horodate: 2020-10-05T10:36:38.010Z,
  ip: '86.247.252.92',
  geoloc: {
    range: [ 1459091456, 1459093503 ],
    country: 'FR',
    region: 'IDF',
    eu: '1',
    timezone: 'Europe/Paris',
    city: 'Paris',
    ll: [ 48.8543, 2.3527 ],
    metro: 0,
    area: 1
  },
  __lastAccess: 1601886998012
}
[2020-10-05T10:36:42.827] [TRACE] file - Session {
  cookie: {
    path: '/',
    _expires: 2021-01-03T08:36:42.826Z,
    originalMaxAge: 7775999999,
    httpOnly: true
  },
  views: { '/': 195, '/cv': 79, '/giftedADHD': 70 },
  horodate: 2020-10-05T10:36:42.825Z,
  ip: '86.247.252.92',
  geoloc: {
    range: [ 1459091456, 1459093503 ],
    country: 'FR',
    region: 'IDF',
    eu: '1',
    timezone: 'Europe/Paris',
    city: 'Paris',
    ll: [ 48.8543, 2.3527 ],
    metro: 0,
    area: 1
  },
  __lastAccess: 1601887002827
}
[2020-10-05T10:36:43.922] [TRACE] file - Session {
  cookie: {
    path: '/',
    _expires: 2021-01-03T08:36:43.921Z,
    originalMaxAge: 7775999999,
    httpOnly: true
  },
  views: { '/': 195, '/cv': 79, '/giftedADHD': 71 },
  horodate: 2020-10-05T10:36:43.915Z,
  ip: '86.247.252.92',
  geoloc: {
    range: [ 1459091456, 1459093503 ],
    country: 'FR',
    region: 'IDF',
    eu: '1',
    timezone: 'Europe/Paris',
    city: 'Paris',
    ll: [ 48.8543, 2.3527 ],
    metro: 0,
    area: 1
  },
  __lastAccess: 1601887003922
}
[2020-10-05T11:41:05.453] [TRACE] file - hk0BxtumVJHoO7Ciqc2vk_eu
[2020-10-05T11:41:05.453] [TRACE] file - Session {
  cookie: {
    path: '/',
    _expires: 2021-01-03T09:41:05.452Z,
    originalMaxAge: 7776000000,
    httpOnly: true,
    SameSite: 'Lax'
  },
  views: { '/': 1 },
  horodate: 2020-10-05T11:41:05.451Z,
  ip: '17.58.101.157',
  geoloc: {
    range: [ 289013760, 289144831 ],
    country: 'US',
    region: '',
    eu: '0',
    timezone: 'America/Chicago',
    city: '',
    ll: [ 37.751, -97.822 ],
    metro: 0,
    area: 1000
  },
  __lastAccess: 1601890865453
}
[2020-10-05T11:44:38.221] [TRACE] file - uIejZyjRwpwZD_giaQ9Wt_xD
[2020-10-05T11:44:38.221] [TRACE] file - Session {
  cookie: {
    path: '/',
    _expires: 2021-01-03T09:44:38.218Z,
    originalMaxAge: 7775999998,
    httpOnly: true
  },
  views: { '/': 340, '/cv': 239, '/giftedADHD': 147 },
  horodate: 2020-10-05T11:44:38.218Z,
  geoloc: {
    range: [ 1459091456, 1459093503 ],
    country: 'FR',
    region: 'IDF',
    eu: '1',
    timezone: 'Europe/Paris',
    city: 'Paris',
    ll: [ 48.8543, 2.3527 ],
    metro: 0,
    area: 1
  },
  __lastAccess: 1601891078220,
  ip: '86.247.252.92'
}
[2020-10-05T11:44:58.077] [TRACE] file - uIejZyjRwpwZD_giaQ9Wt_xD
[2020-10-05T11:44:58.077] [TRACE] file - Session {
  cookie: {
    path: '/',
    _expires: 2021-01-03T09:44:58.075Z,
    originalMaxAge: 7775999998,
    httpOnly: true
  },
  views: { '/': 341, '/cv': 239, '/giftedADHD': 147 },
  horodate: 2020-10-05T11:44:58.076Z,
  geoloc: {
    range: [ 1459091456, 1459093503 ],
    country: 'FR',
    region: 'IDF',
    eu: '1',
    timezone: 'Europe/Paris',
    city: 'Paris',
    ll: [ 48.8543, 2.3527 ],
    metro: 0,
    area: 1
  },
  __lastAccess: 1601891098077,
  ip: '86.247.252.92'
}
[2020-10-05T11:45:30.469] [TRACE] file - uIejZyjRwpwZD_giaQ9Wt_xD
[2020-10-05T11:45:30.469] [TRACE] file - Session {
  cookie: {
    path: '/',
    _expires: 2021-01-03T09:45:30.466Z,
    originalMaxAge: 7775999998,
    httpOnly: true
  },
  views: { '/': 342, '/cv': 239, '/giftedADHD': 147 },
  horodate: 2020-10-05T11:45:30.466Z,
  geoloc: {
    range: [ 1459091456, 1459093503 ],
    country: 'FR',
    region: 'IDF',
    eu: '1',
    timezone: 'Europe/Paris',
    city: 'Paris',
    ll: [ 48.8543, 2.3527 ],
    metro: 0,
    area: 1
  },
  __lastAccess: 1601891130468,
  ip: '86.247.252.92'
}
[2020-10-05T11:45:32.591] [TRACE] file - Session {
  cookie: {
    path: '/',
    _expires: 2021-01-03T09:45:32.589Z,
    originalMaxAge: 7775999998,
    httpOnly: true
  },
  views: { '/': 342, '/cv': 240, '/giftedADHD': 147 },
  horodate: 2020-10-05T11:45:32.588Z,
  geoloc: {
    range: [ 1459091456, 1459093503 ],
    country: 'FR',
    region: 'IDF',
    eu: '1',
    timezone: 'Europe/Paris',
    city: 'Paris',
    ll: [ 48.8543, 2.3527 ],
    metro: 0,
    area: 1
  },
  __lastAccess: 1601891132591,
  ip: '86.247.252.92'
}
[2020-10-05T11:45:33.706] [TRACE] file - Session {
  cookie: {
    path: '/',
    _expires: 2021-01-03T09:45:33.703Z,
    originalMaxAge: 7775999998,
    httpOnly: true
  },
  views: { '/': 342, '/cv': 240, '/giftedADHD': 148 },
  horodate: 2020-10-05T11:45:33.703Z,
  geoloc: {
    range: [ 1459091456, 1459093503 ],
    country: 'FR',
    region: 'IDF',
    eu: '1',
    timezone: 'Europe/Paris',
    city: 'Paris',
    ll: [ 48.8543, 2.3527 ],
    metro: 0,
    area: 1
  },
  __lastAccess: 1601891133705,
  ip: '86.247.252.92'
}
[2020-10-05T11:45:36.573] [TRACE] file - uIejZyjRwpwZD_giaQ9Wt_xD
[2020-10-05T11:45:36.573] [TRACE] file - Session {
  cookie: {
    path: '/',
    _expires: 2021-01-03T09:45:36.570Z,
    originalMaxAge: 7775999997,
    httpOnly: true
  },
  views: { '/': 343, '/cv': 240, '/giftedADHD': 148 },
  horodate: 2020-10-05T11:45:36.569Z,
  geoloc: {
    range: [ 1459091456, 1459093503 ],
    country: 'FR',
    region: 'IDF',
    eu: '1',
    timezone: 'Europe/Paris',
    city: 'Paris',
    ll: [ 48.8543, 2.3527 ],
    metro: 0,
    area: 1
  },
  __lastAccess: 1601891136573,
  ip: '86.247.252.92'
}
[2020-10-05T11:55:13.901] [TRACE] file - uIejZyjRwpwZD_giaQ9Wt_xD
[2020-10-05T11:55:13.902] [TRACE] file - Session {
  cookie: {
    path: '/',
    _expires: 2021-01-03T09:55:13.898Z,
    originalMaxAge: 7775999997,
    httpOnly: true
  },
  views: { '/': 344, '/cv': 240, '/giftedADHD': 148 },
  horodate: 2020-10-05T11:55:13.899Z,
  geoloc: {
    range: [ 1459091456, 1459093503 ],
    country: 'FR',
    region: 'IDF',
    eu: '1',
    timezone: 'Europe/Paris',
    city: 'Paris',
    ll: [ 48.8543, 2.3527 ],
    metro: 0,
    area: 1
  },
  __lastAccess: 1601891713901,
  ip: '86.247.252.92'
}
[2020-10-05T11:55:21.434] [TRACE] file - uIejZyjRwpwZD_giaQ9Wt_xD
[2020-10-05T11:55:21.434] [TRACE] file - Session {
  cookie: {
    path: '/',
    _expires: 2021-01-03T09:55:21.431Z,
    originalMaxAge: 7775999997,
    httpOnly: true
  },
  views: { '/': 345, '/cv': 240, '/giftedADHD': 148 },
  horodate: 2020-10-05T11:55:21.432Z,
  geoloc: {
    range: [ 1459091456, 1459093503 ],
    country: 'FR',
    region: 'IDF',
    eu: '1',
    timezone: 'Europe/Paris',
    city: 'Paris',
    ll: [ 48.8543, 2.3527 ],
    metro: 0,
    area: 1
  },
  __lastAccess: 1601891721434,
  ip: '86.247.252.92'
}
[2020-10-05T12:15:02.013] [TRACE] file - QP2v7dmxBCzkDkyys5p88qUw
[2020-10-05T12:15:02.013] [TRACE] file - Session {
  cookie: {
    path: '/',
    _expires: 2021-01-03T10:15:02.012Z,
    originalMaxAge: 7776000000,
    httpOnly: true,
    SameSite: 'Lax'
  },
  views: { '/': 1 },
  horodate: 2020-10-05T12:15:02.007Z,
  ip: '31.131.141.100',
  geoloc: {
    range: [ 528711680, 528715775 ],
    country: 'UA',
    region: '',
    eu: '0',
    timezone: 'Europe/Kiev',
    city: '',
    ll: [ 50.45, 30.5233 ],
    metro: 0,
    area: 500
  },
  __lastAccess: 1601892902012
}
[2020-10-05T12:41:49.842] [TRACE] file - 7c-Y4rvJM1YO2JDeA3J1GFv1
[2020-10-05T12:41:49.842] [TRACE] file - Session {
  cookie: {
    path: '/',
    _expires: 2021-01-03T10:41:49.841Z,
    originalMaxAge: 7776000000,
    httpOnly: true,
    SameSite: 'Lax'
  },
  views: { '/': 1 },
  horodate: 2020-10-05T12:41:49.840Z,
  ip: '62.165.207.200',
  geoloc: {
    range: [ 1051053824, 1051054079 ],
    country: 'HU',
    region: 'HB',
    eu: '1',
    timezone: 'Europe/Budapest',
    city: 'Debrecen',
    ll: [ 47.5304, 21.6279 ],
    metro: 0,
    area: 1
  },
  __lastAccess: 1601894509842
}
[2020-10-05T12:44:34.383] [TRACE] file - iAkK76QfSAFp-Y-lH5HWtODX
[2020-10-05T12:44:34.383] [TRACE] file - Session {
  cookie: {
    path: '/',
    _expires: 2021-01-03T10:44:34.383Z,
    originalMaxAge: 7776000000,
    httpOnly: true,
    SameSite: 'Lax'
  },
  views: { '/': 1 },
  horodate: 2020-10-05T12:44:34.381Z,
  ip: '94.102.51.119',
  geoloc: {
    range: [ 1583756032, 1583756287 ],
    country: 'NL',
    region: 'NH',
    eu: '1',
    timezone: 'Europe/Amsterdam',
    city: 'Amsterdam',
    ll: [ 52.35, 4.9167 ],
    metro: 0,
    area: 100
  },
  __lastAccess: 1601894674383
}
[2020-10-05T13:38:29.346] [TRACE] file - AlXU3Z2dDj1Eb6_TGolif6id
[2020-10-05T13:38:29.346] [TRACE] file - Session {
  cookie: {
    path: '/',
    _expires: 2021-01-03T11:38:29.345Z,
    originalMaxAge: 7776000000,
    httpOnly: true,
    SameSite: 'Lax'
  },
  views: { '/': 1 },
  horodate: 2020-10-05T13:38:29.340Z,
  ip: '193.118.53.202',
  geoloc: {
    range: [ 3245748224, 3245752319 ],
    country: 'DE',
    region: '',
    eu: '1',
    timezone: 'Europe/Berlin',
    city: '',
    ll: [ 51.2993, 9.491 ],
    metro: 0,
    area: 200
  },
  __lastAccess: 1601897909345
}
[2020-10-05T13:40:46.214] [TRACE] file - 3ADaSam5-atr68CcjH_7b5ij
[2020-10-05T13:40:46.214] [TRACE] file - Session {
  cookie: {
    path: '/',
    _expires: 2021-01-03T11:40:46.213Z,
    originalMaxAge: 7776000000,
    httpOnly: true,
    SameSite: 'Lax'
  },
  views: { '/': 1 },
  horodate: 2020-10-05T13:40:46.208Z,
  ip: '51.38.247.211',
  geoloc: {
    range: [ 858191744, 858191871 ],
    country: 'IT',
    region: '',
    eu: '1',
    timezone: 'Europe/Rome',
    city: '',
    ll: [ 43.1479, 12.1097 ],
    metro: 0,
    area: 500
  },
  __lastAccess: 1601898046213
}
[2020-10-05T13:40:57.017] [TRACE] file - uY2L8kz03Ck-YmUbaJsg7hvP
[2020-10-05T13:40:57.018] [TRACE] file - Session {
  cookie: {
    path: '/',
    _expires: 2021-01-03T11:40:57.017Z,
    originalMaxAge: 7776000000,
    httpOnly: true,
    SameSite: 'Lax'
  },
  views: { '/': 1 },
  horodate: 2020-10-05T13:40:57.013Z,
  ip: '164.132.149.189',
  geoloc: {
    range: [ 2760152064, 2760152575 ],
    country: 'FR',
    region: '',
    eu: '1',
    timezone: 'Europe/Paris',
    city: '',
    ll: [ 48.8582, 2.3387 ],
    metro: 0,
    area: 500
  },
  __lastAccess: 1601898057017
}
[2020-10-05T14:28:35.730] [TRACE] file - LyYN3ROk1fk8TNN1WtDl2AmC
[2020-10-05T14:28:35.730] [TRACE] file - Session {
  cookie: {
    path: '/',
    _expires: 2021-01-03T12:28:35.730Z,
    originalMaxAge: 7776000000,
    httpOnly: true,
    SameSite: 'Lax'
  },
  views: { '/': 1 },
  horodate: 2020-10-05T14:28:35.728Z,
  ip: '103.100.173.169',
  geoloc: {
    range: [ 1734650880, 1734651903 ],
    country: 'ID',
    region: '',
    eu: '0',
    timezone: 'Asia/Jakarta',
    city: '',
    ll: [ -6.175, 106.8286 ],
    metro: 0,
    area: 1000
  },
  __lastAccess: 1601900915730
}
[2020-10-05T15:25:57.905] [TRACE] file - uIejZyjRwpwZD_giaQ9Wt_xD
[2020-10-05T15:25:57.905] [TRACE] file - Session {
  cookie: {
    path: '/',
    _expires: 2021-01-03T13:25:57.902Z,
    originalMaxAge: 7775999997,
    httpOnly: true
  },
  views: { '/': 346, '/cv': 240, '/giftedADHD': 148 },
  horodate: 2020-10-05T15:25:57.903Z,
  geoloc: {
    range: [ 1459091456, 1459093503 ],
    country: 'FR',
    region: 'IDF',
    eu: '1',
    timezone: 'Europe/Paris',
    city: 'Paris',
    ll: [ 48.8543, 2.3527 ],
    metro: 0,
    area: 1
  },
  __lastAccess: 1601904357905,
  ip: '86.247.252.92'
}
