Tue Oct 05 2021 15:29:04 GMT+0200 (GMT+02:00)[2020-10-05T15:29:40.402] [TRACE] file - uIejZyjRwpwZD_giaQ9Wt_xD
[2020-10-05T15:29:40.403] [TRACE] file - Session {
  cookie: {
    path: '/',
    _expires: 2021-01-03T13:29:40.397Z,
    originalMaxAge: 7775999997,
    httpOnly: true
  },
  views: { '/': 347, '/cv': 240, '/giftedADHD': 148 },
  horodate: 2020-10-05T15:29:40.391Z,
  geoloc: {
    range: [ 1459091456, 1459093503 ],
    country: 'FR',
    region: 'IDF',
    eu: '1',
    timezone: 'Europe/Paris',
    city: 'Paris',
    ll: [ 48.8543, 2.3527 ],
    metro: 0,
    area: 1
  },
  __lastAccess: 1601904580401,
  ip: '86.247.252.92'
}
[2020-10-05T15:43:25.812] [TRACE] file - sMarzCedZvWn57CkfdHn870t
[2020-10-05T15:43:25.812] [TRACE] file - Session {
  cookie: {
    path: '/',
    _expires: 2021-01-03T13:43:25.749Z,
    originalMaxAge: 7776000000,
    httpOnly: true,
    SameSite: 'Lax'
  },
  views: { '/': 1 },
  horodate: 2020-10-05T15:43:25.744Z,
  ip: '51.89.254.248',
  geoloc: {
    range: [ 861534208, 861536255 ],
    country: 'FR',
    region: '',
    eu: '1',
    timezone: 'Europe/Paris',
    city: '',
    ll: [ 48.8582, 2.3387 ],
    metro: 0,
    area: 500
  },
  __lastAccess: 1601905405749
}
[2020-10-05T16:44:14.419] [TRACE] file - Uw8IfHUsRvd3uMbWNqq9TbJc
[2020-10-05T16:44:14.419] [TRACE] file - Session {
  cookie: {
    path: '/',
    _expires: 2021-01-03T14:44:14.418Z,
    originalMaxAge: 7775999999,
    httpOnly: true
  },
  views: { '/': 196, '/cv': 79, '/giftedADHD': 71 },
  horodate: 2020-10-05T16:44:14.416Z,
  ip: '82.227.67.139',
  geoloc: {
    range: [ 1390624768, 1390625791 ],
    country: 'FR',
    region: 'IDF',
    eu: '1',
    timezone: 'Europe/Paris',
    city: 'Paris',
    ll: [ 48.8543, 2.3527 ],
    metro: 0,
    area: 5
  },
  __lastAccess: 1601909054419
}
[2020-10-05T18:29:36.154] [TRACE] file - 0zKgYt2AbYgSxDrDCB4ksR31
[2020-10-05T18:29:36.154] [TRACE] file - Session {
  cookie: {
    path: '/',
    _expires: 2021-01-03T16:29:36.154Z,
    originalMaxAge: 7776000000,
    httpOnly: true,
    SameSite: 'Lax'
  },
  views: { '/': 1 },
  horodate: 2020-10-05T18:29:36.152Z,
  ip: '209.126.3.185',
  geoloc: {
    range: [ 3514695680, 3514699775 ],
    country: 'US',
    region: 'MO',
    eu: '0',
    timezone: 'America/Chicago',
    city: 'St Louis',
    ll: [ 38.7048, -90.4617 ],
    metro: 609,
    area: 1000
  },
  __lastAccess: 1601915376154
}
[2020-10-05T18:41:40.906] [TRACE] file - FtY3TnwuA-9SsCtk306atD7R
[2020-10-05T18:41:40.906] [TRACE] file - Session {
  cookie: {
    path: '/',
    _expires: 2021-01-03T16:41:40.906Z,
    originalMaxAge: 7776000000,
    httpOnly: true,
    SameSite: 'Lax'
  },
  views: { '/': 1 },
  horodate: 2020-10-05T18:41:40.904Z,
  ip: '54.36.149.76',
  geoloc: {
    range: [ 908366848, 908367871 ],
    country: 'FR',
    region: '',
    eu: '1',
    timezone: 'Europe/Paris',
    city: '',
    ll: [ 48.8582, 2.3387 ],
    metro: 0,
    area: 500
  },
  __lastAccess: 1601916100906
}
[2020-10-05T18:43:45.530] [TRACE] file - n1xrPpmHTj_J2mTVbFSldIIg
[2020-10-05T18:43:45.530] [TRACE] file - Session {
  cookie: {
    path: '/',
    _expires: 2021-01-03T16:43:45.529Z,
    originalMaxAge: 7776000000,
    httpOnly: true
  },
  views: { '/': 2 },
  horodate: 2020-10-05T18:43:45.527Z,
  ip: '37.175.24.75',
  geoloc: {
    range: [ 632029184, 632291327 ],
    country: 'FR',
    region: '',
    eu: '1',
    timezone: 'Europe/Paris',
    city: '',
    ll: [ 48.8582, 2.3387 ],
    metro: 0,
    area: 500
  },
  __lastAccess: 1601916225529
}
[2020-10-05T19:58:24.242] [TRACE] file - uIejZyjRwpwZD_giaQ9Wt_xD
[2020-10-05T19:58:24.242] [TRACE] file - Session {
  cookie: {
    path: '/',
    _expires: 2021-01-03T17:58:24.238Z,
    originalMaxAge: 7775999997,
    httpOnly: true
  },
  views: { '/': 348, '/cv': 240, '/giftedADHD': 148 },
  horodate: 2020-10-05T19:58:24.239Z,
  geoloc: {
    range: [ 1459091456, 1459093503 ],
    country: 'FR',
    region: 'IDF',
    eu: '1',
    timezone: 'Europe/Paris',
    city: 'Paris',
    ll: [ 48.8543, 2.3527 ],
    metro: 0,
    area: 1
  },
  __lastAccess: 1601920704242,
  ip: '86.247.252.92'
}
[2020-10-05T21:03:08.446] [TRACE] file - Uw8IfHUsRvd3uMbWNqq9TbJc
[2020-10-05T21:03:08.446] [TRACE] file - Session {
  cookie: {
    path: '/',
    _expires: 2021-01-03T19:03:08.444Z,
    originalMaxAge: 7775999999,
    httpOnly: true
  },
  views: { '/': 197, '/cv': 79, '/giftedADHD': 71 },
  horodate: 2020-10-05T21:03:08.444Z,
  ip: '82.227.67.139',
  geoloc: {
    range: [ 1390624768, 1390625791 ],
    country: 'FR',
    region: 'IDF',
    eu: '1',
    timezone: 'Europe/Paris',
    city: 'Paris',
    ll: [ 48.8543, 2.3527 ],
    metro: 0,
    area: 5
  },
  __lastAccess: 1601924588446
}
[2020-10-05T21:13:14.310] [TRACE] file - lYRXrSgCQVUGYym5Qziu0q1C
[2020-10-05T21:13:14.310] [TRACE] file - Session {
  cookie: {
    path: '/',
    _expires: 2021-01-03T19:13:14.309Z,
    originalMaxAge: 7776000000,
    httpOnly: true,
    SameSite: 'Lax'
  },
  views: { '/': 1 },
  horodate: 2020-10-05T21:13:14.303Z,
  ip: '104.131.182.237',
  geoloc: {
    range: [ 1753456640, 1753464831 ],
    country: 'US',
    region: 'NJ',
    eu: '0',
    timezone: 'America/New_York',
    city: 'Clifton',
    ll: [ 40.8364, -74.1403 ],
    metro: 501,
    area: 1000
  },
  __lastAccess: 1601925194309
}
[2020-10-05T21:58:30.315] [TRACE] file - Uw8IfHUsRvd3uMbWNqq9TbJc
[2020-10-05T21:58:30.315] [TRACE] file - Session {
  cookie: {
    path: '/',
    _expires: 2021-01-03T19:58:30.314Z,
    originalMaxAge: 7775999999,
    httpOnly: true
  },
  views: { '/': 198, '/cv': 79, '/giftedADHD': 71 },
  horodate: 2020-10-05T21:58:30.313Z,
  ip: '82.227.67.139',
  geoloc: {
    range: [ 1390624768, 1390625791 ],
    country: 'FR',
    region: 'IDF',
    eu: '1',
    timezone: 'Europe/Paris',
    city: 'Paris',
    ll: [ 48.8543, 2.3527 ],
    metro: 0,
    area: 5
  },
  __lastAccess: 1601927910315
}
[2020-10-05T22:59:55.798] [TRACE] file - OvWkNmtx9GoKp9FOe1Uog75f
[2020-10-05T22:59:55.798] [TRACE] file - Session {
  cookie: {
    path: '/',
    _expires: 2021-01-03T20:59:55.797Z,
    originalMaxAge: 7776000000,
    httpOnly: true,
    SameSite: 'Lax'
  },
  views: { '/': 1 },
  horodate: 2020-10-05T22:59:55.793Z,
  ip: '176.113.115.214',
  geoloc: {
    range: [ 2960224768, 2960225279 ],
    country: 'RU',
    region: 'MOW',
    eu: '0',
    timezone: 'Europe/Moscow',
    city: 'Moscow',
    ll: [ 55.7527, 37.6172 ],
    metro: 0,
    area: 200
  },
  __lastAccess: 1601931595797
}
[2020-10-05T23:02:02.268] [TRACE] file - fR8V8iCEEESd-cBPLuEt0j6W
[2020-10-05T23:02:02.268] [TRACE] file - Session {
  cookie: {
    path: '/',
    _expires: 2021-01-03T21:02:02.268Z,
    originalMaxAge: 7776000000,
    httpOnly: true,
    SameSite: 'Lax'
  },
  views: { '/': 1 },
  horodate: 2020-10-05T23:02:02.266Z,
  ip: '176.113.115.214',
  geoloc: {
    range: [ 2960224768, 2960225279 ],
    country: 'RU',
    region: 'MOW',
    eu: '0',
    timezone: 'Europe/Moscow',
    city: 'Moscow',
    ll: [ 55.7527, 37.6172 ],
    metro: 0,
    area: 200
  },
  __lastAccess: 1601931722268
}
[2020-10-06T00:19:37.096] [TRACE] file - HpHDXjEN7QvPa04p1fMA8pjp
[2020-10-06T00:19:37.096] [TRACE] file - Session {
  cookie: {
    path: '/',
    _expires: 2021-01-03T22:19:37.096Z,
    originalMaxAge: 7776000000,
    httpOnly: true,
    SameSite: 'Lax'
  },
  views: { '/': 1 },
  horodate: 2020-10-05T00:19:37.094Z,
  ip: '167.248.133.35',
  geoloc: {
    range: [ 2818080768, 2818113535 ],
    country: 'US',
    region: '',
    eu: '0',
    timezone: 'America/Chicago',
    city: '',
    ll: [ 37.751, -97.822 ],
    metro: 0,
    area: 1000
  },
  __lastAccess: 1601936377096
}
[2020-10-06T00:19:37.312] [TRACE] file - YScSfk1oupsCGP_-KkZkcH2N
[2020-10-06T00:19:37.312] [TRACE] file - Session {
  cookie: {
    path: '/',
    _expires: 2021-01-03T22:19:37.312Z,
    originalMaxAge: 7776000000,
    httpOnly: true,
    SameSite: 'Lax'
  },
  views: { '/': 1 },
  horodate: 2020-10-05T00:19:37.310Z,
  ip: '167.248.133.35',
  geoloc: {
    range: [ 2818080768, 2818113535 ],
    country: 'US',
    region: '',
    eu: '0',
    timezone: 'America/Chicago',
    city: '',
    ll: [ 37.751, -97.822 ],
    metro: 0,
    area: 1000
  },
  __lastAccess: 1601936377312
}
