Thu Oct 14 2021 04:18:21 GMT+0200 (GMT+02:00)[2020-10-14T05:35:10.016] [TRACE] file - TRCy8xhGBZZp19P7q9R3VtmZ
[2020-10-14T05:35:10.016] [TRACE] file - Session {
  cookie: {
    path: '/',
    _expires: 2021-01-12T03:35:10.015Z,
    originalMaxAge: 7776000000,
    httpOnly: true,
    SameSite: 'Lax'
  },
  views: { '/': 1 },
  horodate: 2020-10-14T05:35:10.009Z,
  ip: '91.193.5.58',
  geoloc: {
    range: [ 1539376128, 1539377151 ],
    country: 'RO',
    region: '',
    eu: '1',
    timezone: 'Europe/Bucharest',
    city: '',
    ll: [ 46, 25 ],
    metro: 0,
    area: 200
  },
  __lastAccess: 1602646510015
}
[2020-10-14T05:55:18.605] [TRACE] file - h--z9kRzPKC_aVUsTKX-_suu
[2020-10-14T05:55:18.605] [TRACE] file - Session {
  cookie: {
    path: '/',
    _expires: 2021-01-12T03:55:18.604Z,
    originalMaxAge: 7776000000,
    httpOnly: true,
    SameSite: 'Lax'
  },
  views: { '/': 1 },
  horodate: 2020-10-14T05:55:18.602Z,
  ip: '178.34.183.30',
  geoloc: {
    range: [ 2988617728, 2988619775 ],
    country: 'UA',
    region: '43',
    eu: '0',
    timezone: 'Europe/Simferopol',
    city: 'Bakhchisaray',
    ll: [ 44.7552, 33.8578 ],
    metro: 0,
    area: 500
  },
  __lastAccess: 1602647718604
}
[2020-10-14T05:55:48.505] [TRACE] file - Jkz-EdgS_NCv8SiG-M3gbOcG
[2020-10-14T05:55:48.505] [TRACE] file - Session {
  cookie: {
    path: '/',
    _expires: 2021-01-12T03:55:48.504Z,
    originalMaxAge: 7776000000,
    httpOnly: true,
    SameSite: 'Lax'
  },
  views: { '/': 1 },
  horodate: 2020-10-14T05:55:48.503Z,
  ip: '92.184.105.109',
  geoloc: {
    range: [ 1555589120, 1555590143 ],
    country: 'FR',
    region: 'IDF',
    eu: '1',
    timezone: 'Europe/Paris',
    city: 'Paris',
    ll: [ 48.8543, 2.3527 ],
    metro: 0,
    area: 200
  },
  __lastAccess: 1602647748504
}
[2020-10-14T06:45:12.612] [TRACE] file - -q_5K_O_kOGG18uOEimumbpq
[2020-10-14T06:45:12.612] [TRACE] file - Session {
  cookie: {
    path: '/',
    _expires: 2021-01-12T04:45:12.612Z,
    originalMaxAge: 7776000000,
    httpOnly: true,
    SameSite: 'Lax'
  },
  views: { '/': 1 },
  horodate: 2020-10-14T06:45:12.610Z,
  ip: '51.103.46.1',
  geoloc: {
    range: [ 861929472, 862453759 ],
    country: 'GB',
    region: '',
    eu: '1',
    timezone: 'Europe/London',
    city: '',
    ll: [ 51.4964, -0.1224 ],
    metro: 0,
    area: 200
  },
  __lastAccess: 1602650712612
}
[2020-10-14T08:02:12.371] [TRACE] file - RnNwd5o1-dvMCuvwBcoS9I6F
[2020-10-14T08:02:12.372] [TRACE] file - Session {
  cookie: {
    path: '/',
    _expires: 2021-01-12T06:02:12.371Z,
    originalMaxAge: 7776000000,
    httpOnly: true,
    SameSite: 'Lax'
  },
  views: { '/': 1 },
  horodate: 2020-10-14T08:02:12.370Z,
  ip: '62.220.83.132',
  geoloc: {
    range: [ 1054626304, 1054626815 ],
    country: 'IT',
    region: '45',
    eu: '1',
    timezone: 'Europe/Rome',
    city: 'Misano Adriatico',
    ll: [ 43.9771, 12.698 ],
    metro: 0,
    area: 10
  },
  __lastAccess: 1602655332371
}
[2020-10-14T08:12:54.362] [TRACE] file - g3vTh47QggGvguzIqWrW444l
[2020-10-14T08:12:54.362] [TRACE] file - Session {
  cookie: {
    path: '/',
    _expires: 2021-01-12T06:12:54.361Z,
    originalMaxAge: 7776000000,
    httpOnly: true,
    SameSite: 'Lax'
  },
  views: { '/': 1 },
  horodate: 2020-10-14T08:12:54.359Z,
  ip: '34.76.47.142',
  geoloc: {
    range: [ 575414272, 575422463 ],
    country: 'US',
    region: '',
    eu: '0',
    timezone: 'America/Chicago',
    city: '',
    ll: [ 37.751, -97.822 ],
    metro: 0,
    area: 1000
  },
  __lastAccess: 1602655974361
}
[2020-10-14T09:07:44.837] [TRACE] file - xMziqkm2t69Ae0YgzBCFlhBD
[2020-10-14T09:07:44.837] [TRACE] file - Session {
  cookie: {
    path: '/',
    _expires: 2021-01-12T07:07:44.836Z,
    originalMaxAge: 7776000000,
    httpOnly: true,
    SameSite: 'Lax'
  },
  views: { '/': 1 },
  horodate: 2020-10-14T09:07:44.815Z,
  ip: '177.75.147.166',
  geoloc: {
    range: [ 2974519808, 2974520319 ],
    country: 'BR',
    region: 'SC',
    eu: '0',
    timezone: 'America/Sao_Paulo',
    city: 'Pinhalzinho',
    ll: [ -26.8193, -52.9764 ],
    metro: 0,
    area: 10
  },
  __lastAccess: 1602659264836
}
[2020-10-14T10:01:16.318] [TRACE] file - xh0nBq0b7Q6_SaCcZS3cBZAC
[2020-10-14T10:01:16.318] [TRACE] file - Session {
  cookie: {
    path: '/',
    _expires: 2021-01-12T08:01:16.317Z,
    originalMaxAge: 7776000000,
    httpOnly: true,
    SameSite: 'Lax'
  },
  views: { '/': 1 },
  horodate: 2020-10-14T10:01:16.306Z,
  ip: '66.249.64.78',
  geoloc: {
    range: [ 1123631104, 1123632127 ],
    country: 'US',
    region: '',
    eu: '0',
    timezone: 'America/Chicago',
    city: '',
    ll: [ 37.751, -97.822 ],
    metro: 0,
    area: 1000
  },
  __lastAccess: 1602662476317
}
[2020-10-14T10:10:01.523] [TRACE] file - 5-n1dPoRd2-p1opMKLeyWjLP
[2020-10-14T10:10:01.523] [TRACE] file - Session {
  cookie: {
    path: '/',
    _expires: 2021-01-12T08:10:01.522Z,
    originalMaxAge: 7776000000,
    httpOnly: true,
    SameSite: 'Lax'
  },
  views: { '/': 1 },
  horodate: 2020-10-14T10:10:01.515Z,
  ip: '182.43.80.23',
  geoloc: {
    range: [ 3056271360, 3056336895 ],
    country: 'CN',
    region: 'SD',
    eu: '0',
    timezone: 'Asia/Shanghai',
    city: '',
    ll: [ 36.0986, 120.3719 ],
    metro: 0,
    area: 50
  },
  __lastAccess: 1602663001522
}
[2020-10-14T10:20:21.532] [TRACE] file - 2NWXgNk_D13uxQadshc08D6G
[2020-10-14T10:20:21.532] [TRACE] file - Session {
  cookie: {
    path: '/',
    _expires: 2021-01-12T08:20:21.532Z,
    originalMaxAge: 7776000000,
    httpOnly: true,
    SameSite: 'Lax'
  },
  views: { '/': 1 },
  horodate: 2020-10-14T10:20:21.525Z,
  ip: '174.104.44.213',
  geoloc: {
    range: [ 2926062592, 2926063615 ],
    country: 'US',
    region: 'PA',
    eu: '0',
    timezone: 'America/New_York',
    city: 'Erie',
    ll: [ 42.0753, -80.0671 ],
    metro: 516,
    area: 5
  },
  __lastAccess: 1602663621532
}
[2020-10-14T11:51:46.644] [TRACE] file - kKhs4kLawQHkT64_yKF-eTu1
[2020-10-14T11:51:46.644] [TRACE] file - Session {
  cookie: {
    path: '/',
    _expires: 2021-01-12T09:51:46.642Z,
    originalMaxAge: 7776000000,
    httpOnly: true,
    SameSite: 'Lax'
  },
  views: { '/': 1 },
  horodate: 2020-10-14T11:51:46.569Z,
  ip: '128.14.134.170',
  geoloc: {
    range: [ 2148433920, 2148435967 ],
    country: 'US',
    region: 'CA',
    eu: '0',
    timezone: 'America/Los_Angeles',
    city: 'Arcadia',
    ll: [ 34.1397, -118.0353 ],
    metro: 803,
    area: 500
  },
  __lastAccess: 1602669106643
}
[2020-10-14T12:30:09.230] [TRACE] file - 2U4Yb_kFKATimJDKcEpt-5iA
[2020-10-14T12:30:09.230] [TRACE] file - Session {
  cookie: {
    path: '/',
    _expires: 2021-01-12T10:30:09.229Z,
    originalMaxAge: 7775999999,
    httpOnly: true,
    SameSite: 'Lax'
  },
  views: { '/': 1 },
  horodate: 2020-10-14T12:30:09.217Z,
  ip: '37.233.2.71',
  geoloc: {
    range: [ 636026880, 636027903 ],
    country: 'MD',
    region: '',
    eu: '0',
    timezone: 'Europe/Chisinau',
    city: '',
    ll: [ 47.0188, 28.8128 ],
    metro: 0,
    area: 50
  },
  __lastAccess: 1602671409230
}
[2020-10-14T12:32:40.314] [TRACE] file - dpPQ7kZ6F9mRD5czshB4lHJn
[2020-10-14T12:32:40.314] [TRACE] file - Session {
  cookie: {
    path: '/',
    _expires: 2021-01-12T10:32:40.314Z,
    originalMaxAge: 7776000000,
    httpOnly: true,
    SameSite: 'Lax'
  },
  views: { '/': 1 },
  horodate: 2020-10-14T12:32:40.303Z,
  ip: '66.249.64.249',
  geoloc: {
    range: [ 1123631104, 1123632127 ],
    country: 'US',
    region: '',
    eu: '0',
    timezone: 'America/Chicago',
    city: '',
    ll: [ 37.751, -97.822 ],
    metro: 0,
    area: 1000
  },
  __lastAccess: 1602671560314
}
[2020-10-14T13:47:24.079] [TRACE] file - Uw8IfHUsRvd3uMbWNqq9TbJc
[2020-10-14T13:47:24.079] [TRACE] file - Session {
  cookie: {
    path: '/',
    _expires: 2021-01-12T11:47:24.077Z,
    originalMaxAge: 7775999999,
    httpOnly: true
  },
  views: { '/': 234, '/cv': 87, '/giftedADHD': 75 },
  horodate: 2020-10-14T13:47:24.070Z,
  ip: '86.247.78.60',
  geoloc: {
    range: [ 1459046400, 1459048447 ],
    country: 'FR',
    region: 'IDF',
    eu: '1',
    timezone: 'Europe/Paris',
    city: 'Paris',
    ll: [ 48.8543, 2.3527 ],
    metro: 0,
    area: 5
  },
  __lastAccess: 1602676044078
}
[2020-10-14T14:28:06.192] [TRACE] file - m8Atu4bR4FBsH-J86TCdab3G
[2020-10-14T14:28:06.192] [TRACE] file - Session {
  cookie: {
    path: '/',
    _expires: 2021-01-12T12:28:06.191Z,
    originalMaxAge: 7776000000,
    httpOnly: true,
    SameSite: 'Lax'
  },
  views: { '/': 1 },
  horodate: 2020-10-14T14:28:06.175Z,
  ip: '78.165.28.113',
  geoloc: {
    range: [ 1319443456, 1319444479 ],
    country: 'TR',
    region: '34',
    eu: '0',
    timezone: 'Europe/Istanbul',
    city: 'Istanbul',
    ll: [ 41.018, 28.9745 ],
    metro: 0,
    area: 50
  },
  __lastAccess: 1602678486191
}
[2020-10-14T14:51:58.484] [TRACE] file - s-lu_MfcX3JrwrMRDUzsD8TD
[2020-10-14T14:51:58.484] [TRACE] file - Session {
  cookie: {
    path: '/',
    _expires: 2021-01-12T12:51:58.483Z,
    originalMaxAge: 7775999999,
    httpOnly: true,
    SameSite: 'Lax'
  },
  views: { '/': 1 },
  horodate: 2020-10-14T14:51:58.465Z,
  ip: '208.115.198.54',
  geoloc: {
    range: [ 3497246720, 3497250815 ],
    country: 'US',
    region: 'TX',
    eu: '0',
    timezone: 'America/Chicago',
    city: 'Dallas',
    ll: [ 32.7767, -96.805 ],
    metro: 623,
    area: 1000
  },
  __lastAccess: 1602679918484
}
[2020-10-14T14:52:57.300] [TRACE] file - ho-X4A4gx86dbL-xH5DP9Sr2
[2020-10-14T14:52:57.300] [TRACE] file - Session {
  cookie: {
    path: '/',
    _expires: 2021-01-12T12:52:57.299Z,
    originalMaxAge: 7776000000,
    httpOnly: true,
    SameSite: 'Lax'
  },
  views: { '/': 1 },
  horodate: 2020-10-14T14:52:57.297Z,
  ip: '66.249.64.78',
  geoloc: {
    range: [ 1123631104, 1123632127 ],
    country: 'US',
    region: '',
    eu: '0',
    timezone: 'America/Chicago',
    city: '',
    ll: [ 37.751, -97.822 ],
    metro: 0,
    area: 1000
  },
  __lastAccess: 1602679977299
}
[2020-10-14T14:59:13.197] [TRACE] file - PzdoF2Svg_sLfftA16gecuoZ
[2020-10-14T14:59:13.197] [TRACE] file - Session {
  cookie: {
    path: '/',
    _expires: 2021-01-12T12:59:13.197Z,
    originalMaxAge: 7776000000,
    httpOnly: true,
    SameSite: 'Lax'
  },
  views: { '/': 1 },
  horodate: 2020-10-14T14:59:13.193Z,
  ip: '208.115.198.54',
  geoloc: {
    range: [ 3497246720, 3497250815 ],
    country: 'US',
    region: 'TX',
    eu: '0',
    timezone: 'America/Chicago',
    city: 'Dallas',
    ll: [ 32.7767, -96.805 ],
    metro: 623,
    area: 1000
  },
  __lastAccess: 1602680353197
}
[2020-10-14T15:23:55.381] [TRACE] file - d5MpNEB3F-h30Z1ReNov3VMY
[2020-10-14T15:23:55.381] [TRACE] file - Session {
  cookie: {
    path: '/',
    _expires: 2021-01-12T13:23:55.380Z,
    originalMaxAge: 7776000000,
    httpOnly: true,
    SameSite: 'Lax'
  },
  views: { '/': 1 },
  horodate: 2020-10-14T15:23:55.370Z,
  ip: '109.94.113.10',
  geoloc: {
    range: [ 1834905600, 1834906111 ],
    country: 'RS',
    region: 'VO',
    eu: '0',
    timezone: 'Europe/Belgrade',
    city: 'Ecka',
    ll: [ 45.3186, 20.4428 ],
    metro: 0,
    area: 50
  },
  __lastAccess: 1602681835380
}
[2020-10-14T16:00:46.046] [TRACE] file - N-1tdiDnq0fOF0xc2awdYTxV
[2020-10-14T16:00:46.046] [TRACE] file - Session {
  cookie: {
    path: '/',
    _expires: 2021-01-12T14:00:46.046Z,
    originalMaxAge: 7776000000,
    httpOnly: true,
    SameSite: 'Lax'
  },
  views: { '/': 1 },
  horodate: 2020-10-14T16:00:46.032Z,
  ip: '196.52.43.59',
  geoloc: {
    range: [ 3291753216, 3291753471 ],
    country: 'US',
    region: 'NJ',
    eu: '0',
    timezone: 'America/New_York',
    city: 'Edison',
    ll: [ 40.4981, -74.3194 ],
    metro: 501,
    area: 500
  },
  __lastAccess: 1602684046046
}
[2020-10-14T16:06:41.670] [TRACE] file - qe4rYZ4ea-BetqCF6PBS2VLw
[2020-10-14T16:06:41.670] [TRACE] file - Session {
  cookie: {
    path: '/',
    _expires: 2021-01-12T14:06:41.669Z,
    originalMaxAge: 7776000000,
    httpOnly: true,
    SameSite: 'Lax'
  },
  views: { '/': 1 },
  horodate: 2020-10-14T16:06:41.663Z,
  ip: '118.24.150.145',
  geoloc: {
    range: [ 1981284352, 1981415423 ],
    country: 'CN',
    region: 'BJ',
    eu: '0',
    timezone: 'Asia/Shanghai',
    city: '',
    ll: [ 39.9289, 116.3883 ],
    metro: 0,
    area: 50
  },
  __lastAccess: 1602684401670
}
[2020-10-14T16:27:04.170] [TRACE] file - u3AJ1AgpJN2HjwdeMPGfsB1p
[2020-10-14T16:27:04.170] [TRACE] file - Session {
  cookie: {
    path: '/',
    _expires: 2021-01-12T14:27:04.170Z,
    originalMaxAge: 7776000000,
    httpOnly: true,
    SameSite: 'Lax'
  },
  views: { '/': 1 },
  horodate: 2020-10-14T16:27:04.156Z,
  ip: '186.71.91.24',
  geoloc: {
    range: [ 3125237760, 3125239807 ],
    country: 'EC',
    region: 'P',
    eu: '0',
    timezone: 'America/Guayaquil',
    city: 'Quito',
    ll: [ -0.2143, -78.5017 ],
    metro: 0,
    area: 100
  },
  __lastAccess: 1602685624170
}
[2020-10-14T16:27:58.939] [TRACE] file - uYczJPrPTlPfyHaBQTz5c_CQ
[2020-10-14T16:27:58.939] [TRACE] file - Session {
  cookie: {
    path: '/',
    _expires: 2021-01-12T14:27:58.938Z,
    originalMaxAge: 7776000000,
    httpOnly: true,
    SameSite: 'Lax'
  },
  views: { '/': 1 },
  horodate: 2020-10-14T16:27:58.928Z,
  ip: '181.175.252.33',
  geoloc: {
    range: [ 3048209408, 3048210431 ],
    country: 'EC',
    region: 'P',
    eu: '0',
    timezone: 'America/Guayaquil',
    city: 'Quito',
    ll: [ -0.2143, -78.5017 ],
    metro: 0,
    area: 10
  },
  __lastAccess: 1602685678938
}
[2020-10-14T17:49:42.934] [TRACE] file - 8MIKwMeHWN2hq3eLemHcVlSw
[2020-10-14T17:49:42.934] [TRACE] file - Session {
  cookie: {
    path: '/',
    _expires: 2021-01-12T15:49:42.934Z,
    originalMaxAge: 7776000000,
    httpOnly: true,
    SameSite: 'Lax'
  },
  views: { '/': 1 },
  horodate: 2020-10-14T17:49:42.930Z,
  ip: '193.27.228.27',
  geoloc: null,
  __lastAccess: 1602690582934
}
[2020-10-14T18:06:54.688] [TRACE] file - 8xqF1JHUJ9d-hEQvkd_fDzRV
[2020-10-14T18:06:54.688] [TRACE] file - Session {
  cookie: {
    path: '/',
    _expires: 2021-01-12T16:06:54.687Z,
    originalMaxAge: 7776000000,
    httpOnly: true,
    SameSite: 'Lax'
  },
  views: { '/': 1 },
  horodate: 2020-10-14T18:06:54.661Z,
  ip: '175.44.42.21',
  geoloc: {
    range: [ 2938904576, 2938912767 ],
    country: 'CN',
    region: 'FJ',
    eu: '0',
    timezone: 'Asia/Shanghai',
    city: '',
    ll: [ 24.4798, 118.0819 ],
    metro: 0,
    area: 50
  },
  __lastAccess: 1602691614687
}
[2020-10-14T18:08:14.047] [TRACE] file - D8FgvyTt-Ee7jxAImveqF_mN
[2020-10-14T18:08:14.047] [TRACE] file - Session {
  cookie: {
    path: '/',
    _expires: 2021-01-12T16:08:14.047Z,
    originalMaxAge: 7776000000,
    httpOnly: true,
    SameSite: 'Lax'
  },
  views: { '/': 1 },
  horodate: 2020-10-14T18:08:14.046Z,
  ip: '193.27.228.27',
  geoloc: null,
  __lastAccess: 1602691694047
}
[2020-10-14T19:09:16.917] [TRACE] file - owfFlm-Utpo-NnmG3CcBFrTv
[2020-10-14T19:09:16.917] [TRACE] file - Session {
  cookie: {
    path: '/',
    _expires: 2021-01-12T17:09:16.916Z,
    originalMaxAge: 7776000000,
    httpOnly: true,
    SameSite: 'Lax'
  },
  views: { '/': 1 },
  horodate: 2020-10-14T19:09:16.912Z,
  ip: '213.202.223.223',
  geoloc: {
    range: [ 3586840576, 3586842623 ],
    country: 'DE',
    region: 'MV',
    eu: '1',
    timezone: 'Europe/Berlin',
    city: 'Poelchow',
    ll: [ 54.0167, 12.1 ],
    metro: 0,
    area: 1000
  },
  __lastAccess: 1602695356916
}
[2020-10-14T19:14:03.003] [TRACE] file - Uw8IfHUsRvd3uMbWNqq9TbJc
[2020-10-14T19:14:03.003] [TRACE] file - Session {
  cookie: {
    path: '/',
    _expires: 2021-01-12T17:14:03.002Z,
    originalMaxAge: 7775999999,
    httpOnly: true
  },
  views: { '/': 235, '/cv': 87, '/giftedADHD': 75 },
  horodate: 2020-10-14T19:14:03.001Z,
  ip: '86.247.78.60',
  geoloc: {
    range: [ 1459046400, 1459048447 ],
    country: 'FR',
    region: 'IDF',
    eu: '1',
    timezone: 'Europe/Paris',
    city: 'Paris',
    ll: [ 48.8543, 2.3527 ],
    metro: 0,
    area: 5
  },
  __lastAccess: 1602695643003
}
[2020-10-14T19:43:38.709] [TRACE] file - kBBZo204zCayfXN-8GUW7j95
[2020-10-14T19:43:38.709] [TRACE] file - Session {
  cookie: {
    path: '/',
    _expires: 2021-01-12T17:43:38.708Z,
    originalMaxAge: 7776000000,
    httpOnly: true,
    SameSite: 'Lax'
  },
  views: { '/': 1 },
  horodate: 2020-10-14T19:43:38.706Z,
  ip: '66.249.64.80',
  geoloc: {
    range: [ 1123631104, 1123632127 ],
    country: 'US',
    region: '',
    eu: '0',
    timezone: 'America/Chicago',
    city: '',
    ll: [ 37.751, -97.822 ],
    metro: 0,
    area: 1000
  },
  __lastAccess: 1602697418708
}
[2020-10-14T20:28:43.703] [TRACE] file - rOzHNNZGX9tXnsMX-M40-126
[2020-10-14T20:28:43.703] [TRACE] file - Session {
  cookie: {
    path: '/',
    _expires: 2021-01-12T18:28:43.702Z,
    originalMaxAge: 7776000000,
    httpOnly: true,
    SameSite: 'Lax'
  },
  views: { '/': 1 },
  horodate: 2020-10-14T20:28:43.689Z,
  ip: '142.44.167.43',
  geoloc: {
    range: [ 2385289216, 2385291263 ],
    country: 'CA',
    region: 'QC',
    eu: '0',
    timezone: 'America/Toronto',
    city: 'Montreal',
    ll: [ 45.5063, -73.5794 ],
    metro: 0,
    area: 1000
  },
  __lastAccess: 1602700123702
}
[2020-10-14T20:29:24.709] [TRACE] file - RFZ7V2qZmu_MXF9_U9Y-_-qC
[2020-10-14T20:29:24.709] [TRACE] file - Session {
  cookie: {
    path: '/',
    _expires: 2021-01-12T18:29:24.709Z,
    originalMaxAge: 7776000000,
    httpOnly: true,
    SameSite: 'Lax'
  },
  views: { '/': 1 },
  horodate: 2020-10-14T20:29:24.697Z,
  ip: '196.2.14.137',
  geoloc: {
    range: [ 3288468992, 3288469247 ],
    country: 'BI',
    region: '',
    eu: '0',
    timezone: 'Africa/Bujumbura',
    city: '',
    ll: [ -3.5, 30 ],
    metro: 0,
    area: 50
  },
  __lastAccess: 1602700164709
}
[2020-10-14T22:34:44.660] [TRACE] file - i4vujOxHpB6fjc88xeJYxYx0
[2020-10-14T22:34:44.661] [TRACE] file - Session {
  cookie: {
    path: '/',
    _expires: 2021-01-12T20:34:44.658Z,
    originalMaxAge: 7775999999,
    httpOnly: true,
    SameSite: 'Lax'
  },
  views: { '/': 1 },
  horodate: 2020-10-14T22:34:44.647Z,
  ip: '213.32.122.81',
  geoloc: {
    range: [ 3575675456, 3575675519 ],
    country: 'FR',
    region: '',
    eu: '1',
    timezone: 'Europe/Paris',
    city: '',
    ll: [ 48.8582, 2.3387 ],
    metro: 0,
    area: 500
  },
  __lastAccess: 1602707684660
}
[2020-10-14T23:04:28.084] [TRACE] file - AWhO1vo4DaJGr1x_bZt37Ywx
[2020-10-14T23:04:28.084] [TRACE] file - Session {
  cookie: {
    path: '/',
    _expires: 2021-01-12T21:04:28.084Z,
    originalMaxAge: 7776000000,
    httpOnly: true,
    SameSite: 'Lax'
  },
  views: { '/': 1 },
  horodate: 2020-10-14T23:04:28.078Z,
  ip: '83.97.20.30',
  geoloc: {
    range: [ 1398871040, 1398871295 ],
    country: 'RO',
    region: 'B',
    eu: '1',
    timezone: 'Europe/Bucharest',
    city: 'Bucharest',
    ll: [ 44.418, 26.1691 ],
    metro: 0,
    area: 200
  },
  __lastAccess: 1602709468084
}
[2020-10-14T23:48:33.309] [TRACE] file - X4Wi3myZDeJYnbBnwQqyF_Gi
[2020-10-14T23:48:33.309] [TRACE] file - Session {
  cookie: {
    path: '/',
    _expires: 2021-01-12T21:48:33.308Z,
    originalMaxAge: 7776000000,
    httpOnly: true,
    SameSite: 'Lax'
  },
  views: { '/': 1 },
  horodate: 2020-10-14T23:48:33.307Z,
  ip: '66.249.76.51',
  geoloc: {
    range: [ 1123634176, 1123634687 ],
    country: 'US',
    region: '',
    eu: '0',
    timezone: 'America/Chicago',
    city: '',
    ll: [ 37.751, -97.822 ],
    metro: 0,
    area: 1000
  },
  __lastAccess: 1602712113308
}
