Sat Oct 02 2021 23:03:55 GMT+0200 (GMT+02:00)[2020-10-02T23:03:56.919] [TRACE] file - uIejZyjRwpwZD_giaQ9Wt_xD
[2020-10-02T23:03:56.920] [TRACE] file - Session {
  cookie: {
    path: '/',
    _expires: 2020-12-31T21:03:56.918Z,
    originalMaxAge: 7776000000,
    httpOnly: true
  },
  views: { '/': 287, '/cv': 222, '/giftedADHD': 135 },
  horodate: 2020-10-02T23:03:56.912Z,
  ip: '86.247.252.92',
  geoloc: {
    range: [ 1459091456, 1459093503 ],
    country: 'FR',
    region: 'IDF',
    eu: '1',
    timezone: 'Europe/Paris',
    city: 'Paris',
    ll: [ 48.8543, 2.3527 ],
    metro: 0,
    area: 1
  },
  __lastAccess: 1601672636918
}
[2020-10-02T23:03:57.029] [TRACE] file - uIejZyjRwpwZD_giaQ9Wt_xD
[2020-10-02T23:03:57.029] [TRACE] file - Session {
  cookie: {
    path: '/',
    _expires: 2020-12-31T21:03:57.029Z,
    originalMaxAge: 7776000000,
    httpOnly: true
  },
  views: { '/': 288, '/cv': 222, '/giftedADHD': 135 },
  horodate: 2020-10-02T23:03:57.027Z,
  ip: '86.247.252.92',
  geoloc: {
    range: [ 1459091456, 1459093503 ],
    country: 'FR',
    region: 'IDF',
    eu: '1',
    timezone: 'Europe/Paris',
    city: 'Paris',
    ll: [ 48.8543, 2.3527 ],
    metro: 0,
    area: 1
  },
  __lastAccess: 1601672637029
}
