Mon Oct 04 2021 00:23:17 GMT+0200 (GMT+02:00)[2020-10-04T00:23:19.433] [TRACE] file - Uw8IfHUsRvd3uMbWNqq9TbJc
[2020-10-04T00:23:19.433] [TRACE] file - Session {
  cookie: {
    path: '/',
    _expires: 2021-01-01T22:23:19.428Z,
    originalMaxAge: 7775999999,
    httpOnly: true
  },
  views: { '/': 187, '/cv': 76, '/giftedADHD': 68 },
  horodate: 2020-10-03T00:23:19.424Z,
  ip: '82.227.67.139',
  geoloc: {
    range: [ 1390624768, 1390625791 ],
    country: 'FR',
    region: 'IDF',
    eu: '1',
    timezone: 'Europe/Paris',
    city: 'Paris',
    ll: [ 48.8543, 2.3527 ],
    metro: 0,
    area: 5
  },
  __lastAccess: 1601763799429
}
[2020-10-04T00:23:23.530] [TRACE] file - uIejZyjRwpwZD_giaQ9Wt_xD
[2020-10-04T00:23:23.530] [TRACE] file - Session {
  cookie: {
    path: '/',
    _expires: 2021-01-01T22:23:23.528Z,
    originalMaxAge: 7775999999,
    httpOnly: true
  },
  views: { '/': 314, '/cv': 226, '/giftedADHD': 137 },
  horodate: 2020-10-03T00:23:23.522Z,
  ip: '86.247.252.92',
  geoloc: {
    range: [ 1459091456, 1459093503 ],
    country: 'FR',
    region: 'IDF',
    eu: '1',
    timezone: 'Europe/Paris',
    city: 'Paris',
    ll: [ 48.8543, 2.3527 ],
    metro: 0,
    area: 1
  },
  __lastAccess: 1601763803529
}
[2020-10-04T00:23:26.032] [TRACE] file - Session {
  cookie: {
    path: '/',
    _expires: 2021-01-01T22:23:26.030Z,
    originalMaxAge: 7775999999,
    httpOnly: true
  },
  views: { '/': 314, '/cv': 227, '/giftedADHD': 137 },
  horodate: 2020-10-03T00:23:26.029Z,
  ip: '86.247.252.92',
  geoloc: {
    range: [ 1459091456, 1459093503 ],
    country: 'FR',
    region: 'IDF',
    eu: '1',
    timezone: 'Europe/Paris',
    city: 'Paris',
    ll: [ 48.8543, 2.3527 ],
    metro: 0,
    area: 1
  },
  __lastAccess: 1601763806031
}
[2020-10-04T00:39:52.209] [TRACE] file - Session {
  cookie: {
    path: '/',
    _expires: 2021-01-01T22:39:52.208Z,
    originalMaxAge: 7775999999,
    httpOnly: true
  },
  views: { '/': 314, '/cv': 228, '/giftedADHD': 137 },
  horodate: 2020-10-03T00:39:52.205Z,
  ip: '86.247.252.92',
  geoloc: {
    range: [ 1459091456, 1459093503 ],
    country: 'FR',
    region: 'IDF',
    eu: '1',
    timezone: 'Europe/Paris',
    city: 'Paris',
    ll: [ 48.8543, 2.3527 ],
    metro: 0,
    area: 1
  },
  __lastAccess: 1601764792209
}
[2020-10-04T00:39:53.882] [TRACE] file - Session {
  cookie: {
    path: '/',
    _expires: 2021-01-01T22:39:53.880Z,
    originalMaxAge: 7775999999,
    httpOnly: true
  },
  views: { '/': 314, '/cv': 228, '/giftedADHD': 138 },
  horodate: 2020-10-03T00:39:53.878Z,
  ip: '86.247.252.92',
  geoloc: {
    range: [ 1459091456, 1459093503 ],
    country: 'FR',
    region: 'IDF',
    eu: '1',
    timezone: 'Europe/Paris',
    city: 'Paris',
    ll: [ 48.8543, 2.3527 ],
    metro: 0,
    area: 1
  },
  __lastAccess: 1601764793881
}
[2020-10-04T00:50:04.971] [TRACE] file - Session {
  cookie: {
    path: '/',
    _expires: 2021-01-01T22:50:04.970Z,
    originalMaxAge: 7775999999,
    httpOnly: true
  },
  views: { '/': 314, '/cv': 229, '/giftedADHD': 138 },
  horodate: 2020-10-03T00:50:04.970Z,
  ip: '86.247.252.92',
  geoloc: {
    range: [ 1459091456, 1459093503 ],
    country: 'FR',
    region: 'IDF',
    eu: '1',
    timezone: 'Europe/Paris',
    city: 'Paris',
    ll: [ 48.8543, 2.3527 ],
    metro: 0,
    area: 1
  },
  __lastAccess: 1601765404971
}
[2020-10-04T00:50:06.418] [TRACE] file - uIejZyjRwpwZD_giaQ9Wt_xD
[2020-10-04T00:50:06.418] [TRACE] file - Session {
  cookie: {
    path: '/',
    _expires: 2021-01-01T22:50:06.417Z,
    originalMaxAge: 7775999999,
    httpOnly: true
  },
  views: { '/': 315, '/cv': 229, '/giftedADHD': 138 },
  horodate: 2020-10-03T00:50:06.416Z,
  ip: '86.247.252.92',
  geoloc: {
    range: [ 1459091456, 1459093503 ],
    country: 'FR',
    region: 'IDF',
    eu: '1',
    timezone: 'Europe/Paris',
    city: 'Paris',
    ll: [ 48.8543, 2.3527 ],
    metro: 0,
    area: 1
  },
  __lastAccess: 1601765406418
}
[2020-10-04T00:50:07.818] [TRACE] file - Session {
  cookie: {
    path: '/',
    _expires: 2021-01-01T22:50:07.816Z,
    originalMaxAge: 7775999999,
    httpOnly: true
  },
  views: { '/': 315, '/cv': 229, '/giftedADHD': 139 },
  horodate: 2020-10-03T00:50:07.815Z,
  ip: '86.247.252.92',
  geoloc: {
    range: [ 1459091456, 1459093503 ],
    country: 'FR',
    region: 'IDF',
    eu: '1',
    timezone: 'Europe/Paris',
    city: 'Paris',
    ll: [ 48.8543, 2.3527 ],
    metro: 0,
    area: 1
  },
  __lastAccess: 1601765407817
}
[2020-10-04T00:59:07.486] [TRACE] file - uIejZyjRwpwZD_giaQ9Wt_xD
[2020-10-04T00:59:07.486] [TRACE] file - Session {
  cookie: {
    path: '/',
    _expires: 2021-01-01T22:59:07.485Z,
    originalMaxAge: 7775999999,
    httpOnly: true
  },
  views: { '/': 316, '/cv': 229, '/giftedADHD': 139 },
  horodate: 2020-10-03T00:59:07.483Z,
  ip: '86.247.252.92',
  geoloc: {
    range: [ 1459091456, 1459093503 ],
    country: 'FR',
    region: 'IDF',
    eu: '1',
    timezone: 'Europe/Paris',
    city: 'Paris',
    ll: [ 48.8543, 2.3527 ],
    metro: 0,
    area: 1
  },
  __lastAccess: 1601765947486
}
[2020-10-04T01:00:22.685] [TRACE] file - uIejZyjRwpwZD_giaQ9Wt_xD
[2020-10-04T01:00:22.685] [TRACE] file - Session {
  cookie: {
    path: '/',
    _expires: 2021-01-01T23:00:22.683Z,
    originalMaxAge: 7775999999,
    httpOnly: true
  },
  views: { '/': 317, '/cv': 229, '/giftedADHD': 139 },
  horodate: 2020-10-03T01:00:22.681Z,
  ip: '86.247.252.92',
  geoloc: {
    range: [ 1459091456, 1459093503 ],
    country: 'FR',
    region: 'IDF',
    eu: '1',
    timezone: 'Europe/Paris',
    city: 'Paris',
    ll: [ 48.8543, 2.3527 ],
    metro: 0,
    area: 1
  },
  __lastAccess: 1601766022684
}
[2020-10-04T01:00:47.481] [TRACE] file - uIejZyjRwpwZD_giaQ9Wt_xD
[2020-10-04T01:00:47.481] [TRACE] file - Session {
  cookie: {
    path: '/',
    _expires: 2021-01-01T23:00:47.480Z,
    originalMaxAge: 7775999999,
    httpOnly: true
  },
  views: { '/': 318, '/cv': 229, '/giftedADHD': 139 },
  horodate: 2020-10-03T01:00:47.479Z,
  ip: '86.247.252.92',
  geoloc: {
    range: [ 1459091456, 1459093503 ],
    country: 'FR',
    region: 'IDF',
    eu: '1',
    timezone: 'Europe/Paris',
    city: 'Paris',
    ll: [ 48.8543, 2.3527 ],
    metro: 0,
    area: 1
  },
  __lastAccess: 1601766047481
}
[2020-10-04T01:00:52.219] [TRACE] file - Session {
  cookie: {
    path: '/',
    _expires: 2021-01-01T23:00:52.217Z,
    originalMaxAge: 7775999999,
    httpOnly: true
  },
  views: { '/': 318, '/cv': 229, '/giftedADHD': 140 },
  horodate: 2020-10-03T01:00:52.217Z,
  ip: '86.247.252.92',
  geoloc: {
    range: [ 1459091456, 1459093503 ],
    country: 'FR',
    region: 'IDF',
    eu: '1',
    timezone: 'Europe/Paris',
    city: 'Paris',
    ll: [ 48.8543, 2.3527 ],
    metro: 0,
    area: 1
  },
  __lastAccess: 1601766052219
}
[2020-10-04T01:00:55.309] [TRACE] file - Session {
  cookie: {
    path: '/',
    _expires: 2021-01-01T23:00:55.307Z,
    originalMaxAge: 7775999999,
    httpOnly: true
  },
  views: { '/': 318, '/cv': 230, '/giftedADHD': 140 },
  horodate: 2020-10-03T01:00:55.306Z,
  ip: '86.247.252.92',
  geoloc: {
    range: [ 1459091456, 1459093503 ],
    country: 'FR',
    region: 'IDF',
    eu: '1',
    timezone: 'Europe/Paris',
    city: 'Paris',
    ll: [ 48.8543, 2.3527 ],
    metro: 0,
    area: 1
  },
  __lastAccess: 1601766055309
}
[2020-10-04T01:01:29.310] [TRACE] file - Session {
  cookie: {
    path: '/',
    _expires: 2021-01-01T23:01:29.309Z,
    originalMaxAge: 7775999999,
    httpOnly: true
  },
  views: { '/': 318, '/cv': 231, '/giftedADHD': 140 },
  horodate: 2020-10-03T01:01:29.308Z,
  ip: '86.247.252.92',
  geoloc: {
    range: [ 1459091456, 1459093503 ],
    country: 'FR',
    region: 'IDF',
    eu: '1',
    timezone: 'Europe/Paris',
    city: 'Paris',
    ll: [ 48.8543, 2.3527 ],
    metro: 0,
    area: 1
  },
  __lastAccess: 1601766089310
}
[2020-10-04T01:01:34.151] [TRACE] file - uIejZyjRwpwZD_giaQ9Wt_xD
[2020-10-04T01:01:34.151] [TRACE] file - Session {
  cookie: {
    path: '/',
    _expires: 2021-01-01T23:01:34.150Z,
    originalMaxAge: 7775999999,
    httpOnly: true
  },
  views: { '/': 319, '/cv': 231, '/giftedADHD': 140 },
  horodate: 2020-10-03T01:01:34.149Z,
  ip: '86.247.252.92',
  geoloc: {
    range: [ 1459091456, 1459093503 ],
    country: 'FR',
    region: 'IDF',
    eu: '1',
    timezone: 'Europe/Paris',
    city: 'Paris',
    ll: [ 48.8543, 2.3527 ],
    metro: 0,
    area: 1
  },
  __lastAccess: 1601766094151
}
[2020-10-04T01:01:58.520] [TRACE] file - uIejZyjRwpwZD_giaQ9Wt_xD
[2020-10-04T01:01:58.520] [TRACE] file - Session {
  cookie: {
    path: '/',
    _expires: 2021-01-01T23:01:58.518Z,
    originalMaxAge: 7775999999,
    httpOnly: true
  },
  views: { '/': 320, '/cv': 231, '/giftedADHD': 140 },
  horodate: 2020-10-03T01:01:58.517Z,
  ip: '86.247.252.92',
  geoloc: {
    range: [ 1459091456, 1459093503 ],
    country: 'FR',
    region: 'IDF',
    eu: '1',
    timezone: 'Europe/Paris',
    city: 'Paris',
    ll: [ 48.8543, 2.3527 ],
    metro: 0,
    area: 1
  },
  __lastAccess: 1601766118519
}
[2020-10-04T01:02:22.054] [TRACE] file - uIejZyjRwpwZD_giaQ9Wt_xD
[2020-10-04T01:02:22.054] [TRACE] file - Session {
  cookie: {
    path: '/',
    _expires: 2021-01-01T23:02:22.053Z,
    originalMaxAge: 7775999999,
    httpOnly: true
  },
  views: { '/': 321, '/cv': 231, '/giftedADHD': 140 },
  horodate: 2020-10-03T01:02:22.052Z,
  ip: '86.247.252.92',
  geoloc: {
    range: [ 1459091456, 1459093503 ],
    country: 'FR',
    region: 'IDF',
    eu: '1',
    timezone: 'Europe/Paris',
    city: 'Paris',
    ll: [ 48.8543, 2.3527 ],
    metro: 0,
    area: 1
  },
  __lastAccess: 1601766142054
}
[2020-10-04T01:02:26.312] [TRACE] file - Session {
  cookie: {
    path: '/',
    _expires: 2021-01-01T23:02:26.310Z,
    originalMaxAge: 7775999999,
    httpOnly: true
  },
  views: { '/': 321, '/cv': 232, '/giftedADHD': 140 },
  horodate: 2020-10-03T01:02:26.310Z,
  ip: '86.247.252.92',
  geoloc: {
    range: [ 1459091456, 1459093503 ],
    country: 'FR',
    region: 'IDF',
    eu: '1',
    timezone: 'Europe/Paris',
    city: 'Paris',
    ll: [ 48.8543, 2.3527 ],
    metro: 0,
    area: 1
  },
  __lastAccess: 1601766146312
}
[2020-10-04T01:02:29.750] [TRACE] file - Session {
  cookie: {
    path: '/',
    _expires: 2021-01-01T23:02:29.749Z,
    originalMaxAge: 7775999999,
    httpOnly: true
  },
  views: { '/': 321, '/cv': 232, '/giftedADHD': 141 },
  horodate: 2020-10-03T01:02:29.748Z,
  ip: '86.247.252.92',
  geoloc: {
    range: [ 1459091456, 1459093503 ],
    country: 'FR',
    region: 'IDF',
    eu: '1',
    timezone: 'Europe/Paris',
    city: 'Paris',
    ll: [ 48.8543, 2.3527 ],
    metro: 0,
    area: 1
  },
  __lastAccess: 1601766149750
}
[2020-10-04T01:02:33.092] [TRACE] file - uIejZyjRwpwZD_giaQ9Wt_xD
[2020-10-04T01:02:33.092] [TRACE] file - Session {
  cookie: {
    path: '/',
    _expires: 2021-01-01T23:02:33.091Z,
    originalMaxAge: 7775999999,
    httpOnly: true
  },
  views: { '/': 322, '/cv': 232, '/giftedADHD': 141 },
  horodate: 2020-10-03T01:02:33.090Z,
  ip: '86.247.252.92',
  geoloc: {
    range: [ 1459091456, 1459093503 ],
    country: 'FR',
    region: 'IDF',
    eu: '1',
    timezone: 'Europe/Paris',
    city: 'Paris',
    ll: [ 48.8543, 2.3527 ],
    metro: 0,
    area: 1
  },
  __lastAccess: 1601766153092
}
[2020-10-04T01:02:43.479] [TRACE] file - Session {
  cookie: {
    path: '/',
    _expires: 2021-01-01T23:02:43.478Z,
    originalMaxAge: 7775999999,
    httpOnly: true
  },
  views: { '/': 322, '/cv': 233, '/giftedADHD': 141 },
  horodate: 2020-10-03T01:02:43.477Z,
  ip: '86.247.252.92',
  geoloc: {
    range: [ 1459091456, 1459093503 ],
    country: 'FR',
    region: 'IDF',
    eu: '1',
    timezone: 'Europe/Paris',
    city: 'Paris',
    ll: [ 48.8543, 2.3527 ],
    metro: 0,
    area: 1
  },
  __lastAccess: 1601766163479
}
[2020-10-04T01:02:45.399] [TRACE] file - Session {
  cookie: {
    path: '/',
    _expires: 2021-01-01T23:02:45.398Z,
    originalMaxAge: 7775999999,
    httpOnly: true
  },
  views: { '/': 322, '/cv': 233, '/giftedADHD': 142 },
  horodate: 2020-10-03T01:02:45.396Z,
  ip: '86.247.252.92',
  geoloc: {
    range: [ 1459091456, 1459093503 ],
    country: 'FR',
    region: 'IDF',
    eu: '1',
    timezone: 'Europe/Paris',
    city: 'Paris',
    ll: [ 48.8543, 2.3527 ],
    metro: 0,
    area: 1
  },
  __lastAccess: 1601766165399
}
[2020-10-04T01:02:49.341] [TRACE] file - uIejZyjRwpwZD_giaQ9Wt_xD
[2020-10-04T01:02:49.341] [TRACE] file - Session {
  cookie: {
    path: '/',
    _expires: 2021-01-01T23:02:49.340Z,
    originalMaxAge: 7775999999,
    httpOnly: true
  },
  views: { '/': 323, '/cv': 233, '/giftedADHD': 142 },
  horodate: 2020-10-03T01:02:49.339Z,
  ip: '86.247.252.92',
  geoloc: {
    range: [ 1459091456, 1459093503 ],
    country: 'FR',
    region: 'IDF',
    eu: '1',
    timezone: 'Europe/Paris',
    city: 'Paris',
    ll: [ 48.8543, 2.3527 ],
    metro: 0,
    area: 1
  },
  __lastAccess: 1601766169341
}
[2020-10-04T01:02:50.818] [TRACE] file - Session {
  cookie: {
    path: '/',
    _expires: 2021-01-01T23:02:50.817Z,
    originalMaxAge: 7775999999,
    httpOnly: true
  },
  views: { '/': 323, '/cv': 234, '/giftedADHD': 142 },
  horodate: 2020-10-03T01:02:50.816Z,
  ip: '86.247.252.92',
  geoloc: {
    range: [ 1459091456, 1459093503 ],
    country: 'FR',
    region: 'IDF',
    eu: '1',
    timezone: 'Europe/Paris',
    city: 'Paris',
    ll: [ 48.8543, 2.3527 ],
    metro: 0,
    area: 1
  },
  __lastAccess: 1601766170818
}
[2020-10-04T01:02:52.626] [TRACE] file - Session {
  cookie: {
    path: '/',
    _expires: 2021-01-01T23:02:52.625Z,
    originalMaxAge: 7775999999,
    httpOnly: true
  },
  views: { '/': 323, '/cv': 234, '/giftedADHD': 143 },
  horodate: 2020-10-03T01:02:52.624Z,
  ip: '86.247.252.92',
  geoloc: {
    range: [ 1459091456, 1459093503 ],
    country: 'FR',
    region: 'IDF',
    eu: '1',
    timezone: 'Europe/Paris',
    city: 'Paris',
    ll: [ 48.8543, 2.3527 ],
    metro: 0,
    area: 1
  },
  __lastAccess: 1601766172626
}
[2020-10-04T01:04:13.520] [TRACE] file - Session {
  cookie: {
    path: '/',
    _expires: 2021-01-01T23:04:13.518Z,
    originalMaxAge: 7775999999,
    httpOnly: true
  },
  views: { '/': 323, '/cv': 234, '/giftedADHD': 144 },
  horodate: 2020-10-03T01:04:13.515Z,
  ip: '86.247.252.92',
  geoloc: {
    range: [ 1459091456, 1459093503 ],
    country: 'FR',
    region: 'IDF',
    eu: '1',
    timezone: 'Europe/Paris',
    city: 'Paris',
    ll: [ 48.8543, 2.3527 ],
    metro: 0,
    area: 1
  },
  __lastAccess: 1601766253519
}
[2020-10-04T01:04:17.293] [TRACE] file - uIejZyjRwpwZD_giaQ9Wt_xD
[2020-10-04T01:04:17.294] [TRACE] file - Session {
  cookie: {
    path: '/',
    _expires: 2021-01-01T23:04:17.292Z,
    originalMaxAge: 7775999999,
    httpOnly: true
  },
  views: { '/': 324, '/cv': 234, '/giftedADHD': 144 },
  horodate: 2020-10-03T01:04:17.292Z,
  ip: '86.247.252.92',
  geoloc: {
    range: [ 1459091456, 1459093503 ],
    country: 'FR',
    region: 'IDF',
    eu: '1',
    timezone: 'Europe/Paris',
    city: 'Paris',
    ll: [ 48.8543, 2.3527 ],
    metro: 0,
    area: 1
  },
  __lastAccess: 1601766257293
}
[2020-10-04T01:04:31.534] [TRACE] file - uIejZyjRwpwZD_giaQ9Wt_xD
[2020-10-04T01:04:31.534] [TRACE] file - Session {
  cookie: {
    path: '/',
    _expires: 2021-01-01T23:04:31.532Z,
    originalMaxAge: 7775999999,
    httpOnly: true
  },
  views: { '/': 325, '/cv': 234, '/giftedADHD': 144 },
  horodate: 2020-10-03T01:04:31.530Z,
  ip: '86.247.252.92',
  geoloc: {
    range: [ 1459091456, 1459093503 ],
    country: 'FR',
    region: 'IDF',
    eu: '1',
    timezone: 'Europe/Paris',
    city: 'Paris',
    ll: [ 48.8543, 2.3527 ],
    metro: 0,
    area: 1
  },
  __lastAccess: 1601766271533
}
[2020-10-04T01:05:30.386] [TRACE] file - ZYGadamqoJTb0Bqiy57xWEm7
[2020-10-04T01:05:30.386] [TRACE] file - Session {
  cookie: {
    path: '/',
    _expires: 2021-01-01T23:05:30.385Z,
    originalMaxAge: 7776000000,
    httpOnly: true
  },
  __lastAccess: 1601766330385,
  views: { '/': 1 },
  horodate: 2020-10-03T01:05:30.384Z,
  ip: '86.247.252.92',
  geoloc: {
    range: [ 1459091456, 1459093503 ],
    country: 'FR',
    region: 'IDF',
    eu: '1',
    timezone: 'Europe/Paris',
    city: 'Paris',
    ll: [ 48.8543, 2.3527 ],
    metro: 0,
    area: 1
  }
}
[2020-10-04T01:05:31.758] [TRACE] file - Session {
  cookie: {
    path: '/',
    _expires: 2021-01-01T23:05:31.757Z,
    originalMaxAge: 7776000000,
    httpOnly: true
  },
  __lastAccess: 1601766331757,
  views: { '/': 1, '/cv': 1 },
  horodate: 2020-10-03T01:05:31.756Z,
  ip: '86.247.252.92',
  geoloc: {
    range: [ 1459091456, 1459093503 ],
    country: 'FR',
    region: 'IDF',
    eu: '1',
    timezone: 'Europe/Paris',
    city: 'Paris',
    ll: [ 48.8543, 2.3527 ],
    metro: 0,
    area: 1
  }
}
[2020-10-04T01:05:32.936] [TRACE] file - Session {
  cookie: {
    path: '/',
    _expires: 2021-01-01T23:05:32.935Z,
    originalMaxAge: 7776000000,
    httpOnly: true
  },
  __lastAccess: 1601766332935,
  views: { '/': 1, '/cv': 1, '/giftedADHD': 1 },
  horodate: 2020-10-03T01:05:32.933Z,
  ip: '86.247.252.92',
  geoloc: {
    range: [ 1459091456, 1459093503 ],
    country: 'FR',
    region: 'IDF',
    eu: '1',
    timezone: 'Europe/Paris',
    city: 'Paris',
    ll: [ 48.8543, 2.3527 ],
    metro: 0,
    area: 1
  }
}
[2020-10-04T01:06:46.547] [TRACE] file - eMWr0A-0JaygYtSfHm0ntHW8
[2020-10-04T01:06:46.547] [TRACE] file - Session {
  cookie: {
    path: '/',
    _expires: 2021-01-01T23:06:46.547Z,
    originalMaxAge: 7776000000,
    httpOnly: true,
    SameSite: 'Lax'
  },
  views: { '/': 1 },
  horodate: 2020-10-03T01:06:46.545Z,
  ip: '167.248.133.33',
  geoloc: {
    range: [ 2818080768, 2818113535 ],
    country: 'US',
    region: '',
    eu: '0',
    timezone: 'America/Chicago',
    city: '',
    ll: [ 37.751, -97.822 ],
    metro: 0,
    area: 1000
  },
  __lastAccess: 1601766406547
}
[2020-10-04T01:06:46.770] [TRACE] file - 5YTe2sTJCA9aU2hA4YK2Q8rh
[2020-10-04T01:06:46.770] [TRACE] file - Session {
  cookie: {
    path: '/',
    _expires: 2021-01-01T23:06:46.769Z,
    originalMaxAge: 7776000000,
    httpOnly: true,
    SameSite: 'Lax'
  },
  views: { '/': 1 },
  horodate: 2020-10-03T01:06:46.766Z,
  ip: '167.248.133.33',
  geoloc: {
    range: [ 2818080768, 2818113535 ],
    country: 'US',
    region: '',
    eu: '0',
    timezone: 'America/Chicago',
    city: '',
    ll: [ 37.751, -97.822 ],
    metro: 0,
    area: 1000
  },
  __lastAccess: 1601766406769
}
[2020-10-04T01:41:55.409] [TRACE] file - Jm00P7x-4sAuKGFOC7vNyPec
[2020-10-04T01:41:55.409] [TRACE] file - Session {
  cookie: {
    path: '/',
    _expires: 2021-01-01T23:41:55.408Z,
    originalMaxAge: 7776000000,
    httpOnly: true,
    SameSite: 'Lax'
  },
  views: { '/': 1 },
  horodate: 2020-10-03T01:41:55.401Z,
  ip: '80.82.70.34',
  geoloc: {
    range: [ 1347569152, 1347569279 ],
    country: 'SC',
    region: '01',
    eu: '0',
    timezone: 'Indian/Mahe',
    city: 'Anse aux Pins',
    ll: [ -4.7034, 55.5206 ],
    metro: 0,
    area: 100
  },
  __lastAccess: 1601768515408
}
[2020-10-04T02:28:04.234] [TRACE] file - 8PP-aGwi2SQElQFUAlPsdw6C
[2020-10-04T02:28:04.234] [TRACE] file - Session {
  cookie: {
    path: '/',
    _expires: 2021-01-02T00:28:04.234Z,
    originalMaxAge: 7776000000,
    httpOnly: true,
    SameSite: 'Lax'
  },
  views: { '/': 1 },
  horodate: 2020-10-04T02:28:04.229Z,
  ip: '90.40.62.41',
  geoloc: {
    range: [ 1512586752, 1512587007 ],
    country: 'FR',
    region: 'GES',
    eu: '1',
    timezone: 'Europe/Paris',
    city: 'Épinal',
    ll: [ 48.1832, 6.453 ],
    metro: 0,
    area: 200
  },
  __lastAccess: 1601771284234
}
[2020-10-04T04:15:22.289] [TRACE] file - 8bL8mHZOLFw2ncUo-vSIujW7
[2020-10-04T04:15:22.289] [TRACE] file - Session {
  cookie: {
    path: '/',
    _expires: 2021-01-02T02:15:22.288Z,
    originalMaxAge: 7776000000,
    httpOnly: true,
    SameSite: 'Lax'
  },
  views: { '/': 1 },
  horodate: 2020-10-04T04:15:22.285Z,
  ip: '212.83.141.42',
  geoloc: {
    range: [ 3562245376, 3562245631 ],
    country: 'FR',
    region: 'IDF',
    eu: '1',
    timezone: 'Europe/Paris',
    city: 'Aubervilliers',
    ll: [ 48.9163, 2.3869 ],
    metro: 0,
    area: 1000
  },
  __lastAccess: 1601777722289
}
[2020-10-04T04:21:38.226] [TRACE] file - yxEhhkNGOJTt83uwURlvRKig
[2020-10-04T04:21:38.227] [TRACE] file - Session {
  cookie: {
    path: '/',
    _expires: 2021-01-02T02:21:38.226Z,
    originalMaxAge: 7776000000,
    httpOnly: true,
    SameSite: 'Lax'
  },
  views: { '/': 1 },
  horodate: 2020-10-04T04:21:38.221Z,
  ip: '167.71.81.51',
  geoloc: {
    range: [ 2806468608, 2806472703 ],
    country: 'US',
    region: 'NJ',
    eu: '0',
    timezone: 'America/New_York',
    city: 'Clifton',
    ll: [ 40.8364, -74.1403 ],
    metro: 501,
    area: 1000
  },
  __lastAccess: 1601778098226
}
[2020-10-04T05:16:15.218] [TRACE] file - 5doB8Mxtzwk-X78GUVxppXl2
[2020-10-04T05:16:15.219] [TRACE] file - Session {
  cookie: {
    path: '/',
    _expires: 2021-01-02T03:16:15.218Z,
    originalMaxAge: 7776000000,
    httpOnly: true,
    SameSite: 'Lax'
  },
  views: { '/': 1 },
  horodate: 2020-10-04T05:16:15.212Z,
  ip: '138.68.73.41',
  geoloc: {
    range: [ 2319728640, 2319736831 ],
    country: 'DE',
    region: 'HE',
    eu: '1',
    timezone: 'Europe/Berlin',
    city: 'Frankfurt am Main',
    ll: [ 50.1188, 8.6843 ],
    metro: 0,
    area: 1000
  },
  __lastAccess: 1601781375218
}
[2020-10-04T05:40:39.187] [TRACE] file - nOnkWaAZ-nENTzcf87CTEsAT
[2020-10-04T05:40:39.187] [TRACE] file - Session {
  cookie: {
    path: '/',
    _expires: 2021-01-02T03:40:39.187Z,
    originalMaxAge: 7776000000,
    httpOnly: true,
    SameSite: 'Lax'
  },
  views: { '/': 1 },
  horodate: 2020-10-04T05:40:39.185Z,
  ip: '85.112.87.187',
  geoloc: {
    range: [ 1433423872, 1433425919 ],
    country: 'LB',
    region: '',
    eu: '0',
    timezone: 'Asia/Beirut',
    city: '',
    ll: [ 33.8333, 35.8333 ],
    metro: 0,
    area: 50
  },
  __lastAccess: 1601782839187
}
[2020-10-04T07:52:13.779] [TRACE] file - 3A9m3A3eP5_lV0NS0oJCSa-H
[2020-10-04T07:52:13.779] [TRACE] file - Session {
  cookie: {
    path: '/',
    _expires: 2021-01-02T05:52:13.779Z,
    originalMaxAge: 7776000000,
    httpOnly: true,
    SameSite: 'Lax'
  },
  views: { '/': 1 },
  horodate: 2020-10-04T07:52:13.776Z,
  ip: '176.113.115.214',
  geoloc: {
    range: [ 2960224768, 2960225279 ],
    country: 'RU',
    region: 'MOW',
    eu: '0',
    timezone: 'Europe/Moscow',
    city: 'Moscow',
    ll: [ 55.7527, 37.6172 ],
    metro: 0,
    area: 200
  },
  __lastAccess: 1601790733779
}
[2020-10-04T08:07:58.999] [TRACE] file - dutBXV623K9vbeA1OAfin84Q
[2020-10-04T08:07:58.999] [TRACE] file - Session {
  cookie: {
    path: '/',
    _expires: 2021-01-02T06:07:58.998Z,
    originalMaxAge: 7776000000,
    httpOnly: true,
    SameSite: 'Lax'
  },
  views: { '/': 1 },
  horodate: 2020-10-04T08:07:58.997Z,
  ip: '96.126.103.73',
  geoloc: {
    range: [ 1618894848, 1618896895 ],
    country: 'US',
    region: 'CA',
    eu: '0',
    timezone: 'America/Los_Angeles',
    city: 'Fremont',
    ll: [ 37.5625, -122.0004 ],
    metro: 807,
    area: 1000
  },
  __lastAccess: 1601791678998
}
[2020-10-04T08:11:09.600] [TRACE] file - fV9NnyyzC_lytbcJzXZwytgW
[2020-10-04T08:11:09.600] [TRACE] file - Session {
  cookie: {
    path: '/',
    _expires: 2021-01-02T06:11:09.600Z,
    originalMaxAge: 7776000000,
    httpOnly: true,
    SameSite: 'Lax'
  },
  views: { '/': 1 },
  horodate: 2020-10-04T08:11:09.598Z,
  ip: '176.113.115.214',
  geoloc: {
    range: [ 2960224768, 2960225279 ],
    country: 'RU',
    region: 'MOW',
    eu: '0',
    timezone: 'Europe/Moscow',
    city: 'Moscow',
    ll: [ 55.7527, 37.6172 ],
    metro: 0,
    area: 200
  },
  __lastAccess: 1601791869600
}
