Thu Oct 14 2021 23:57:30 GMT+0200 (GMT+02:00)[2020-10-15T00:10:33.189] [TRACE] file - jHqD7JnOFU6Lwm7eu877LQz5
[2020-10-15T00:10:33.189] [TRACE] file - Session {
  cookie: {
    path: '/',
    _expires: 2021-01-12T22:10:33.183Z,
    originalMaxAge: 7776000000,
    httpOnly: true,
    SameSite: 'Lax'
  },
  views: { '/': 1 },
  horodate: 2020-10-14T00:10:33.174Z,
  ip: '179.108.244.128',
  geoloc: {
    range: [ 3010262016, 3010262527 ],
    country: 'BR',
    region: 'RS',
    eu: '0',
    timezone: 'America/Sao_Paulo',
    city: 'Jaguarao',
    ll: [ -32.405, -53.3323 ],
    metro: 0,
    area: 50
  },
  __lastAccess: 1602713433184
}
[2020-10-15T01:15:21.042] [TRACE] file - Q-6xRvsDw0pgXT07tapiI51q
[2020-10-15T01:15:21.042] [TRACE] file - Session {
  cookie: {
    path: '/',
    _expires: 2021-01-12T23:15:21.042Z,
    originalMaxAge: 7776000000,
    httpOnly: true,
    SameSite: 'Lax'
  },
  views: { '/': 1 },
  horodate: 2020-10-14T01:15:21.035Z,
  ip: '193.27.228.27',
  geoloc: null,
  __lastAccess: 1602717321042
}
[2020-10-15T01:35:36.305] [TRACE] file - -PykNywPFVmAdpqh103xTwkv
[2020-10-15T01:35:36.305] [TRACE] file - Session {
  cookie: {
    path: '/',
    _expires: 2021-01-12T23:35:36.305Z,
    originalMaxAge: 7776000000,
    httpOnly: true,
    SameSite: 'Lax'
  },
  views: { '/': 1 },
  horodate: 2020-10-14T01:35:36.303Z,
  ip: '193.27.228.27',
  geoloc: null,
  __lastAccess: 1602718536305
}
[2020-10-15T01:58:16.117] [TRACE] file - Uw8IfHUsRvd3uMbWNqq9TbJc
[2020-10-15T01:58:16.118] [TRACE] file - Session {
  cookie: {
    path: '/',
    _expires: 2021-01-12T23:58:16.116Z,
    originalMaxAge: 7775999999,
    httpOnly: true
  },
  views: { '/': 236, '/cv': 87, '/giftedADHD': 75 },
  horodate: 2020-10-14T01:58:16.114Z,
  ip: '86.247.78.60',
  geoloc: {
    range: [ 1459046400, 1459048447 ],
    country: 'FR',
    region: 'IDF',
    eu: '1',
    timezone: 'Europe/Paris',
    city: 'Paris',
    ll: [ 48.8543, 2.3527 ],
    metro: 0,
    area: 5
  },
  __lastAccess: 1602719896117
}
[2020-10-15T02:19:14.417] [TRACE] file - 0LdMNLQkWERKiF4AvQCKHn3P
[2020-10-15T02:19:14.417] [TRACE] file - Session {
  cookie: {
    path: '/',
    _expires: 2021-01-13T00:19:14.417Z,
    originalMaxAge: 7776000000,
    httpOnly: true,
    SameSite: 'Lax'
  },
  views: { '/': 1 },
  horodate: 2020-10-15T02:19:14.412Z,
  ip: '83.17.17.198',
  geoloc: {
    range: [ 1393627136, 1393629183 ],
    country: 'PL',
    region: '',
    eu: '1',
    timezone: 'Europe/Warsaw',
    city: '',
    ll: [ 52.2394, 21.0362 ],
    metro: 0,
    area: 200
  },
  __lastAccess: 1602721154417
}
[2020-10-15T02:55:04.370] [TRACE] file - rRcquYOe5LwnjpJr0gKXWMsV
[2020-10-15T02:55:04.370] [TRACE] file - Session {
  cookie: {
    path: '/',
    _expires: 2021-01-13T00:55:04.370Z,
    originalMaxAge: 7776000000,
    httpOnly: true,
    SameSite: 'Lax'
  },
  views: { '/': 1 },
  horodate: 2020-10-15T02:55:04.362Z,
  ip: '95.42.218.98',
  geoloc: {
    range: [ 1596643328, 1596645375 ],
    country: 'BG',
    region: '22',
    eu: '1',
    timezone: 'Europe/Sofia',
    city: 'Sofia',
    ll: [ 42.683, 23.3175 ],
    metro: 0,
    area: 1
  },
  __lastAccess: 1602723304370
}
[2020-10-15T03:05:10.689] [TRACE] file - z9Ws_6f0b_UJdVQhAkcv5f9E
[2020-10-15T03:05:10.689] [TRACE] file - Session {
  cookie: {
    path: '/',
    _expires: 2021-01-13T01:05:10.688Z,
    originalMaxAge: 7776000000,
    httpOnly: true,
    SameSite: 'Lax'
  },
  views: { '/': 1 },
  horodate: 2020-10-15T03:05:10.684Z,
  ip: '167.248.133.52',
  geoloc: {
    range: [ 2818080768, 2818113535 ],
    country: 'US',
    region: '',
    eu: '0',
    timezone: 'America/Chicago',
    city: '',
    ll: [ 37.751, -97.822 ],
    metro: 0,
    area: 1000
  },
  __lastAccess: 1602723910688
}
[2020-10-15T03:05:10.942] [TRACE] file - 3NtBG1I-Lx08K3Q5wjt05Qyg
[2020-10-15T03:05:10.942] [TRACE] file - Session {
  cookie: {
    path: '/',
    _expires: 2021-01-13T01:05:10.942Z,
    originalMaxAge: 7776000000,
    httpOnly: true,
    SameSite: 'Lax'
  },
  views: { '/': 1 },
  horodate: 2020-10-15T03:05:10.937Z,
  ip: '167.248.133.52',
  geoloc: {
    range: [ 2818080768, 2818113535 ],
    country: 'US',
    region: '',
    eu: '0',
    timezone: 'America/Chicago',
    city: '',
    ll: [ 37.751, -97.822 ],
    metro: 0,
    area: 1000
  },
  __lastAccess: 1602723910942
}
[2020-10-15T03:19:43.792] [TRACE] file - BHZiFpKvxDHif_abnJ62we93
[2020-10-15T03:19:43.792] [TRACE] file - Session {
  cookie: {
    path: '/',
    _expires: 2021-01-13T01:19:43.792Z,
    originalMaxAge: 7776000000,
    httpOnly: true,
    SameSite: 'Lax'
  },
  views: { '/': 1 },
  horodate: 2020-10-15T03:19:43.790Z,
  ip: '66.249.76.22',
  geoloc: {
    range: [ 1123634176, 1123634687 ],
    country: 'US',
    region: '',
    eu: '0',
    timezone: 'America/Chicago',
    city: '',
    ll: [ 37.751, -97.822 ],
    metro: 0,
    area: 1000
  },
  __lastAccess: 1602724783792
}
[2020-10-15T04:06:49.023] [TRACE] file - gLKXT2JwH7ngJD3wbtpNSUce
[2020-10-15T04:06:49.023] [TRACE] file - Session {
  cookie: {
    path: '/',
    _expires: 2021-01-13T02:06:49.023Z,
    originalMaxAge: 7776000000,
    httpOnly: true,
    SameSite: 'Lax'
  },
  views: { '/': 1 },
  horodate: 2020-10-15T04:06:49.021Z,
  ip: '43.240.103.73',
  geoloc: {
    range: [ 737174528, 737175551 ],
    country: 'BD',
    region: 'C',
    eu: '0',
    timezone: 'Asia/Dhaka',
    city: 'Dhaka',
    ll: [ 23.7908, 90.4109 ],
    metro: 0,
    area: 500
  },
  __lastAccess: 1602727609023
}
[2020-10-15T04:45:48.623] [TRACE] file - wzXRGdmGBnqQ_vQyMqT7x0VG
[2020-10-15T04:45:48.623] [TRACE] file - Session {
  cookie: {
    path: '/',
    _expires: 2021-01-13T02:45:48.622Z,
    originalMaxAge: 7776000000,
    httpOnly: true,
    SameSite: 'Lax'
  },
  views: { '/': 1 },
  horodate: 2020-10-15T04:45:48.620Z,
  ip: '36.67.125.55',
  geoloc: {
    range: [ 608399360, 608403455 ],
    country: 'ID',
    region: '',
    eu: '0',
    timezone: 'Asia/Jakarta',
    city: '',
    ll: [ -6.175, 106.8286 ],
    metro: 0,
    area: 1000
  },
  __lastAccess: 1602729948622
}
[2020-10-15T04:53:44.384] [TRACE] file - Zd0h0QuRcnJwSft51TPWfYAM
[2020-10-15T04:53:44.384] [TRACE] file - Session {
  cookie: {
    path: '/',
    _expires: 2021-01-13T02:53:44.383Z,
    originalMaxAge: 7776000000,
    httpOnly: true,
    SameSite: 'Lax'
  },
  views: { '/': 1 },
  horodate: 2020-10-15T04:53:44.378Z,
  ip: '2.183.87.105',
  geoloc: {
    range: [ 45481984, 45613055 ],
    country: 'IR',
    region: '',
    eu: '0',
    timezone: 'Asia/Tehran',
    city: '',
    ll: [ 35.6961, 51.4231 ],
    metro: 0,
    area: 50
  },
  __lastAccess: 1602730424383
}
[2020-10-15T05:18:54.268] [TRACE] file - uCPZEf1V9yPLLzaJVVYu3IFg
[2020-10-15T05:18:54.268] [TRACE] file - Session {
  cookie: {
    path: '/',
    _expires: 2021-01-13T03:18:54.267Z,
    originalMaxAge: 7776000000,
    httpOnly: true,
    SameSite: 'Lax'
  },
  views: { '/': 1 },
  horodate: 2020-10-15T05:18:54.263Z,
  ip: '66.249.76.24',
  geoloc: {
    range: [ 1123634176, 1123634687 ],
    country: 'US',
    region: '',
    eu: '0',
    timezone: 'America/Chicago',
    city: '',
    ll: [ 37.751, -97.822 ],
    metro: 0,
    area: 1000
  },
  __lastAccess: 1602731934267
}
