Wed Oct 13 2021 11:31:39 GMT+0200 (GMT+02:00)[2020-10-13T11:32:04.947] [TRACE] file - mbKCb49p6cu0kXKpVGFzJx2r
[2020-10-13T11:32:04.948] [TRACE] file - Session {
  cookie: {
    path: '/',
    _expires: 2021-01-11T09:32:04.940Z,
    originalMaxAge: 7775999999,
    httpOnly: true
  },
  views: { '/': 3, '/cv': 1 },
  horodate: 2020-10-13T11:32:04.935Z,
  ip: '127.0.0.1',
  geoloc: null,
  __lastAccess: 1602581524942
}
[2020-10-13T11:32:20.860] [TRACE] file - xgDs6TWFi-MsASQvoT0Xdlm2
[2020-10-13T11:32:20.860] [TRACE] file - Session {
  cookie: {
    path: '/',
    _expires: 2021-01-11T09:32:20.860Z,
    originalMaxAge: 7776000000,
    httpOnly: true,
    SameSite: 'Lax'
  },
  views: { '/': 1 },
  horodate: 2020-10-13T11:32:20.857Z,
  ip: '86.247.78.60',
  geoloc: {
    range: [ 1459046400, 1459048447 ],
    country: 'FR',
    region: 'IDF',
    eu: '1',
    timezone: 'Europe/Paris',
    city: 'Paris',
    ll: [ 48.8543, 2.3527 ],
    metro: 0,
    area: 5
  },
  __lastAccess: 1602581540860
}
[2020-10-13T11:32:50.208] [TRACE] file - Session {
  cookie: {
    path: '/',
    _expires: 2021-01-11T09:32:50.208Z,
    originalMaxAge: 7776000000,
    httpOnly: true
  },
  views: { '/': 1, '/cv': 1 },
  horodate: 2020-10-13T11:32:50.204Z,
  ip: '86.247.78.60',
  geoloc: {
    range: [ 1459046400, 1459048447 ],
    country: 'FR',
    region: 'IDF',
    eu: '1',
    timezone: 'Europe/Paris',
    city: 'Paris',
    ll: [ 48.8543, 2.3527 ],
    metro: 0,
    area: 5
  },
  __lastAccess: 1602581570208
}
[2020-10-13T11:32:51.368] [TRACE] file - xgDs6TWFi-MsASQvoT0Xdlm2
[2020-10-13T11:32:51.368] [TRACE] file - Session {
  cookie: {
    path: '/',
    _expires: 2021-01-11T09:32:51.368Z,
    originalMaxAge: 7776000000,
    httpOnly: true
  },
  views: { '/': 2, '/cv': 1 },
  horodate: 2020-10-13T11:32:51.367Z,
  ip: '86.247.78.60',
  geoloc: {
    range: [ 1459046400, 1459048447 ],
    country: 'FR',
    region: 'IDF',
    eu: '1',
    timezone: 'Europe/Paris',
    city: 'Paris',
    ll: [ 48.8543, 2.3527 ],
    metro: 0,
    area: 5
  },
  __lastAccess: 1602581571368
}
[2020-10-13T11:34:10.023] [TRACE] file - Session {
  cookie: {
    path: '/',
    _expires: 2021-01-11T09:34:10.022Z,
    originalMaxAge: 7775999999,
    httpOnly: true
  },
  views: { '/': 3, '/cv': 2 },
  horodate: 2020-10-13T11:34:10.020Z,
  ip: '127.0.0.1',
  geoloc: null,
  __lastAccess: 1602581650023
}
[2020-10-13T11:34:19.605] [TRACE] file - xgDs6TWFi-MsASQvoT0Xdlm2
[2020-10-13T11:34:19.605] [TRACE] file - Session {
  cookie: {
    path: '/',
    _expires: 2021-01-11T09:34:19.605Z,
    originalMaxAge: 7776000000,
    httpOnly: true
  },
  views: { '/': 3, '/cv': 1 },
  horodate: 2020-10-13T11:34:19.604Z,
  ip: '86.247.78.60',
  geoloc: {
    range: [ 1459046400, 1459048447 ],
    country: 'FR',
    region: 'IDF',
    eu: '1',
    timezone: 'Europe/Paris',
    city: 'Paris',
    ll: [ 48.8543, 2.3527 ],
    metro: 0,
    area: 5
  },
  __lastAccess: 1602581659605
}
[2020-10-13T11:35:00.543] [TRACE] file - xgDs6TWFi-MsASQvoT0Xdlm2
[2020-10-13T11:35:00.543] [TRACE] file - Session {
  cookie: {
    path: '/',
    _expires: 2021-01-11T09:35:00.543Z,
    originalMaxAge: 7776000000,
    httpOnly: true
  },
  views: { '/': 4, '/cv': 1 },
  horodate: 2020-10-13T11:35:00.542Z,
  ip: '86.247.78.60',
  geoloc: {
    range: [ 1459046400, 1459048447 ],
    country: 'FR',
    region: 'IDF',
    eu: '1',
    timezone: 'Europe/Paris',
    city: 'Paris',
    ll: [ 48.8543, 2.3527 ],
    metro: 0,
    area: 5
  },
  __lastAccess: 1602581700543
}
[2020-10-13T13:40:59.900] [TRACE] file - VQ6GCx9llRgt1lGjFInxtTk9
[2020-10-13T13:40:59.900] [TRACE] file - Session {
  cookie: {
    path: '/',
    _expires: 2021-01-11T11:40:59.899Z,
    originalMaxAge: 7776000000,
    httpOnly: true,
    SameSite: 'Lax'
  },
  views: { '/': 1 },
  horodate: 2020-10-13T13:40:59.893Z,
  ip: '66.249.75.110',
  geoloc: {
    range: [ 1123633152, 1123634175 ],
    country: 'US',
    region: '',
    eu: '0',
    timezone: 'America/Chicago',
    city: '',
    ll: [ 37.751, -97.822 ],
    metro: 0,
    area: 1000
  },
  __lastAccess: 1602589259899
}
[2020-10-13T14:02:37.800] [TRACE] file - 2kDY1egLrmaHvvoApx0Tf71r
[2020-10-13T14:02:37.800] [TRACE] file - Session {
  cookie: {
    path: '/',
    _expires: 2021-01-11T12:02:37.799Z,
    originalMaxAge: 7776000000,
    httpOnly: true,
    SameSite: 'Lax'
  },
  views: { '/': 1 },
  horodate: 2020-10-13T14:02:37.793Z,
  ip: '103.145.13.43',
  geoloc: null,
  __lastAccess: 1602590557799
}
[2020-10-13T14:14:58.327] [TRACE] file - uIejZyjRwpwZD_giaQ9Wt_xD
[2020-10-13T14:14:58.327] [TRACE] file - Session {
  cookie: {
    path: '/',
    _expires: 2021-01-11T12:14:58.324Z,
    originalMaxAge: 7775999997,
    httpOnly: true
  },
  views: { '/': 387, '/cv': 253, '/giftedADHD': 153 },
  horodate: 2020-10-13T14:14:58.325Z,
  geoloc: {
    range: [ 1459046400, 1459048447 ],
    country: 'FR',
    region: 'IDF',
    eu: '1',
    timezone: 'Europe/Paris',
    city: 'Paris',
    ll: [ 48.8543, 2.3527 ],
    metro: 0,
    area: 5
  },
  __lastAccess: 1602591298327,
  ip: '86.247.78.60'
}
[2020-10-13T14:15:01.536] [TRACE] file - Session {
  cookie: {
    path: '/',
    _expires: 2021-01-11T12:15:01.533Z,
    originalMaxAge: 7775999997,
    httpOnly: true
  },
  views: { '/': 387, '/cv': 254, '/giftedADHD': 153 },
  horodate: 2020-10-13T14:15:01.534Z,
  geoloc: {
    range: [ 1459046400, 1459048447 ],
    country: 'FR',
    region: 'IDF',
    eu: '1',
    timezone: 'Europe/Paris',
    city: 'Paris',
    ll: [ 48.8543, 2.3527 ],
    metro: 0,
    area: 5
  },
  __lastAccess: 1602591301536,
  ip: '86.247.78.60'
}
[2020-10-13T14:15:03.002] [TRACE] file - Session {
  cookie: {
    path: '/',
    _expires: 2021-01-11T12:15:02.999Z,
    originalMaxAge: 7775999997,
    httpOnly: true
  },
  views: { '/': 387, '/cv': 254, '/giftedADHD': 154 },
  horodate: 2020-10-13T14:15:03.000Z,
  geoloc: {
    range: [ 1459046400, 1459048447 ],
    country: 'FR',
    region: 'IDF',
    eu: '1',
    timezone: 'Europe/Paris',
    city: 'Paris',
    ll: [ 48.8543, 2.3527 ],
    metro: 0,
    area: 5
  },
  __lastAccess: 1602591303002,
  ip: '86.247.78.60'
}
[2020-10-13T14:15:04.443] [TRACE] file - uIejZyjRwpwZD_giaQ9Wt_xD
[2020-10-13T14:15:04.443] [TRACE] file - Session {
  cookie: {
    path: '/',
    _expires: 2021-01-11T12:15:04.440Z,
    originalMaxAge: 7775999997,
    httpOnly: true
  },
  views: { '/': 388, '/cv': 254, '/giftedADHD': 154 },
  horodate: 2020-10-13T14:15:04.441Z,
  geoloc: {
    range: [ 1459046400, 1459048447 ],
    country: 'FR',
    region: 'IDF',
    eu: '1',
    timezone: 'Europe/Paris',
    city: 'Paris',
    ll: [ 48.8543, 2.3527 ],
    metro: 0,
    area: 5
  },
  __lastAccess: 1602591304443,
  ip: '86.247.78.60'
}
[2020-10-13T14:16:44.200] [TRACE] file - Fi6Os5nFgQkRHu-s5XLGCkLu
[2020-10-13T14:16:44.200] [TRACE] file - Session {
  cookie: {
    path: '/',
    _expires: 2021-01-11T12:16:44.199Z,
    originalMaxAge: 7776000000,
    httpOnly: true,
    SameSite: 'Lax'
  },
  views: { '/': 1 },
  horodate: 2020-10-13T14:16:44.198Z,
  ip: '74.120.14.35',
  geoloc: {
    range: [ 1249380352, 1249382399 ],
    country: 'US',
    region: '',
    eu: '0',
    timezone: 'America/Chicago',
    city: '',
    ll: [ 37.751, -97.822 ],
    metro: 0,
    area: 1000
  },
  __lastAccess: 1602591404199
}
[2020-10-13T14:16:44.418] [TRACE] file - b5dQrUAmleuZl95Yitoj5B9_
[2020-10-13T14:16:44.418] [TRACE] file - Session {
  cookie: {
    path: '/',
    _expires: 2021-01-11T12:16:44.418Z,
    originalMaxAge: 7776000000,
    httpOnly: true,
    SameSite: 'Lax'
  },
  views: { '/': 1 },
  horodate: 2020-10-13T14:16:44.416Z,
  ip: '74.120.14.35',
  geoloc: {
    range: [ 1249380352, 1249382399 ],
    country: 'US',
    region: '',
    eu: '0',
    timezone: 'America/Chicago',
    city: '',
    ll: [ 37.751, -97.822 ],
    metro: 0,
    area: 1000
  },
  __lastAccess: 1602591404418
}
[2020-10-13T14:47:55.311] [TRACE] file - Mjiyr8pcJkYOQtQvgvpR3Glv
[2020-10-13T14:47:55.311] [TRACE] file - Session {
  cookie: {
    path: '/',
    _expires: 2021-01-11T12:47:55.310Z,
    originalMaxAge: 7776000000,
    httpOnly: true,
    SameSite: 'Lax'
  },
  views: { '/': 1 },
  horodate: 2020-10-13T14:47:55.304Z,
  ip: '103.145.13.43',
  geoloc: null,
  __lastAccess: 1602593275310
}
[2020-10-13T14:48:08.959] [TRACE] file - XO2O5MmbgHKKlOLe2Hu5oWU9
[2020-10-13T14:48:08.959] [TRACE] file - Session {
  cookie: {
    path: '/',
    _expires: 2021-01-11T12:48:08.958Z,
    originalMaxAge: 7776000000,
    httpOnly: true,
    SameSite: 'Lax'
  },
  views: { '/': 1 },
  horodate: 2020-10-13T14:48:08.950Z,
  ip: '103.145.13.43',
  geoloc: null,
  __lastAccess: 1602593288958
}
[2020-10-13T14:59:09.965] [TRACE] file - UUpMNgqwNIXw4g4XxDM9Ooch
[2020-10-13T14:59:09.965] [TRACE] file - Session {
  cookie: {
    path: '/',
    _expires: 2021-01-11T12:59:09.964Z,
    originalMaxAge: 7776000000,
    httpOnly: true,
    SameSite: 'Lax'
  },
  views: { '/': 1 },
  horodate: 2020-10-13T14:59:09.959Z,
  ip: '71.6.232.9',
  geoloc: {
    range: [ 1191608320, 1191641087 ],
    country: 'US',
    region: 'CA',
    eu: '0',
    timezone: 'America/Los_Angeles',
    city: 'San Diego',
    ll: [ 32.7967, -117.1367 ],
    metro: 825,
    area: 1000
  },
  __lastAccess: 1602593949965
}
[2020-10-13T15:01:44.185] [TRACE] file - tGdaqYB1Ltj7gI4LD5Zw8POv
[2020-10-13T15:01:44.185] [TRACE] file - Session {
  cookie: {
    path: '/',
    _expires: 2021-01-11T13:01:44.184Z,
    originalMaxAge: 7776000000,
    httpOnly: true,
    SameSite: 'Lax'
  },
  views: { '/': 1 },
  horodate: 2020-10-13T15:01:44.176Z,
  ip: '185.82.250.133',
  geoloc: {
    range: [ 3109222912, 3109223423 ],
    country: 'PL',
    region: 'MA',
    eu: '1',
    timezone: 'Europe/Warsaw',
    city: 'Ryczow',
    ll: [ 49.9774, 19.5454 ],
    metro: 0,
    area: 5
  },
  __lastAccess: 1602594104185
}
[2020-10-13T15:42:46.339] [TRACE] file - L11OWQDYWuYgsAbsPrF-ybJE
[2020-10-13T15:42:46.339] [TRACE] file - Session {
  cookie: {
    path: '/',
    _expires: 2021-01-11T13:42:46.339Z,
    originalMaxAge: 7776000000,
    httpOnly: true,
    SameSite: 'Lax'
  },
  views: { '/': 1 },
  horodate: 2020-10-13T15:42:46.338Z,
  ip: '83.97.20.30',
  geoloc: {
    range: [ 1398871040, 1398871295 ],
    country: 'RO',
    region: 'B',
    eu: '1',
    timezone: 'Europe/Bucharest',
    city: 'Bucharest',
    ll: [ 44.418, 26.1691 ],
    metro: 0,
    area: 200
  },
  __lastAccess: 1602596566339
}
[2020-10-13T15:51:47.631] [TRACE] file - 7We6l40_nT-sFRkUJfwW4LpJ
[2020-10-13T15:51:47.631] [TRACE] file - Session {
  cookie: {
    path: '/',
    _expires: 2021-01-11T13:51:47.631Z,
    originalMaxAge: 7776000000,
    httpOnly: true,
    SameSite: 'Lax'
  },
  views: { '/': 1 },
  horodate: 2020-10-13T15:51:47.630Z,
  ip: '66.249.72.28',
  geoloc: {
    range: [ 1123633152, 1123634175 ],
    country: 'US',
    region: '',
    eu: '0',
    timezone: 'America/Chicago',
    city: '',
    ll: [ 37.751, -97.822 ],
    metro: 0,
    area: 1000
  },
  __lastAccess: 1602597107631
}
[2020-10-13T16:40:41.751] [TRACE] file - 55KP7jAcEZ0Hkl6gEQ3lx-om
[2020-10-13T16:40:41.751] [TRACE] file - Session {
  cookie: {
    path: '/',
    _expires: 2021-01-11T14:40:41.750Z,
    originalMaxAge: 7776000000,
    httpOnly: true,
    SameSite: 'Lax'
  },
  views: { '/': 1 },
  horodate: 2020-10-13T16:40:41.743Z,
  ip: '209.126.3.185',
  geoloc: {
    range: [ 3514695680, 3514699775 ],
    country: 'US',
    region: 'MO',
    eu: '0',
    timezone: 'America/Chicago',
    city: 'St Louis',
    ll: [ 38.7048, -90.4617 ],
    metro: 609,
    area: 1000
  },
  __lastAccess: 1602600041750
}
[2020-10-13T16:42:07.569] [TRACE] file - 2hsL0r_tGrMQd26Di48wL7dU
[2020-10-13T16:42:07.569] [TRACE] file - Session {
  cookie: {
    path: '/',
    _expires: 2021-01-11T14:42:07.569Z,
    originalMaxAge: 7776000000,
    httpOnly: true,
    SameSite: 'Lax'
  },
  views: { '/': 1 },
  horodate: 2020-10-13T16:42:07.567Z,
  ip: '66.249.72.28',
  geoloc: {
    range: [ 1123633152, 1123634175 ],
    country: 'US',
    region: '',
    eu: '0',
    timezone: 'America/Chicago',
    city: '',
    ll: [ 37.751, -97.822 ],
    metro: 0,
    area: 1000
  },
  __lastAccess: 1602600127569
}
[2020-10-13T18:22:30.496] [TRACE] file - OoHDfA_aJ1f6qvoRu03x_BB2
[2020-10-13T18:22:30.496] [TRACE] file - Session {
  cookie: {
    path: '/',
    _expires: 2021-01-11T16:22:30.495Z,
    originalMaxAge: 7776000000,
    httpOnly: true,
    SameSite: 'Lax'
  },
  views: { '/': 1 },
  horodate: 2020-10-13T18:22:30.494Z,
  ip: '66.249.75.110',
  geoloc: {
    range: [ 1123633152, 1123634175 ],
    country: 'US',
    region: '',
    eu: '0',
    timezone: 'America/Chicago',
    city: '',
    ll: [ 37.751, -97.822 ],
    metro: 0,
    area: 1000
  },
  __lastAccess: 1602606150496
}
[2020-10-13T18:30:42.532] [TRACE] file - amQKMquQkHplXqg6-BOSFpLW
[2020-10-13T18:30:42.532] [TRACE] file - Session {
  cookie: {
    path: '/',
    _expires: 2021-01-11T16:30:42.532Z,
    originalMaxAge: 7776000000,
    httpOnly: true,
    SameSite: 'Lax'
  },
  views: { '/': 1 },
  horodate: 2020-10-13T18:30:42.531Z,
  ip: '192.35.168.176',
  geoloc: {
    range: [ 3223562240, 3223563263 ],
    country: 'US',
    region: '',
    eu: '0',
    timezone: 'America/Chicago',
    city: '',
    ll: [ 37.751, -97.822 ],
    metro: 0,
    area: 1000
  },
  __lastAccess: 1602606642532
}
[2020-10-13T19:01:22.723] [TRACE] file - ehTVeNo476KeaB5KAsdxXfxB
[2020-10-13T19:01:22.723] [TRACE] file - Session {
  cookie: {
    path: '/',
    _expires: 2021-01-11T17:01:22.723Z,
    originalMaxAge: 7776000000,
    httpOnly: true,
    SameSite: 'Lax'
  },
  views: { '/': 1 },
  horodate: 2020-10-13T19:01:22.721Z,
  ip: '128.14.133.58',
  geoloc: {
    range: [ 2148433920, 2148435967 ],
    country: 'US',
    region: 'CA',
    eu: '0',
    timezone: 'America/Los_Angeles',
    city: 'Arcadia',
    ll: [ 34.1397, -118.0353 ],
    metro: 803,
    area: 500
  },
  __lastAccess: 1602608482723
}
[2020-10-13T19:11:16.195] [TRACE] file - wL-v5VKvl0tg-dLO3o5ydquo
[2020-10-13T19:11:16.195] [TRACE] file - Session {
  cookie: {
    path: '/',
    _expires: 2021-01-11T17:11:16.195Z,
    originalMaxAge: 7776000000,
    httpOnly: true,
    SameSite: 'Lax'
  },
  views: { '/': 1 },
  horodate: 2020-10-13T19:11:16.193Z,
  ip: '35.238.252.69',
  geoloc: {
    range: [ 602800128, 602865663 ],
    country: 'US',
    region: 'VA',
    eu: '0',
    timezone: 'America/New_York',
    city: '',
    ll: [ 38.6583, -77.2481 ],
    metro: 556,
    area: 1000
  },
  __lastAccess: 1602609076195
}
[2020-10-13T20:52:12.675] [TRACE] file - uIejZyjRwpwZD_giaQ9Wt_xD
[2020-10-13T20:52:12.675] [TRACE] file - Session {
  cookie: {
    path: '/',
    _expires: 2021-01-11T18:52:12.671Z,
    originalMaxAge: 7775999997,
    httpOnly: true
  },
  views: { '/': 389, '/cv': 254, '/giftedADHD': 154 },
  horodate: 2020-10-13T20:52:12.673Z,
  geoloc: {
    range: [ 1459046400, 1459048447 ],
    country: 'FR',
    region: 'IDF',
    eu: '1',
    timezone: 'Europe/Paris',
    city: 'Paris',
    ll: [ 48.8543, 2.3527 ],
    metro: 0,
    area: 5
  },
  __lastAccess: 1602615132674,
  ip: '86.247.78.60'
}
[2020-10-13T20:55:07.449] [TRACE] file - HLXUWETMFdcFLkhW6tC0s8RZ
[2020-10-13T20:55:07.449] [TRACE] file - Session {
  cookie: {
    path: '/',
    _expires: 2021-01-11T18:55:07.448Z,
    originalMaxAge: 7776000000,
    httpOnly: true,
    SameSite: 'Lax'
  },
  views: { '/': 1 },
  horodate: 2020-10-13T20:55:07.446Z,
  ip: '3.25.244.0',
  geoloc: {
    range: [ 51904512, 52166655 ],
    country: 'AU',
    region: 'NSW',
    eu: '0',
    timezone: 'Australia/Sydney',
    city: 'Sydney',
    ll: [ -33.8591, 151.2002 ],
    metro: 0,
    area: 1000
  },
  __lastAccess: 1602615307449
}
[2020-10-13T20:57:27.028] [TRACE] file - Session {
  cookie: {
    path: '/',
    _expires: 2021-01-11T18:57:27.024Z,
    originalMaxAge: 7775999997,
    httpOnly: true
  },
  views: { '/': 389, '/cv': 255, '/giftedADHD': 154 },
  horodate: 2020-10-13T20:57:27.026Z,
  geoloc: {
    range: [ 1459046400, 1459048447 ],
    country: 'FR',
    region: 'IDF',
    eu: '1',
    timezone: 'Europe/Paris',
    city: 'Paris',
    ll: [ 48.8543, 2.3527 ],
    metro: 0,
    area: 5
  },
  __lastAccess: 1602615447028,
  ip: '86.247.78.60'
}
[2020-10-13T20:57:28.220] [TRACE] file - Session {
  cookie: {
    path: '/',
    _expires: 2021-01-11T18:57:28.217Z,
    originalMaxAge: 7775999997,
    httpOnly: true
  },
  views: { '/': 389, '/cv': 255, '/giftedADHD': 155 },
  horodate: 2020-10-13T20:57:28.218Z,
  geoloc: {
    range: [ 1459046400, 1459048447 ],
    country: 'FR',
    region: 'IDF',
    eu: '1',
    timezone: 'Europe/Paris',
    city: 'Paris',
    ll: [ 48.8543, 2.3527 ],
    metro: 0,
    area: 5
  },
  __lastAccess: 1602615448220,
  ip: '86.247.78.60'
}
[2020-10-13T20:57:29.896] [TRACE] file - uIejZyjRwpwZD_giaQ9Wt_xD
[2020-10-13T20:57:29.896] [TRACE] file - Session {
  cookie: {
    path: '/',
    _expires: 2021-01-11T18:57:29.893Z,
    originalMaxAge: 7775999997,
    httpOnly: true
  },
  views: { '/': 390, '/cv': 255, '/giftedADHD': 155 },
  horodate: 2020-10-13T20:57:29.894Z,
  geoloc: {
    range: [ 1459046400, 1459048447 ],
    country: 'FR',
    region: 'IDF',
    eu: '1',
    timezone: 'Europe/Paris',
    city: 'Paris',
    ll: [ 48.8543, 2.3527 ],
    metro: 0,
    area: 5
  },
  __lastAccess: 1602615449896,
  ip: '86.247.78.60'
}
[2020-10-13T21:30:12.431] [TRACE] file - H6Jsqnr9Xi2T5TWJ1bTtr4nT
[2020-10-13T21:30:12.431] [TRACE] file - Session {
  cookie: {
    path: '/',
    _expires: 2021-01-11T19:30:12.431Z,
    originalMaxAge: 7776000000,
    httpOnly: true,
    SameSite: 'Lax'
  },
  views: { '/': 1 },
  horodate: 2020-10-13T21:30:12.426Z,
  ip: '196.52.43.127',
  geoloc: {
    range: [ 3291753216, 3291753471 ],
    country: 'US',
    region: 'NJ',
    eu: '0',
    timezone: 'America/New_York',
    city: 'Edison',
    ll: [ 40.4981, -74.3194 ],
    metro: 501,
    area: 500
  },
  __lastAccess: 1602617412431
}
[2020-10-13T21:33:24.716] [TRACE] file - vkfnck1PD-VvPk7RJPAQ-Vqu
[2020-10-13T21:33:24.716] [TRACE] file - Session {
  cookie: {
    path: '/',
    _expires: 2021-01-11T19:33:24.716Z,
    originalMaxAge: 7776000000,
    httpOnly: true,
    SameSite: 'Lax'
  },
  views: { '/': 1 },
  horodate: 2020-10-13T21:33:24.714Z,
  ip: '208.115.198.54',
  geoloc: {
    range: [ 3497246720, 3497250815 ],
    country: 'US',
    region: 'TX',
    eu: '0',
    timezone: 'America/Chicago',
    city: 'Dallas',
    ll: [ 32.7767, -96.805 ],
    metro: 623,
    area: 1000
  },
  __lastAccess: 1602617604716
}
[2020-10-13T21:49:50.094] [TRACE] file - KL4e6Jmd-RpjNi6g2ztzCvZg
[2020-10-13T21:49:50.094] [TRACE] file - Session {
  cookie: {
    path: '/',
    _expires: 2021-01-11T19:49:50.094Z,
    originalMaxAge: 7776000000,
    httpOnly: true,
    SameSite: 'Lax'
  },
  views: { '/': 1 },
  horodate: 2020-10-13T21:49:50.092Z,
  ip: '167.248.133.35',
  geoloc: {
    range: [ 2818080768, 2818113535 ],
    country: 'US',
    region: '',
    eu: '0',
    timezone: 'America/Chicago',
    city: '',
    ll: [ 37.751, -97.822 ],
    metro: 0,
    area: 1000
  },
  __lastAccess: 1602618590094
}
[2020-10-13T21:49:50.360] [TRACE] file - DSzru5c0-PAgQxShKF9pkQ9r
[2020-10-13T21:49:50.360] [TRACE] file - Session {
  cookie: {
    path: '/',
    _expires: 2021-01-11T19:49:50.359Z,
    originalMaxAge: 7776000000,
    httpOnly: true,
    SameSite: 'Lax'
  },
  views: { '/': 1 },
  horodate: 2020-10-13T21:49:50.358Z,
  ip: '167.248.133.35',
  geoloc: {
    range: [ 2818080768, 2818113535 ],
    country: 'US',
    region: '',
    eu: '0',
    timezone: 'America/Chicago',
    city: '',
    ll: [ 37.751, -97.822 ],
    metro: 0,
    area: 1000
  },
  __lastAccess: 1602618590359
}
[2020-10-13T22:18:11.067] [TRACE] file - 8LGlO0PKYisjAAIB8KpH8IlU
[2020-10-13T22:18:11.067] [TRACE] file - Session {
  cookie: {
    path: '/',
    _expires: 2021-01-11T20:18:11.066Z,
    originalMaxAge: 7776000000,
    httpOnly: true,
    SameSite: 'Lax'
  },
  views: { '/': 1 },
  horodate: 2020-10-13T22:18:11.061Z,
  ip: '45.148.121.28',
  geoloc: null,
  __lastAccess: 1602620291066
}
[2020-10-13T22:22:12.836] [TRACE] file - Uw8IfHUsRvd3uMbWNqq9TbJc
[2020-10-13T22:22:12.836] [TRACE] file - Session {
  cookie: {
    path: '/',
    _expires: 2021-01-11T20:22:12.835Z,
    originalMaxAge: 7775999999,
    httpOnly: true
  },
  views: { '/': 232, '/cv': 87, '/giftedADHD': 75 },
  horodate: 2020-10-13T22:22:12.834Z,
  ip: '86.247.78.60',
  geoloc: {
    range: [ 1459046400, 1459048447 ],
    country: 'FR',
    region: 'IDF',
    eu: '1',
    timezone: 'Europe/Paris',
    city: 'Paris',
    ll: [ 48.8543, 2.3527 ],
    metro: 0,
    area: 5
  },
  __lastAccess: 1602620532836
}
[2020-10-13T22:31:52.385] [TRACE] file - qlUMPpw8DZMY96a3yvwdmW26
[2020-10-13T22:31:52.385] [TRACE] file - Session {
  cookie: {
    path: '/',
    _expires: 2021-01-11T20:31:52.385Z,
    originalMaxAge: 7776000000,
    httpOnly: true,
    SameSite: 'Lax'
  },
  views: { '/': 1 },
  horodate: 2020-10-13T22:31:52.383Z,
  ip: '45.148.121.28',
  geoloc: null,
  __lastAccess: 1602621112385
}
[2020-10-13T22:54:14.396] [TRACE] file - Ch_NudNICKwpfESlez10a8Ve
[2020-10-13T22:54:14.396] [TRACE] file - Session {
  cookie: {
    path: '/',
    _expires: 2021-01-11T20:54:14.396Z,
    originalMaxAge: 7776000000,
    httpOnly: true,
    SameSite: 'Lax'
  },
  views: { '/': 1 },
  horodate: 2020-10-13T22:54:14.394Z,
  ip: '66.249.75.110',
  geoloc: {
    range: [ 1123633152, 1123634175 ],
    country: 'US',
    region: '',
    eu: '0',
    timezone: 'America/Chicago',
    city: '',
    ll: [ 37.751, -97.822 ],
    metro: 0,
    area: 1000
  },
  __lastAccess: 1602622454396
}
[2020-10-13T23:06:16.461] [TRACE] file - 3wQdBw5CllkspFUBmBSRNYSS
[2020-10-13T23:06:16.461] [TRACE] file - Session {
  cookie: {
    path: '/',
    _expires: 2021-01-11T21:06:16.460Z,
    originalMaxAge: 7776000000,
    httpOnly: true,
    SameSite: 'Lax'
  },
  views: { '/': 1 },
  horodate: 2020-10-13T23:06:16.458Z,
  ip: '35.238.252.69',
  geoloc: {
    range: [ 602800128, 602865663 ],
    country: 'US',
    region: 'VA',
    eu: '0',
    timezone: 'America/New_York',
    city: '',
    ll: [ 38.6583, -77.2481 ],
    metro: 556,
    area: 1000
  },
  __lastAccess: 1602623176460
}
[2020-10-13T23:08:53.997] [TRACE] file - uIejZyjRwpwZD_giaQ9Wt_xD
[2020-10-13T23:08:53.997] [TRACE] file - Session {
  cookie: {
    path: '/',
    _expires: 2021-01-11T21:08:53.994Z,
    originalMaxAge: 7775999997,
    httpOnly: true
  },
  views: { '/': 391, '/cv': 255, '/giftedADHD': 155 },
  horodate: 2020-10-13T23:08:53.995Z,
  geoloc: {
    range: [ 1459046400, 1459048447 ],
    country: 'FR',
    region: 'IDF',
    eu: '1',
    timezone: 'Europe/Paris',
    city: 'Paris',
    ll: [ 48.8543, 2.3527 ],
    metro: 0,
    area: 5
  },
  __lastAccess: 1602623333997,
  ip: '86.247.78.60'
}
[2020-10-13T23:25:16.337] [TRACE] file - QZ64QVWxMKYwa_8M6zP6PX5k
[2020-10-13T23:25:16.338] [TRACE] file - Session {
  cookie: {
    path: '/',
    _expires: 2021-01-11T21:25:16.337Z,
    originalMaxAge: 7776000000,
    httpOnly: true,
    SameSite: 'Lax'
  },
  views: { '/': 1 },
  horodate: 2020-10-13T23:25:16.336Z,
  ip: '178.73.215.171',
  geoloc: {
    range: [ 2991182848, 2991183871 ],
    country: 'SE',
    region: '',
    eu: '1',
    timezone: 'Europe/Stockholm',
    city: '',
    ll: [ 59.3247, 18.056 ],
    metro: 0,
    area: 500
  },
  __lastAccess: 1602624316337
}
[2020-10-14T00:05:46.599] [TRACE] file - Uw8IfHUsRvd3uMbWNqq9TbJc
[2020-10-14T00:05:46.600] [TRACE] file - Session {
  cookie: {
    path: '/',
    _expires: 2021-01-11T22:05:46.598Z,
    originalMaxAge: 7775999999,
    httpOnly: true
  },
  views: { '/': 233, '/cv': 87, '/giftedADHD': 75 },
  horodate: 2020-10-13T00:05:46.596Z,
  ip: '86.247.78.60',
  geoloc: {
    range: [ 1459046400, 1459048447 ],
    country: 'FR',
    region: 'IDF',
    eu: '1',
    timezone: 'Europe/Paris',
    city: 'Paris',
    ll: [ 48.8543, 2.3527 ],
    metro: 0,
    area: 5
  },
  __lastAccess: 1602626746599
}
[2020-10-14T00:53:59.299] [TRACE] file - Qa8c7ej5SbLA0A6Dd8CpErA3
[2020-10-14T00:53:59.299] [TRACE] file - Session {
  cookie: {
    path: '/',
    _expires: 2021-01-11T22:53:59.298Z,
    originalMaxAge: 7776000000,
    httpOnly: true,
    SameSite: 'Lax'
  },
  views: { '/': 1 },
  horodate: 2020-10-13T00:53:59.292Z,
  ip: '162.243.128.186',
  geoloc: {
    range: [ 2733867008, 2733875199 ],
    country: 'US',
    region: 'CA',
    eu: '0',
    timezone: 'America/Los_Angeles',
    city: 'San Francisco',
    ll: [ 37.7353, -122.3732 ],
    metro: 807,
    area: 1000
  },
  __lastAccess: 1602629639298
}
[2020-10-14T01:23:32.122] [TRACE] file - 9338eb8FnuBRJA40yH25pqLh
[2020-10-14T01:23:32.122] [TRACE] file - Session {
  cookie: {
    path: '/',
    _expires: 2021-01-11T23:23:32.122Z,
    originalMaxAge: 7776000000,
    httpOnly: true,
    SameSite: 'Lax'
  },
  views: { '/': 1 },
  horodate: 2020-10-13T01:23:32.121Z,
  ip: '193.27.228.27',
  geoloc: null,
  __lastAccess: 1602631412122
}
[2020-10-14T01:30:43.316] [TRACE] file - LRgOIxS3SCpZ71mj6LfJ0ZKw
[2020-10-14T01:30:43.316] [TRACE] file - Session {
  cookie: {
    path: '/',
    _expires: 2021-01-11T23:30:43.315Z,
    originalMaxAge: 7776000000,
    httpOnly: true,
    SameSite: 'Lax'
  },
  views: { '/': 1 },
  horodate: 2020-10-13T01:30:43.312Z,
  ip: '193.27.228.27',
  geoloc: null,
  __lastAccess: 1602631843315
}
[2020-10-14T02:29:29.802] [TRACE] file - EZxVCw4Ms8ltc3Lg36gtXZNy
[2020-10-14T02:29:29.802] [TRACE] file - Session {
  cookie: {
    path: '/',
    _expires: 2021-01-12T00:29:29.802Z,
    originalMaxAge: 7776000000,
    httpOnly: true,
    SameSite: 'Lax'
  },
  views: { '/': 1 },
  horodate: 2020-10-14T02:29:29.800Z,
  ip: '66.249.64.253',
  geoloc: {
    range: [ 1123631104, 1123632127 ],
    country: 'US',
    region: '',
    eu: '0',
    timezone: 'America/Chicago',
    city: '',
    ll: [ 37.751, -97.822 ],
    metro: 0,
    area: 1000
  },
  __lastAccess: 1602635369802
}
[2020-10-14T03:19:42.575] [TRACE] file - Session {
  cookie: {
    path: '/',
    _expires: 2021-01-12T01:19:42.575Z,
    originalMaxAge: 7776000000,
    httpOnly: true,
    SameSite: 'Lax'
  },
  views: { '/giftedADHD': 1 },
  horodate: 2020-10-14T03:19:42.574Z,
  __lastAccess: 1602638382575
}
[2020-10-14T03:42:59.351] [TRACE] file - Session {
  cookie: {
    path: '/',
    _expires: 2021-01-12T01:42:59.351Z,
    originalMaxAge: 7776000000,
    httpOnly: true,
    SameSite: 'Lax'
  },
  views: { '/cv': 1 },
  horodate: 2020-10-14T03:42:59.347Z,
  __lastAccess: 1602639779351
}
[2020-10-14T03:43:27.303] [TRACE] file - dpf0kVIKZqdAdot1mp9w_S71
[2020-10-14T03:43:27.303] [TRACE] file - Session {
  cookie: {
    path: '/',
    _expires: 2021-01-12T01:43:27.303Z,
    originalMaxAge: 7776000000,
    httpOnly: true,
    SameSite: 'Lax'
  },
  views: { '/': 1 },
  horodate: 2020-10-14T03:43:27.301Z,
  ip: '103.254.56.146',
  geoloc: {
    range: [ 1744713728, 1744713983 ],
    country: 'IN',
    region: 'RJ',
    eu: '0',
    timezone: 'Asia/Kolkata',
    city: 'Bharatpur',
    ll: [ 27.2153, 77.4928 ],
    metro: 0,
    area: 500
  },
  __lastAccess: 1602639807303
}
[2020-10-14T03:49:28.849] [TRACE] file - dKM-5BhhJPRSvDUKzVNW3s9_
[2020-10-14T03:49:28.849] [TRACE] file - Session {
  cookie: {
    path: '/',
    _expires: 2021-01-12T01:49:28.848Z,
    originalMaxAge: 7776000000,
    httpOnly: true,
    SameSite: 'Lax'
  },
  views: { '/': 1 },
  horodate: 2020-10-14T03:49:28.842Z,
  ip: '66.249.64.80',
  geoloc: {
    range: [ 1123631104, 1123632127 ],
    country: 'US',
    region: '',
    eu: '0',
    timezone: 'America/Chicago',
    city: '',
    ll: [ 37.751, -97.822 ],
    metro: 0,
    area: 1000
  },
  __lastAccess: 1602640168848
}
[2020-10-14T04:00:53.769] [TRACE] file - 0lUIBKYeb95yz9cM_jSVKeYq
[2020-10-14T04:00:53.770] [TRACE] file - Session {
  cookie: {
    path: '/',
    _expires: 2021-01-12T02:00:53.769Z,
    originalMaxAge: 7776000000,
    httpOnly: true,
    SameSite: 'Lax'
  },
  views: { '/': 1 },
  horodate: 2020-10-14T04:00:53.764Z,
  ip: '113.31.115.156',
  geoloc: {
    range: [ 1897881600, 1897889791 ],
    country: 'CN',
    region: 'SH',
    eu: '0',
    timezone: 'Asia/Shanghai',
    city: '',
    ll: [ 31.0449, 121.4012 ],
    metro: 0,
    area: 50
  },
  __lastAccess: 1602640853769
}
[2020-10-14T04:00:54.775] [TRACE] file - boV5qlgtmkXI2_jBwrCc6U1L
[2020-10-14T04:00:54.775] [TRACE] file - Session {
  cookie: {
    path: '/',
    _expires: 2021-01-12T02:00:54.775Z,
    originalMaxAge: 7776000000,
    httpOnly: true,
    SameSite: 'Lax'
  },
  views: { '/': 1 },
  horodate: 2020-10-14T04:00:54.774Z,
  ip: '113.31.115.156',
  geoloc: {
    range: [ 1897881600, 1897889791 ],
    country: 'CN',
    region: 'SH',
    eu: '0',
    timezone: 'Asia/Shanghai',
    city: '',
    ll: [ 31.0449, 121.4012 ],
    metro: 0,
    area: 50
  },
  __lastAccess: 1602640854775
}
