Sun Oct 03 2021 10:00:34 GMT+0200 (GMT+02:00)[2020-10-03T10:00:42.422] [TRACE] file - uIejZyjRwpwZD_giaQ9Wt_xD
[2020-10-03T10:00:42.422] [TRACE] file - Session {
  cookie: {
    path: '/',
    _expires: 2021-01-01T08:00:42.416Z,
    originalMaxAge: 7776000000,
    httpOnly: true
  },
  views: { '/': 296, '/cv': 224, '/giftedADHD': 136 },
  horodate: 2020-10-03T10:00:42.410Z,
  ip: '86.247.252.92',
  geoloc: {
    range: [ 1459091456, 1459093503 ],
    country: 'FR',
    region: 'IDF',
    eu: '1',
    timezone: 'Europe/Paris',
    city: 'Paris',
    ll: [ 48.8543, 2.3527 ],
    metro: 0,
    area: 1
  },
  __lastAccess: 1601712042417
}
[2020-10-03T10:06:05.476] [TRACE] file - uIejZyjRwpwZD_giaQ9Wt_xD
[2020-10-03T10:06:05.476] [TRACE] file - Session {
  cookie: {
    path: '/',
    _expires: 2021-01-01T08:06:05.475Z,
    originalMaxAge: 7776000000,
    httpOnly: true
  },
  views: { '/': 297, '/cv': 224, '/giftedADHD': 136 },
  horodate: 2020-10-03T10:06:05.473Z,
  ip: '86.247.252.92',
  geoloc: {
    range: [ 1459091456, 1459093503 ],
    country: 'FR',
    region: 'IDF',
    eu: '1',
    timezone: 'Europe/Paris',
    city: 'Paris',
    ll: [ 48.8543, 2.3527 ],
    metro: 0,
    area: 1
  },
  __lastAccess: 1601712365475
}
[2020-10-03T10:08:48.312] [TRACE] file - uIejZyjRwpwZD_giaQ9Wt_xD
[2020-10-03T10:08:48.312] [TRACE] file - Session {
  cookie: {
    path: '/',
    _expires: 2021-01-01T08:08:48.310Z,
    originalMaxAge: 7775999999,
    httpOnly: true
  },
  views: { '/': 298, '/cv': 224, '/giftedADHD': 136 },
  horodate: 2020-10-03T10:08:48.310Z,
  ip: '86.247.252.92',
  geoloc: {
    range: [ 1459091456, 1459093503 ],
    country: 'FR',
    region: 'IDF',
    eu: '1',
    timezone: 'Europe/Paris',
    city: 'Paris',
    ll: [ 48.8543, 2.3527 ],
    metro: 0,
    area: 1
  },
  __lastAccess: 1601712528311
}
[2020-10-03T10:11:16.755] [TRACE] file - uIejZyjRwpwZD_giaQ9Wt_xD
[2020-10-03T10:11:16.755] [TRACE] file - Session {
  cookie: {
    path: '/',
    _expires: 2021-01-01T08:11:16.753Z,
    originalMaxAge: 7775999999,
    httpOnly: true
  },
  views: { '/': 299, '/cv': 224, '/giftedADHD': 136 },
  horodate: 2020-10-03T10:11:16.752Z,
  ip: '86.247.252.92',
  geoloc: {
    range: [ 1459091456, 1459093503 ],
    country: 'FR',
    region: 'IDF',
    eu: '1',
    timezone: 'Europe/Paris',
    city: 'Paris',
    ll: [ 48.8543, 2.3527 ],
    metro: 0,
    area: 1
  },
  __lastAccess: 1601712676754
}
