Wed Sep 22 2021 18:23:32 GMT+0200 (GMT+02:00)[2020-09-22T18:30:03.110] [TRACE] file - WOWXhFaFY4LgniTx6ThObOMO
[2020-09-22T18:30:03.111] [TRACE] file - Session {
  cookie: {
    path: '/',
    _expires: 2020-12-21T16:30:03.110Z,
    originalMaxAge: 7776000000,
    httpOnly: true
  },
  views: { '/': 9, '/cv': 6, '/giftedADHD': 4 },
  horodate: 2020-09-22T18:30:03.106Z,
  ip: '86.247.252.92',
  geoloc: {
    range: [ 1459091456, 1459093503 ],
    country: 'FR',
    region: 'IDF',
    eu: '1',
    timezone: 'Europe/Paris',
    city: 'Paris',
    ll: [ 48.8543, 2.3527 ],
    metro: 0,
    area: 1
  },
  __lastAccess: 1600792203110
}
