Fri Oct 15 2021 05:47:45 GMT+0200 (GMT+02:00)[2020-10-15T05:55:48.872] [TRACE] file - uIejZyjRwpwZD_giaQ9Wt_xD
[2020-10-15T05:55:48.873] [TRACE] file - Session {
  cookie: {
    path: '/',
    _expires: 2021-01-13T03:55:48.867Z,
    originalMaxAge: 7775999997,
    httpOnly: true
  },
  views: { '/': 392, '/cv': 255, '/giftedADHD': 155 },
  horodate: 2020-10-15T05:55:48.861Z,
  geoloc: {
    range: [ 1459046400, 1459048447 ],
    country: 'FR',
    region: 'IDF',
    eu: '1',
    timezone: 'Europe/Paris',
    city: 'Paris',
    ll: [ 48.8543, 2.3527 ],
    metro: 0,
    area: 5
  },
  __lastAccess: 1602734148870,
  ip: '86.247.78.60'
}
[2020-10-15T06:20:05.252] [TRACE] file - uIejZyjRwpwZD_giaQ9Wt_xD
[2020-10-15T06:20:05.252] [TRACE] file - Session {
  cookie: {
    path: '/',
    _expires: 2021-01-13T04:20:05.249Z,
    originalMaxAge: 7775999997,
    httpOnly: true
  },
  views: { '/': 393, '/cv': 255, '/giftedADHD': 155 },
  horodate: 2020-10-15T06:20:05.249Z,
  geoloc: {
    range: [ 1459046400, 1459048447 ],
    country: 'FR',
    region: 'IDF',
    eu: '1',
    timezone: 'Europe/Paris',
    city: 'Paris',
    ll: [ 48.8543, 2.3527 ],
    metro: 0,
    area: 5
  },
  __lastAccess: 1602735605252,
  ip: '86.247.78.60'
}
[2020-10-15T06:58:28.139] [TRACE] file - B7IDxf9ZD7vOESv0M5LWG6aa
[2020-10-15T06:58:28.139] [TRACE] file - Session {
  cookie: {
    path: '/',
    _expires: 2021-01-13T04:58:28.133Z,
    originalMaxAge: 7776000000,
    httpOnly: true,
    SameSite: 'Lax'
  },
  views: { '/': 1 },
  horodate: 2020-10-15T06:58:28.131Z,
  ip: '128.14.134.134',
  geoloc: {
    range: [ 2148433920, 2148435967 ],
    country: 'US',
    region: 'CA',
    eu: '0',
    timezone: 'America/Los_Angeles',
    city: 'Arcadia',
    ll: [ 34.1397, -118.0353 ],
    metro: 803,
    area: 500
  },
  __lastAccess: 1602737908133
}
[2020-10-15T07:07:25.023] [TRACE] file - JIUnzb8RufmQikeOXR6NXGIC
[2020-10-15T07:07:25.023] [TRACE] file - Session {
  cookie: {
    path: '/',
    _expires: 2021-01-13T05:07:25.023Z,
    originalMaxAge: 7776000000,
    httpOnly: true,
    SameSite: 'Lax'
  },
  views: { '/': 1 },
  horodate: 2020-10-15T07:07:25.022Z,
  ip: '95.230.90.17',
  geoloc: {
    range: [ 1608931840, 1608932351 ],
    country: 'IT',
    region: '25',
    eu: '1',
    timezone: 'Europe/Rome',
    city: 'Domaso',
    ll: [ 46.1528, 9.3315 ],
    metro: 0,
    area: 20
  },
  __lastAccess: 1602738445023
}
[2020-10-15T07:29:09.849] [TRACE] file - RUhG61AWAVFtUHHUiJ8ZmnUw
[2020-10-15T07:29:09.849] [TRACE] file - Session {
  cookie: {
    path: '/',
    _expires: 2021-01-13T05:29:09.848Z,
    originalMaxAge: 7776000000,
    httpOnly: true,
    SameSite: 'Lax'
  },
  views: { '/': 1 },
  horodate: 2020-10-15T07:29:09.841Z,
  ip: '186.71.248.172',
  geoloc: {
    range: [ 3125278720, 3125279743 ],
    country: 'EC',
    region: 'P',
    eu: '0',
    timezone: 'America/Guayaquil',
    city: 'Quito',
    ll: [ -0.2143, -78.5017 ],
    metro: 0,
    area: 1
  },
  __lastAccess: 1602739749848
}
[2020-10-15T08:59:23.966] [TRACE] file - omlEToipSCWTUJHB5ag3ZOpn
[2020-10-15T08:59:23.966] [TRACE] file - Session {
  cookie: {
    path: '/',
    _expires: 2021-01-13T06:59:23.966Z,
    originalMaxAge: 7776000000,
    httpOnly: true,
    SameSite: 'Lax'
  },
  views: { '/': 1 },
  horodate: 2020-10-15T08:59:23.964Z,
  ip: '66.249.76.51',
  geoloc: {
    range: [ 1123634176, 1123634687 ],
    country: 'US',
    region: '',
    eu: '0',
    timezone: 'America/Chicago',
    city: '',
    ll: [ 37.751, -97.822 ],
    metro: 0,
    area: 1000
  },
  __lastAccess: 1602745163966
}
[2020-10-15T09:31:07.596] [TRACE] file - WbaxySqhlqP6hjxePAg6iYDO
[2020-10-15T09:31:07.596] [TRACE] file - Session {
  cookie: {
    path: '/',
    _expires: 2021-01-13T07:31:07.596Z,
    originalMaxAge: 7776000000,
    httpOnly: true,
    SameSite: 'Lax'
  },
  views: { '/': 1 },
  horodate: 2020-10-15T09:31:07.595Z,
  ip: '190.94.136.112',
  geoloc: {
    range: [ 3193866240, 3193868287 ],
    country: 'EC',
    region: 'A',
    eu: '0',
    timezone: 'America/Guayaquil',
    city: 'Cuenca',
    ll: [ -2.8833, -78.9833 ],
    metro: 0,
    area: 1
  },
  __lastAccess: 1602747067596
}
[2020-10-15T09:34:23.982] [TRACE] file - mXTyQ-4j2je3iWnWdSZ6-ONh
[2020-10-15T09:34:23.982] [TRACE] file - Session {
  cookie: {
    path: '/',
    _expires: 2021-01-13T07:34:23.982Z,
    originalMaxAge: 7776000000,
    httpOnly: true,
    SameSite: 'Lax'
  },
  views: { '/': 1 },
  horodate: 2020-10-15T09:34:23.980Z,
  ip: '94.183.155.25',
  geoloc: {
    range: [ 1589051392, 1589116927 ],
    country: 'IR',
    region: '',
    eu: '0',
    timezone: 'Asia/Tehran',
    city: '',
    ll: [ 35.6961, 51.4231 ],
    metro: 0,
    area: 50
  },
  __lastAccess: 1602747263982
}
[2020-10-15T09:57:59.941] [TRACE] file - 0o1VxuX3WkxapP09vA6bpAEK
[2020-10-15T09:57:59.941] [TRACE] file - Session {
  cookie: {
    path: '/',
    _expires: 2021-01-13T07:57:59.941Z,
    originalMaxAge: 7776000000,
    httpOnly: true,
    SameSite: 'Lax'
  },
  views: { '/': 1 },
  horodate: 2020-10-15T09:57:59.939Z,
  ip: '89.83.125.41',
  geoloc: {
    range: [ 1498643712, 1498643967 ],
    country: 'FR',
    region: 'OCC',
    eu: '1',
    timezone: 'Europe/Paris',
    city: 'Toulouse',
    ll: [ 43.6046, 1.4451 ],
    metro: 0,
    area: 10
  },
  __lastAccess: 1602748679941
}
[2020-10-15T10:31:46.555] [TRACE] file - uIejZyjRwpwZD_giaQ9Wt_xD
[2020-10-15T10:31:46.555] [TRACE] file - Session {
  cookie: {
    path: '/',
    _expires: 2021-01-13T08:31:46.552Z,
    originalMaxAge: 7775999997,
    httpOnly: true
  },
  views: { '/': 394, '/cv': 255, '/giftedADHD': 155 },
  horodate: 2020-10-15T10:31:46.554Z,
  geoloc: {
    range: [ 1459046400, 1459048447 ],
    country: 'FR',
    region: 'IDF',
    eu: '1',
    timezone: 'Europe/Paris',
    city: 'Paris',
    ll: [ 48.8543, 2.3527 ],
    metro: 0,
    area: 5
  },
  __lastAccess: 1602750706555,
  ip: '86.247.78.60'
}
[2020-10-15T10:36:45.123] [TRACE] file - 1bBjEShUbEVmQqSrd8zifDsF
[2020-10-15T10:36:45.123] [TRACE] file - Session {
  cookie: {
    path: '/',
    _expires: 2021-01-13T08:36:45.123Z,
    originalMaxAge: 7776000000,
    httpOnly: true,
    SameSite: 'Lax'
  },
  views: { '/': 1 },
  horodate: 2020-10-15T10:36:45.121Z,
  ip: '162.142.125.50',
  geoloc: {
    range: [ 2727231488, 2727247871 ],
    country: 'US',
    region: '',
    eu: '0',
    timezone: 'America/Chicago',
    city: '',
    ll: [ 37.751, -97.822 ],
    metro: 0,
    area: 1000
  },
  __lastAccess: 1602751005123
}
[2020-10-15T10:36:45.389] [TRACE] file - 5v7ncHVul6GcmscOeNVZ6sRu
[2020-10-15T10:36:45.389] [TRACE] file - Session {
  cookie: {
    path: '/',
    _expires: 2021-01-13T08:36:45.389Z,
    originalMaxAge: 7776000000,
    httpOnly: true,
    SameSite: 'Lax'
  },
  views: { '/': 1 },
  horodate: 2020-10-15T10:36:45.385Z,
  ip: '162.142.125.50',
  geoloc: {
    range: [ 2727231488, 2727247871 ],
    country: 'US',
    region: '',
    eu: '0',
    timezone: 'America/Chicago',
    city: '',
    ll: [ 37.751, -97.822 ],
    metro: 0,
    area: 1000
  },
  __lastAccess: 1602751005389
}
[2020-10-15T10:51:24.470] [TRACE] file - -DBeYw4KgY1Sr8Ip_nUeAhac
[2020-10-15T10:51:24.471] [TRACE] file - Session {
  cookie: {
    path: '/',
    _expires: 2021-01-13T08:51:24.468Z,
    originalMaxAge: 7776000000,
    httpOnly: true,
    SameSite: 'Lax'
  },
  views: { '/': 1 },
  horodate: 2020-10-15T10:51:24.462Z,
  ip: '5.202.143.73',
  geoloc: {
    range: [ 97157120, 97165311 ],
    country: 'IR',
    region: '',
    eu: '0',
    timezone: 'Asia/Tehran',
    city: '',
    ll: [ 35.6961, 51.4231 ],
    metro: 0,
    area: 50
  },
  __lastAccess: 1602751884468
}
[2020-10-15T11:17:20.074] [TRACE] file - j6-FA_tG0pQDKZS2gUVLQG48
[2020-10-15T11:17:20.074] [TRACE] file - Session {
  cookie: {
    path: '/',
    _expires: 2021-01-13T09:17:20.074Z,
    originalMaxAge: 7776000000,
    httpOnly: true,
    SameSite: 'Lax'
  },
  views: { '/': 1 },
  horodate: 2020-10-15T11:17:20.070Z,
  ip: '109.94.120.118',
  geoloc: {
    range: [ 1834907648, 1834908159 ],
    country: 'RS',
    region: '',
    eu: '0',
    timezone: 'Europe/Belgrade',
    city: '',
    ll: [ 44, 21 ],
    metro: 0,
    area: 50
  },
  __lastAccess: 1602753440074
}
[2020-10-15T11:49:03.993] [TRACE] file - qEDA1rBD9ygyxMhT4zLwa2qN
[2020-10-15T11:49:03.993] [TRACE] file - Session {
  cookie: {
    path: '/',
    _expires: 2021-01-13T09:49:03.993Z,
    originalMaxAge: 7776000000,
    httpOnly: true,
    SameSite: 'Lax'
  },
  views: { '/': 1 },
  horodate: 2020-10-15T11:49:03.991Z,
  ip: '139.162.119.197',
  geoloc: {
    range: [ 2342674432, 2342682623 ],
    country: 'JP',
    region: '13',
    eu: '0',
    timezone: 'Asia/Tokyo',
    city: 'Tokyo',
    ll: [ 35.6882, 139.7532 ],
    metro: 0,
    area: 100
  },
  __lastAccess: 1602755343993
}
[2020-10-15T12:00:56.878] [TRACE] file - qxYvqek_YFEEKgmV-owZBCR3
[2020-10-15T12:00:56.878] [TRACE] file - Session {
  cookie: {
    path: '/',
    _expires: 2021-01-13T10:00:56.877Z,
    originalMaxAge: 7776000000,
    httpOnly: true,
    SameSite: 'Lax'
  },
  views: { '/': 1 },
  horodate: 2020-10-15T12:00:56.874Z,
  ip: '185.39.11.105',
  geoloc: {
    range: [ 3106342912, 3106343935 ],
    country: 'CH',
    region: '',
    eu: '0',
    timezone: 'Europe/Zurich',
    city: '',
    ll: [ 47.1449, 8.1551 ],
    metro: 0,
    area: 100
  },
  __lastAccess: 1602756056877
}
[2020-10-15T12:46:38.629] [TRACE] file - 4GihFodmgzcN-xqLSSBRQMkf
[2020-10-15T12:46:38.629] [TRACE] file - Session {
  cookie: {
    path: '/',
    _expires: 2021-01-13T10:46:38.628Z,
    originalMaxAge: 7776000000,
    httpOnly: true,
    SameSite: 'Lax'
  },
  views: { '/': 1 },
  horodate: 2020-10-15T12:46:38.626Z,
  ip: '185.100.32.15',
  geoloc: {
    range: [ 3110346752, 3110346879 ],
    country: 'IT',
    region: '67',
    eu: '1',
    timezone: 'Europe/Rome',
    city: 'Bojano',
    ll: [ 41.4853, 14.4707 ],
    metro: 0,
    area: 20
  },
  __lastAccess: 1602758798628
}
[2020-10-15T13:01:48.554] [TRACE] file - R9aI4gM8lmWsbysqNKKLclRw
[2020-10-15T13:01:48.554] [TRACE] file - Session {
  cookie: {
    path: '/',
    _expires: 2021-01-13T11:01:48.554Z,
    originalMaxAge: 7776000000,
    httpOnly: true,
    SameSite: 'Lax'
  },
  views: { '/': 1 },
  horodate: 2020-10-15T13:01:48.552Z,
  ip: '193.27.228.27',
  geoloc: null,
  __lastAccess: 1602759708554
}
[2020-10-15T13:12:18.201] [TRACE] file - HwmQPwt0QfQfjM4lraNDLlfw
[2020-10-15T13:12:18.201] [TRACE] file - Session {
  cookie: {
    path: '/',
    _expires: 2021-01-13T11:12:18.200Z,
    originalMaxAge: 7776000000,
    httpOnly: true,
    SameSite: 'Lax'
  },
  views: { '/': 1 },
  horodate: 2020-10-15T13:12:18.199Z,
  ip: '193.27.228.27',
  geoloc: null,
  __lastAccess: 1602760338200
}
[2020-10-15T14:05:40.331] [TRACE] file - RmJqurneSqPjGzGksSYM4hXt
[2020-10-15T14:05:40.331] [TRACE] file - Session {
  cookie: {
    path: '/',
    _expires: 2021-01-13T12:05:40.331Z,
    originalMaxAge: 7776000000,
    httpOnly: true,
    SameSite: 'Lax'
  },
  views: { '/': 1 },
  horodate: 2020-10-15T14:05:40.328Z,
  ip: '45.152.164.47',
  geoloc: null,
  __lastAccess: 1602763540331
}
[2020-10-15T14:30:13.454] [TRACE] file - nOBf6Fv7omM3AyOlkHyKOLR9
[2020-10-15T14:30:13.454] [TRACE] file - Session {
  cookie: {
    path: '/',
    _expires: 2021-01-13T12:30:13.454Z,
    originalMaxAge: 7776000000,
    httpOnly: true,
    SameSite: 'Lax'
  },
  views: { '/': 1 },
  horodate: 2020-10-15T14:30:13.451Z,
  ip: '34.241.152.39',
  geoloc: {
    range: [ 586153984, 586416127 ],
    country: 'IE',
    region: 'L',
    eu: '1',
    timezone: 'Europe/Dublin',
    city: 'Dublin',
    ll: [ 53.3338, -6.2488 ],
    metro: 0,
    area: 200
  },
  __lastAccess: 1602765013454
}
[2020-10-15T14:59:12.831] [TRACE] file - Uw8IfHUsRvd3uMbWNqq9TbJc
[2020-10-15T14:59:12.831] [TRACE] file - Session {
  cookie: {
    path: '/',
    _expires: 2021-01-13T12:59:12.829Z,
    originalMaxAge: 7775999999,
    httpOnly: true
  },
  views: { '/': 237, '/cv': 87, '/giftedADHD': 75 },
  horodate: 2020-10-15T14:59:12.829Z,
  ip: '86.247.78.60',
  geoloc: {
    range: [ 1459046400, 1459048447 ],
    country: 'FR',
    region: 'IDF',
    eu: '1',
    timezone: 'Europe/Paris',
    city: 'Paris',
    ll: [ 48.8543, 2.3527 ],
    metro: 0,
    area: 5
  },
  __lastAccess: 1602766752830
}
[2020-10-15T15:32:43.494] [TRACE] file - PY3mqI-UnjGDJbVtPCTu-ZAn
[2020-10-15T15:32:43.494] [TRACE] file - Session {
  cookie: {
    path: '/',
    _expires: 2021-01-13T13:32:43.493Z,
    originalMaxAge: 7776000000,
    httpOnly: true,
    SameSite: 'Lax'
  },
  views: { '/': 1 },
  horodate: 2020-10-15T15:32:43.492Z,
  ip: '34.241.152.39',
  geoloc: {
    range: [ 586153984, 586416127 ],
    country: 'IE',
    region: 'L',
    eu: '1',
    timezone: 'Europe/Dublin',
    city: 'Dublin',
    ll: [ 53.3338, -6.2488 ],
    metro: 0,
    area: 200
  },
  __lastAccess: 1602768763493
}
[2020-10-15T15:37:06.475] [TRACE] file - _OaiUiNVbB44Ke9iOXJ8DEn3
[2020-10-15T15:37:06.475] [TRACE] file - Session {
  cookie: {
    path: '/',
    _expires: 2021-01-13T13:37:06.475Z,
    originalMaxAge: 7776000000,
    httpOnly: true,
    SameSite: 'Lax'
  },
  views: { '/': 1 },
  horodate: 2020-10-15T15:37:06.473Z,
  ip: '128.14.133.58',
  geoloc: {
    range: [ 2148433920, 2148435967 ],
    country: 'US',
    region: 'CA',
    eu: '0',
    timezone: 'America/Los_Angeles',
    city: 'Arcadia',
    ll: [ 34.1397, -118.0353 ],
    metro: 803,
    area: 500
  },
  __lastAccess: 1602769026475
}
[2020-10-15T16:05:17.509] [TRACE] file - CmaxxGlFjzJOdjEZHRKsHS1x
[2020-10-15T16:05:17.509] [TRACE] file - Session {
  cookie: {
    path: '/',
    _expires: 2021-01-13T14:05:17.508Z,
    originalMaxAge: 7776000000,
    httpOnly: true,
    SameSite: 'Lax'
  },
  views: { '/': 1 },
  horodate: 2020-10-15T16:05:17.502Z,
  ip: '122.117.49.190',
  geoloc: {
    range: [ 2054500352, 2054504447 ],
    country: 'TW',
    region: 'TXG',
    eu: '0',
    timezone: 'Asia/Taipei',
    city: 'Taichung',
    ll: [ 24.1469, 120.6839 ],
    metro: 0,
    area: 1
  },
  __lastAccess: 1602770717508
}
[2020-10-15T16:30:12.563] [TRACE] file - LseSiKBqG1fvKJT3Hqf7NBXx
[2020-10-15T16:30:12.563] [TRACE] file - Session {
  cookie: {
    path: '/',
    _expires: 2021-01-13T14:30:12.562Z,
    originalMaxAge: 7776000000,
    httpOnly: true,
    SameSite: 'Lax'
  },
  views: { '/': 1 },
  horodate: 2020-10-15T16:30:12.560Z,
  ip: '92.184.105.188',
  geoloc: {
    range: [ 1555589120, 1555590143 ],
    country: 'FR',
    region: 'IDF',
    eu: '1',
    timezone: 'Europe/Paris',
    city: 'Paris',
    ll: [ 48.8543, 2.3527 ],
    metro: 0,
    area: 200
  },
  __lastAccess: 1602772212562
}
[2020-10-15T16:32:04.218] [TRACE] file - Session {
  cookie: {
    path: '/',
    _expires: 2021-01-13T14:32:04.217Z,
    originalMaxAge: 7776000000,
    httpOnly: true
  },
  views: { '/': 1, '/cv': 1 },
  horodate: 2020-10-15T16:32:04.212Z,
  ip: '92.184.105.188',
  geoloc: {
    range: [ 1555589120, 1555590143 ],
    country: 'FR',
    region: 'IDF',
    eu: '1',
    timezone: 'Europe/Paris',
    city: 'Paris',
    ll: [ 48.8543, 2.3527 ],
    metro: 0,
    area: 200
  },
  __lastAccess: 1602772324217
}
[2020-10-15T16:32:15.919] [TRACE] file - Session {
  cookie: {
    path: '/',
    _expires: 2021-01-13T14:32:15.919Z,
    originalMaxAge: 7776000000,
    httpOnly: true
  },
  views: { '/': 1, '/cv': 1, '/giftedADHD': 1 },
  horodate: 2020-10-15T16:32:15.913Z,
  ip: '92.184.105.188',
  geoloc: {
    range: [ 1555589120, 1555590143 ],
    country: 'FR',
    region: 'IDF',
    eu: '1',
    timezone: 'Europe/Paris',
    city: 'Paris',
    ll: [ 48.8543, 2.3527 ],
    metro: 0,
    area: 200
  },
  __lastAccess: 1602772335919
}
[2020-10-15T16:58:11.379] [TRACE] file - UbNkW2XprmgIHsoO42FzKvZ6
[2020-10-15T16:58:11.379] [TRACE] file - Session {
  cookie: {
    path: '/',
    _expires: 2021-01-13T14:58:11.378Z,
    originalMaxAge: 7776000000,
    httpOnly: true,
    SameSite: 'Lax'
  },
  views: { '/': 1 },
  horodate: 2020-10-15T16:58:11.376Z,
  ip: '104.248.33.135',
  geoloc: {
    range: [ 1761091584, 1761095679 ],
    country: 'DE',
    region: 'HE',
    eu: '1',
    timezone: 'Europe/Berlin',
    city: 'Frankfurt am Main',
    ll: [ 50.1188, 8.6843 ],
    metro: 0,
    area: 1000
  },
  __lastAccess: 1602773891378
}
[2020-10-15T17:35:56.853] [TRACE] file - Uw8IfHUsRvd3uMbWNqq9TbJc
[2020-10-15T17:35:56.853] [TRACE] file - Session {
  cookie: {
    path: '/',
    _expires: 2021-01-13T15:35:56.851Z,
    originalMaxAge: 7775999999,
    httpOnly: true
  },
  views: { '/': 238, '/cv': 87, '/giftedADHD': 75 },
  horodate: 2020-10-15T17:35:56.851Z,
  ip: '86.247.78.60',
  geoloc: {
    range: [ 1459046400, 1459048447 ],
    country: 'FR',
    region: 'IDF',
    eu: '1',
    timezone: 'Europe/Paris',
    city: 'Paris',
    ll: [ 48.8543, 2.3527 ],
    metro: 0,
    area: 5
  },
  __lastAccess: 1602776156852
}
[2020-10-15T17:36:03.534] [TRACE] file - Session {
  cookie: {
    path: '/',
    _expires: 2021-01-13T15:36:03.532Z,
    originalMaxAge: 7775999999,
    httpOnly: true
  },
  views: { '/': 238, '/cv': 88, '/giftedADHD': 75 },
  horodate: 2020-10-15T17:36:03.532Z,
  ip: '86.247.78.60',
  geoloc: {
    range: [ 1459046400, 1459048447 ],
    country: 'FR',
    region: 'IDF',
    eu: '1',
    timezone: 'Europe/Paris',
    city: 'Paris',
    ll: [ 48.8543, 2.3527 ],
    metro: 0,
    area: 5
  },
  __lastAccess: 1602776163534
}
[2020-10-15T17:36:05.270] [TRACE] file - Session {
  cookie: {
    path: '/',
    _expires: 2021-01-13T15:36:05.269Z,
    originalMaxAge: 7775999999,
    httpOnly: true
  },
  views: { '/': 238, '/cv': 88, '/giftedADHD': 76 },
  horodate: 2020-10-15T17:36:05.267Z,
  ip: '86.247.78.60',
  geoloc: {
    range: [ 1459046400, 1459048447 ],
    country: 'FR',
    region: 'IDF',
    eu: '1',
    timezone: 'Europe/Paris',
    city: 'Paris',
    ll: [ 48.8543, 2.3527 ],
    metro: 0,
    area: 5
  },
  __lastAccess: 1602776165270
}
[2020-10-15T17:36:07.945] [TRACE] file - Uw8IfHUsRvd3uMbWNqq9TbJc
[2020-10-15T17:36:07.945] [TRACE] file - Session {
  cookie: {
    path: '/',
    _expires: 2021-01-13T15:36:07.943Z,
    originalMaxAge: 7775999999,
    httpOnly: true
  },
  views: { '/': 239, '/cv': 88, '/giftedADHD': 76 },
  horodate: 2020-10-15T17:36:07.939Z,
  ip: '86.247.78.60',
  geoloc: {
    range: [ 1459046400, 1459048447 ],
    country: 'FR',
    region: 'IDF',
    eu: '1',
    timezone: 'Europe/Paris',
    city: 'Paris',
    ll: [ 48.8543, 2.3527 ],
    metro: 0,
    area: 5
  },
  __lastAccess: 1602776167944
}
[2020-10-15T17:55:30.506] [TRACE] file - -OAWAEGRn3IAVSIjonuoACxz
[2020-10-15T17:55:30.506] [TRACE] file - Session {
  cookie: {
    path: '/',
    _expires: 2021-01-13T15:55:30.505Z,
    originalMaxAge: 7776000000,
    httpOnly: true,
    SameSite: 'Lax'
  },
  views: { '/': 1 },
  horodate: 2020-10-15T17:55:30.494Z,
  ip: '37.204.235.6',
  geoloc: {
    range: [ 634185728, 634187775 ],
    country: 'RU',
    region: 'MOW',
    eu: '0',
    timezone: 'Europe/Moscow',
    city: 'Moscow',
    ll: [ 55.7527, 37.6172 ],
    metro: 0,
    area: 1
  },
  __lastAccess: 1602777330505
}
[2020-10-15T18:12:12.973] [TRACE] file - Imx25zcZahXUSssZJJCJGFow
[2020-10-15T18:12:12.973] [TRACE] file - Session {
  cookie: {
    path: '/',
    _expires: 2021-01-13T16:12:12.972Z,
    originalMaxAge: 7776000000,
    httpOnly: true,
    SameSite: 'Lax'
  },
  views: { '/': 1 },
  horodate: 2020-10-15T18:12:12.961Z,
  ip: '109.160.87.2',
  geoloc: {
    range: [ 1839223808, 1839224831 ],
    country: 'BG',
    region: '',
    eu: '1',
    timezone: 'Europe/Sofia',
    city: '',
    ll: [ 42.7, 23.3333 ],
    metro: 0,
    area: 200
  },
  __lastAccess: 1602778332972
}
[2020-10-15T18:17:01.890] [TRACE] file - 0GQ_nRcZM5rUoTctP7jgcH2q
[2020-10-15T18:17:01.890] [TRACE] file - Session {
  cookie: {
    path: '/',
    _expires: 2021-01-13T16:17:01.890Z,
    originalMaxAge: 7776000000,
    httpOnly: true,
    SameSite: 'Lax'
  },
  views: { '/': 1 },
  horodate: 2020-10-15T18:17:01.879Z,
  ip: '71.6.232.9',
  geoloc: {
    range: [ 1191608320, 1191641087 ],
    country: 'US',
    region: 'CA',
    eu: '0',
    timezone: 'America/Los_Angeles',
    city: 'San Diego',
    ll: [ 32.7967, -117.1367 ],
    metro: 825,
    area: 1000
  },
  __lastAccess: 1602778621890
}
[2020-10-15T19:23:40.439] [TRACE] file - WiZcIFV8KkLln9wl6NHR46gV
[2020-10-15T19:23:40.439] [TRACE] file - Session {
  cookie: {
    path: '/',
    _expires: 2021-01-13T17:23:40.438Z,
    originalMaxAge: 7776000000,
    httpOnly: true,
    SameSite: 'Lax'
  },
  views: { '/': 1 },
  horodate: 2020-10-15T19:23:40.424Z,
  ip: '190.154.215.121',
  geoloc: {
    range: [ 3197816832, 3197818879 ],
    country: 'EC',
    region: 'I',
    eu: '0',
    timezone: 'America/Guayaquil',
    city: 'Ibarra',
    ll: [ 0.35, -78.1167 ],
    metro: 0,
    area: 1
  },
  __lastAccess: 1602782620439
}
[2020-10-15T21:25:53.976] [TRACE] file - E8mtuRGz8MD7qu3Sqg-LOh-p
[2020-10-15T21:25:53.977] [TRACE] file - Session {
  cookie: {
    path: '/',
    _expires: 2021-01-13T19:25:53.976Z,
    originalMaxAge: 7776000000,
    httpOnly: true,
    SameSite: 'Lax'
  },
  views: { '/': 1 },
  horodate: 2020-10-15T21:25:53.965Z,
  ip: '193.70.103.254',
  geoloc: {
    range: [ 3242616576, 3242616831 ],
    country: 'FR',
    region: '',
    eu: '1',
    timezone: 'Europe/Paris',
    city: '',
    ll: [ 48.8582, 2.3387 ],
    metro: 0,
    area: 500
  },
  __lastAccess: 1602789953976
}
[2020-10-15T21:25:53.982] [TRACE] file - 49ZL7frnubzQ2dr9-we1t4Iw
[2020-10-15T21:25:53.982] [TRACE] file - Session {
  cookie: {
    path: '/',
    _expires: 2021-01-13T19:25:53.982Z,
    originalMaxAge: 7776000000,
    httpOnly: true,
    SameSite: 'Lax'
  },
  views: { '/': 1 },
  horodate: 2020-10-15T21:25:53.979Z,
  ip: '51.89.255.22',
  geoloc: {
    range: [ 861534208, 861536255 ],
    country: 'FR',
    region: '',
    eu: '1',
    timezone: 'Europe/Paris',
    city: '',
    ll: [ 48.8582, 2.3387 ],
    metro: 0,
    area: 500
  },
  __lastAccess: 1602789953982
}
[2020-10-15T21:25:53.989] [TRACE] file - Xt5BON7QHlBW6MJ-sDTCyXjC
[2020-10-15T21:25:53.989] [TRACE] file - Session {
  cookie: {
    path: '/',
    _expires: 2021-01-13T19:25:53.989Z,
    originalMaxAge: 7776000000,
    httpOnly: true,
    SameSite: 'Lax'
  },
  views: { '/': 1 },
  horodate: 2020-10-15T21:25:53.987Z,
  ip: '54.37.100.106',
  geoloc: {
    range: [ 908420096, 908420223 ],
    country: 'IT',
    region: '',
    eu: '1',
    timezone: 'Europe/Rome',
    city: '',
    ll: [ 43.1479, 12.1097 ],
    metro: 0,
    area: 500
  },
  __lastAccess: 1602789953989
}
[2020-10-15T22:01:15.154] [TRACE] file - 8lP87Kuf-Er6XJPTowA7mc_O
[2020-10-15T22:01:15.155] [TRACE] file - Session {
  cookie: {
    path: '/',
    _expires: 2021-01-13T20:01:15.154Z,
    originalMaxAge: 7776000000,
    httpOnly: true,
    SameSite: 'Lax'
  },
  views: { '/': 1 },
  horodate: 2020-10-15T22:01:15.141Z,
  ip: '36.37.208.93',
  geoloc: {
    range: [ 606457856, 606459903 ],
    country: 'KH',
    region: '',
    eu: '0',
    timezone: 'Asia/Phnom_Penh',
    city: '',
    ll: [ 13, 105 ],
    metro: 0,
    area: 50
  },
  __lastAccess: 1602792075154
}
[2020-10-15T22:37:19.726] [TRACE] file - dtwxvfLnoPLuaah8lbX44hhU
[2020-10-15T22:37:19.726] [TRACE] file - Session {
  cookie: {
    path: '/',
    _expires: 2021-01-13T20:37:19.726Z,
    originalMaxAge: 7776000000,
    httpOnly: true,
    SameSite: 'Lax'
  },
  views: { '/': 1 },
  horodate: 2020-10-15T22:37:19.724Z,
  ip: '191.242.140.14',
  geoloc: {
    range: [ 3220343808, 3220344831 ],
    country: 'BR',
    region: 'SP',
    eu: '0',
    timezone: 'America/Sao_Paulo',
    city: "Santa Barbara d'Oeste",
    ll: [ -22.7958, -47.4396 ],
    metro: 0,
    area: 10
  },
  __lastAccess: 1602794239726
}
[2020-10-16T00:30:17.718] [TRACE] file - o8KwTVse2pf7rhM8dwoDocqc
[2020-10-16T00:30:17.718] [TRACE] file - Session {
  cookie: {
    path: '/',
    _expires: 2021-01-13T22:30:17.717Z,
    originalMaxAge: 7776000000,
    httpOnly: true,
    SameSite: 'Lax'
  },
  views: { '/': 1 },
  horodate: 2020-10-15T00:30:17.675Z,
  ip: '192.241.231.17',
  geoloc: {
    range: [ 3237076992, 3237081087 ],
    country: 'US',
    region: 'CA',
    eu: '0',
    timezone: 'America/Los_Angeles',
    city: 'San Francisco',
    ll: [ 37.7353, -122.3732 ],
    metro: 807,
    area: 1000
  },
  __lastAccess: 1602801017717
}
[2020-10-16T00:40:22.883] [TRACE] file - uIejZyjRwpwZD_giaQ9Wt_xD
[2020-10-16T00:40:22.883] [TRACE] file - Session {
  cookie: {
    path: '/',
    _expires: 2021-01-13T22:40:22.879Z,
    originalMaxAge: 7775999997,
    httpOnly: true
  },
  views: { '/': 395, '/cv': 255, '/giftedADHD': 155 },
  horodate: 2020-10-15T00:40:22.832Z,
  geoloc: {
    range: [ 1459046400, 1459048447 ],
    country: 'FR',
    region: 'IDF',
    eu: '1',
    timezone: 'Europe/Paris',
    city: 'Paris',
    ll: [ 48.8543, 2.3527 ],
    metro: 0,
    area: 5
  },
  __lastAccess: 1602801622882,
  ip: '86.247.78.60'
}
[2020-10-16T00:41:01.313] [TRACE] file - Session {
  cookie: {
    path: '/',
    _expires: 2021-01-13T22:41:01.309Z,
    originalMaxAge: 7775999997,
    httpOnly: true
  },
  views: { '/': 395, '/cv': 256, '/giftedADHD': 155 },
  horodate: 2020-10-15T00:41:01.309Z,
  geoloc: {
    range: [ 1459046400, 1459048447 ],
    country: 'FR',
    region: 'IDF',
    eu: '1',
    timezone: 'Europe/Paris',
    city: 'Paris',
    ll: [ 48.8543, 2.3527 ],
    metro: 0,
    area: 5
  },
  __lastAccess: 1602801661312,
  ip: '86.247.78.60'
}
[2020-10-16T00:41:02.905] [TRACE] file - Session {
  cookie: {
    path: '/',
    _expires: 2021-01-13T22:41:02.902Z,
    originalMaxAge: 7775999997,
    httpOnly: true
  },
  views: { '/': 395, '/cv': 256, '/giftedADHD': 156 },
  horodate: 2020-10-15T00:41:02.901Z,
  geoloc: {
    range: [ 1459046400, 1459048447 ],
    country: 'FR',
    region: 'IDF',
    eu: '1',
    timezone: 'Europe/Paris',
    city: 'Paris',
    ll: [ 48.8543, 2.3527 ],
    metro: 0,
    area: 5
  },
  __lastAccess: 1602801662905,
  ip: '86.247.78.60'
}
[2020-10-16T00:46:29.073] [TRACE] file - RL0q7Yyx8zZ0RaZyZ8GxvVmz
[2020-10-16T00:46:29.073] [TRACE] file - Session {
  cookie: {
    path: '/',
    _expires: 2021-01-13T22:46:29.073Z,
    originalMaxAge: 7776000000,
    httpOnly: true,
    SameSite: 'Lax'
  },
  views: { '/': 1 },
  horodate: 2020-10-15T00:46:29.046Z,
  ip: '46.34.172.44',
  geoloc: {
    range: [ 774023168, 774025215 ],
    country: 'IR',
    region: '',
    eu: '0',
    timezone: 'Asia/Tehran',
    city: '',
    ll: [ 35.6961, 51.4231 ],
    metro: 0,
    area: 50
  },
  __lastAccess: 1602801989073
}
[2020-10-16T01:58:37.564] [TRACE] file - BJlG6QCb07U3We3tiB-SUe-o
[2020-10-16T01:58:37.564] [TRACE] file - Session {
  cookie: {
    path: '/',
    _expires: 2021-01-13T23:58:37.563Z,
    originalMaxAge: 7776000000,
    httpOnly: true,
    SameSite: 'Lax'
  },
  views: { '/': 1 },
  horodate: 2020-10-15T01:58:37.545Z,
  ip: '181.16.41.2',
  geoloc: {
    range: [ 3037735168, 3037735423 ],
    country: 'AR',
    region: 'B',
    eu: '0',
    timezone: 'America/Argentina/Buenos_Aires',
    city: 'Pilar',
    ll: [ -34.4836, -58.9319 ],
    metro: 0,
    area: 20
  },
  __lastAccess: 1602806317563
}
[2020-10-16T02:15:07.540] [TRACE] file - X23N5_pQRQh9SCqd-hPGkcFg
[2020-10-16T02:15:07.540] [TRACE] file - Session {
  cookie: {
    path: '/',
    _expires: 2021-01-14T00:15:07.539Z,
    originalMaxAge: 7776000000,
    httpOnly: true,
    SameSite: 'Lax'
  },
  views: { '/': 1 },
  horodate: 2020-10-16T02:15:07.527Z,
  ip: '92.118.160.49',
  geoloc: {
    range: [ 1551278080, 1551279103 ],
    country: 'LT',
    region: '',
    eu: '1',
    timezone: 'Europe/Vilnius',
    city: '',
    ll: [ 56, 24 ],
    metro: 0,
    area: 200
  },
  __lastAccess: 1602807307539
}
[2020-10-16T03:06:02.541] [TRACE] file - uwxaolCIeJXo0MWdTtixzmex
[2020-10-16T03:06:02.541] [TRACE] file - Session {
  cookie: {
    path: '/',
    _expires: 2021-01-14T01:06:02.541Z,
    originalMaxAge: 7776000000,
    httpOnly: true,
    SameSite: 'Lax'
  },
  views: { '/': 1 },
  horodate: 2020-10-16T03:06:02.539Z,
  ip: '193.27.228.27',
  geoloc: null,
  __lastAccess: 1602810362541
}
[2020-10-16T03:16:35.627] [TRACE] file - LQReHd0tM4dPSBLDSB4--HZf
[2020-10-16T03:16:35.627] [TRACE] file - Session {
  cookie: {
    path: '/',
    _expires: 2021-01-14T01:16:35.627Z,
    originalMaxAge: 7776000000,
    httpOnly: true,
    SameSite: 'Lax'
  },
  views: { '/': 1 },
  horodate: 2020-10-16T03:16:35.626Z,
  ip: '193.27.228.27',
  geoloc: null,
  __lastAccess: 1602810995627
}
[2020-10-16T04:04:19.561] [TRACE] file - OR5Sp2c4OJvyfQEjhjrWLwO7
[2020-10-16T04:04:19.561] [TRACE] file - Session {
  cookie: {
    path: '/',
    _expires: 2021-01-14T02:04:19.560Z,
    originalMaxAge: 7776000000,
    httpOnly: true,
    SameSite: 'Lax'
  },
  views: { '/': 1 },
  horodate: 2020-10-16T04:04:19.541Z,
  ip: '83.97.20.30',
  geoloc: {
    range: [ 1398871040, 1398871295 ],
    country: 'RO',
    region: 'B',
    eu: '1',
    timezone: 'Europe/Bucharest',
    city: 'Bucharest',
    ll: [ 44.418, 26.1691 ],
    metro: 0,
    area: 200
  },
  __lastAccess: 1602813859561
}
[2020-10-16T04:28:16.056] [TRACE] file - 14FjMZiv5oR-4GwE0rw_G_R1
[2020-10-16T04:28:16.056] [TRACE] file - Session {
  cookie: {
    path: '/',
    _expires: 2021-01-14T02:28:16.056Z,
    originalMaxAge: 7776000000,
    httpOnly: true,
    SameSite: 'Lax'
  },
  views: { '/': 1 },
  horodate: 2020-10-16T04:28:16.046Z,
  ip: '45.236.222.221',
  geoloc: {
    range: [ 770497536, 770498559 ],
    country: 'BR',
    region: 'AM',
    eu: '0',
    timezone: 'America/Manaus',
    city: 'Manaus',
    ll: [ -3.1145, -60.0278 ],
    metro: 0,
    area: 50
  },
  __lastAccess: 1602815296056
}
[2020-10-16T04:33:55.844] [TRACE] file - -vgS4W7gIid4gZO_QnKamUps
[2020-10-16T04:33:55.844] [TRACE] file - Session {
  cookie: {
    path: '/',
    _expires: 2021-01-14T02:33:55.843Z,
    originalMaxAge: 7776000000,
    httpOnly: true,
    SameSite: 'Lax'
  },
  views: { '/': 1 },
  horodate: 2020-10-16T04:33:55.828Z,
  ip: '91.193.5.58',
  geoloc: {
    range: [ 1539376128, 1539377151 ],
    country: 'RO',
    region: '',
    eu: '1',
    timezone: 'Europe/Bucharest',
    city: '',
    ll: [ 46, 25 ],
    metro: 0,
    area: 200
  },
  __lastAccess: 1602815635843
}
[2020-10-16T04:37:53.764] [TRACE] file - 1QLgVeeM5GuVrXdEN5O8BiFT
[2020-10-16T04:37:53.764] [TRACE] file - Session {
  cookie: {
    path: '/',
    _expires: 2021-01-14T02:37:53.763Z,
    originalMaxAge: 7776000000,
    httpOnly: true,
    SameSite: 'Lax'
  },
  views: { '/': 1 },
  horodate: 2020-10-16T04:37:53.762Z,
  ip: '128.14.133.58',
  geoloc: {
    range: [ 2148433920, 2148435967 ],
    country: 'US',
    region: 'CA',
    eu: '0',
    timezone: 'America/Los_Angeles',
    city: 'Arcadia',
    ll: [ 34.1397, -118.0353 ],
    metro: 803,
    area: 500
  },
  __lastAccess: 1602815873763
}
[2020-10-16T04:56:22.949] [TRACE] file - lSI8JKi7Ro73hBeLnBBPWNBf
[2020-10-16T04:56:22.949] [TRACE] file - Session {
  cookie: {
    path: '/',
    _expires: 2021-01-14T02:56:22.948Z,
    originalMaxAge: 7776000000,
    httpOnly: true,
    SameSite: 'Lax'
  },
  views: { '/': 1 },
  horodate: 2020-10-16T04:56:22.939Z,
  ip: '162.142.125.52',
  geoloc: {
    range: [ 2727231488, 2727247871 ],
    country: 'US',
    region: '',
    eu: '0',
    timezone: 'America/Chicago',
    city: '',
    ll: [ 37.751, -97.822 ],
    metro: 0,
    area: 1000
  },
  __lastAccess: 1602816982948
}
[2020-10-16T04:56:23.156] [TRACE] file - YzzZrZQk41_sh3VlsroPMZFN
[2020-10-16T04:56:23.156] [TRACE] file - Session {
  cookie: {
    path: '/',
    _expires: 2021-01-14T02:56:23.155Z,
    originalMaxAge: 7776000000,
    httpOnly: true,
    SameSite: 'Lax'
  },
  views: { '/': 1 },
  horodate: 2020-10-16T04:56:23.154Z,
  ip: '162.142.125.52',
  geoloc: {
    range: [ 2727231488, 2727247871 ],
    country: 'US',
    region: '',
    eu: '0',
    timezone: 'America/Chicago',
    city: '',
    ll: [ 37.751, -97.822 ],
    metro: 0,
    area: 1000
  },
  __lastAccess: 1602816983155
}
[2020-10-16T06:59:07.179] [TRACE] file - jYVYxMhROx5NY3vEiNuf7MrO
[2020-10-16T06:59:07.179] [TRACE] file - Session {
  cookie: {
    path: '/',
    _expires: 2021-01-14T04:59:07.179Z,
    originalMaxAge: 7776000000,
    httpOnly: true,
    SameSite: 'Lax'
  },
  views: { '/': 1 },
  horodate: 2020-10-16T06:59:07.167Z,
  ip: '122.168.125.227',
  geoloc: {
    range: [ 2057862144, 2057862655 ],
    country: 'IN',
    region: 'MP',
    eu: '0',
    timezone: 'Asia/Kolkata',
    city: 'Indore',
    ll: [ 22.7177, 75.8586 ],
    metro: 0,
    area: 1
  },
  __lastAccess: 1602824347179
}
[2020-10-16T07:15:50.978] [TRACE] file - 6skecna-yHnuYQ8qQrwjGRmR
[2020-10-16T07:15:50.978] [TRACE] file - Session {
  cookie: {
    path: '/',
    _expires: 2021-01-14T05:15:50.977Z,
    originalMaxAge: 7776000000,
    httpOnly: true,
    SameSite: 'Lax'
  },
  views: { '/': 1 },
  horodate: 2020-10-16T07:15:50.963Z,
  ip: '54.167.226.168',
  geoloc: {
    range: [ 916848640, 916979711 ],
    country: 'US',
    region: 'VA',
    eu: '0',
    timezone: 'America/New_York',
    city: 'Ashburn',
    ll: [ 39.0481, -77.4728 ],
    metro: 511,
    area: 1000
  },
  __lastAccess: 1602825350977
}
[2020-10-16T07:42:37.997] [TRACE] file - 3krcyFBNt7t95dYT6GREVesg
[2020-10-16T07:42:37.998] [TRACE] file - Session {
  cookie: {
    path: '/',
    _expires: 2021-01-14T05:42:37.997Z,
    originalMaxAge: 7776000000,
    httpOnly: true,
    SameSite: 'Lax'
  },
  views: { '/': 1 },
  horodate: 2020-10-16T07:42:37.987Z,
  ip: '51.15.184.151',
  geoloc: {
    range: [ 856653824, 856686591 ],
    country: 'FR',
    region: '',
    eu: '1',
    timezone: 'Europe/Paris',
    city: '',
    ll: [ 48.8582, 2.3387 ],
    metro: 0,
    area: 500
  },
  __lastAccess: 1602826957997
}
[2020-10-16T08:27:34.752] [TRACE] file - fXJF2lqYeJ7Lz0bsFO4-darw
[2020-10-16T08:27:34.752] [TRACE] file - Session {
  cookie: {
    path: '/',
    _expires: 2021-01-14T06:27:34.752Z,
    originalMaxAge: 7776000000,
    httpOnly: true,
    SameSite: 'Lax'
  },
  views: { '/': 1 },
  horodate: 2020-10-16T08:27:34.749Z,
  ip: '196.52.43.129',
  geoloc: {
    range: [ 3291753216, 3291753471 ],
    country: 'US',
    region: 'NJ',
    eu: '0',
    timezone: 'America/New_York',
    city: 'Edison',
    ll: [ 40.4981, -74.3194 ],
    metro: 501,
    area: 500
  },
  __lastAccess: 1602829654752
}
[2020-10-16T09:08:09.824] [TRACE] file - uDdrxMPTZDemZ9N659oFs4-o
[2020-10-16T09:08:09.824] [TRACE] file - Session {
  cookie: {
    path: '/',
    _expires: 2021-01-14T07:08:09.823Z,
    originalMaxAge: 7776000000,
    httpOnly: true,
    SameSite: 'Lax'
  },
  views: { '/': 1 },
  horodate: 2020-10-16T09:08:09.822Z,
  ip: '51.89.252.252',
  geoloc: {
    range: [ 861534208, 861536255 ],
    country: 'FR',
    region: '',
    eu: '1',
    timezone: 'Europe/Paris',
    city: '',
    ll: [ 48.8582, 2.3387 ],
    metro: 0,
    area: 500
  },
  __lastAccess: 1602832089823
}
[2020-10-16T10:48:27.158] [TRACE] file - 5PU5AsdVT2x7coAE6eVk97SQ
[2020-10-16T10:48:27.158] [TRACE] file - Session {
  cookie: {
    path: '/',
    _expires: 2021-01-14T08:48:27.157Z,
    originalMaxAge: 7776000000,
    httpOnly: true,
    SameSite: 'Lax'
  },
  views: { '/': 1 },
  horodate: 2020-10-16T10:48:27.149Z,
  ip: '167.248.133.52',
  geoloc: {
    range: [ 2818080768, 2818113535 ],
    country: 'US',
    region: '',
    eu: '0',
    timezone: 'America/Chicago',
    city: '',
    ll: [ 37.751, -97.822 ],
    metro: 0,
    area: 1000
  },
  __lastAccess: 1602838107157
}
[2020-10-16T10:48:27.387] [TRACE] file - cxc1iGhFE5HLpGUEEO9yjxND
[2020-10-16T10:48:27.387] [TRACE] file - Session {
  cookie: {
    path: '/',
    _expires: 2021-01-14T08:48:27.386Z,
    originalMaxAge: 7776000000,
    httpOnly: true,
    SameSite: 'Lax'
  },
  views: { '/': 1 },
  horodate: 2020-10-16T10:48:27.382Z,
  ip: '167.248.133.52',
  geoloc: {
    range: [ 2818080768, 2818113535 ],
    country: 'US',
    region: '',
    eu: '0',
    timezone: 'America/Chicago',
    city: '',
    ll: [ 37.751, -97.822 ],
    metro: 0,
    area: 1000
  },
  __lastAccess: 1602838107386
}
