Mon Aug 02 2021 13:34:57 GMT+0200 (GMT+02:00)[2020-08-02T13:34:57.980] [TRACE] file - qwjKybwKfdg1q2SjN0wHBrzh
[2020-08-02T13:34:57.981] [TRACE] file - Session {
  cookie: {
    path: '/',
    _expires: 2020-10-31T11:34:57.977Z,
    originalMaxAge: 7776000000,
    httpOnly: true,
    SameSite: 'Lax'
  },
  views: { '/': 1 },
  horodate: 2020-08-02T13:34:57.967Z,
  ip: '127.0.0.1',
  geoloc: null,
  __lastAccess: 1596368097977
}
[2020-08-02T13:35:38.122] [TRACE] file - Session {
  cookie: {
    path: '/',
    _expires: 2020-10-31T11:35:38.122Z,
    originalMaxAge: 7776000000,
    httpOnly: true
  },
  views: { '/': 1, '/cv': 1 },
  horodate: 2020-08-02T13:35:38.120Z,
  ip: '127.0.0.1',
  geoloc: null,
  __lastAccess: 1596368138122
}
[2020-08-02T13:35:43.712] [TRACE] file - Session {
  cookie: {
    path: '/',
    _expires: 2020-10-31T11:35:43.712Z,
    originalMaxAge: 7776000000,
    httpOnly: true
  },
  views: { '/': 1, '/cv': 1, '/giftedADHD': 1 },
  horodate: 2020-08-02T13:35:43.709Z,
  ip: '127.0.0.1',
  geoloc: null,
  __lastAccess: 1596368143712
}
[2020-08-02T13:36:09.343] [TRACE] file - qwjKybwKfdg1q2SjN0wHBrzh
[2020-08-02T13:36:09.343] [TRACE] file - Session {
  cookie: {
    path: '/',
    _expires: 2020-10-31T11:36:09.343Z,
    originalMaxAge: 7776000000,
    httpOnly: true
  },
  views: { '/': 2, '/cv': 1, '/giftedADHD': 1 },
  horodate: 2020-08-02T13:36:09.341Z,
  ip: '127.0.0.1',
  geoloc: null,
  __lastAccess: 1596368169343
}
