Sun Oct 10 2021 10:39:28 GMT+0200 (GMT+02:00)[2020-10-10T11:51:22.805] [TRACE] file - bmCzr-ecFvN6xdcGHczNk5Lu
[2020-10-10T11:51:22.806] [TRACE] file - Session {
  cookie: {
    path: '/',
    _expires: 2021-01-08T09:51:22.805Z,
    originalMaxAge: 7776000000,
    httpOnly: true,
    SameSite: 'Lax'
  },
  views: { '/': 1 },
  horodate: 2020-10-10T11:51:22.802Z,
  ip: '116.85.70.114',
  geoloc: {
    range: [ 1951727616, 1951793151 ],
    country: 'CN',
    region: 'BJ',
    eu: '0',
    timezone: 'Asia/Shanghai',
    city: '',
    ll: [ 39.9289, 116.3883 ],
    metro: 0,
    area: 50
  },
  __lastAccess: 1602323482805
}
[2020-10-10T12:12:59.593] [TRACE] file - i4d6dlHdT1L7eF8NxhWNtjkK
[2020-10-10T12:12:59.593] [TRACE] file - Session {
  cookie: {
    path: '/',
    _expires: 2021-01-08T10:12:59.592Z,
    originalMaxAge: 7776000000,
    httpOnly: true,
    SameSite: 'Lax'
  },
  views: { '/': 1 },
  horodate: 2020-10-10T12:12:59.590Z,
  ip: '14.102.188.225',
  geoloc: {
    range: [ 241613824, 241614079 ],
    country: 'IN',
    region: 'HR',
    eu: '0',
    timezone: 'Asia/Kolkata',
    city: 'Faridabad',
    ll: [ 28.4112, 77.3132 ],
    metro: 0,
    area: 200
  },
  __lastAccess: 1602324779592
}
[2020-10-10T12:29:59.833] [TRACE] file - iVyIHdD64_zd9IYXb3D_aPCu
[2020-10-10T12:29:59.833] [TRACE] file - Session {
  cookie: {
    path: '/',
    _expires: 2021-01-08T10:29:59.833Z,
    originalMaxAge: 7776000000,
    httpOnly: true,
    SameSite: 'Lax'
  },
  views: { '/': 1 },
  horodate: 2020-10-10T12:29:59.831Z,
  ip: '196.3.98.82',
  geoloc: {
    range: [ 3288555520, 3288557567 ],
    country: 'MZ',
    region: 'MPM',
    eu: '0',
    timezone: 'Africa/Maputo',
    city: 'Maputo',
    ll: [ -25.9653, 32.5892 ],
    metro: 0,
    area: 5
  },
  __lastAccess: 1602325799833
}
[2020-10-10T13:42:08.799] [TRACE] file - t-y3KwbPvG6TGGONGpSfQmRP
[2020-10-10T13:42:08.799] [TRACE] file - Session {
  cookie: {
    path: '/',
    _expires: 2021-01-08T11:42:08.798Z,
    originalMaxAge: 7776000000,
    httpOnly: true,
    SameSite: 'Lax'
  },
  views: { '/': 1 },
  horodate: 2020-10-10T13:42:08.797Z,
  ip: '114.35.152.247',
  geoloc: {
    range: [ 1914935296, 1914937343 ],
    country: 'TW',
    region: 'TTT',
    eu: '0',
    timezone: 'Asia/Taipei',
    city: 'Taitung City',
    ll: [ 22.7599, 121.1446 ],
    metro: 0,
    area: 200
  },
  __lastAccess: 1602330128798
}
[2020-10-10T14:49:43.197] [TRACE] file - 6L_AIHv5CA-Zdzej9nNdThOY
[2020-10-10T14:49:43.197] [TRACE] file - Session {
  cookie: {
    path: '/',
    _expires: 2021-01-08T12:49:43.197Z,
    originalMaxAge: 7776000000,
    httpOnly: true,
    SameSite: 'Lax'
  },
  views: { '/': 1 },
  horodate: 2020-10-10T14:49:43.195Z,
  ip: '101.255.75.114',
  geoloc: {
    range: [ 1711228928, 1711230975 ],
    country: 'ID',
    region: 'JK',
    eu: '0',
    timezone: 'Asia/Jakarta',
    city: 'Jakarta',
    ll: [ -6.1741, 106.8296 ],
    metro: 0,
    area: 20
  },
  __lastAccess: 1602334183197
}
[2020-10-10T15:29:33.041] [TRACE] file - GE8OowItZtwllea99tFEs8A8
[2020-10-10T15:29:33.041] [TRACE] file - Session {
  cookie: {
    path: '/',
    _expires: 2021-01-08T13:29:33.039Z,
    originalMaxAge: 7776000000,
    httpOnly: true,
    SameSite: 'Lax'
  },
  views: { '/': 1 },
  horodate: 2020-10-10T15:29:33.033Z,
  ip: '192.241.237.250',
  geoloc: {
    range: [ 3237076992, 3237081087 ],
    country: 'US',
    region: 'CA',
    eu: '0',
    timezone: 'America/Los_Angeles',
    city: 'San Francisco',
    ll: [ 37.7353, -122.3732 ],
    metro: 807,
    area: 1000
  },
  __lastAccess: 1602336573039
}
[2020-10-10T15:33:03.765] [TRACE] file - xrjCREQIRPrSIT3ZTOztH1Ks
[2020-10-10T15:33:03.765] [TRACE] file - Session {
  cookie: {
    path: '/',
    _expires: 2021-01-08T13:33:03.764Z,
    originalMaxAge: 7776000000,
    httpOnly: true,
    SameSite: 'Lax'
  },
  views: { '/': 1 },
  horodate: 2020-10-10T15:33:03.758Z,
  ip: '1.229.221.76',
  geoloc: {
    range: [ 31840256, 31842303 ],
    country: 'KR',
    region: '41',
    eu: '0',
    timezone: 'Asia/Seoul',
    city: 'Namyangju',
    ll: [ 37.6367, 127.2183 ],
    metro: 0,
    area: 50
  },
  __lastAccess: 1602336783764
}
[2020-10-10T16:36:33.191] [TRACE] file - Uw8IfHUsRvd3uMbWNqq9TbJc
[2020-10-10T16:36:33.191] [TRACE] file - Session {
  cookie: {
    path: '/',
    _expires: 2021-01-08T14:36:33.189Z,
    originalMaxAge: 7775999999,
    httpOnly: true
  },
  views: { '/': 224, '/cv': 87, '/giftedADHD': 75 },
  horodate: 2020-10-10T16:36:33.189Z,
  ip: '86.247.252.92',
  geoloc: {
    range: [ 1459091456, 1459093503 ],
    country: 'FR',
    region: 'IDF',
    eu: '1',
    timezone: 'Europe/Paris',
    city: 'Paris',
    ll: [ 48.8543, 2.3527 ],
    metro: 0,
    area: 1
  },
  __lastAccess: 1602340593190
}
[2020-10-10T17:18:51.671] [TRACE] file - izCd84SL_Rn8fjJCfKN93BSl
[2020-10-10T17:18:51.671] [TRACE] file - Session {
  cookie: {
    path: '/',
    _expires: 2021-01-08T15:18:51.670Z,
    originalMaxAge: 7776000000,
    httpOnly: true,
    SameSite: 'Lax'
  },
  views: { '/': 1 },
  horodate: 2020-10-10T17:18:51.665Z,
  ip: '139.162.119.197',
  geoloc: {
    range: [ 2342674432, 2342682623 ],
    country: 'JP',
    region: '13',
    eu: '0',
    timezone: 'Asia/Tokyo',
    city: 'Tokyo',
    ll: [ 35.6882, 139.7532 ],
    metro: 0,
    area: 100
  },
  __lastAccess: 1602343131671
}
[2020-10-10T18:27:36.931] [TRACE] file - Uw8IfHUsRvd3uMbWNqq9TbJc
[2020-10-10T18:27:36.931] [TRACE] file - Session {
  cookie: {
    path: '/',
    _expires: 2021-01-08T16:27:36.929Z,
    originalMaxAge: 7775999999,
    httpOnly: true
  },
  views: { '/': 225, '/cv': 87, '/giftedADHD': 75 },
  horodate: 2020-10-10T18:27:36.929Z,
  ip: '86.247.252.92',
  geoloc: {
    range: [ 1459091456, 1459093503 ],
    country: 'FR',
    region: 'IDF',
    eu: '1',
    timezone: 'Europe/Paris',
    city: 'Paris',
    ll: [ 48.8543, 2.3527 ],
    metro: 0,
    area: 1
  },
  __lastAccess: 1602347256930
}
