Sat Sep 04 2021 18:17:22 GMT+0200 (GMT+02:00)[2020-09-04T18:17:35.339] [TRACE] file - uIejZyjRwpwZD_giaQ9Wt_xD
[2020-09-04T18:17:35.339] [TRACE] file - Session {
  cookie: {
    path: '/',
    _expires: 2020-12-03T16:17:35.334Z,
    originalMaxAge: 7776000000,
    httpOnly: true
  },
  views: { '/': 64, '/cv': 28, '/giftedADHD': 34 },
  horodate: 2020-09-04T18:17:35.329Z,
  ip: '86.247.69.245',
  geoloc: {
    range: [ 1459044352, 1459046399 ],
    country: 'FR',
    region: 'IDF',
    eu: '1',
    timezone: 'Europe/Paris',
    city: 'Paris',
    ll: [ 48.8543, 2.3527 ],
    metro: 0,
    area: 1
  },
  __lastAccess: 1599236255335
}
[2020-09-04T18:18:03.329] [TRACE] file - Session {
  cookie: {
    path: '/',
    _expires: 2020-12-03T16:18:03.329Z,
    originalMaxAge: 7776000000,
    httpOnly: true
  },
  views: { '/': 64, '/cv': 29, '/giftedADHD': 34 },
  horodate: 2020-09-04T18:18:03.326Z,
  ip: '86.247.69.245',
  geoloc: {
    range: [ 1459044352, 1459046399 ],
    country: 'FR',
    region: 'IDF',
    eu: '1',
    timezone: 'Europe/Paris',
    city: 'Paris',
    ll: [ 48.8543, 2.3527 ],
    metro: 0,
    area: 1
  },
  __lastAccess: 1599236283329
}
[2020-09-04T18:18:05.048] [TRACE] file - Session {
  cookie: {
    path: '/',
    _expires: 2020-12-03T16:18:05.048Z,
    originalMaxAge: 7776000000,
    httpOnly: true
  },
  views: { '/': 64, '/cv': 29, '/giftedADHD': 35 },
  horodate: 2020-09-04T18:18:05.040Z,
  ip: '86.247.69.245',
  geoloc: {
    range: [ 1459044352, 1459046399 ],
    country: 'FR',
    region: 'IDF',
    eu: '1',
    timezone: 'Europe/Paris',
    city: 'Paris',
    ll: [ 48.8543, 2.3527 ],
    metro: 0,
    area: 1
  },
  __lastAccess: 1599236285048
}
[2020-09-04T18:19:29.150] [TRACE] file - Session {
  cookie: {
    path: '/',
    _expires: 2020-12-03T16:19:29.149Z,
    originalMaxAge: 7776000000,
    httpOnly: true
  },
  views: { '/': 64, '/cv': 30, '/giftedADHD': 35 },
  horodate: 2020-09-04T18:19:29.145Z,
  ip: '86.247.69.245',
  geoloc: {
    range: [ 1459044352, 1459046399 ],
    country: 'FR',
    region: 'IDF',
    eu: '1',
    timezone: 'Europe/Paris',
    city: 'Paris',
    ll: [ 48.8543, 2.3527 ],
    metro: 0,
    area: 1
  },
  __lastAccess: 1599236369149
}
[2020-09-04T18:19:30.073] [TRACE] file - Session {
  cookie: {
    path: '/',
    _expires: 2020-12-03T16:19:30.073Z,
    originalMaxAge: 7776000000,
    httpOnly: true
  },
  views: { '/': 64, '/cv': 30, '/giftedADHD': 36 },
  horodate: 2020-09-04T18:19:30.069Z,
  ip: '86.247.69.245',
  geoloc: {
    range: [ 1459044352, 1459046399 ],
    country: 'FR',
    region: 'IDF',
    eu: '1',
    timezone: 'Europe/Paris',
    city: 'Paris',
    ll: [ 48.8543, 2.3527 ],
    metro: 0,
    area: 1
  },
  __lastAccess: 1599236370073
}
[2020-09-04T18:19:31.724] [TRACE] file - Session {
  cookie: {
    path: '/',
    _expires: 2020-12-03T16:19:31.724Z,
    originalMaxAge: 7776000000,
    httpOnly: true
  },
  views: { '/': 64, '/cv': 31, '/giftedADHD': 36 },
  horodate: 2020-09-04T18:19:31.720Z,
  ip: '86.247.69.245',
  geoloc: {
    range: [ 1459044352, 1459046399 ],
    country: 'FR',
    region: 'IDF',
    eu: '1',
    timezone: 'Europe/Paris',
    city: 'Paris',
    ll: [ 48.8543, 2.3527 ],
    metro: 0,
    area: 1
  },
  __lastAccess: 1599236371724
}
[2020-09-04T18:19:35.663] [TRACE] file - uIejZyjRwpwZD_giaQ9Wt_xD
[2020-09-04T18:19:35.663] [TRACE] file - Session {
  cookie: {
    path: '/',
    _expires: 2020-12-03T16:19:35.663Z,
    originalMaxAge: 7776000000,
    httpOnly: true
  },
  views: { '/': 65, '/cv': 31, '/giftedADHD': 36 },
  horodate: 2020-09-04T18:19:35.653Z,
  ip: '86.247.69.245',
  geoloc: {
    range: [ 1459044352, 1459046399 ],
    country: 'FR',
    region: 'IDF',
    eu: '1',
    timezone: 'Europe/Paris',
    city: 'Paris',
    ll: [ 48.8543, 2.3527 ],
    metro: 0,
    area: 1
  },
  __lastAccess: 1599236375663
}
[2020-09-04T18:19:55.135] [TRACE] file - FUR-kGyUKhufQaMOzeLVhr0H
[2020-09-04T18:19:55.135] [TRACE] file - Session {
  cookie: {
    path: '/',
    _expires: 2020-12-03T16:19:55.134Z,
    originalMaxAge: 7776000000,
    httpOnly: true,
    SameSite: 'Lax'
  },
  views: { '/': 1 },
  horodate: 2020-09-04T18:19:55.130Z,
  ip: '181.191.93.232',
  geoloc: {
    range: [ 3049217024, 3049218047 ],
    country: 'BR',
    region: 'MA',
    eu: '0',
    timezone: 'America/Fortaleza',
    city: 'Brejo',
    ll: [ -3.6804, -42.8823 ],
    metro: 0,
    area: 1
  },
  __lastAccess: 1599236395134
}
