Wed Oct 06 2021 07:19:38 GMT+0200 (GMT+02:00)[2020-10-06T07:19:39.252] [TRACE] file - uIejZyjRwpwZD_giaQ9Wt_xD
[2020-10-06T07:19:39.252] [TRACE] file - Session {
  cookie: {
    path: '/',
    _expires: 2021-01-04T05:19:39.244Z,
    originalMaxAge: 7775999997,
    httpOnly: true
  },
  views: { '/': 349, '/cv': 240, '/giftedADHD': 148 },
  horodate: 2020-10-06T07:19:39.240Z,
  geoloc: {
    range: [ 1459091456, 1459093503 ],
    country: 'FR',
    region: 'IDF',
    eu: '1',
    timezone: 'Europe/Paris',
    city: 'Paris',
    ll: [ 48.8543, 2.3527 ],
    metro: 0,
    area: 1
  },
  __lastAccess: 1601961579248,
  ip: '86.247.252.92'
}
[2020-10-06T07:24:00.456] [TRACE] file - D7u_TPEcVTiqhdgC3_AOTsFN
[2020-10-06T07:24:00.456] [TRACE] file - Session {
  cookie: {
    path: '/',
    _expires: 2021-01-04T05:24:00.455Z,
    originalMaxAge: 7776000000,
    httpOnly: true,
    SameSite: 'Lax'
  },
  views: { '/': 1 },
  horodate: 2020-10-06T07:24:00.447Z,
  ip: '92.118.161.29',
  geoloc: {
    range: [ 1551278080, 1551279103 ],
    country: 'LT',
    region: '',
    eu: '1',
    timezone: 'Europe/Vilnius',
    city: '',
    ll: [ 56, 24 ],
    metro: 0,
    area: 200
  },
  __lastAccess: 1601961840455
}
[2020-10-06T08:07:50.534] [TRACE] file - E4DDOpk_i2Bb76Sz3jN9u3hY
[2020-10-06T08:07:50.534] [TRACE] file - Session {
  cookie: {
    path: '/',
    _expires: 2021-01-04T06:07:50.533Z,
    originalMaxAge: 7776000000,
    httpOnly: true,
    SameSite: 'Lax'
  },
  views: { '/': 1 },
  horodate: 2020-10-06T08:07:50.532Z,
  ip: '102.165.30.29',
  geoloc: {
    range: [ 1722096640, 1722097663 ],
    country: 'ZA',
    region: '',
    eu: '0',
    timezone: 'Africa/Johannesburg',
    city: '',
    ll: [ -29, 24 ],
    metro: 0,
    area: 500
  },
  __lastAccess: 1601964470534
}
[2020-10-06T08:24:07.170] [TRACE] file - gI6R423fgu6wC_DoWZbdUtsG
[2020-10-06T08:24:07.170] [TRACE] file - Session {
  cookie: {
    path: '/',
    _expires: 2021-01-04T06:24:07.170Z,
    originalMaxAge: 7776000000,
    httpOnly: true,
    SameSite: 'Lax'
  },
  views: { '/': 1 },
  horodate: 2020-10-06T08:24:07.167Z,
  ip: '163.172.66.130',
  geoloc: {
    range: [ 2745974784, 2745982975 ],
    country: 'FR',
    region: '',
    eu: '1',
    timezone: 'Europe/Paris',
    city: '',
    ll: [ 48.8582, 2.3387 ],
    metro: 0,
    area: 200
  },
  __lastAccess: 1601965447170
}
[2020-10-06T08:41:05.087] [TRACE] file - TJU1PDHAwZyLAQ2FlIGgoLka
[2020-10-06T08:41:05.087] [TRACE] file - Session {
  cookie: {
    path: '/',
    _expires: 2021-01-04T06:41:05.087Z,
    originalMaxAge: 7776000000,
    httpOnly: true,
    SameSite: 'Lax'
  },
  views: { '/': 1 },
  horodate: 2020-10-06T08:41:05.084Z,
  ip: '185.156.73.64',
  geoloc: {
    range: [ 3114027008, 3114028031 ],
    country: 'RU',
    region: '',
    eu: '0',
    timezone: 'Europe/Moscow',
    city: '',
    ll: [ 55.7386, 37.6068 ],
    metro: 0,
    area: 1000
  },
  __lastAccess: 1601966465087
}
[2020-10-06T09:03:20.920] [TRACE] file - uIejZyjRwpwZD_giaQ9Wt_xD
[2020-10-06T09:03:20.920] [TRACE] file - Session {
  cookie: {
    path: '/',
    _expires: 2021-01-04T07:03:20.917Z,
    originalMaxAge: 7775999997,
    httpOnly: true
  },
  views: { '/': 350, '/cv': 240, '/giftedADHD': 148 },
  horodate: 2020-10-06T09:03:20.917Z,
  geoloc: {
    range: [ 1459091456, 1459093503 ],
    country: 'FR',
    region: 'IDF',
    eu: '1',
    timezone: 'Europe/Paris',
    city: 'Paris',
    ll: [ 48.8543, 2.3527 ],
    metro: 0,
    area: 1
  },
  __lastAccess: 1601967800920,
  ip: '86.247.252.92'
}
[2020-10-06T09:30:33.927] [TRACE] file - uIejZyjRwpwZD_giaQ9Wt_xD
[2020-10-06T09:30:33.927] [TRACE] file - Session {
  cookie: {
    path: '/',
    _expires: 2021-01-04T07:30:33.923Z,
    originalMaxAge: 7775999997,
    httpOnly: true
  },
  views: { '/': 351, '/cv': 240, '/giftedADHD': 148 },
  horodate: 2020-10-06T09:30:33.924Z,
  geoloc: {
    range: [ 1459091456, 1459093503 ],
    country: 'FR',
    region: 'IDF',
    eu: '1',
    timezone: 'Europe/Paris',
    city: 'Paris',
    ll: [ 48.8543, 2.3527 ],
    metro: 0,
    area: 1
  },
  __lastAccess: 1601969433926,
  ip: '86.247.252.92'
}
[2020-10-06T09:49:11.384] [TRACE] file - Session {
  cookie: {
    path: '/',
    _expires: 2021-01-04T07:49:11.381Z,
    originalMaxAge: 7775999997,
    httpOnly: true
  },
  views: { '/': 351, '/cv': 241, '/giftedADHD': 148 },
  horodate: 2020-10-06T09:49:11.381Z,
  geoloc: {
    range: [ 1459091456, 1459093503 ],
    country: 'FR',
    region: 'IDF',
    eu: '1',
    timezone: 'Europe/Paris',
    city: 'Paris',
    ll: [ 48.8543, 2.3527 ],
    metro: 0,
    area: 1
  },
  __lastAccess: 1601970551384,
  ip: '86.247.252.92'
}
[2020-10-06T09:49:12.407] [TRACE] file - Session {
  cookie: {
    path: '/',
    _expires: 2021-01-04T07:49:12.404Z,
    originalMaxAge: 7775999997,
    httpOnly: true
  },
  views: { '/': 351, '/cv': 241, '/giftedADHD': 149 },
  horodate: 2020-10-06T09:49:12.405Z,
  geoloc: {
    range: [ 1459091456, 1459093503 ],
    country: 'FR',
    region: 'IDF',
    eu: '1',
    timezone: 'Europe/Paris',
    city: 'Paris',
    ll: [ 48.8543, 2.3527 ],
    metro: 0,
    area: 1
  },
  __lastAccess: 1601970552407,
  ip: '86.247.252.92'
}
[2020-10-06T09:49:13.379] [TRACE] file - uIejZyjRwpwZD_giaQ9Wt_xD
[2020-10-06T09:49:13.379] [TRACE] file - Session {
  cookie: {
    path: '/',
    _expires: 2021-01-04T07:49:13.376Z,
    originalMaxAge: 7775999997,
    httpOnly: true
  },
  views: { '/': 352, '/cv': 241, '/giftedADHD': 149 },
  horodate: 2020-10-06T09:49:13.377Z,
  geoloc: {
    range: [ 1459091456, 1459093503 ],
    country: 'FR',
    region: 'IDF',
    eu: '1',
    timezone: 'Europe/Paris',
    city: 'Paris',
    ll: [ 48.8543, 2.3527 ],
    metro: 0,
    area: 1
  },
  __lastAccess: 1601970553379,
  ip: '86.247.252.92'
}
[2020-10-06T10:02:39.078] [TRACE] file - Session {
  cookie: {
    path: '/',
    _expires: 2021-01-04T08:02:39.075Z,
    originalMaxAge: 7775999997,
    httpOnly: true
  },
  views: { '/': 352, '/cv': 242, '/giftedADHD': 149 },
  horodate: 2020-10-06T10:02:39.075Z,
  geoloc: {
    range: [ 1459091456, 1459093503 ],
    country: 'FR',
    region: 'IDF',
    eu: '1',
    timezone: 'Europe/Paris',
    city: 'Paris',
    ll: [ 48.8543, 2.3527 ],
    metro: 0,
    area: 1
  },
  __lastAccess: 1601971359078,
  ip: '86.247.252.92'
}
[2020-10-06T10:02:41.639] [TRACE] file - uIejZyjRwpwZD_giaQ9Wt_xD
[2020-10-06T10:02:41.639] [TRACE] file - Session {
  cookie: {
    path: '/',
    _expires: 2021-01-04T08:02:41.636Z,
    originalMaxAge: 7775999997,
    httpOnly: true
  },
  views: { '/': 353, '/cv': 242, '/giftedADHD': 149 },
  horodate: 2020-10-06T10:02:41.637Z,
  geoloc: {
    range: [ 1459091456, 1459093503 ],
    country: 'FR',
    region: 'IDF',
    eu: '1',
    timezone: 'Europe/Paris',
    city: 'Paris',
    ll: [ 48.8543, 2.3527 ],
    metro: 0,
    area: 1
  },
  __lastAccess: 1601971361639,
  ip: '86.247.252.92'
}
[2020-10-06T10:02:47.045] [TRACE] file - Session {
  cookie: {
    path: '/',
    _expires: 2021-01-04T08:02:47.042Z,
    originalMaxAge: 7775999997,
    httpOnly: true
  },
  views: { '/': 353, '/cv': 243, '/giftedADHD': 149 },
  horodate: 2020-10-06T10:02:47.043Z,
  geoloc: {
    range: [ 1459091456, 1459093503 ],
    country: 'FR',
    region: 'IDF',
    eu: '1',
    timezone: 'Europe/Paris',
    city: 'Paris',
    ll: [ 48.8543, 2.3527 ],
    metro: 0,
    area: 1
  },
  __lastAccess: 1601971367045,
  ip: '86.247.252.92'
}
[2020-10-06T10:12:58.969] [TRACE] file - uIejZyjRwpwZD_giaQ9Wt_xD
[2020-10-06T10:12:58.970] [TRACE] file - Session {
  cookie: {
    path: '/',
    _expires: 2021-01-04T08:12:58.966Z,
    originalMaxAge: 7775999997,
    httpOnly: true
  },
  views: { '/': 354, '/cv': 243, '/giftedADHD': 149 },
  horodate: 2020-10-06T10:12:58.967Z,
  geoloc: {
    range: [ 1459091456, 1459093503 ],
    country: 'FR',
    region: 'IDF',
    eu: '1',
    timezone: 'Europe/Paris',
    city: 'Paris',
    ll: [ 48.8543, 2.3527 ],
    metro: 0,
    area: 1
  },
  __lastAccess: 1601971978969,
  ip: '86.247.252.92'
}
[2020-10-06T10:41:20.144] [TRACE] file - uIejZyjRwpwZD_giaQ9Wt_xD
[2020-10-06T10:41:20.144] [TRACE] file - Session {
  cookie: {
    path: '/',
    _expires: 2021-01-04T08:41:20.141Z,
    originalMaxAge: 7775999997,
    httpOnly: true
  },
  views: { '/': 355, '/cv': 243, '/giftedADHD': 149 },
  horodate: 2020-10-06T10:41:20.142Z,
  geoloc: {
    range: [ 1459091456, 1459093503 ],
    country: 'FR',
    region: 'IDF',
    eu: '1',
    timezone: 'Europe/Paris',
    city: 'Paris',
    ll: [ 48.8543, 2.3527 ],
    metro: 0,
    area: 1
  },
  __lastAccess: 1601973680144,
  ip: '86.247.252.92'
}
[2020-10-06T11:10:31.106] [TRACE] file - Hc8rONKhU0oT8ORyyIXQTxSL
[2020-10-06T11:10:31.106] [TRACE] file - Session {
  cookie: {
    path: '/',
    _expires: 2021-01-04T09:10:31.105Z,
    originalMaxAge: 7776000000,
    httpOnly: true,
    SameSite: 'Lax'
  },
  views: { '/': 1 },
  horodate: 2020-10-06T11:10:31.099Z,
  ip: '71.6.199.23',
  geoloc: {
    range: [ 1191608320, 1191641087 ],
    country: 'US',
    region: 'CA',
    eu: '0',
    timezone: 'America/Los_Angeles',
    city: 'San Diego',
    ll: [ 32.7967, -117.1367 ],
    metro: 825,
    area: 1000
  },
  __lastAccess: 1601975431105
}
[2020-10-06T11:10:46.665] [TRACE] file - JKuW87pdmkpLaXjzjgyTB-hn
[2020-10-06T11:10:46.665] [TRACE] file - Session {
  cookie: {
    path: '/',
    _expires: 2021-01-04T09:10:46.664Z,
    originalMaxAge: 7776000000,
    httpOnly: true,
    SameSite: 'Lax'
  },
  views: { '/': 1 },
  horodate: 2020-10-06T11:10:46.659Z,
  ip: '34.77.197.251',
  geoloc: {
    range: [ 575471616, 575537151 ],
    country: 'US',
    region: '',
    eu: '0',
    timezone: 'America/Chicago',
    city: '',
    ll: [ 37.751, -97.822 ],
    metro: 0,
    area: 1000
  },
  __lastAccess: 1601975446664
}
[2020-10-06T11:18:37.848] [TRACE] file - D0vDMqHnetNK7VflMRxaX5ya
[2020-10-06T11:18:37.848] [TRACE] file - Session {
  cookie: {
    path: '/',
    _expires: 2021-01-04T09:18:37.848Z,
    originalMaxAge: 7776000000,
    httpOnly: true,
    SameSite: 'Lax'
  },
  views: { '/': 1 },
  horodate: 2020-10-06T11:18:37.847Z,
  ip: '172.104.108.109',
  geoloc: {
    range: [ 2892513280, 2892529663 ],
    country: 'JP',
    region: '13',
    eu: '0',
    timezone: 'Asia/Tokyo',
    city: 'Tokyo',
    ll: [ 35.6882, 139.7532 ],
    metro: 0,
    area: 1000
  },
  __lastAccess: 1601975917848
}
[2020-10-06T12:26:02.540] [TRACE] file - PNCPlua7grIZr14NLLsfKQds
[2020-10-06T12:26:02.540] [TRACE] file - Session {
  cookie: {
    path: '/',
    _expires: 2021-01-04T10:26:02.539Z,
    originalMaxAge: 7776000000,
    httpOnly: true,
    SameSite: 'Lax'
  },
  views: { '/': 1 },
  horodate: 2020-10-06T12:26:02.533Z,
  ip: '71.6.232.2',
  geoloc: {
    range: [ 1191608320, 1191641087 ],
    country: 'US',
    region: 'CA',
    eu: '0',
    timezone: 'America/Los_Angeles',
    city: 'San Diego',
    ll: [ 32.7967, -117.1367 ],
    metro: 825,
    area: 1000
  },
  __lastAccess: 1601979962539
}
[2020-10-06T12:31:15.084] [TRACE] file - HtzxBx7ZR-GcW2cF6MCAObUF
[2020-10-06T12:31:15.085] [TRACE] file - Session {
  cookie: {
    path: '/',
    _expires: 2021-01-04T10:31:15.084Z,
    originalMaxAge: 7776000000,
    httpOnly: true,
    SameSite: 'Lax'
  },
  views: { '/': 1 },
  horodate: 2020-10-06T12:31:15.080Z,
  ip: '103.90.206.48',
  geoloc: {
    range: [ 1734004224, 1734004287 ],
    country: 'IN',
    region: 'HR',
    eu: '0',
    timezone: 'Asia/Kolkata',
    city: 'Faridabad',
    ll: [ 28.4112, 77.3132 ],
    metro: 0,
    area: 20
  },
  __lastAccess: 1601980275084
}
[2020-10-06T12:39:08.537] [TRACE] file - nrHoEEcj0WN4UR6UirdONp00
[2020-10-06T12:39:08.537] [TRACE] file - Session {
  cookie: {
    path: '/',
    _expires: 2021-01-04T10:39:08.537Z,
    originalMaxAge: 7776000000,
    httpOnly: true,
    SameSite: 'Lax'
  },
  views: { '/': 1 },
  horodate: 2020-10-06T12:39:08.536Z,
  ip: '94.183.252.168',
  geoloc: {
    range: [ 1589051392, 1589116927 ],
    country: 'IR',
    region: '',
    eu: '0',
    timezone: 'Asia/Tehran',
    city: '',
    ll: [ 35.6961, 51.4231 ],
    metro: 0,
    area: 50
  },
  __lastAccess: 1601980748537
}
[2020-10-06T14:34:35.531] [TRACE] file - Uw8IfHUsRvd3uMbWNqq9TbJc
[2020-10-06T14:34:35.531] [TRACE] file - Session {
  cookie: {
    path: '/',
    _expires: 2021-01-04T12:34:35.529Z,
    originalMaxAge: 7775999999,
    httpOnly: true
  },
  views: { '/': 199, '/cv': 79, '/giftedADHD': 71 },
  horodate: 2020-10-06T14:34:35.526Z,
  ip: '86.247.252.92',
  geoloc: {
    range: [ 1459091456, 1459093503 ],
    country: 'FR',
    region: 'IDF',
    eu: '1',
    timezone: 'Europe/Paris',
    city: 'Paris',
    ll: [ 48.8543, 2.3527 ],
    metro: 0,
    area: 1
  },
  __lastAccess: 1601987675530
}
