Wed Sep 22 2021 01:23:43 GMT+0200 (GMT+02:00)[2020-09-22T01:23:49.120] [TRACE] file - uIejZyjRwpwZD_giaQ9Wt_xD
[2020-09-22T01:23:49.121] [TRACE] file - Session {
  cookie: {
    path: '/',
    _expires: 2020-12-20T23:23:49.118Z,
    originalMaxAge: 7776000000,
    httpOnly: true
  },
  views: { '/': 165, '/cv': 179, '/giftedADHD': 109 },
  horodate: 2020-09-21T01:23:49.112Z,
  ip: '86.247.69.245',
  geoloc: {
    range: [ 1459044352, 1459046399 ],
    country: 'FR',
    region: 'IDF',
    eu: '1',
    timezone: 'Europe/Paris',
    city: 'Paris',
    ll: [ 48.8543, 2.3527 ],
    metro: 0,
    area: 1
  },
  __lastAccess: 1600730629118
}
[2020-09-22T01:23:52.598] [TRACE] file - Session {
  cookie: {
    path: '/',
    _expires: 2020-12-20T23:23:52.598Z,
    originalMaxAge: 7776000000,
    httpOnly: true
  },
  views: { '/': 165, '/cv': 180, '/giftedADHD': 109 },
  horodate: 2020-09-21T01:23:52.595Z,
  ip: '86.247.69.245',
  geoloc: {
    range: [ 1459044352, 1459046399 ],
    country: 'FR',
    region: 'IDF',
    eu: '1',
    timezone: 'Europe/Paris',
    city: 'Paris',
    ll: [ 48.8543, 2.3527 ],
    metro: 0,
    area: 1
  },
  __lastAccess: 1600730632598
}
[2020-09-22T01:23:53.550] [TRACE] file - uIejZyjRwpwZD_giaQ9Wt_xD
[2020-09-22T01:23:53.550] [TRACE] file - Session {
  cookie: {
    path: '/',
    _expires: 2020-12-20T23:23:53.550Z,
    originalMaxAge: 7776000000,
    httpOnly: true
  },
  views: { '/': 166, '/cv': 180, '/giftedADHD': 109 },
  horodate: 2020-09-21T01:23:53.547Z,
  ip: '86.247.69.245',
  geoloc: {
    range: [ 1459044352, 1459046399 ],
    country: 'FR',
    region: 'IDF',
    eu: '1',
    timezone: 'Europe/Paris',
    city: 'Paris',
    ll: [ 48.8543, 2.3527 ],
    metro: 0,
    area: 1
  },
  __lastAccess: 1600730633550
}
[2020-09-22T01:24:11.782] [TRACE] file - tLpuLvoUwiI41rWRlHff2kQn
[2020-09-22T01:24:11.782] [TRACE] file - Session {
  cookie: {
    path: '/',
    _expires: 2020-12-20T23:24:11.780Z,
    originalMaxAge: 7776000000,
    httpOnly: true,
    SameSite: 'Lax'
  },
  views: { '/': 1 },
  horodate: 2020-09-21T01:24:11.778Z,
  ip: '199.195.254.185',
  geoloc: {
    range: [ 3351508992, 3351511039 ],
    country: 'US',
    region: 'NY',
    eu: '0',
    timezone: 'America/New_York',
    city: 'Buffalo',
    ll: [ 42.8864, -78.8784 ],
    metro: 514,
    area: 1000
  },
  __lastAccess: 1600730651780
}
[2020-09-22T01:25:19.107] [TRACE] file - nXg3ccD15-gGuJ-FLex7ogCQ
[2020-09-22T01:25:19.107] [TRACE] file - Session {
  cookie: {
    path: '/',
    _expires: 2020-12-20T23:25:19.106Z,
    originalMaxAge: 7776000000,
    httpOnly: true,
    SameSite: 'Lax'
  },
  views: { '/': 1 },
  horodate: 2020-09-21T01:25:19.099Z,
  ip: '162.142.125.33',
  geoloc: {
    range: [ 2727231488, 2727247871 ],
    country: 'US',
    region: '',
    eu: '0',
    timezone: 'America/Chicago',
    city: '',
    ll: [ 37.751, -97.822 ],
    metro: 0,
    area: 1000
  },
  __lastAccess: 1600730719106
}
[2020-09-22T01:25:19.318] [TRACE] file - Rd-5RWK--u9B5GLV2pcUL2dQ
[2020-09-22T01:25:19.319] [TRACE] file - Session {
  cookie: {
    path: '/',
    _expires: 2020-12-20T23:25:19.318Z,
    originalMaxAge: 7776000000,
    httpOnly: true,
    SameSite: 'Lax'
  },
  views: { '/': 1 },
  horodate: 2020-09-21T01:25:19.316Z,
  ip: '162.142.125.33',
  geoloc: {
    range: [ 2727231488, 2727247871 ],
    country: 'US',
    region: '',
    eu: '0',
    timezone: 'America/Chicago',
    city: '',
    ll: [ 37.751, -97.822 ],
    metro: 0,
    area: 1000
  },
  __lastAccess: 1600730719318
}
[2020-09-22T02:47:49.271] [TRACE] file - 2hyBXrXeerOPtZpcrT5t5YSd
[2020-09-22T02:47:49.271] [TRACE] file - Session {
  cookie: {
    path: '/',
    _expires: 2020-12-21T00:47:49.270Z,
    originalMaxAge: 7776000000,
    httpOnly: true,
    SameSite: 'Lax'
  },
  views: { '/': 1 },
  horodate: 2020-09-22T02:47:49.263Z,
  ip: '24.88.53.241',
  geoloc: {
    range: [ 408428544, 408436735 ],
    country: 'US',
    region: '',
    eu: '0',
    timezone: 'America/Chicago',
    city: '',
    ll: [ 37.751, -97.822 ],
    metro: 0,
    area: 1000
  },
  __lastAccess: 1600735669270
}
[2020-09-22T02:49:01.062] [TRACE] file - 7fPYVwsQQ3g9NFp-hCNT5jzz
[2020-09-22T02:49:01.062] [TRACE] file - Session {
  cookie: {
    path: '/',
    _expires: 2020-12-21T00:49:01.061Z,
    originalMaxAge: 7776000000,
    httpOnly: true,
    SameSite: 'Lax'
  },
  views: { '/': 1 },
  horodate: 2020-09-22T02:49:01.060Z,
  ip: '198.143.158.178',
  geoloc: {
    range: [ 3331300352, 3331301375 ],
    country: 'US',
    region: 'IL',
    eu: '0',
    timezone: 'America/Chicago',
    city: 'Chicago',
    ll: [ 41.8777, -87.6376 ],
    metro: 602,
    area: 1000
  },
  __lastAccess: 1600735741062
}
[2020-09-22T02:53:16.571] [TRACE] file - 1bnRRjgxW11P59-5DEpj9-Hi
[2020-09-22T02:53:16.571] [TRACE] file - Session {
  cookie: {
    path: '/',
    _expires: 2020-12-21T00:53:16.571Z,
    originalMaxAge: 7776000000,
    httpOnly: true,
    SameSite: 'Lax'
  },
  views: { '/': 1 },
  horodate: 2020-09-22T02:53:16.569Z,
  ip: '103.124.12.29',
  geoloc: {
    range: [ 1736182784, 1736183807 ],
    country: 'IN',
    region: '',
    eu: '0',
    timezone: 'Asia/Kolkata',
    city: '',
    ll: [ 20, 77 ],
    metro: 0,
    area: 1000
  },
  __lastAccess: 1600735996571
}
[2020-09-22T03:13:00.625] [TRACE] file - PgffvGTB9SjMgPfR94du2jEX
[2020-09-22T03:13:00.625] [TRACE] file - Session {
  cookie: {
    path: '/',
    _expires: 2020-12-21T01:13:00.625Z,
    originalMaxAge: 7776000000,
    httpOnly: true,
    SameSite: 'Lax'
  },
  views: { '/': 1 },
  horodate: 2020-09-22T03:13:00.616Z,
  ip: '192.35.168.251',
  geoloc: {
    range: [ 3223562240, 3223563263 ],
    country: 'US',
    region: '',
    eu: '0',
    timezone: 'America/Chicago',
    city: '',
    ll: [ 37.751, -97.822 ],
    metro: 0,
    area: 1000
  },
  __lastAccess: 1600737180625
}
[2020-09-22T03:13:00.852] [TRACE] file - dSn3oI-9mk54hlexcNi3Owg3
[2020-09-22T03:13:00.852] [TRACE] file - Session {
  cookie: {
    path: '/',
    _expires: 2020-12-21T01:13:00.852Z,
    originalMaxAge: 7776000000,
    httpOnly: true,
    SameSite: 'Lax'
  },
  views: { '/': 1 },
  horodate: 2020-09-22T03:13:00.850Z,
  ip: '192.35.168.251',
  geoloc: {
    range: [ 3223562240, 3223563263 ],
    country: 'US',
    region: '',
    eu: '0',
    timezone: 'America/Chicago',
    city: '',
    ll: [ 37.751, -97.822 ],
    metro: 0,
    area: 1000
  },
  __lastAccess: 1600737180852
}
[2020-09-22T03:57:46.892] [TRACE] file - E-AH-QkFne34Dt9aGWOi3bo_
[2020-09-22T03:57:46.892] [TRACE] file - Session {
  cookie: {
    path: '/',
    _expires: 2020-12-21T01:57:46.891Z,
    originalMaxAge: 7776000000,
    httpOnly: true,
    SameSite: 'Lax'
  },
  views: { '/': 1 },
  horodate: 2020-09-22T03:57:46.890Z,
  ip: '194.180.179.58',
  geoloc: {
    range: [ 3266621440, 3266622463 ],
    country: 'US',
    region: 'CA',
    eu: '0',
    timezone: 'America/Los_Angeles',
    city: 'Los Angeles',
    ll: [ 34.0584, -118.278 ],
    metro: 803,
    area: 200
  },
  __lastAccess: 1600739866891
}
[2020-09-22T05:11:47.719] [TRACE] file - A0gQ0cDeo2dzmSqxhLGTpn-e
[2020-09-22T05:11:47.719] [TRACE] file - Session {
  cookie: {
    path: '/',
    _expires: 2020-12-21T03:11:47.719Z,
    originalMaxAge: 7776000000,
    httpOnly: true,
    SameSite: 'Lax'
  },
  views: { '/': 1 },
  horodate: 2020-09-22T05:11:47.716Z,
  ip: '54.36.149.67',
  geoloc: {
    range: [ 908366848, 908367871 ],
    country: 'FR',
    region: '',
    eu: '1',
    timezone: 'Europe/Paris',
    city: '',
    ll: [ 48.8582, 2.3387 ],
    metro: 0,
    area: 500
  },
  __lastAccess: 1600744307719
}
[2020-09-22T05:28:35.366] [TRACE] file - jkiOscJLDUsTt2FAWJThuT8q
[2020-09-22T05:28:35.366] [TRACE] file - Session {
  cookie: {
    path: '/',
    _expires: 2020-12-21T03:28:35.366Z,
    originalMaxAge: 7776000000,
    httpOnly: true,
    SameSite: 'Lax'
  },
  views: { '/': 1 },
  horodate: 2020-09-22T05:28:35.363Z,
  ip: '185.220.101.11',
  geoloc: {
    range: [ 3118228736, 3118228991 ],
    country: 'DE',
    region: '',
    eu: '1',
    timezone: 'Europe/Berlin',
    city: '',
    ll: [ 51.2993, 9.491 ],
    metro: 0,
    area: 200
  },
  __lastAccess: 1600745315366
}
[2020-09-22T06:16:14.051] [TRACE] file - BFA-z8u-O8JmmcTcqm4qpikr
[2020-09-22T06:16:14.051] [TRACE] file - Session {
  cookie: {
    path: '/',
    _expires: 2020-12-21T04:16:14.051Z,
    originalMaxAge: 7776000000,
    httpOnly: true,
    SameSite: 'Lax'
  },
  views: { '/': 1 },
  horodate: 2020-09-22T06:16:14.048Z,
  ip: '23.90.145.52',
  geoloc: {
    range: [ 391806976, 391823359 ],
    country: 'US',
    region: 'CA',
    eu: '0',
    timezone: 'America/Los_Angeles',
    city: 'Castro Valley',
    ll: [ 37.7045, -122.0742 ],
    metro: 807,
    area: 1000
  },
  __lastAccess: 1600748174051
}
[2020-09-22T06:24:55.483] [TRACE] file - F5vD91b7DnNRfdxToY27JBAN
[2020-09-22T06:24:55.483] [TRACE] file - Session {
  cookie: {
    path: '/',
    _expires: 2020-12-21T04:24:55.483Z,
    originalMaxAge: 7776000000,
    httpOnly: true,
    SameSite: 'Lax'
  },
  views: { '/': 1 },
  horodate: 2020-09-22T06:24:55.481Z,
  ip: '91.193.5.58',
  geoloc: {
    range: [ 1539376128, 1539377151 ],
    country: 'RO',
    region: '',
    eu: '1',
    timezone: 'Europe/Bucharest',
    city: '',
    ll: [ 46, 25 ],
    metro: 0,
    area: 200
  },
  __lastAccess: 1600748695483
}
[2020-09-22T06:26:13.826] [TRACE] file - GXrXuWt13bc9zg83961_POdZ
[2020-09-22T06:26:13.826] [TRACE] file - Session {
  cookie: {
    path: '/',
    _expires: 2020-12-21T04:26:13.825Z,
    originalMaxAge: 7776000000,
    httpOnly: true,
    SameSite: 'Lax'
  },
  views: { '/': 1 },
  horodate: 2020-09-22T06:26:13.824Z,
  ip: '175.44.42.130',
  geoloc: {
    range: [ 2938904576, 2938912767 ],
    country: 'CN',
    region: 'FJ',
    eu: '0',
    timezone: 'Asia/Shanghai',
    city: '',
    ll: [ 24.4798, 118.0819 ],
    metro: 0,
    area: 50
  },
  __lastAccess: 1600748773826
}
[2020-09-22T06:55:44.506] [TRACE] file - iIFJtOMWpPW-cFbnQtdnu1WZ
[2020-09-22T06:55:44.506] [TRACE] file - Session {
  cookie: {
    path: '/',
    _expires: 2020-12-21T04:55:44.505Z,
    originalMaxAge: 7776000000,
    httpOnly: true,
    SameSite: 'Lax'
  },
  views: { '/': 1 },
  horodate: 2020-09-22T06:55:44.504Z,
  ip: '148.72.158.192',
  geoloc: {
    range: [ 2487779328, 2487787519 ],
    country: 'US',
    region: 'MO',
    eu: '0',
    timezone: 'America/Chicago',
    city: 'St Louis',
    ll: [ 38.6364, -90.1985 ],
    metro: 609,
    area: 1000
  },
  __lastAccess: 1600750544505
}
[2020-09-22T07:32:00.780] [TRACE] file - 9SBVe0JzedV2gMLCayQUxdl5
[2020-09-22T07:32:00.780] [TRACE] file - Session {
  cookie: {
    path: '/',
    _expires: 2020-12-21T05:32:00.780Z,
    originalMaxAge: 7776000000,
    httpOnly: true,
    SameSite: 'Lax'
  },
  views: { '/': 1 },
  horodate: 2020-09-22T07:32:00.779Z,
  ip: '185.39.11.105',
  geoloc: {
    range: [ 3106342912, 3106343935 ],
    country: 'CH',
    region: '',
    eu: '0',
    timezone: 'Europe/Zurich',
    city: '',
    ll: [ 47.1449, 8.1551 ],
    metro: 0,
    area: 100
  },
  __lastAccess: 1600752720780
}
[2020-09-22T08:43:51.226] [TRACE] file - Session {
  cookie: {
    path: '/',
    _expires: 2020-12-21T06:43:51.225Z,
    originalMaxAge: 7776000000,
    httpOnly: true,
    SameSite: 'Lax'
  },
  views: { '/cv': 1 },
  horodate: 2020-09-22T08:43:51.223Z,
  __lastAccess: 1600757031226
}
[2020-09-22T09:19:54.778] [TRACE] file - LZImwv8rGof0J-gHuxXCoMNU
[2020-09-22T09:19:54.778] [TRACE] file - Session {
  cookie: {
    path: '/',
    _expires: 2020-12-21T07:19:54.777Z,
    originalMaxAge: 7776000000,
    httpOnly: true,
    SameSite: 'Lax'
  },
  views: { '/': 1 },
  horodate: 2020-09-22T09:19:54.776Z,
  ip: '213.14.105.174',
  geoloc: {
    range: [ 3574491136, 3574491647 ],
    country: 'TR',
    region: '34',
    eu: '0',
    timezone: 'Europe/Istanbul',
    city: 'Istanbul',
    ll: [ 41.018, 28.9745 ],
    metro: 0,
    area: 500
  },
  __lastAccess: 1600759194777
}
[2020-09-22T09:53:24.743] [TRACE] file - HFpAhi1fLIROJec1LwlFaeXK
[2020-09-22T09:53:24.743] [TRACE] file - Session {
  cookie: {
    path: '/',
    _expires: 2020-12-21T07:53:24.743Z,
    originalMaxAge: 7776000000,
    httpOnly: true,
    SameSite: 'Lax'
  },
  views: { '/': 1 },
  horodate: 2020-09-22T09:53:24.740Z,
  ip: '167.71.158.134',
  geoloc: {
    range: [ 2806484992, 2806489087 ],
    country: 'US',
    region: 'CA',
    eu: '0',
    timezone: 'America/Los_Angeles',
    city: 'Santa Clara',
    ll: [ 37.3417, -121.9753 ],
    metro: 807,
    area: 1000
  },
  __lastAccess: 1600761204743
}
