Wed Sep 22 2021 16:21:34 GMT+0200 (GMT+02:00)[2020-09-22T16:21:57.766] [TRACE] file - uIejZyjRwpwZD_giaQ9Wt_xD
[2020-09-22T16:21:57.767] [TRACE] file - Session {
  cookie: {
    path: '/',
    _expires: 2020-12-21T14:21:57.764Z,
    originalMaxAge: 7776000000,
    httpOnly: true
  },
  views: { '/': 169, '/cv': 181, '/giftedADHD': 109 },
  horodate: 2020-09-22T16:21:57.758Z,
  ip: '86.247.252.92',
  geoloc: {
    range: [ 1459091456, 1459093503 ],
    country: 'FR',
    region: 'IDF',
    eu: '1',
    timezone: 'Europe/Paris',
    city: 'Paris',
    ll: [ 48.8543, 2.3527 ],
    metro: 0,
    area: 1
  },
  __lastAccess: 1600784517765
}
[2020-09-22T16:32:25.826] [TRACE] file - tRWCcd2xO6mcBgY6tQUmrgnV
[2020-09-22T16:32:25.826] [TRACE] file - Session {
  cookie: {
    path: '/',
    _expires: 2020-12-21T14:32:25.823Z,
    originalMaxAge: 7776000000,
    httpOnly: true,
    SameSite: 'Lax'
  },
  views: { '/': 1 },
  horodate: 2020-09-22T16:32:25.821Z,
  ip: '88.120.53.100',
  geoloc: {
    range: [ 1484272640, 1484273663 ],
    country: 'FR',
    region: 'IDF',
    eu: '1',
    timezone: 'Europe/Paris',
    city: 'Argenteuil',
    ll: [ 48.9484, 2.2513 ],
    metro: 0,
    area: 5
  },
  __lastAccess: 1600785145823
}
[2020-09-22T16:52:54.049] [TRACE] file - d686js2MQZ9JRFalGjxzT78n
[2020-09-22T16:52:54.049] [TRACE] file - Session {
  cookie: {
    path: '/',
    _expires: 2020-12-21T14:52:54.049Z,
    originalMaxAge: 7776000000,
    httpOnly: true,
    SameSite: 'Lax'
  },
  views: { '/': 1 },
  horodate: 2020-09-22T16:52:54.047Z,
  ip: '178.73.215.171',
  geoloc: {
    range: [ 2991182848, 2991183871 ],
    country: 'SE',
    region: '',
    eu: '1',
    timezone: 'Europe/Stockholm',
    city: '',
    ll: [ 59.3247, 18.056 ],
    metro: 0,
    area: 500
  },
  __lastAccess: 1600786374049
}
[2020-09-22T17:18:08.236] [TRACE] file - uIejZyjRwpwZD_giaQ9Wt_xD
[2020-09-22T17:18:08.236] [TRACE] file - Session {
  cookie: {
    path: '/',
    _expires: 2020-12-21T15:18:08.236Z,
    originalMaxAge: 7776000000,
    httpOnly: true
  },
  views: { '/': 170, '/cv': 181, '/giftedADHD': 109 },
  horodate: 2020-09-22T17:18:08.234Z,
  ip: '86.247.252.92',
  geoloc: {
    range: [ 1459091456, 1459093503 ],
    country: 'FR',
    region: 'IDF',
    eu: '1',
    timezone: 'Europe/Paris',
    city: 'Paris',
    ll: [ 48.8543, 2.3527 ],
    metro: 0,
    area: 1
  },
  __lastAccess: 1600787888236
}
[2020-09-22T17:18:17.521] [TRACE] file - Session {
  cookie: {
    path: '/',
    _expires: 2020-12-21T15:18:17.521Z,
    originalMaxAge: 7776000000,
    httpOnly: true
  },
  views: { '/': 170, '/cv': 182, '/giftedADHD': 109 },
  horodate: 2020-09-22T17:18:17.518Z,
  ip: '86.247.252.92',
  geoloc: {
    range: [ 1459091456, 1459093503 ],
    country: 'FR',
    region: 'IDF',
    eu: '1',
    timezone: 'Europe/Paris',
    city: 'Paris',
    ll: [ 48.8543, 2.3527 ],
    metro: 0,
    area: 1
  },
  __lastAccess: 1600787897521
}
[2020-09-22T18:07:55.745] [TRACE] file - pN6tQmKkF9OL3eE1DEw-1EYa
[2020-09-22T18:07:55.745] [TRACE] file - Session {
  cookie: {
    path: '/',
    _expires: 2020-12-21T16:07:55.744Z,
    originalMaxAge: 7776000000,
    httpOnly: true,
    SameSite: 'Lax'
  },
  views: { '/': 1 },
  horodate: 2020-09-22T18:07:55.742Z,
  ip: '208.115.198.54',
  geoloc: {
    range: [ 3497246720, 3497250815 ],
    country: 'US',
    region: 'TX',
    eu: '0',
    timezone: 'America/Chicago',
    city: 'Dallas',
    ll: [ 32.7767, -96.805 ],
    metro: 623,
    area: 1000
  },
  __lastAccess: 1600790875744
}
