Thu Oct 07 2021 20:13:16 GMT+0200 (GMT+02:00)[2020-10-07T20:13:18.209] [TRACE] file - uIejZyjRwpwZD_giaQ9Wt_xD
[2020-10-07T20:13:18.210] [TRACE] file - Session {
  cookie: {
    path: '/',
    _expires: 2021-01-05T18:13:18.202Z,
    originalMaxAge: 7775999997,
    httpOnly: true
  },
  views: { '/': 370, '/cv': 249, '/giftedADHD': 152 },
  horodate: 2020-10-07T20:13:18.200Z,
  geoloc: {
    range: [ 1459091456, 1459093503 ],
    country: 'FR',
    region: 'IDF',
    eu: '1',
    timezone: 'Europe/Paris',
    city: 'Paris',
    ll: [ 48.8543, 2.3527 ],
    metro: 0,
    area: 1
  },
  __lastAccess: 1602094398205,
  ip: '86.247.252.92'
}
[2020-10-07T20:14:06.363] [TRACE] file - Uw8IfHUsRvd3uMbWNqq9TbJc
[2020-10-07T20:14:06.363] [TRACE] file - Session {
  cookie: {
    path: '/',
    _expires: 2021-01-05T18:14:06.362Z,
    originalMaxAge: 7775999999,
    httpOnly: true
  },
  views: { '/': 213, '/cv': 85, '/giftedADHD': 74 },
  horodate: 2020-10-07T20:14:06.360Z,
  ip: '92.184.116.245',
  geoloc: {
    range: [ 1555592192, 1555592703 ],
    country: 'FR',
    region: 'IDF',
    eu: '1',
    timezone: 'Europe/Paris',
    city: 'Saint-Cloud',
    ll: [ 48.846, 2.2029 ],
    metro: 0,
    area: 200
  },
  __lastAccess: 1602094446363
}
[2020-10-07T20:14:15.033] [TRACE] file - Uw8IfHUsRvd3uMbWNqq9TbJc
[2020-10-07T20:14:15.033] [TRACE] file - Session {
  cookie: {
    path: '/',
    _expires: 2021-01-05T18:14:15.032Z,
    originalMaxAge: 7775999999,
    httpOnly: true
  },
  views: { '/': 214, '/cv': 85, '/giftedADHD': 74 },
  horodate: 2020-10-07T20:14:15.029Z,
  ip: '92.184.116.245',
  geoloc: {
    range: [ 1555592192, 1555592703 ],
    country: 'FR',
    region: 'IDF',
    eu: '1',
    timezone: 'Europe/Paris',
    city: 'Saint-Cloud',
    ll: [ 48.846, 2.2029 ],
    metro: 0,
    area: 200
  },
  __lastAccess: 1602094455033
}
[2020-10-07T21:15:39.212] [TRACE] file - uIejZyjRwpwZD_giaQ9Wt_xD
[2020-10-07T21:15:39.212] [TRACE] file - Session {
  cookie: {
    path: '/',
    _expires: 2021-01-05T19:15:39.209Z,
    originalMaxAge: 7775999997,
    httpOnly: true
  },
  views: { '/': 371, '/cv': 249, '/giftedADHD': 152 },
  horodate: 2020-10-07T21:15:39.210Z,
  geoloc: {
    range: [ 1459091456, 1459093503 ],
    country: 'FR',
    region: 'IDF',
    eu: '1',
    timezone: 'Europe/Paris',
    city: 'Paris',
    ll: [ 48.8543, 2.3527 ],
    metro: 0,
    area: 1
  },
  __lastAccess: 1602098139212,
  ip: '86.247.252.92'
}
[2020-10-07T21:18:56.207] [TRACE] file - 9BjuQ_mhpT0DwPtFao_bmlQl
[2020-10-07T21:18:56.207] [TRACE] file - Session {
  cookie: {
    path: '/',
    _expires: 2021-01-05T19:18:56.207Z,
    originalMaxAge: 7776000000,
    httpOnly: true,
    SameSite: 'Lax'
  },
  views: { '/': 1 },
  horodate: 2020-10-07T21:18:56.205Z,
  ip: '31.128.21.64',
  geoloc: {
    range: [ 528486400, 528488447 ],
    country: 'PL',
    region: 'PK',
    eu: '1',
    timezone: 'Europe/Warsaw',
    city: 'Jarosław',
    ll: [ 50.0209, 22.677 ],
    metro: 0,
    area: 20
  },
  __lastAccess: 1602098336207
}
[2020-10-07T21:33:15.133] [TRACE] file - aZuMF4NJKzezrKVG0RBzngKP
[2020-10-07T21:33:15.133] [TRACE] file - Session {
  cookie: {
    path: '/',
    _expires: 2021-01-05T19:33:15.133Z,
    originalMaxAge: 7776000000,
    httpOnly: true,
    SameSite: 'Lax'
  },
  views: { '/': 1 },
  horodate: 2020-10-07T21:33:15.130Z,
  ip: '103.89.252.222',
  geoloc: {
    range: [ 1733950464, 1733951487 ],
    country: 'IN',
    region: 'RJ',
    eu: '0',
    timezone: 'Asia/Kolkata',
    city: 'Udaipur',
    ll: [ 27.7287, 75.4752 ],
    metro: 0,
    area: 50
  },
  __lastAccess: 1602099195133
}
[2020-10-07T23:12:55.615] [TRACE] file - Uw8IfHUsRvd3uMbWNqq9TbJc
[2020-10-07T23:12:55.615] [TRACE] file - Session {
  cookie: {
    path: '/',
    _expires: 2021-01-05T21:12:55.614Z,
    originalMaxAge: 7775999999,
    httpOnly: true
  },
  views: { '/': 215, '/cv': 85, '/giftedADHD': 74 },
  horodate: 2020-10-07T23:12:55.611Z,
  ip: '86.247.252.92',
  geoloc: {
    range: [ 1459091456, 1459093503 ],
    country: 'FR',
    region: 'IDF',
    eu: '1',
    timezone: 'Europe/Paris',
    city: 'Paris',
    ll: [ 48.8543, 2.3527 ],
    metro: 0,
    area: 1
  },
  __lastAccess: 1602105175615
}
[2020-10-07T23:19:49.427] [TRACE] file - Qd5Px41RFGd7dYEGhAXpUHT-
[2020-10-07T23:19:49.427] [TRACE] file - Session {
  cookie: {
    path: '/',
    _expires: 2021-01-05T21:19:49.426Z,
    originalMaxAge: 7775999999,
    httpOnly: true
  },
  views: { '/': 30, '/cv': 29, '/giftedADHD': 10 },
  horodate: 2020-10-07T23:19:49.426Z,
  geoloc: {
    range: [ 1537998848, 1538260991 ],
    country: 'FR',
    region: '',
    eu: '1',
    timezone: 'Europe/Paris',
    city: '',
    ll: [ 48.8582, 2.3387 ],
    metro: 0,
    area: 500
  },
  __lastAccess: 1602105589427,
  ip: '91.175.159.123'
}
[2020-10-07T23:19:52.614] [TRACE] file - ZpV94th_k4WIla1yVN_Wz1I2
[2020-10-07T23:19:52.614] [TRACE] file - Session {
  cookie: {
    path: '/',
    _expires: 2021-01-05T21:19:52.612Z,
    originalMaxAge: 7776000000,
    httpOnly: true,
    SameSite: 'Lax'
  },
  views: { '/': 1 },
  horodate: 2020-10-07T23:19:52.607Z,
  ip: '82.113.19.6',
  geoloc: {
    range: [ 1383137280, 1383145471 ],
    country: 'MC',
    region: '',
    eu: '0',
    timezone: 'Europe/Monaco',
    city: 'Monaco',
    ll: [ 43.7333, 7.4167 ],
    metro: 0,
    area: 1
  },
  __lastAccess: 1602105592613
}
[2020-10-07T23:19:57.638] [TRACE] file - Session {
  cookie: {
    path: '/',
    _expires: 2021-01-05T21:19:57.636Z,
    originalMaxAge: 7775999999,
    httpOnly: true
  },
  views: { '/': 30, '/cv': 30, '/giftedADHD': 10 },
  horodate: 2020-10-07T23:19:57.630Z,
  geoloc: {
    range: [ 1537998848, 1538260991 ],
    country: 'FR',
    region: '',
    eu: '1',
    timezone: 'Europe/Paris',
    city: '',
    ll: [ 48.8582, 2.3387 ],
    metro: 0,
    area: 500
  },
  __lastAccess: 1602105597637,
  ip: '91.175.159.123'
}
[2020-10-07T23:19:58.981] [TRACE] file - Session {
  cookie: {
    path: '/',
    _expires: 2021-01-05T21:19:58.981Z,
    originalMaxAge: 7776000000,
    httpOnly: true,
    SameSite: 'Lax'
  },
  views: { '/cv': 1 },
  horodate: 2020-10-07T23:19:58.979Z,
  __lastAccess: 1602105598981
}
[2020-10-07T23:24:02.591] [TRACE] file - fpyusOFncv9BPFD7aw9H-vzX
[2020-10-07T23:24:02.591] [TRACE] file - Session {
  cookie: {
    path: '/',
    _expires: 2021-01-05T21:24:02.590Z,
    originalMaxAge: 7776000000,
    httpOnly: true,
    SameSite: 'Lax'
  },
  views: { '/': 1 },
  horodate: 2020-10-07T23:24:02.584Z,
  ip: '93.170.60.248',
  geoloc: {
    range: [ 1571437568, 1571438079 ],
    country: 'BA',
    region: 'SRP',
    eu: '0',
    timezone: 'Europe/Sarajevo',
    city: '',
    ll: [ 44.9561, 18.302 ],
    metro: 0,
    area: 100
  },
  __lastAccess: 1602105842590
}
[2020-10-07T23:29:10.631] [TRACE] file - 6Vg49WjPazRuEkt7gmXfauts
[2020-10-07T23:29:10.631] [TRACE] file - Session {
  cookie: {
    path: '/',
    _expires: 2021-01-05T21:29:10.631Z,
    originalMaxAge: 7776000000,
    httpOnly: true,
    SameSite: 'Lax'
  },
  views: { '/': 1 },
  horodate: 2020-10-07T23:29:10.627Z,
  ip: '93.174.95.106',
  geoloc: {
    range: [ 1571708736, 1571708799 ],
    country: 'NL',
    region: '',
    eu: '1',
    timezone: 'Europe/Amsterdam',
    city: '',
    ll: [ 52.3824, 4.8995 ],
    metro: 0,
    area: 100
  },
  __lastAccess: 1602106150631
}
[2020-10-07T23:41:36.489] [TRACE] file - _4ueLKoudpyB7S0FUdf6A0pG
[2020-10-07T23:41:36.489] [TRACE] file - Session {
  cookie: {
    path: '/',
    _expires: 2021-01-05T21:41:36.488Z,
    originalMaxAge: 7776000000,
    httpOnly: true,
    SameSite: 'Lax'
  },
  views: { '/': 1 },
  horodate: 2020-10-07T23:41:36.487Z,
  ip: '176.113.115.214',
  geoloc: {
    range: [ 2960224768, 2960225279 ],
    country: 'RU',
    region: 'MOW',
    eu: '0',
    timezone: 'Europe/Moscow',
    city: 'Moscow',
    ll: [ 55.7527, 37.6172 ],
    metro: 0,
    area: 200
  },
  __lastAccess: 1602106896489
}
[2020-10-07T23:59:52.298] [TRACE] file - WQylPWQyp3ncw3E01wpZJcaT
[2020-10-07T23:59:52.298] [TRACE] file - Session {
  cookie: {
    path: '/',
    _expires: 2021-01-05T21:59:52.298Z,
    originalMaxAge: 7776000000,
    httpOnly: true,
    SameSite: 'Lax'
  },
  views: { '/': 1 },
  horodate: 2020-10-07T23:59:52.292Z,
  ip: '176.113.115.214',
  geoloc: {
    range: [ 2960224768, 2960225279 ],
    country: 'RU',
    region: 'MOW',
    eu: '0',
    timezone: 'Europe/Moscow',
    city: 'Moscow',
    ll: [ 55.7527, 37.6172 ],
    metro: 0,
    area: 200
  },
  __lastAccess: 1602107992298
}
[2020-10-08T00:02:15.329] [TRACE] file - Uw8IfHUsRvd3uMbWNqq9TbJc
[2020-10-08T00:02:15.329] [TRACE] file - Session {
  cookie: {
    path: '/',
    _expires: 2021-01-05T22:02:15.328Z,
    originalMaxAge: 7775999999,
    httpOnly: true
  },
  views: { '/': 216, '/cv': 85, '/giftedADHD': 74 },
  horodate: 2020-10-07T00:02:15.327Z,
  ip: '86.247.252.92',
  geoloc: {
    range: [ 1459091456, 1459093503 ],
    country: 'FR',
    region: 'IDF',
    eu: '1',
    timezone: 'Europe/Paris',
    city: 'Paris',
    ll: [ 48.8543, 2.3527 ],
    metro: 0,
    area: 1
  },
  __lastAccess: 1602108135329
}
[2020-10-08T00:02:20.624] [TRACE] file - Session {
  cookie: {
    path: '/',
    _expires: 2021-01-05T22:02:20.622Z,
    originalMaxAge: 7775999999,
    httpOnly: true
  },
  views: { '/': 216, '/cv': 86, '/giftedADHD': 74 },
  horodate: 2020-10-07T00:02:20.615Z,
  ip: '86.247.252.92',
  geoloc: {
    range: [ 1459091456, 1459093503 ],
    country: 'FR',
    region: 'IDF',
    eu: '1',
    timezone: 'Europe/Paris',
    city: 'Paris',
    ll: [ 48.8543, 2.3527 ],
    metro: 0,
    area: 1
  },
  __lastAccess: 1602108140624
}
[2020-10-08T00:02:22.552] [TRACE] file - Session {
  cookie: {
    path: '/',
    _expires: 2021-01-05T22:02:22.550Z,
    originalMaxAge: 7775999999,
    httpOnly: true
  },
  views: { '/': 216, '/cv': 86, '/giftedADHD': 75 },
  horodate: 2020-10-07T00:02:22.545Z,
  ip: '86.247.252.92',
  geoloc: {
    range: [ 1459091456, 1459093503 ],
    country: 'FR',
    region: 'IDF',
    eu: '1',
    timezone: 'Europe/Paris',
    city: 'Paris',
    ll: [ 48.8543, 2.3527 ],
    metro: 0,
    area: 1
  },
  __lastAccess: 1602108142551
}
[2020-10-08T00:02:24.226] [TRACE] file - Uw8IfHUsRvd3uMbWNqq9TbJc
[2020-10-08T00:02:24.226] [TRACE] file - Session {
  cookie: {
    path: '/',
    _expires: 2021-01-05T22:02:24.224Z,
    originalMaxAge: 7775999999,
    httpOnly: true
  },
  views: { '/': 217, '/cv': 86, '/giftedADHD': 75 },
  horodate: 2020-10-07T00:02:24.220Z,
  ip: '86.247.252.92',
  geoloc: {
    range: [ 1459091456, 1459093503 ],
    country: 'FR',
    region: 'IDF',
    eu: '1',
    timezone: 'Europe/Paris',
    city: 'Paris',
    ll: [ 48.8543, 2.3527 ],
    metro: 0,
    area: 1
  },
  __lastAccess: 1602108144226
}
[2020-10-08T01:13:17.081] [TRACE] file - H5PNVoKtwGGOK7RVoRDSDbOu
[2020-10-08T01:13:17.081] [TRACE] file - Session {
  cookie: {
    path: '/',
    _expires: 2021-01-05T23:13:17.080Z,
    originalMaxAge: 7776000000,
    httpOnly: true,
    SameSite: 'Lax'
  },
  views: { '/': 1 },
  horodate: 2020-10-07T01:13:17.074Z,
  ip: '36.68.216.195',
  geoloc: {
    range: [ 608491520, 608493567 ],
    country: 'ID',
    region: 'PA',
    eu: '0',
    timezone: 'Asia/Jayapura',
    city: 'Fakfak',
    ll: [ -2.9248, 132.2981 ],
    metro: 0,
    area: 500
  },
  __lastAccess: 1602112397080
}
[2020-10-08T02:41:24.488] [TRACE] file - 1b33AZnzWww1ucz_DMcrErYh
[2020-10-08T02:41:24.488] [TRACE] file - Session {
  cookie: {
    path: '/',
    _expires: 2021-01-06T00:41:24.487Z,
    originalMaxAge: 7776000000,
    httpOnly: true,
    SameSite: 'Lax'
  },
  views: { '/': 1 },
  horodate: 2020-10-08T02:41:24.485Z,
  ip: '18.236.79.119',
  geoloc: {
    range: [ 317456384, 317587455 ],
    country: 'US',
    region: 'OR',
    eu: '0',
    timezone: 'America/Los_Angeles',
    city: 'Boardman',
    ll: [ 45.8491, -119.7143 ],
    metro: 810,
    area: 1000
  },
  __lastAccess: 1602117684488
}
[2020-10-08T03:25:44.818] [TRACE] file - Uw8IfHUsRvd3uMbWNqq9TbJc
[2020-10-08T03:25:44.818] [TRACE] file - Session {
  cookie: {
    path: '/',
    _expires: 2021-01-06T01:25:44.816Z,
    originalMaxAge: 7775999999,
    httpOnly: true
  },
  views: { '/': 218, '/cv': 86, '/giftedADHD': 75 },
  horodate: 2020-10-08T03:25:44.810Z,
  ip: '86.247.252.92',
  geoloc: {
    range: [ 1459091456, 1459093503 ],
    country: 'FR',
    region: 'IDF',
    eu: '1',
    timezone: 'Europe/Paris',
    city: 'Paris',
    ll: [ 48.8543, 2.3527 ],
    metro: 0,
    area: 1
  },
  __lastAccess: 1602120344817
}
