Fri Oct 22 2021 18:57:29 GMT+0200 (GMT+02:00)[2020-10-22T18:57:32.989] [TRACE] file - Session {
  cookie: {
    path: '/',
    _expires: 2021-01-20T16:57:32.980Z,
    originalMaxAge: 7775999999,
    httpOnly: true
  },
  __lastAccess: 1603385852982,
  views: { '/': 6, '/cv': 3, '/giftedADHD': 2, '/leaflet': 31 },
  horodate: 2020-10-22T18:57:32.973Z,
  ip: '86.247.78.60',
  geoloc: {
    range: [ 1459046400, 1459048447 ],
    country: 'FR',
    region: 'IDF',
    eu: '1',
    timezone: 'Europe/Paris',
    city: 'Paris',
    ll: [ 48.8543, 2.3527 ],
    metro: 0,
    area: 5
  }
}
