Tue Oct 12 2021 19:14:35 GMT+0200 (GMT+02:00)[2020-10-12T20:27:44.623] [TRACE] file - 44YIHNkRuaePP6TZ2LApAaMP
[2020-10-12T20:27:44.624] [TRACE] file - Session {
  cookie: {
    path: '/',
    _expires: 2021-01-10T18:27:44.616Z,
    originalMaxAge: 7776000000,
    httpOnly: true,
    SameSite: 'Lax'
  },
  views: { '/': 1 },
  horodate: 2020-10-12T20:27:44.609Z,
  ip: '213.32.122.81',
  geoloc: {
    range: [ 3575675456, 3575675519 ],
    country: 'FR',
    region: '',
    eu: '1',
    timezone: 'Europe/Paris',
    city: '',
    ll: [ 48.8582, 2.3387 ],
    metro: 0,
    area: 500
  },
  __lastAccess: 1602527264616
}
[2020-10-12T21:08:21.553] [TRACE] file - yS_beniCqZaj539rlM3gT89_
[2020-10-12T21:08:21.553] [TRACE] file - Session {
  cookie: {
    path: '/',
    _expires: 2021-01-10T19:08:21.552Z,
    originalMaxAge: 7776000000,
    httpOnly: true,
    SameSite: 'Lax'
  },
  views: { '/': 1 },
  horodate: 2020-10-12T21:08:21.550Z,
  ip: '128.14.133.58',
  geoloc: {
    range: [ 2148433920, 2148435967 ],
    country: 'US',
    region: 'CA',
    eu: '0',
    timezone: 'America/Los_Angeles',
    city: 'Arcadia',
    ll: [ 34.1397, -118.0353 ],
    metro: 803,
    area: 500
  },
  __lastAccess: 1602529701552
}
[2020-10-12T21:21:43.612] [TRACE] file - Uw8IfHUsRvd3uMbWNqq9TbJc
[2020-10-12T21:21:43.612] [TRACE] file - Session {
  cookie: {
    path: '/',
    _expires: 2021-01-10T19:21:43.611Z,
    originalMaxAge: 7775999999,
    httpOnly: true
  },
  views: { '/': 228, '/cv': 87, '/giftedADHD': 75 },
  horodate: 2020-10-12T21:21:43.610Z,
  ip: '82.227.67.139',
  geoloc: {
    range: [ 1390624768, 1390625791 ],
    country: 'FR',
    region: 'IDF',
    eu: '1',
    timezone: 'Europe/Paris',
    city: 'Paris',
    ll: [ 48.8543, 2.3527 ],
    metro: 0,
    area: 5
  },
  __lastAccess: 1602530503612
}
[2020-10-12T22:08:10.443] [TRACE] file - mHMsHPs4qqZifoRmDCNdyDgU
[2020-10-12T22:08:10.443] [TRACE] file - Session {
  cookie: {
    path: '/',
    _expires: 2021-01-10T20:08:10.442Z,
    originalMaxAge: 7776000000,
    httpOnly: true,
    SameSite: 'Lax'
  },
  views: { '/': 1 },
  horodate: 2020-10-12T22:08:10.441Z,
  ip: '162.142.125.33',
  geoloc: {
    range: [ 2727231488, 2727247871 ],
    country: 'US',
    region: '',
    eu: '0',
    timezone: 'America/Chicago',
    city: '',
    ll: [ 37.751, -97.822 ],
    metro: 0,
    area: 1000
  },
  __lastAccess: 1602533290443
}
[2020-10-12T22:08:10.689] [TRACE] file - 3OBdocml2eQbSuGjUfUXI6hO
[2020-10-12T22:08:10.689] [TRACE] file - Session {
  cookie: {
    path: '/',
    _expires: 2021-01-10T20:08:10.689Z,
    originalMaxAge: 7776000000,
    httpOnly: true,
    SameSite: 'Lax'
  },
  views: { '/': 1 },
  horodate: 2020-10-12T22:08:10.687Z,
  ip: '162.142.125.33',
  geoloc: {
    range: [ 2727231488, 2727247871 ],
    country: 'US',
    region: '',
    eu: '0',
    timezone: 'America/Chicago',
    city: '',
    ll: [ 37.751, -97.822 ],
    metro: 0,
    area: 1000
  },
  __lastAccess: 1602533290689
}
[2020-10-13T00:22:46.128] [TRACE] file - NFTM3MANLWtWrNQfWsWbSi3B
[2020-10-13T00:22:46.129] [TRACE] file - Session {
  cookie: {
    path: '/',
    _expires: 2021-01-10T22:22:46.128Z,
    originalMaxAge: 7776000000,
    httpOnly: true,
    SameSite: 'Lax'
  },
  views: { '/': 1 },
  horodate: 2020-10-12T00:22:46.126Z,
  ip: '163.47.87.26',
  geoloc: {
    range: [ 2737788416, 2737788927 ],
    country: 'BD',
    region: '',
    eu: '0',
    timezone: 'Asia/Dhaka',
    city: '',
    ll: [ 23.7, 90.375 ],
    metro: 0,
    area: 200
  },
  __lastAccess: 1602541366128
}
