Sat Oct 02 2021 23:14:26 GMT+0200 (GMT+02:00)[2020-10-02T23:16:18.923] [TRACE] file - uIejZyjRwpwZD_giaQ9Wt_xD
[2020-10-02T23:16:18.923] [TRACE] file - Session {
  cookie: {
    path: '/',
    _expires: 2020-12-31T21:16:18.918Z,
    originalMaxAge: 7776000000,
    httpOnly: true
  },
  views: { '/': 292, '/cv': 222, '/giftedADHD': 135 },
  horodate: 2020-10-02T23:16:18.913Z,
  ip: '86.247.252.92',
  geoloc: {
    range: [ 1459091456, 1459093503 ],
    country: 'FR',
    region: 'IDF',
    eu: '1',
    timezone: 'Europe/Paris',
    city: 'Paris',
    ll: [ 48.8543, 2.3527 ],
    metro: 0,
    area: 1
  },
  __lastAccess: 1601673378918
}
[2020-10-02T23:17:32.755] [TRACE] file - uIejZyjRwpwZD_giaQ9Wt_xD
[2020-10-02T23:17:32.755] [TRACE] file - Session {
  cookie: {
    path: '/',
    _expires: 2020-12-31T21:17:32.755Z,
    originalMaxAge: 7776000000,
    httpOnly: true
  },
  views: { '/': 293, '/cv': 222, '/giftedADHD': 135 },
  horodate: 2020-10-02T23:17:32.753Z,
  ip: '86.247.252.92',
  geoloc: {
    range: [ 1459091456, 1459093503 ],
    country: 'FR',
    region: 'IDF',
    eu: '1',
    timezone: 'Europe/Paris',
    city: 'Paris',
    ll: [ 48.8543, 2.3527 ],
    metro: 0,
    area: 1
  },
  __lastAccess: 1601673452755
}
