Wed Sep 22 2021 00:53:01 GMT+0200 (GMT+02:00)[2020-09-22T01:00:56.739] [TRACE] file - TR4vTWOb1U4VEEcog0fNgUAX
[2020-09-22T01:00:56.740] [TRACE] file - Session {
  cookie: {
    path: '/',
    _expires: 2020-12-20T23:00:56.736Z,
    originalMaxAge: 7776000000,
    httpOnly: true,
    SameSite: 'Lax'
  },
  views: { '/': 1 },
  horodate: 2020-09-21T01:00:56.731Z,
  ip: '36.67.125.55',
  geoloc: {
    range: [ 608399360, 608403455 ],
    country: 'ID',
    region: '',
    eu: '0',
    timezone: 'Asia/Jakarta',
    city: '',
    ll: [ -6.175, 106.8286 ],
    metro: 0,
    area: 1000
  },
  __lastAccess: 1600729256736
}
