Fri Oct 22 2021 18:38:32 GMT+0200 (GMT+02:00)[2020-10-22T18:38:34.068] [TRACE] file - Session {
  cookie: {
    path: '/',
    _expires: 2021-01-20T16:38:34.063Z,
    originalMaxAge: 7775999999,
    httpOnly: true
  },
  __lastAccess: 1603384714064,
  views: { '/': 4, '/cv': 3, '/giftedADHD': 1, '/leaflet': 12 },
  horodate: 2020-10-22T18:38:34.060Z,
  ip: '86.247.78.60',
  geoloc: {
    range: [ 1459046400, 1459048447 ],
    country: 'FR',
    region: 'IDF',
    eu: '1',
    timezone: 'Europe/Paris',
    city: 'Paris',
    ll: [ 48.8543, 2.3527 ],
    metro: 0,
    area: 5
  }
}
[2020-10-22T18:38:36.706] [TRACE] file - Session {
  cookie: {
    path: '/',
    _expires: 2021-01-20T16:38:36.704Z,
    originalMaxAge: 7775999999,
    httpOnly: true
  },
  __lastAccess: 1603384716705,
  views: { '/': 4, '/cv': 3, '/giftedADHD': 1, '/leaflet': 13 },
  horodate: 2020-10-22T18:38:36.704Z,
  ip: '86.247.78.60',
  geoloc: {
    range: [ 1459046400, 1459048447 ],
    country: 'FR',
    region: 'IDF',
    eu: '1',
    timezone: 'Europe/Paris',
    city: 'Paris',
    ll: [ 48.8543, 2.3527 ],
    metro: 0,
    area: 5
  }
}
