Sat Oct 02 2021 23:20:12 GMT+0200 (GMT+02:00)[2020-10-02T23:20:15.533] [TRACE] file - uIejZyjRwpwZD_giaQ9Wt_xD
[2020-10-02T23:20:15.533] [TRACE] file - Session {
  cookie: {
    path: '/',
    _expires: 2020-12-31T21:20:15.527Z,
    originalMaxAge: 7776000000,
    httpOnly: true
  },
  views: { '/': 294, '/cv': 222, '/giftedADHD': 135 },
  horodate: 2020-10-02T23:20:15.522Z,
  ip: '86.247.252.92',
  geoloc: {
    range: [ 1459091456, 1459093503 ],
    country: 'FR',
    region: 'IDF',
    eu: '1',
    timezone: 'Europe/Paris',
    city: 'Paris',
    ll: [ 48.8543, 2.3527 ],
    metro: 0,
    area: 1
  },
  __lastAccess: 1601673615527
}
[2020-10-02T23:21:57.853] [TRACE] file - Session {
  cookie: {
    path: '/',
    _expires: 2020-12-31T21:21:57.853Z,
    originalMaxAge: 7776000000,
    httpOnly: true
  },
  views: { '/': 294, '/cv': 223, '/giftedADHD': 135 },
  horodate: 2020-10-02T23:21:57.850Z,
  ip: '86.247.252.92',
  geoloc: {
    range: [ 1459091456, 1459093503 ],
    country: 'FR',
    region: 'IDF',
    eu: '1',
    timezone: 'Europe/Paris',
    city: 'Paris',
    ll: [ 48.8543, 2.3527 ],
    metro: 0,
    area: 1
  },
  __lastAccess: 1601673717853
}
[2020-10-02T23:22:04.584] [TRACE] file - Session {
  cookie: {
    path: '/',
    _expires: 2020-12-31T21:22:04.583Z,
    originalMaxAge: 7776000000,
    httpOnly: true
  },
  views: { '/': 294, '/cv': 224, '/giftedADHD': 135 },
  horodate: 2020-10-02T23:22:04.582Z,
  ip: '86.247.252.92',
  geoloc: {
    range: [ 1459091456, 1459093503 ],
    country: 'FR',
    region: 'IDF',
    eu: '1',
    timezone: 'Europe/Paris',
    city: 'Paris',
    ll: [ 48.8543, 2.3527 ],
    metro: 0,
    area: 1
  },
  __lastAccess: 1601673724583
}
[2020-10-02T23:22:07.802] [TRACE] file - uIejZyjRwpwZD_giaQ9Wt_xD
[2020-10-02T23:22:07.802] [TRACE] file - Session {
  cookie: {
    path: '/',
    _expires: 2020-12-31T21:22:07.802Z,
    originalMaxAge: 7776000000,
    httpOnly: true
  },
  views: { '/': 295, '/cv': 224, '/giftedADHD': 135 },
  horodate: 2020-10-02T23:22:07.798Z,
  ip: '86.247.252.92',
  geoloc: {
    range: [ 1459091456, 1459093503 ],
    country: 'FR',
    region: 'IDF',
    eu: '1',
    timezone: 'Europe/Paris',
    city: 'Paris',
    ll: [ 48.8543, 2.3527 ],
    metro: 0,
    area: 1
  },
  __lastAccess: 1601673727802
}
[2020-10-02T23:22:10.365] [TRACE] file - Session {
  cookie: {
    path: '/',
    _expires: 2020-12-31T21:22:10.365Z,
    originalMaxAge: 7776000000,
    httpOnly: true
  },
  views: { '/': 295, '/cv': 224, '/giftedADHD': 136 },
  horodate: 2020-10-02T23:22:10.362Z,
  ip: '86.247.252.92',
  geoloc: {
    range: [ 1459091456, 1459093503 ],
    country: 'FR',
    region: 'IDF',
    eu: '1',
    timezone: 'Europe/Paris',
    city: 'Paris',
    ll: [ 48.8543, 2.3527 ],
    metro: 0,
    area: 1
  },
  __lastAccess: 1601673730365
}
[2020-10-02T23:36:38.058] [TRACE] file - 7XQ7wcVvKzMPsn06onsAWhkV
[2020-10-02T23:36:38.058] [TRACE] file - Session {
  cookie: {
    path: '/',
    _expires: 2020-12-31T21:36:38.057Z,
    originalMaxAge: 7776000000,
    httpOnly: true,
    SameSite: 'Lax'
  },
  views: { '/': 1 },
  horodate: 2020-10-02T23:36:38.052Z,
  ip: '103.113.106.9',
  geoloc: {
    range: [ 1735485952, 1735486079 ],
    country: 'IN',
    region: 'HR',
    eu: '0',
    timezone: 'Asia/Kolkata',
    city: 'Faridabad',
    ll: [ 28.4112, 77.3132 ],
    metro: 0,
    area: 20
  },
  __lastAccess: 1601674598057
}
[2020-10-02T23:46:59.295] [TRACE] file - Uw8IfHUsRvd3uMbWNqq9TbJc
[2020-10-02T23:46:59.296] [TRACE] file - Session {
  cookie: {
    path: '/',
    _expires: 2020-12-31T21:46:59.294Z,
    originalMaxAge: 7775999999,
    httpOnly: true
  },
  views: { '/': 176, '/cv': 70, '/giftedADHD': 61 },
  horodate: 2020-10-02T23:46:59.289Z,
  ip: '82.227.67.139',
  geoloc: {
    range: [ 1390624768, 1390625791 ],
    country: 'FR',
    region: 'IDF',
    eu: '1',
    timezone: 'Europe/Paris',
    city: 'Paris',
    ll: [ 48.8543, 2.3527 ],
    metro: 0,
    area: 5
  },
  __lastAccess: 1601675219295
}
[2020-10-02T23:47:01.019] [TRACE] file - Session {
  cookie: {
    path: '/',
    _expires: 2020-12-31T21:47:01.016Z,
    originalMaxAge: 7775999999,
    httpOnly: true
  },
  views: { '/': 176, '/cv': 71, '/giftedADHD': 61 },
  horodate: 2020-10-02T23:47:01.012Z,
  ip: '82.227.67.139',
  geoloc: {
    range: [ 1390624768, 1390625791 ],
    country: 'FR',
    region: 'IDF',
    eu: '1',
    timezone: 'Europe/Paris',
    city: 'Paris',
    ll: [ 48.8543, 2.3527 ],
    metro: 0,
    area: 5
  },
  __lastAccess: 1601675221018
}
[2020-10-02T23:47:03.183] [TRACE] file - Session {
  cookie: {
    path: '/',
    _expires: 2020-12-31T21:47:03.181Z,
    originalMaxAge: 7775999999,
    httpOnly: true
  },
  views: { '/': 176, '/cv': 71, '/giftedADHD': 62 },
  horodate: 2020-10-02T23:47:03.174Z,
  ip: '82.227.67.139',
  geoloc: {
    range: [ 1390624768, 1390625791 ],
    country: 'FR',
    region: 'IDF',
    eu: '1',
    timezone: 'Europe/Paris',
    city: 'Paris',
    ll: [ 48.8543, 2.3527 ],
    metro: 0,
    area: 5
  },
  __lastAccess: 1601675223183
}
[2020-10-02T23:47:08.666] [TRACE] file - Session {
  cookie: {
    path: '/',
    _expires: 2020-12-31T21:47:08.664Z,
    originalMaxAge: 7775999999,
    httpOnly: true
  },
  views: { '/': 176, '/cv': 72, '/giftedADHD': 62 },
  horodate: 2020-10-02T23:47:08.662Z,
  ip: '82.227.67.139',
  geoloc: {
    range: [ 1390624768, 1390625791 ],
    country: 'FR',
    region: 'IDF',
    eu: '1',
    timezone: 'Europe/Paris',
    city: 'Paris',
    ll: [ 48.8543, 2.3527 ],
    metro: 0,
    area: 5
  },
  __lastAccess: 1601675228665
}
[2020-10-02T23:47:10.488] [TRACE] file - Session {
  cookie: {
    path: '/',
    _expires: 2020-12-31T21:47:10.486Z,
    originalMaxAge: 7775999999,
    httpOnly: true
  },
  views: { '/': 176, '/cv': 72, '/giftedADHD': 63 },
  horodate: 2020-10-02T23:47:10.478Z,
  ip: '82.227.67.139',
  geoloc: {
    range: [ 1390624768, 1390625791 ],
    country: 'FR',
    region: 'IDF',
    eu: '1',
    timezone: 'Europe/Paris',
    city: 'Paris',
    ll: [ 48.8543, 2.3527 ],
    metro: 0,
    area: 5
  },
  __lastAccess: 1601675230487
}
[2020-10-02T23:47:12.222] [TRACE] file - Session {
  cookie: {
    path: '/',
    _expires: 2020-12-31T21:47:12.221Z,
    originalMaxAge: 7775999999,
    httpOnly: true
  },
  views: { '/': 176, '/cv': 72, '/giftedADHD': 64 },
  horodate: 2020-10-02T23:47:12.220Z,
  ip: '82.227.67.139',
  geoloc: {
    range: [ 1390624768, 1390625791 ],
    country: 'FR',
    region: 'IDF',
    eu: '1',
    timezone: 'Europe/Paris',
    city: 'Paris',
    ll: [ 48.8543, 2.3527 ],
    metro: 0,
    area: 5
  },
  __lastAccess: 1601675232222
}
[2020-10-02T23:47:18.222] [TRACE] file - Uw8IfHUsRvd3uMbWNqq9TbJc
[2020-10-02T23:47:18.222] [TRACE] file - Session {
  cookie: {
    path: '/',
    _expires: 2020-12-31T21:47:18.221Z,
    originalMaxAge: 7775999999,
    httpOnly: true
  },
  views: { '/': 177, '/cv': 72, '/giftedADHD': 64 },
  horodate: 2020-10-02T23:47:18.213Z,
  ip: '82.227.67.139',
  geoloc: {
    range: [ 1390624768, 1390625791 ],
    country: 'FR',
    region: 'IDF',
    eu: '1',
    timezone: 'Europe/Paris',
    city: 'Paris',
    ll: [ 48.8543, 2.3527 ],
    metro: 0,
    area: 5
  },
  __lastAccess: 1601675238222
}
[2020-10-02T23:47:20.011] [TRACE] file - Session {
  cookie: {
    path: '/',
    _expires: 2020-12-31T21:47:20.010Z,
    originalMaxAge: 7775999999,
    httpOnly: true
  },
  views: { '/': 177, '/cv': 72, '/giftedADHD': 65 },
  horodate: 2020-10-02T23:47:20.009Z,
  ip: '82.227.67.139',
  geoloc: {
    range: [ 1390624768, 1390625791 ],
    country: 'FR',
    region: 'IDF',
    eu: '1',
    timezone: 'Europe/Paris',
    city: 'Paris',
    ll: [ 48.8543, 2.3527 ],
    metro: 0,
    area: 5
  },
  __lastAccess: 1601675240011
}
[2020-10-02T23:47:24.570] [TRACE] file - Session {
  cookie: {
    path: '/',
    _expires: 2020-12-31T21:47:24.569Z,
    originalMaxAge: 7775999999,
    httpOnly: true
  },
  views: { '/': 177, '/cv': 73, '/giftedADHD': 65 },
  horodate: 2020-10-02T23:47:24.568Z,
  ip: '82.227.67.139',
  geoloc: {
    range: [ 1390624768, 1390625791 ],
    country: 'FR',
    region: 'IDF',
    eu: '1',
    timezone: 'Europe/Paris',
    city: 'Paris',
    ll: [ 48.8543, 2.3527 ],
    metro: 0,
    area: 5
  },
  __lastAccess: 1601675244570
}
[2020-10-02T23:47:27.175] [TRACE] file - Uw8IfHUsRvd3uMbWNqq9TbJc
[2020-10-02T23:47:27.175] [TRACE] file - Session {
  cookie: {
    path: '/',
    _expires: 2020-12-31T21:47:27.173Z,
    originalMaxAge: 7775999999,
    httpOnly: true
  },
  views: { '/': 178, '/cv': 73, '/giftedADHD': 65 },
  horodate: 2020-10-02T23:47:27.169Z,
  ip: '82.227.67.139',
  geoloc: {
    range: [ 1390624768, 1390625791 ],
    country: 'FR',
    region: 'IDF',
    eu: '1',
    timezone: 'Europe/Paris',
    city: 'Paris',
    ll: [ 48.8543, 2.3527 ],
    metro: 0,
    area: 5
  },
  __lastAccess: 1601675247175
}
[2020-10-03T00:09:45.000] [TRACE] file - Kq5ONZxm_rIkGWNOWlGDwN_A
[2020-10-03T00:09:45.000] [TRACE] file - Session {
  cookie: {
    path: '/',
    _expires: 2020-12-31T22:09:44.999Z,
    originalMaxAge: 7776000000,
    httpOnly: true,
    SameSite: 'Lax'
  },
  views: { '/': 1 },
  horodate: 2020-10-02T00:09:44.996Z,
  ip: '151.63.184.127',
  geoloc: {
    range: [ 2537535488, 2537535615 ],
    country: 'IT',
    region: '82',
    eu: '1',
    timezone: 'Europe/Rome',
    city: 'Agrigento',
    ll: [ 37.3107, 13.5766 ],
    metro: 0,
    area: 1000
  },
  __lastAccess: 1601676584999
}
[2020-10-03T00:35:49.738] [TRACE] file - nEMrjUaX5pToCWNcbqE7hWw2
[2020-10-03T00:35:49.738] [TRACE] file - Session {
  cookie: {
    path: '/',
    _expires: 2020-12-31T22:35:49.736Z,
    originalMaxAge: 7776000000,
    httpOnly: true,
    SameSite: 'Lax'
  },
  views: { '/': 1 },
  horodate: 2020-10-02T00:35:49.731Z,
  ip: '91.236.177.162',
  geoloc: {
    range: [ 1542238208, 1542239231 ],
    country: 'RU',
    region: 'MOS',
    eu: '0',
    timezone: 'Europe/Moscow',
    city: 'Stupino',
    ll: [ 54.9008, 38.0708 ],
    metro: 0,
    area: 1
  },
  __lastAccess: 1601678149737
}
[2020-10-03T01:18:44.717] [TRACE] file - Session {
  cookie: {
    path: '/',
    _expires: 2020-12-31T23:18:44.717Z,
    originalMaxAge: 7776000000,
    httpOnly: true,
    SameSite: 'Lax'
  },
  views: { '/cv': 1 },
  horodate: 2020-10-02T01:18:44.715Z,
  __lastAccess: 1601680724717
}
[2020-10-03T01:19:29.157] [TRACE] file - HTazvJhsCOUu_56QiO6Y44kY
[2020-10-03T01:19:29.157] [TRACE] file - Session {
  cookie: {
    path: '/',
    _expires: 2020-12-31T23:19:29.157Z,
    originalMaxAge: 7776000000,
    httpOnly: true,
    SameSite: 'Lax'
  },
  views: { '/': 1 },
  horodate: 2020-10-02T01:19:29.156Z,
  ip: '54.36.148.32',
  geoloc: {
    range: [ 908366848, 908367871 ],
    country: 'FR',
    region: '',
    eu: '1',
    timezone: 'Europe/Paris',
    city: '',
    ll: [ 48.8582, 2.3387 ],
    metro: 0,
    area: 500
  },
  __lastAccess: 1601680769157
}
[2020-10-03T05:33:37.789] [TRACE] file - L0bv3Go4sxxM0LhIqSXWplbZ
[2020-10-03T05:33:37.790] [TRACE] file - Session {
  cookie: {
    path: '/',
    _expires: 2021-01-01T03:33:37.789Z,
    originalMaxAge: 7776000000,
    httpOnly: true,
    SameSite: 'Lax'
  },
  views: { '/': 1 },
  horodate: 2020-10-03T05:33:37.786Z,
  ip: '73.238.53.3',
  geoloc: {
    range: [ 1240347648, 1240348159 ],
    country: 'US',
    region: 'MA',
    eu: '0',
    timezone: 'America/New_York',
    city: 'East Weymouth',
    ll: [ 42.214, -70.9203 ],
    metro: 506,
    area: 20
  },
  __lastAccess: 1601696017789
}
