Sat Oct 09 2021 11:11:19 GMT+0200 (GMT+02:00)[2020-10-09T11:11:21.940] [TRACE] file - uIejZyjRwpwZD_giaQ9Wt_xD
[2020-10-09T11:11:21.941] [TRACE] file - Session {
  cookie: {
    path: '/',
    _expires: 2021-01-07T09:11:21.936Z,
    originalMaxAge: 7775999997,
    httpOnly: true
  },
  views: { '/': 377, '/cv': 251, '/giftedADHD': 152 },
  horodate: 2020-10-09T11:11:21.934Z,
  geoloc: {
    range: [ 1459091456, 1459093503 ],
    country: 'FR',
    region: 'IDF',
    eu: '1',
    timezone: 'Europe/Paris',
    city: 'Paris',
    ll: [ 48.8543, 2.3527 ],
    metro: 0,
    area: 1
  },
  __lastAccess: 1602234681939,
  ip: '86.247.252.92'
}
