Fri Oct 08 2021 09:05:44 GMT+0200 (GMT+02:00)[2020-10-08T09:05:46.799] [TRACE] file - uIejZyjRwpwZD_giaQ9Wt_xD
[2020-10-08T09:05:46.800] [TRACE] file - Session {
  cookie: {
    path: '/',
    _expires: 2021-01-06T07:05:46.794Z,
    originalMaxAge: 7775999997,
    httpOnly: true
  },
  views: { '/': 372, '/cv': 249, '/giftedADHD': 152 },
  horodate: 2020-10-08T09:05:46.792Z,
  geoloc: {
    range: [ 1459091456, 1459093503 ],
    country: 'FR',
    region: 'IDF',
    eu: '1',
    timezone: 'Europe/Paris',
    city: 'Paris',
    ll: [ 48.8543, 2.3527 ],
    metro: 0,
    area: 1
  },
  __lastAccess: 1602140746797,
  ip: '86.247.252.92'
}
[2020-10-08T09:40:48.333] [TRACE] file - V0DhxxjM-Jwpt35-p_wJs0CB
[2020-10-08T09:40:48.333] [TRACE] file - Session {
  cookie: {
    path: '/',
    _expires: 2021-01-06T07:40:48.330Z,
    originalMaxAge: 7776000000,
    httpOnly: true,
    SameSite: 'Lax'
  },
  views: { '/': 1 },
  horodate: 2020-10-08T09:40:48.328Z,
  ip: '103.29.144.18',
  geoloc: {
    range: [ 1729990656, 1729991679 ],
    country: 'MN',
    region: '',
    eu: '0',
    timezone: 'Asia/Ulaanbaatar',
    city: '',
    ll: [ 46, 105 ],
    metro: 0,
    area: 50
  },
  __lastAccess: 1602142848330
}
[2020-10-08T09:42:17.422] [TRACE] file - DmUdVZJy68f906Y7wx_FaMlf
[2020-10-08T09:42:17.422] [TRACE] file - Session {
  cookie: {
    path: '/',
    _expires: 2021-01-06T07:42:17.422Z,
    originalMaxAge: 7776000000,
    httpOnly: true,
    SameSite: 'Lax'
  },
  views: { '/': 1 },
  horodate: 2020-10-08T09:42:17.415Z,
  ip: '79.103.57.167',
  geoloc: {
    range: [ 1332164864, 1332165119 ],
    country: 'GR',
    region: 'B',
    eu: '1',
    timezone: 'Europe/Athens',
    city: 'Thessaloniki',
    ll: [ 40.6381, 22.9455 ],
    metro: 0,
    area: 200
  },
  __lastAccess: 1602142937422
}
[2020-10-08T10:06:13.830] [TRACE] file - BNxBN4V70j8KEn0wBzQyFVhq
[2020-10-08T10:06:13.830] [TRACE] file - Session {
  cookie: {
    path: '/',
    _expires: 2021-01-06T08:06:13.830Z,
    originalMaxAge: 7776000000,
    httpOnly: true,
    SameSite: 'Lax'
  },
  views: { '/': 1 },
  horodate: 2020-10-08T10:06:13.828Z,
  ip: '176.113.115.214',
  geoloc: {
    range: [ 2960224768, 2960225279 ],
    country: 'RU',
    region: 'MOW',
    eu: '0',
    timezone: 'Europe/Moscow',
    city: 'Moscow',
    ll: [ 55.7527, 37.6172 ],
    metro: 0,
    area: 200
  },
  __lastAccess: 1602144373830
}
[2020-10-08T10:09:59.203] [TRACE] file - yqQOh8ZerY_CB2oasn9Sz2Jc
[2020-10-08T10:09:59.204] [TRACE] file - Session {
  cookie: {
    path: '/',
    _expires: 2021-01-06T08:09:59.203Z,
    originalMaxAge: 7776000000,
    httpOnly: true,
    SameSite: 'Lax'
  },
  views: { '/': 1 },
  horodate: 2020-10-08T10:09:59.202Z,
  ip: '176.113.115.214',
  geoloc: {
    range: [ 2960224768, 2960225279 ],
    country: 'RU',
    region: 'MOW',
    eu: '0',
    timezone: 'Europe/Moscow',
    city: 'Moscow',
    ll: [ 55.7527, 37.6172 ],
    metro: 0,
    area: 200
  },
  __lastAccess: 1602144599203
}
[2020-10-08T10:47:55.261] [TRACE] file - uIejZyjRwpwZD_giaQ9Wt_xD
[2020-10-08T10:47:55.261] [TRACE] file - Session {
  cookie: {
    path: '/',
    _expires: 2021-01-06T08:47:55.258Z,
    originalMaxAge: 7775999997,
    httpOnly: true
  },
  views: { '/': 373, '/cv': 249, '/giftedADHD': 152 },
  horodate: 2020-10-08T10:47:55.259Z,
  geoloc: {
    range: [ 1459091456, 1459093503 ],
    country: 'FR',
    region: 'IDF',
    eu: '1',
    timezone: 'Europe/Paris',
    city: 'Paris',
    ll: [ 48.8543, 2.3527 ],
    metro: 0,
    area: 1
  },
  __lastAccess: 1602146875261,
  ip: '86.247.252.92'
}
[2020-10-08T10:47:58.232] [TRACE] file - Session {
  cookie: {
    path: '/',
    _expires: 2021-01-06T08:47:58.229Z,
    originalMaxAge: 7775999997,
    httpOnly: true
  },
  views: { '/': 373, '/cv': 250, '/giftedADHD': 152 },
  horodate: 2020-10-08T10:47:58.230Z,
  geoloc: {
    range: [ 1459091456, 1459093503 ],
    country: 'FR',
    region: 'IDF',
    eu: '1',
    timezone: 'Europe/Paris',
    city: 'Paris',
    ll: [ 48.8543, 2.3527 ],
    metro: 0,
    area: 1
  },
  __lastAccess: 1602146878232,
  ip: '86.247.252.92'
}
[2020-10-08T11:19:28.896] [TRACE] file - uIejZyjRwpwZD_giaQ9Wt_xD
[2020-10-08T11:19:28.896] [TRACE] file - Session {
  cookie: {
    path: '/',
    _expires: 2021-01-06T09:19:28.893Z,
    originalMaxAge: 7775999997,
    httpOnly: true
  },
  views: { '/': 374, '/cv': 250, '/giftedADHD': 152 },
  horodate: 2020-10-08T11:19:28.893Z,
  geoloc: {
    range: [ 1459091456, 1459093503 ],
    country: 'FR',
    region: 'IDF',
    eu: '1',
    timezone: 'Europe/Paris',
    city: 'Paris',
    ll: [ 48.8543, 2.3527 ],
    metro: 0,
    area: 1
  },
  __lastAccess: 1602148768896,
  ip: '86.247.252.92'
}
[2020-10-08T11:19:35.308] [TRACE] file - Session {
  cookie: {
    path: '/',
    _expires: 2021-01-06T09:19:35.305Z,
    originalMaxAge: 7775999997,
    httpOnly: true
  },
  views: { '/': 374, '/cv': 251, '/giftedADHD': 152 },
  horodate: 2020-10-08T11:19:35.306Z,
  geoloc: {
    range: [ 1459091456, 1459093503 ],
    country: 'FR',
    region: 'IDF',
    eu: '1',
    timezone: 'Europe/Paris',
    city: 'Paris',
    ll: [ 48.8543, 2.3527 ],
    metro: 0,
    area: 1
  },
  __lastAccess: 1602148775308,
  ip: '86.247.252.92'
}
[2020-10-08T12:54:17.131] [TRACE] file - Uw8IfHUsRvd3uMbWNqq9TbJc
[2020-10-08T12:54:17.131] [TRACE] file - Session {
  cookie: {
    path: '/',
    _expires: 2021-01-06T10:54:17.129Z,
    originalMaxAge: 7775999999,
    httpOnly: true
  },
  views: { '/': 219, '/cv': 86, '/giftedADHD': 75 },
  horodate: 2020-10-08T12:54:17.129Z,
  ip: '92.184.98.162',
  geoloc: {
    range: [ 1555587072, 1555588095 ],
    country: 'FR',
    region: 'IDF',
    eu: '1',
    timezone: 'Europe/Paris',
    city: 'Paris',
    ll: [ 48.8649, 2.2752 ],
    metro: 0,
    area: 200
  },
  __lastAccess: 1602154457130
}
[2020-10-08T13:08:43.337] [TRACE] file - SYESmI6dfNZszKmhClk0N0hB
[2020-10-08T13:08:43.337] [TRACE] file - Session {
  cookie: {
    path: '/',
    _expires: 2021-01-06T11:08:43.337Z,
    originalMaxAge: 7776000000,
    httpOnly: true,
    SameSite: 'Lax'
  },
  views: { '/': 1 },
  horodate: 2020-10-08T13:08:43.334Z,
  ip: '42.194.204.232',
  geoloc: {
    range: [ 717389824, 717422591 ],
    country: 'CN',
    region: 'BJ',
    eu: '0',
    timezone: 'Asia/Shanghai',
    city: 'Beijing',
    ll: [ 39.9288, 116.3889 ],
    metro: 0,
    area: 50
  },
  __lastAccess: 1602155323337
}
[2020-10-08T14:30:46.973] [TRACE] file - uIejZyjRwpwZD_giaQ9Wt_xD
[2020-10-08T14:30:46.973] [TRACE] file - Session {
  cookie: {
    path: '/',
    _expires: 2021-01-06T12:30:46.970Z,
    originalMaxAge: 7775999997,
    httpOnly: true
  },
  views: { '/': 375, '/cv': 251, '/giftedADHD': 152 },
  horodate: 2020-10-08T14:30:46.971Z,
  geoloc: {
    range: [ 1459091456, 1459093503 ],
    country: 'FR',
    region: 'IDF',
    eu: '1',
    timezone: 'Europe/Paris',
    city: 'Paris',
    ll: [ 48.8543, 2.3527 ],
    metro: 0,
    area: 1
  },
  __lastAccess: 1602160246973,
  ip: '86.247.252.92'
}
[2020-10-08T15:54:30.550] [TRACE] file - aUilVyOB0v7_MWMFE6Og9_KV
[2020-10-08T15:54:30.550] [TRACE] file - Session {
  cookie: {
    path: '/',
    _expires: 2021-01-06T13:54:30.549Z,
    originalMaxAge: 7776000000,
    httpOnly: true,
    SameSite: 'Lax'
  },
  views: { '/': 1 },
  horodate: 2020-10-08T15:54:30.546Z,
  ip: '45.83.65.112',
  geoloc: {
    range: [ 760430592, 760431615 ],
    country: 'DE',
    region: '',
    eu: '1',
    timezone: 'Europe/Berlin',
    city: '',
    ll: [ 51.2993, 9.491 ],
    metro: 0,
    area: 200
  },
  __lastAccess: 1602165270549
}
[2020-10-08T16:54:01.618] [TRACE] file - 5WeL6WOJIC9wPHf0V0jLqp8j
[2020-10-08T16:54:01.618] [TRACE] file - Session {
  cookie: {
    path: '/',
    _expires: 2021-01-06T14:54:01.618Z,
    originalMaxAge: 7776000000,
    httpOnly: true,
    SameSite: 'Lax'
  },
  views: { '/': 1 },
  horodate: 2020-10-08T16:54:01.616Z,
  ip: '179.125.254.108',
  geoloc: {
    range: [ 3011378688, 3011379199 ],
    country: 'BR',
    region: 'SP',
    eu: '0',
    timezone: 'America/Sao_Paulo',
    city: 'Paulinia',
    ll: [ -22.7392, -47.1409 ],
    metro: 0,
    area: 1000
  },
  __lastAccess: 1602168841618
}
