Mon Oct 04 2021 10:35:05 GMT+0200 (GMT+02:00)[2020-10-04T10:36:38.938] [TRACE] file - uIejZyjRwpwZD_giaQ9Wt_xD
[2020-10-04T10:36:38.939] [TRACE] file - Session {
  cookie: {
    path: '/',
    _expires: 2021-01-02T08:36:38.936Z,
    originalMaxAge: 7775999999,
    httpOnly: true
  },
  views: { '/': 326, '/cv': 234, '/giftedADHD': 144 },
  horodate: 2020-10-04T10:36:38.932Z,
  ip: undefined,
  geoloc: null,
  __lastAccess: 1601800598937
}
[2020-10-04T10:36:38.945] [TRACE] file - mbKCb49p6cu0kXKpVGFzJx2r
[2020-10-04T10:36:38.945] [TRACE] file - Session {
  cookie: {
    path: '/',
    _expires: 2021-01-02T08:36:38.941Z,
    originalMaxAge: 7775999999,
    httpOnly: true
  },
  views: { '/': 2 },
  horodate: 2020-10-04T10:36:38.940Z,
  ip: '127.0.0.1',
  geoloc: null,
  __lastAccess: 1601800598942
}
[2020-10-04T10:36:42.316] [TRACE] file - Session {
  cookie: {
    path: '/',
    _expires: 2021-01-02T08:36:42.314Z,
    originalMaxAge: 7775999999,
    httpOnly: true
  },
  views: { '/': 2, '/cv': 1 },
  horodate: 2020-10-04T10:36:42.312Z,
  ip: '127.0.0.1',
  geoloc: null,
  __lastAccess: 1601800602315
}
[2020-10-04T10:36:44.334] [TRACE] file - uIejZyjRwpwZD_giaQ9Wt_xD
[2020-10-04T10:36:44.334] [TRACE] file - Session {
  cookie: {
    path: '/',
    _expires: 2021-01-02T08:36:44.333Z,
    originalMaxAge: 7775999999,
    httpOnly: true
  },
  views: { '/': 327, '/cv': 234, '/giftedADHD': 144 },
  horodate: 2020-10-04T10:36:44.332Z,
  geoloc: {
    range: [ 1459091456, 1459093503 ],
    country: 'FR',
    region: 'IDF',
    eu: '1',
    timezone: 'Europe/Paris',
    city: 'Paris',
    ll: [ 48.8543, 2.3527 ],
    metro: 0,
    area: 1
  },
  __lastAccess: 1601800604334,
  ip: '86.247.252.92'
}
[2020-10-04T10:36:53.606] [TRACE] file - Session {
  cookie: {
    path: '/',
    _expires: 2021-01-02T08:36:53.605Z,
    originalMaxAge: 7775999999,
    httpOnly: true
  },
  views: { '/': 327, '/cv': 235, '/giftedADHD': 144 },
  horodate: 2020-10-04T10:36:53.603Z,
  geoloc: {
    range: [ 1459091456, 1459093503 ],
    country: 'FR',
    region: 'IDF',
    eu: '1',
    timezone: 'Europe/Paris',
    city: 'Paris',
    ll: [ 48.8543, 2.3527 ],
    metro: 0,
    area: 1
  },
  __lastAccess: 1601800613606,
  ip: '86.247.252.92'
}
[2020-10-04T10:36:54.922] [TRACE] file - Session {
  cookie: {
    path: '/',
    _expires: 2021-01-02T08:36:54.920Z,
    originalMaxAge: 7775999999,
    httpOnly: true
  },
  views: { '/': 327, '/cv': 235, '/giftedADHD': 145 },
  horodate: 2020-10-04T10:36:54.919Z,
  geoloc: {
    range: [ 1459091456, 1459093503 ],
    country: 'FR',
    region: 'IDF',
    eu: '1',
    timezone: 'Europe/Paris',
    city: 'Paris',
    ll: [ 48.8543, 2.3527 ],
    metro: 0,
    area: 1
  },
  __lastAccess: 1601800614922,
  ip: '86.247.252.92'
}
[2020-10-04T10:36:56.032] [TRACE] file - uIejZyjRwpwZD_giaQ9Wt_xD
[2020-10-04T10:36:56.032] [TRACE] file - Session {
  cookie: {
    path: '/',
    _expires: 2021-01-02T08:36:56.031Z,
    originalMaxAge: 7775999999,
    httpOnly: true
  },
  views: { '/': 328, '/cv': 235, '/giftedADHD': 145 },
  horodate: 2020-10-04T10:36:56.030Z,
  geoloc: {
    range: [ 1459091456, 1459093503 ],
    country: 'FR',
    region: 'IDF',
    eu: '1',
    timezone: 'Europe/Paris',
    city: 'Paris',
    ll: [ 48.8543, 2.3527 ],
    metro: 0,
    area: 1
  },
  __lastAccess: 1601800616032,
  ip: '86.247.252.92'
}
[2020-10-04T10:38:35.742] [TRACE] file - Uw8IfHUsRvd3uMbWNqq9TbJc
[2020-10-04T10:38:35.742] [TRACE] file - Session {
  cookie: {
    path: '/',
    _expires: 2021-01-02T08:38:35.741Z,
    originalMaxAge: 7775999999,
    httpOnly: true
  },
  views: { '/': 188, '/cv': 76, '/giftedADHD': 68 },
  horodate: 2020-10-04T10:38:35.740Z,
  ip: '82.227.67.139',
  geoloc: {
    range: [ 1390624768, 1390625791 ],
    country: 'FR',
    region: 'IDF',
    eu: '1',
    timezone: 'Europe/Paris',
    city: 'Paris',
    ll: [ 48.8543, 2.3527 ],
    metro: 0,
    area: 5
  },
  __lastAccess: 1601800715742
}
[2020-10-04T10:39:55.152] [TRACE] file - Session {
  cookie: {
    path: '/',
    _expires: 2021-01-02T08:39:55.151Z,
    originalMaxAge: 7775999999,
    httpOnly: true
  },
  views: { '/': 188, '/cv': 77, '/giftedADHD': 68 },
  horodate: 2020-10-04T10:39:55.144Z,
  ip: '82.227.67.139',
  geoloc: {
    range: [ 1390624768, 1390625791 ],
    country: 'FR',
    region: 'IDF',
    eu: '1',
    timezone: 'Europe/Paris',
    city: 'Paris',
    ll: [ 48.8543, 2.3527 ],
    metro: 0,
    area: 5
  },
  __lastAccess: 1601800795152
}
[2020-10-04T10:39:58.707] [TRACE] file - Uw8IfHUsRvd3uMbWNqq9TbJc
[2020-10-04T10:39:58.707] [TRACE] file - Session {
  cookie: {
    path: '/',
    _expires: 2021-01-02T08:39:58.706Z,
    originalMaxAge: 7775999999,
    httpOnly: true
  },
  views: { '/': 189, '/cv': 77, '/giftedADHD': 68 },
  horodate: 2020-10-04T10:39:58.705Z,
  ip: '82.227.67.139',
  geoloc: {
    range: [ 1390624768, 1390625791 ],
    country: 'FR',
    region: 'IDF',
    eu: '1',
    timezone: 'Europe/Paris',
    city: 'Paris',
    ll: [ 48.8543, 2.3527 ],
    metro: 0,
    area: 5
  },
  __lastAccess: 1601800798707
}
[2020-10-04T10:40:03.549] [TRACE] file - Uw8IfHUsRvd3uMbWNqq9TbJc
[2020-10-04T10:40:03.549] [TRACE] file - Session {
  cookie: {
    path: '/',
    _expires: 2021-01-02T08:40:03.547Z,
    originalMaxAge: 7775999999,
    httpOnly: true
  },
  views: { '/': 190, '/cv': 77, '/giftedADHD': 68 },
  horodate: 2020-10-04T10:40:03.542Z,
  ip: '82.227.67.139',
  geoloc: {
    range: [ 1390624768, 1390625791 ],
    country: 'FR',
    region: 'IDF',
    eu: '1',
    timezone: 'Europe/Paris',
    city: 'Paris',
    ll: [ 48.8543, 2.3527 ],
    metro: 0,
    area: 5
  },
  __lastAccess: 1601800803548
}
[2020-10-04T10:41:02.758] [TRACE] file - Session {
  cookie: {
    path: '/',
    _expires: 2021-01-02T08:41:02.756Z,
    originalMaxAge: 7775999999,
    httpOnly: true
  },
  views: { '/': 190, '/cv': 77, '/giftedADHD': 69 },
  horodate: 2020-10-04T10:41:02.750Z,
  ip: '82.227.67.139',
  geoloc: {
    range: [ 1390624768, 1390625791 ],
    country: 'FR',
    region: 'IDF',
    eu: '1',
    timezone: 'Europe/Paris',
    city: 'Paris',
    ll: [ 48.8543, 2.3527 ],
    metro: 0,
    area: 5
  },
  __lastAccess: 1601800862757
}
[2020-10-04T10:41:04.035] [TRACE] file - Session {
  cookie: {
    path: '/',
    _expires: 2021-01-02T08:41:04.034Z,
    originalMaxAge: 7775999999,
    httpOnly: true
  },
  views: { '/': 190, '/cv': 78, '/giftedADHD': 69 },
  horodate: 2020-10-04T10:41:04.029Z,
  ip: '82.227.67.139',
  geoloc: {
    range: [ 1390624768, 1390625791 ],
    country: 'FR',
    region: 'IDF',
    eu: '1',
    timezone: 'Europe/Paris',
    city: 'Paris',
    ll: [ 48.8543, 2.3527 ],
    metro: 0,
    area: 5
  },
  __lastAccess: 1601800864035
}
[2020-10-04T10:41:05.204] [TRACE] file - Uw8IfHUsRvd3uMbWNqq9TbJc
[2020-10-04T10:41:05.204] [TRACE] file - Session {
  cookie: {
    path: '/',
    _expires: 2021-01-02T08:41:05.202Z,
    originalMaxAge: 7775999999,
    httpOnly: true
  },
  views: { '/': 191, '/cv': 78, '/giftedADHD': 69 },
  horodate: 2020-10-04T10:41:05.201Z,
  ip: '82.227.67.139',
  geoloc: {
    range: [ 1390624768, 1390625791 ],
    country: 'FR',
    region: 'IDF',
    eu: '1',
    timezone: 'Europe/Paris',
    city: 'Paris',
    ll: [ 48.8543, 2.3527 ],
    metro: 0,
    area: 5
  },
  __lastAccess: 1601800865203
}
[2020-10-04T11:00:12.122] [TRACE] file - QMo9qzP3H_yN8h-Uz1ppzT_p
[2020-10-04T11:00:12.122] [TRACE] file - Session {
  cookie: {
    path: '/',
    _expires: 2021-01-02T09:00:12.121Z,
    originalMaxAge: 7776000000,
    httpOnly: true,
    SameSite: 'Lax'
  },
  views: { '/': 1 },
  horodate: 2020-10-04T11:00:12.115Z,
  ip: '61.219.11.153',
  geoloc: {
    range: [ 1037762560, 1037766655 ],
    country: 'TW',
    region: '',
    eu: '0',
    timezone: 'Asia/Taipei',
    city: '',
    ll: [ 23.5, 121 ],
    metro: 0,
    area: 200
  },
  __lastAccess: 1601802012121
}
[2020-10-04T11:20:07.233] [TRACE] file - WOWXhFaFY4LgniTx6ThObOMO
[2020-10-04T11:20:07.233] [TRACE] file - Session {
  cookie: {
    path: '/',
    _expires: 2021-01-02T09:20:07.232Z,
    originalMaxAge: 7776000000,
    httpOnly: true
  },
  views: { '/': 11, '/cv': 6, '/giftedADHD': 4 },
  horodate: 2020-10-04T11:20:07.230Z,
  ip: '86.247.252.92',
  geoloc: {
    range: [ 1459091456, 1459093503 ],
    country: 'FR',
    region: 'IDF',
    eu: '1',
    timezone: 'Europe/Paris',
    city: 'Paris',
    ll: [ 48.8543, 2.3527 ],
    metro: 0,
    area: 1
  },
  __lastAccess: 1601803207232
}
[2020-10-04T11:21:22.122] [TRACE] file - Session {
  cookie: {
    path: '/',
    _expires: 2021-01-02T09:21:22.122Z,
    originalMaxAge: 7776000000,
    httpOnly: true
  },
  views: { '/': 11, '/cv': 7, '/giftedADHD': 4 },
  horodate: 2020-10-04T11:21:22.119Z,
  ip: '86.247.252.92',
  geoloc: {
    range: [ 1459091456, 1459093503 ],
    country: 'FR',
    region: 'IDF',
    eu: '1',
    timezone: 'Europe/Paris',
    city: 'Paris',
    ll: [ 48.8543, 2.3527 ],
    metro: 0,
    area: 1
  },
  __lastAccess: 1601803282122
}
[2020-10-04T11:24:28.424] [TRACE] file - Session {
  cookie: {
    path: '/',
    _expires: 2021-01-02T09:24:28.424Z,
    originalMaxAge: 7776000000,
    httpOnly: true
  },
  views: { '/': 11, '/cv': 7, '/giftedADHD': 5 },
  horodate: 2020-10-04T11:24:28.333Z,
  ip: '86.247.252.92',
  geoloc: {
    range: [ 1459091456, 1459093503 ],
    country: 'FR',
    region: 'IDF',
    eu: '1',
    timezone: 'Europe/Paris',
    city: 'Paris',
    ll: [ 48.8543, 2.3527 ],
    metro: 0,
    area: 1
  },
  __lastAccess: 1601803468424
}
[2020-10-04T11:24:34.121] [TRACE] file - Session {
  cookie: {
    path: '/',
    _expires: 2021-01-02T09:24:34.120Z,
    originalMaxAge: 7776000000,
    httpOnly: true
  },
  views: { '/': 11, '/cv': 8, '/giftedADHD': 5 },
  horodate: 2020-10-04T11:24:34.114Z,
  ip: '86.247.252.92',
  geoloc: {
    range: [ 1459091456, 1459093503 ],
    country: 'FR',
    region: 'IDF',
    eu: '1',
    timezone: 'Europe/Paris',
    city: 'Paris',
    ll: [ 48.8543, 2.3527 ],
    metro: 0,
    area: 1
  },
  __lastAccess: 1601803474121
}
[2020-10-04T11:24:36.182] [TRACE] file - WOWXhFaFY4LgniTx6ThObOMO
[2020-10-04T11:24:36.182] [TRACE] file - Session {
  cookie: {
    path: '/',
    _expires: 2021-01-02T09:24:36.182Z,
    originalMaxAge: 7776000000,
    httpOnly: true
  },
  views: { '/': 12, '/cv': 8, '/giftedADHD': 5 },
  horodate: 2020-10-04T11:24:36.176Z,
  ip: '86.247.252.92',
  geoloc: {
    range: [ 1459091456, 1459093503 ],
    country: 'FR',
    region: 'IDF',
    eu: '1',
    timezone: 'Europe/Paris',
    city: 'Paris',
    ll: [ 48.8543, 2.3527 ],
    metro: 0,
    area: 1
  },
  __lastAccess: 1601803476182
}
[2020-10-04T11:25:25.667] [TRACE] file - WOWXhFaFY4LgniTx6ThObOMO
[2020-10-04T11:25:25.667] [TRACE] file - Session {
  cookie: {
    path: '/',
    _expires: 2021-01-02T09:25:25.667Z,
    originalMaxAge: 7776000000,
    httpOnly: true
  },
  views: { '/': 13, '/cv': 8, '/giftedADHD': 5 },
  horodate: 2020-10-04T11:25:25.664Z,
  ip: '86.247.252.92',
  geoloc: {
    range: [ 1459091456, 1459093503 ],
    country: 'FR',
    region: 'IDF',
    eu: '1',
    timezone: 'Europe/Paris',
    city: 'Paris',
    ll: [ 48.8543, 2.3527 ],
    metro: 0,
    area: 1
  },
  __lastAccess: 1601803525667
}
[2020-10-04T11:25:27.349] [TRACE] file - WOWXhFaFY4LgniTx6ThObOMO
[2020-10-04T11:25:27.349] [TRACE] file - Session {
  cookie: {
    path: '/',
    _expires: 2021-01-02T09:25:27.348Z,
    originalMaxAge: 7776000000,
    httpOnly: true
  },
  views: { '/': 14, '/cv': 8, '/giftedADHD': 5 },
  horodate: 2020-10-04T11:25:27.343Z,
  ip: '86.247.252.92',
  geoloc: {
    range: [ 1459091456, 1459093503 ],
    country: 'FR',
    region: 'IDF',
    eu: '1',
    timezone: 'Europe/Paris',
    city: 'Paris',
    ll: [ 48.8543, 2.3527 ],
    metro: 0,
    area: 1
  },
  __lastAccess: 1601803527348
}
[2020-10-04T11:26:10.186] [TRACE] file - WOWXhFaFY4LgniTx6ThObOMO
[2020-10-04T11:26:10.186] [TRACE] file - Session {
  cookie: {
    path: '/',
    _expires: 2021-01-02T09:26:10.186Z,
    originalMaxAge: 7776000000,
    httpOnly: true
  },
  views: { '/': 15, '/cv': 8, '/giftedADHD': 5 },
  horodate: 2020-10-04T11:26:10.184Z,
  ip: '86.247.252.92',
  geoloc: {
    range: [ 1459091456, 1459093503 ],
    country: 'FR',
    region: 'IDF',
    eu: '1',
    timezone: 'Europe/Paris',
    city: 'Paris',
    ll: [ 48.8543, 2.3527 ],
    metro: 0,
    area: 1
  },
  __lastAccess: 1601803570186
}
[2020-10-04T11:26:41.722] [TRACE] file - WOWXhFaFY4LgniTx6ThObOMO
[2020-10-04T11:26:41.722] [TRACE] file - Session {
  cookie: {
    path: '/',
    _expires: 2021-01-02T09:26:41.722Z,
    originalMaxAge: 7776000000,
    httpOnly: true
  },
  views: { '/': 16, '/cv': 8, '/giftedADHD': 5 },
  horodate: 2020-10-04T11:26:41.718Z,
  ip: '86.247.252.92',
  geoloc: {
    range: [ 1459091456, 1459093503 ],
    country: 'FR',
    region: 'IDF',
    eu: '1',
    timezone: 'Europe/Paris',
    city: 'Paris',
    ll: [ 48.8543, 2.3527 ],
    metro: 0,
    area: 1
  },
  __lastAccess: 1601803601722
}
[2020-10-04T11:26:44.781] [TRACE] file - Session {
  cookie: {
    path: '/',
    _expires: 2021-01-02T09:26:44.780Z,
    originalMaxAge: 7776000000,
    httpOnly: true
  },
  views: { '/': 16, '/cv': 9, '/giftedADHD': 5 },
  horodate: 2020-10-04T11:26:44.776Z,
  ip: '86.247.252.92',
  geoloc: {
    range: [ 1459091456, 1459093503 ],
    country: 'FR',
    region: 'IDF',
    eu: '1',
    timezone: 'Europe/Paris',
    city: 'Paris',
    ll: [ 48.8543, 2.3527 ],
    metro: 0,
    area: 1
  },
  __lastAccess: 1601803604780
}
[2020-10-04T11:27:57.129] [TRACE] file - Session {
  cookie: {
    path: '/',
    _expires: 2021-01-02T09:27:57.129Z,
    originalMaxAge: 7776000000,
    httpOnly: true
  },
  views: { '/': 16, '/cv': 10, '/giftedADHD': 5 },
  horodate: 2020-10-04T11:27:57.127Z,
  ip: '86.247.252.92',
  geoloc: {
    range: [ 1459091456, 1459093503 ],
    country: 'FR',
    region: 'IDF',
    eu: '1',
    timezone: 'Europe/Paris',
    city: 'Paris',
    ll: [ 48.8543, 2.3527 ],
    metro: 0,
    area: 1
  },
  __lastAccess: 1601803677129
}
[2020-10-04T11:27:59.179] [TRACE] file - Session {
  cookie: {
    path: '/',
    _expires: 2021-01-02T09:27:59.178Z,
    originalMaxAge: 7776000000,
    httpOnly: true
  },
  views: { '/': 16, '/cv': 10, '/giftedADHD': 6 },
  horodate: 2020-10-04T11:27:59.173Z,
  ip: '86.247.252.92',
  geoloc: {
    range: [ 1459091456, 1459093503 ],
    country: 'FR',
    region: 'IDF',
    eu: '1',
    timezone: 'Europe/Paris',
    city: 'Paris',
    ll: [ 48.8543, 2.3527 ],
    metro: 0,
    area: 1
  },
  __lastAccess: 1601803679179
}
[2020-10-04T11:28:00.906] [TRACE] file - WOWXhFaFY4LgniTx6ThObOMO
[2020-10-04T11:28:00.906] [TRACE] file - Session {
  cookie: {
    path: '/',
    _expires: 2021-01-02T09:28:00.906Z,
    originalMaxAge: 7776000000,
    httpOnly: true
  },
  views: { '/': 17, '/cv': 10, '/giftedADHD': 6 },
  horodate: 2020-10-04T11:28:00.900Z,
  ip: '86.247.252.92',
  geoloc: {
    range: [ 1459091456, 1459093503 ],
    country: 'FR',
    region: 'IDF',
    eu: '1',
    timezone: 'Europe/Paris',
    city: 'Paris',
    ll: [ 48.8543, 2.3527 ],
    metro: 0,
    area: 1
  },
  __lastAccess: 1601803680906
}
[2020-10-04T11:28:03.590] [TRACE] file - Session {
  cookie: {
    path: '/',
    _expires: 2021-01-02T09:28:03.590Z,
    originalMaxAge: 7776000000,
    httpOnly: true
  },
  views: { '/': 17, '/cv': 11, '/giftedADHD': 6 },
  horodate: 2020-10-04T11:28:03.588Z,
  ip: '86.247.252.92',
  geoloc: {
    range: [ 1459091456, 1459093503 ],
    country: 'FR',
    region: 'IDF',
    eu: '1',
    timezone: 'Europe/Paris',
    city: 'Paris',
    ll: [ 48.8543, 2.3527 ],
    metro: 0,
    area: 1
  },
  __lastAccess: 1601803683590
}
[2020-10-04T11:28:04.757] [TRACE] file - Session {
  cookie: {
    path: '/',
    _expires: 2021-01-02T09:28:04.757Z,
    originalMaxAge: 7776000000,
    httpOnly: true
  },
  views: { '/': 17, '/cv': 11, '/giftedADHD': 7 },
  horodate: 2020-10-04T11:28:04.755Z,
  ip: '86.247.252.92',
  geoloc: {
    range: [ 1459091456, 1459093503 ],
    country: 'FR',
    region: 'IDF',
    eu: '1',
    timezone: 'Europe/Paris',
    city: 'Paris',
    ll: [ 48.8543, 2.3527 ],
    metro: 0,
    area: 1
  },
  __lastAccess: 1601803684757
}
[2020-10-04T11:28:19.083] [TRACE] file - uIejZyjRwpwZD_giaQ9Wt_xD
[2020-10-04T11:28:19.083] [TRACE] file - Session {
  cookie: {
    path: '/',
    _expires: 2021-01-02T09:28:19.081Z,
    originalMaxAge: 7775999999,
    httpOnly: true
  },
  views: { '/': 329, '/cv': 235, '/giftedADHD': 145 },
  horodate: 2020-10-04T11:28:19.079Z,
  geoloc: {
    range: [ 1459091456, 1459093503 ],
    country: 'FR',
    region: 'IDF',
    eu: '1',
    timezone: 'Europe/Paris',
    city: 'Paris',
    ll: [ 48.8543, 2.3527 ],
    metro: 0,
    area: 1
  },
  __lastAccess: 1601803699082,
  ip: '86.247.252.92'
}
[2020-10-04T12:02:52.902] [TRACE] file - kCUV82hclnTmp6pa5OdkwLg_
[2020-10-04T12:02:52.902] [TRACE] file - Session {
  cookie: {
    path: '/',
    _expires: 2021-01-02T10:02:52.901Z,
    originalMaxAge: 7776000000,
    httpOnly: true,
    SameSite: 'Lax'
  },
  views: { '/': 1 },
  horodate: 2020-10-04T12:02:52.899Z,
  ip: '54.36.148.181',
  geoloc: {
    range: [ 908366848, 908367871 ],
    country: 'FR',
    region: '',
    eu: '1',
    timezone: 'Europe/Paris',
    city: '',
    ll: [ 48.8582, 2.3387 ],
    metro: 0,
    area: 500
  },
  __lastAccess: 1601805772902
}
[2020-10-04T12:06:38.284] [TRACE] file - Q_Jl68h0WIihsBNWY24nFjuy
[2020-10-04T12:06:38.284] [TRACE] file - Session {
  cookie: {
    path: '/',
    _expires: 2021-01-02T10:06:38.284Z,
    originalMaxAge: 7776000000,
    httpOnly: true,
    SameSite: 'Lax'
  },
  views: { '/': 1 },
  horodate: 2020-10-04T12:06:38.282Z,
  ip: '78.237.230.112',
  geoloc: {
    range: [ 1324213760, 1324214271 ],
    country: 'FR',
    region: 'CVL',
    eu: '1',
    timezone: 'Europe/Paris',
    city: 'La Chapelle-Saint-Ursin',
    ll: [ 47.0625, 2.3245 ],
    metro: 0,
    area: 10
  },
  __lastAccess: 1601805998284
}
[2020-10-04T12:15:52.342] [TRACE] file - Uw8IfHUsRvd3uMbWNqq9TbJc
[2020-10-04T12:15:52.342] [TRACE] file - Session {
  cookie: {
    path: '/',
    _expires: 2021-01-02T10:15:52.341Z,
    originalMaxAge: 7775999999,
    httpOnly: true
  },
  views: { '/': 192, '/cv': 78, '/giftedADHD': 69 },
  horodate: 2020-10-04T12:15:52.340Z,
  ip: '82.227.67.139',
  geoloc: {
    range: [ 1390624768, 1390625791 ],
    country: 'FR',
    region: 'IDF',
    eu: '1',
    timezone: 'Europe/Paris',
    city: 'Paris',
    ll: [ 48.8543, 2.3527 ],
    metro: 0,
    area: 5
  },
  __lastAccess: 1601806552342
}
[2020-10-04T12:16:08.091] [TRACE] file - Session {
  cookie: {
    path: '/',
    _expires: 2021-01-02T10:16:08.089Z,
    originalMaxAge: 7775999999,
    httpOnly: true
  },
  views: { '/': 192, '/cv': 78, '/giftedADHD': 70 },
  horodate: 2020-10-04T12:16:08.088Z,
  ip: '82.227.67.139',
  geoloc: {
    range: [ 1390624768, 1390625791 ],
    country: 'FR',
    region: 'IDF',
    eu: '1',
    timezone: 'Europe/Paris',
    city: 'Paris',
    ll: [ 48.8543, 2.3527 ],
    metro: 0,
    area: 5
  },
  __lastAccess: 1601806568090
}
[2020-10-04T13:18:49.862] [TRACE] file - ZJh2-fISWe7r2Y6vMLlguPdP
[2020-10-04T13:18:49.862] [TRACE] file - Session {
  cookie: {
    path: '/',
    _expires: 2021-01-02T11:18:49.861Z,
    originalMaxAge: 7776000000,
    httpOnly: true,
    SameSite: 'Lax'
  },
  views: { '/': 1 },
  horodate: 2020-10-04T13:18:49.857Z,
  ip: '65.122.183.157',
  geoloc: {
    range: [ 1098561408, 1098561535 ],
    country: 'US',
    region: '',
    eu: '0',
    timezone: 'America/Chicago',
    city: '',
    ll: [ 37.751, -97.822 ],
    metro: 0,
    area: 1000
  },
  __lastAccess: 1601810329862
}
[2020-10-04T13:57:45.613] [TRACE] file - r4Eka_sO9jpo0C1oWE7WQWVd
[2020-10-04T13:57:45.613] [TRACE] file - Session {
  cookie: {
    path: '/',
    _expires: 2021-01-02T11:57:45.613Z,
    originalMaxAge: 7776000000,
    httpOnly: true,
    SameSite: 'Lax'
  },
  views: { '/': 1 },
  horodate: 2020-10-04T13:57:45.608Z,
  ip: '199.195.254.185',
  geoloc: {
    range: [ 3351508992, 3351511039 ],
    country: 'US',
    region: 'NY',
    eu: '0',
    timezone: 'America/New_York',
    city: 'Buffalo',
    ll: [ 42.8864, -78.8784 ],
    metro: 514,
    area: 1000
  },
  __lastAccess: 1601812665613
}
[2020-10-04T14:11:29.772] [TRACE] file - eiUE64rR6TERYxPJ3SUbXRCL
[2020-10-04T14:11:29.772] [TRACE] file - Session {
  cookie: {
    path: '/',
    _expires: 2021-01-02T12:11:29.772Z,
    originalMaxAge: 7776000000,
    httpOnly: true,
    SameSite: 'Lax'
  },
  views: { '/': 1 },
  horodate: 2020-10-04T14:11:29.769Z,
  ip: '110.172.163.98',
  geoloc: {
    range: [ 1856807680, 1856807935 ],
    country: 'IN',
    region: '',
    eu: '0',
    timezone: 'Asia/Kolkata',
    city: '',
    ll: [ 20, 77 ],
    metro: 0,
    area: 1000
  },
  __lastAccess: 1601813489772
}
[2020-10-04T14:19:13.072] [TRACE] file - Session {
  cookie: {
    path: '/',
    _expires: 2021-01-02T12:19:13.070Z,
    originalMaxAge: 7775999999,
    httpOnly: true
  },
  views: { '/': 329, '/cv': 236, '/giftedADHD': 145 },
  horodate: 2020-10-04T14:19:13.068Z,
  geoloc: {
    range: [ 1459091456, 1459093503 ],
    country: 'FR',
    region: 'IDF',
    eu: '1',
    timezone: 'Europe/Paris',
    city: 'Paris',
    ll: [ 48.8543, 2.3527 ],
    metro: 0,
    area: 1
  },
  __lastAccess: 1601813953071,
  ip: '86.247.252.92'
}
[2020-10-04T14:19:14.277] [TRACE] file - uIejZyjRwpwZD_giaQ9Wt_xD
[2020-10-04T14:19:14.277] [TRACE] file - Session {
  cookie: {
    path: '/',
    _expires: 2021-01-02T12:19:14.276Z,
    originalMaxAge: 7775999999,
    httpOnly: true
  },
  views: { '/': 330, '/cv': 236, '/giftedADHD': 145 },
  horodate: 2020-10-04T14:19:14.275Z,
  geoloc: {
    range: [ 1459091456, 1459093503 ],
    country: 'FR',
    region: 'IDF',
    eu: '1',
    timezone: 'Europe/Paris',
    city: 'Paris',
    ll: [ 48.8543, 2.3527 ],
    metro: 0,
    area: 1
  },
  __lastAccess: 1601813954277,
  ip: '86.247.252.92'
}
[2020-10-04T14:44:40.702] [TRACE] file - OjoaQ47ZyMwvyfJjTxsXNjbg
[2020-10-04T14:44:40.702] [TRACE] file - Session {
  cookie: {
    path: '/',
    _expires: 2021-01-02T12:44:40.702Z,
    originalMaxAge: 7776000000,
    httpOnly: true,
    SameSite: 'Lax'
  },
  views: { '/': 1 },
  horodate: 2020-10-04T14:44:40.699Z,
  ip: '185.39.11.105',
  geoloc: {
    range: [ 3106342912, 3106343935 ],
    country: 'CH',
    region: '',
    eu: '0',
    timezone: 'Europe/Zurich',
    city: '',
    ll: [ 47.1449, 8.1551 ],
    metro: 0,
    area: 100
  },
  __lastAccess: 1601815480702
}
[2020-10-04T14:48:29.084] [TRACE] file - Pp_VWobe7qnG5P7-he8vygFu
[2020-10-04T14:48:29.084] [TRACE] file - Session {
  cookie: {
    path: '/',
    _expires: 2021-01-02T12:48:29.084Z,
    originalMaxAge: 7776000000,
    httpOnly: true,
    SameSite: 'Lax'
  },
  views: { '/': 1 },
  horodate: 2020-10-04T14:48:29.082Z,
  ip: '192.99.13.75',
  geoloc: {
    range: [ 3227715584, 3227717631 ],
    country: 'CA',
    region: 'ON',
    eu: '0',
    timezone: 'America/Toronto',
    city: 'Richmond Hill',
    ll: [ 43.9394, -79.4349 ],
    metro: 0,
    area: 1000
  },
  __lastAccess: 1601815709084
}
[2020-10-04T14:52:36.804] [TRACE] file - seZ75p8gUaI3JmA0KYPX55Ri
[2020-10-04T14:52:36.804] [TRACE] file - Session {
  cookie: {
    path: '/',
    _expires: 2021-01-02T12:52:36.804Z,
    originalMaxAge: 7776000000,
    httpOnly: true,
    SameSite: 'Lax'
  },
  views: { '/': 1 },
  horodate: 2020-10-04T14:52:36.802Z,
  ip: '91.243.228.246',
  geoloc: {
    range: [ 1542710272, 1542710783 ],
    country: 'RU',
    region: 'BEL',
    eu: '0',
    timezone: 'Europe/Moscow',
    city: 'Stary Oskol',
    ll: [ 51.2967, 37.8417 ],
    metro: 0,
    area: 100
  },
  __lastAccess: 1601815956804
}
[2020-10-04T15:49:37.174] [TRACE] file - Uw8IfHUsRvd3uMbWNqq9TbJc
[2020-10-04T15:49:37.174] [TRACE] file - Session {
  cookie: {
    path: '/',
    _expires: 2021-01-02T13:49:37.173Z,
    originalMaxAge: 7775999999,
    httpOnly: true
  },
  views: { '/': 193, '/cv': 78, '/giftedADHD': 70 },
  horodate: 2020-10-04T15:49:37.170Z,
  ip: '82.227.67.139',
  geoloc: {
    range: [ 1390624768, 1390625791 ],
    country: 'FR',
    region: 'IDF',
    eu: '1',
    timezone: 'Europe/Paris',
    city: 'Paris',
    ll: [ 48.8543, 2.3527 ],
    metro: 0,
    area: 5
  },
  __lastAccess: 1601819377174
}
[2020-10-04T16:15:59.449] [TRACE] file - VTYpZjDunmOIFqvEPeH8NI1-
[2020-10-04T16:15:59.449] [TRACE] file - Session {
  cookie: {
    path: '/',
    _expires: 2021-01-02T14:15:59.449Z,
    originalMaxAge: 7776000000,
    httpOnly: true,
    SameSite: 'Lax'
  },
  views: { '/': 1 },
  horodate: 2020-10-04T16:15:59.438Z,
  ip: '162.142.125.49',
  geoloc: {
    range: [ 2727231488, 2727247871 ],
    country: 'US',
    region: '',
    eu: '0',
    timezone: 'America/Chicago',
    city: '',
    ll: [ 37.751, -97.822 ],
    metro: 0,
    area: 1000
  },
  __lastAccess: 1601820959449
}
[2020-10-04T16:15:59.664] [TRACE] file - I3rEvOY0zcPml0c08Msm_LYP
[2020-10-04T16:15:59.664] [TRACE] file - Session {
  cookie: {
    path: '/',
    _expires: 2021-01-02T14:15:59.663Z,
    originalMaxAge: 7776000000,
    httpOnly: true,
    SameSite: 'Lax'
  },
  views: { '/': 1 },
  horodate: 2020-10-04T16:15:59.658Z,
  ip: '162.142.125.49',
  geoloc: {
    range: [ 2727231488, 2727247871 ],
    country: 'US',
    region: '',
    eu: '0',
    timezone: 'America/Chicago',
    city: '',
    ll: [ 37.751, -97.822 ],
    metro: 0,
    area: 1000
  },
  __lastAccess: 1601820959664
}
[2020-10-04T16:52:03.384] [TRACE] file - uIejZyjRwpwZD_giaQ9Wt_xD
[2020-10-04T16:52:03.384] [TRACE] file - Session {
  cookie: {
    path: '/',
    _expires: 2021-01-02T14:52:03.383Z,
    originalMaxAge: 7775999999,
    httpOnly: true
  },
  views: { '/': 331, '/cv': 236, '/giftedADHD': 145 },
  horodate: 2020-10-04T16:52:03.381Z,
  geoloc: {
    range: [ 1459091456, 1459093503 ],
    country: 'FR',
    region: 'IDF',
    eu: '1',
    timezone: 'Europe/Paris',
    city: 'Paris',
    ll: [ 48.8543, 2.3527 ],
    metro: 0,
    area: 1
  },
  __lastAccess: 1601823123384,
  ip: '86.247.252.92'
}
[2020-10-04T18:33:21.699] [TRACE] file - uIejZyjRwpwZD_giaQ9Wt_xD
[2020-10-04T18:33:21.699] [TRACE] file - Session {
  cookie: {
    path: '/',
    _expires: 2021-01-02T16:33:21.698Z,
    originalMaxAge: 7775999999,
    httpOnly: true
  },
  views: { '/': 332, '/cv': 236, '/giftedADHD': 145 },
  horodate: 2020-10-04T18:33:21.696Z,
  geoloc: {
    range: [ 1459091456, 1459093503 ],
    country: 'FR',
    region: 'IDF',
    eu: '1',
    timezone: 'Europe/Paris',
    city: 'Paris',
    ll: [ 48.8543, 2.3527 ],
    metro: 0,
    area: 1
  },
  __lastAccess: 1601829201699,
  ip: '86.247.252.92'
}
