Fri Oct 22 2021 18:51:42 GMT+0200 (GMT+02:00)[2020-10-22T18:51:45.538] [TRACE] file - Session {
  cookie: {
    path: '/',
    _expires: 2021-01-20T16:51:45.533Z,
    originalMaxAge: 7775999999,
    httpOnly: true
  },
  __lastAccess: 1603385505535,
  views: { '/': 6, '/cv': 3, '/giftedADHD': 2, '/leaflet': 26 },
  horodate: 2020-10-22T18:51:45.526Z,
  ip: '86.247.78.60',
  geoloc: {
    range: [ 1459046400, 1459048447 ],
    country: 'FR',
    region: 'IDF',
    eu: '1',
    timezone: 'Europe/Paris',
    city: 'Paris',
    ll: [ 48.8543, 2.3527 ],
    metro: 0,
    area: 5
  }
}
[2020-10-22T18:53:11.357] [TRACE] file - Session {
  cookie: {
    path: '/',
    _expires: 2021-01-20T16:53:11.354Z,
    originalMaxAge: 7775999999,
    httpOnly: true
  },
  __lastAccess: 1603385591356,
  views: { '/': 6, '/cv': 3, '/giftedADHD': 2, '/leaflet': 27 },
  horodate: 2020-10-22T18:53:11.353Z,
  ip: '86.247.78.60',
  geoloc: {
    range: [ 1459046400, 1459048447 ],
    country: 'FR',
    region: 'IDF',
    eu: '1',
    timezone: 'Europe/Paris',
    city: 'Paris',
    ll: [ 48.8543, 2.3527 ],
    metro: 0,
    area: 5
  }
}
[2020-10-22T18:53:16.764] [TRACE] file - Session {
  cookie: {
    path: '/',
    _expires: 2021-01-20T16:53:16.763Z,
    originalMaxAge: 7775999999,
    httpOnly: true
  },
  __lastAccess: 1603385596764,
  views: { '/': 6, '/cv': 3, '/giftedADHD': 2, '/leaflet': 28 },
  horodate: 2020-10-22T18:53:16.762Z,
  ip: '86.247.78.60',
  geoloc: {
    range: [ 1459046400, 1459048447 ],
    country: 'FR',
    region: 'IDF',
    eu: '1',
    timezone: 'Europe/Paris',
    city: 'Paris',
    ll: [ 48.8543, 2.3527 ],
    metro: 0,
    area: 5
  }
}
[2020-10-22T18:53:43.498] [TRACE] file - Session {
  cookie: {
    path: '/',
    _expires: 2021-01-20T16:53:43.496Z,
    originalMaxAge: 7775999999,
    httpOnly: true
  },
  __lastAccess: 1603385623497,
  views: { '/': 6, '/cv': 3, '/giftedADHD': 2, '/leaflet': 29 },
  horodate: 2020-10-22T18:53:43.495Z,
  ip: '86.247.78.60',
  geoloc: {
    range: [ 1459046400, 1459048447 ],
    country: 'FR',
    region: 'IDF',
    eu: '1',
    timezone: 'Europe/Paris',
    city: 'Paris',
    ll: [ 48.8543, 2.3527 ],
    metro: 0,
    area: 5
  }
}
[2020-10-22T18:54:21.261] [TRACE] file - Session {
  cookie: {
    path: '/',
    _expires: 2021-01-20T16:54:21.260Z,
    originalMaxAge: 7775999999,
    httpOnly: true
  },
  __lastAccess: 1603385661261,
  views: { '/': 6, '/cv': 3, '/giftedADHD': 2, '/leaflet': 30 },
  horodate: 2020-10-22T18:54:21.259Z,
  ip: '86.247.78.60',
  geoloc: {
    range: [ 1459046400, 1459048447 ],
    country: 'FR',
    region: 'IDF',
    eu: '1',
    timezone: 'Europe/Paris',
    city: 'Paris',
    ll: [ 48.8543, 2.3527 ],
    metro: 0,
    area: 5
  }
}
