Sat Oct 16 2021 16:14:21 GMT+0200 (GMT+02:00)[2020-10-16T16:16:22.872] [TRACE] file - uIejZyjRwpwZD_giaQ9Wt_xD
[2020-10-16T16:16:22.873] [TRACE] file - Session {
  cookie: {
    path: '/',
    _expires: 2021-01-14T14:16:22.866Z,
    originalMaxAge: 7775999997,
    httpOnly: true
  },
  views: { '/': 431, '/cv': 257, '/giftedADHD': 157 },
  horodate: 2020-10-16T16:16:22.864Z,
  geoloc: {
    range: [ 1459046400, 1459048447 ],
    country: 'FR',
    region: 'IDF',
    eu: '1',
    timezone: 'Europe/Paris',
    city: 'Paris',
    ll: [ 48.8543, 2.3527 ],
    metro: 0,
    area: 5
  },
  __lastAccess: 1602857782869,
  ip: '86.247.78.60'
}
[2020-10-16T16:23:40.936] [TRACE] file - uIejZyjRwpwZD_giaQ9Wt_xD
[2020-10-16T16:23:40.936] [TRACE] file - Session {
  cookie: {
    path: '/',
    _expires: 2021-01-14T14:23:40.933Z,
    originalMaxAge: 7775999997,
    httpOnly: true
  },
  views: { '/': 432, '/cv': 257, '/giftedADHD': 157 },
  horodate: 2020-10-16T16:23:40.929Z,
  geoloc: {
    range: [ 1459046400, 1459048447 ],
    country: 'FR',
    region: 'IDF',
    eu: '1',
    timezone: 'Europe/Paris',
    city: 'Paris',
    ll: [ 48.8543, 2.3527 ],
    metro: 0,
    area: 5
  },
  __lastAccess: 1602858220936,
  ip: '86.247.78.60'
}
[2020-10-16T16:35:36.011] [TRACE] file - uIejZyjRwpwZD_giaQ9Wt_xD
[2020-10-16T16:35:36.011] [TRACE] file - Session {
  cookie: {
    path: '/',
    _expires: 2021-01-14T14:35:36.008Z,
    originalMaxAge: 7775999997,
    httpOnly: true
  },
  views: { '/': 433, '/cv': 257, '/giftedADHD': 157 },
  horodate: 2020-10-16T16:35:36.009Z,
  geoloc: {
    range: [ 1459046400, 1459048447 ],
    country: 'FR',
    region: 'IDF',
    eu: '1',
    timezone: 'Europe/Paris',
    city: 'Paris',
    ll: [ 48.8543, 2.3527 ],
    metro: 0,
    area: 5
  },
  __lastAccess: 1602858936011,
  ip: '86.247.78.60'
}
[2020-10-16T16:37:18.826] [TRACE] file - uIejZyjRwpwZD_giaQ9Wt_xD
[2020-10-16T16:37:18.826] [TRACE] file - Session {
  cookie: {
    path: '/',
    _expires: 2021-01-14T14:37:18.823Z,
    originalMaxAge: 7775999997,
    httpOnly: true
  },
  views: { '/': 434, '/cv': 257, '/giftedADHD': 157 },
  horodate: 2020-10-16T16:37:18.824Z,
  geoloc: {
    range: [ 1459046400, 1459048447 ],
    country: 'FR',
    region: 'IDF',
    eu: '1',
    timezone: 'Europe/Paris',
    city: 'Paris',
    ll: [ 48.8543, 2.3527 ],
    metro: 0,
    area: 5
  },
  __lastAccess: 1602859038826,
  ip: '86.247.78.60'
}
[2020-10-16T16:38:02.991] [TRACE] file - uIejZyjRwpwZD_giaQ9Wt_xD
[2020-10-16T16:38:02.991] [TRACE] file - Session {
  cookie: {
    path: '/',
    _expires: 2021-01-14T14:38:02.988Z,
    originalMaxAge: 7775999997,
    httpOnly: true
  },
  views: { '/': 435, '/cv': 257, '/giftedADHD': 157 },
  horodate: 2020-10-16T16:38:02.989Z,
  geoloc: {
    range: [ 1459046400, 1459048447 ],
    country: 'FR',
    region: 'IDF',
    eu: '1',
    timezone: 'Europe/Paris',
    city: 'Paris',
    ll: [ 48.8543, 2.3527 ],
    metro: 0,
    area: 5
  },
  __lastAccess: 1602859082991,
  ip: '86.247.78.60'
}
[2020-10-16T16:39:18.516] [TRACE] file - uIejZyjRwpwZD_giaQ9Wt_xD
[2020-10-16T16:39:18.516] [TRACE] file - Session {
  cookie: {
    path: '/',
    _expires: 2021-01-14T14:39:18.513Z,
    originalMaxAge: 7775999997,
    httpOnly: true
  },
  views: { '/': 436, '/cv': 257, '/giftedADHD': 157 },
  horodate: 2020-10-16T16:39:18.512Z,
  geoloc: {
    range: [ 1459046400, 1459048447 ],
    country: 'FR',
    region: 'IDF',
    eu: '1',
    timezone: 'Europe/Paris',
    city: 'Paris',
    ll: [ 48.8543, 2.3527 ],
    metro: 0,
    area: 5
  },
  __lastAccess: 1602859158516,
  ip: '86.247.78.60'
}
[2020-10-16T16:39:54.071] [TRACE] file - uIejZyjRwpwZD_giaQ9Wt_xD
[2020-10-16T16:39:54.071] [TRACE] file - Session {
  cookie: {
    path: '/',
    _expires: 2021-01-14T14:39:54.068Z,
    originalMaxAge: 7775999997,
    httpOnly: true
  },
  views: { '/': 437, '/cv': 257, '/giftedADHD': 157 },
  horodate: 2020-10-16T16:39:54.069Z,
  geoloc: {
    range: [ 1459046400, 1459048447 ],
    country: 'FR',
    region: 'IDF',
    eu: '1',
    timezone: 'Europe/Paris',
    city: 'Paris',
    ll: [ 48.8543, 2.3527 ],
    metro: 0,
    area: 5
  },
  __lastAccess: 1602859194071,
  ip: '86.247.78.60'
}
[2020-10-16T16:41:43.067] [TRACE] file - uIejZyjRwpwZD_giaQ9Wt_xD
[2020-10-16T16:41:43.067] [TRACE] file - Session {
  cookie: {
    path: '/',
    _expires: 2021-01-14T14:41:43.064Z,
    originalMaxAge: 7775999997,
    httpOnly: true
  },
  views: { '/': 438, '/cv': 257, '/giftedADHD': 157 },
  horodate: 2020-10-16T16:41:43.065Z,
  geoloc: {
    range: [ 1459046400, 1459048447 ],
    country: 'FR',
    region: 'IDF',
    eu: '1',
    timezone: 'Europe/Paris',
    city: 'Paris',
    ll: [ 48.8543, 2.3527 ],
    metro: 0,
    area: 5
  },
  __lastAccess: 1602859303067,
  ip: '86.247.78.60'
}
[2020-10-16T16:42:35.905] [TRACE] file - uIejZyjRwpwZD_giaQ9Wt_xD
[2020-10-16T16:42:35.905] [TRACE] file - Session {
  cookie: {
    path: '/',
    _expires: 2021-01-14T14:42:35.902Z,
    originalMaxAge: 7775999997,
    httpOnly: true
  },
  views: { '/': 439, '/cv': 257, '/giftedADHD': 157 },
  horodate: 2020-10-16T16:42:35.903Z,
  geoloc: {
    range: [ 1459046400, 1459048447 ],
    country: 'FR',
    region: 'IDF',
    eu: '1',
    timezone: 'Europe/Paris',
    city: 'Paris',
    ll: [ 48.8543, 2.3527 ],
    metro: 0,
    area: 5
  },
  __lastAccess: 1602859355905,
  ip: '86.247.78.60'
}
[2020-10-16T16:43:16.519] [TRACE] file - uIejZyjRwpwZD_giaQ9Wt_xD
[2020-10-16T16:43:16.519] [TRACE] file - Session {
  cookie: {
    path: '/',
    _expires: 2021-01-14T14:43:16.516Z,
    originalMaxAge: 7775999997,
    httpOnly: true
  },
  views: { '/': 440, '/cv': 257, '/giftedADHD': 157 },
  horodate: 2020-10-16T16:43:16.516Z,
  geoloc: {
    range: [ 1459046400, 1459048447 ],
    country: 'FR',
    region: 'IDF',
    eu: '1',
    timezone: 'Europe/Paris',
    city: 'Paris',
    ll: [ 48.8543, 2.3527 ],
    metro: 0,
    area: 5
  },
  __lastAccess: 1602859396519,
  ip: '86.247.78.60'
}
[2020-10-16T16:43:55.796] [TRACE] file - uIejZyjRwpwZD_giaQ9Wt_xD
[2020-10-16T16:43:55.796] [TRACE] file - Session {
  cookie: {
    path: '/',
    _expires: 2021-01-14T14:43:55.792Z,
    originalMaxAge: 7775999997,
    httpOnly: true
  },
  views: { '/': 441, '/cv': 257, '/giftedADHD': 157 },
  horodate: 2020-10-16T16:43:55.792Z,
  geoloc: {
    range: [ 1459046400, 1459048447 ],
    country: 'FR',
    region: 'IDF',
    eu: '1',
    timezone: 'Europe/Paris',
    city: 'Paris',
    ll: [ 48.8543, 2.3527 ],
    metro: 0,
    area: 5
  },
  __lastAccess: 1602859435795,
  ip: '86.247.78.60'
}
[2020-10-16T16:44:45.369] [TRACE] file - uIejZyjRwpwZD_giaQ9Wt_xD
[2020-10-16T16:44:45.369] [TRACE] file - Session {
  cookie: {
    path: '/',
    _expires: 2021-01-14T14:44:45.366Z,
    originalMaxAge: 7775999997,
    httpOnly: true
  },
  views: { '/': 442, '/cv': 257, '/giftedADHD': 157 },
  horodate: 2020-10-16T16:44:45.367Z,
  geoloc: {
    range: [ 1459046400, 1459048447 ],
    country: 'FR',
    region: 'IDF',
    eu: '1',
    timezone: 'Europe/Paris',
    city: 'Paris',
    ll: [ 48.8543, 2.3527 ],
    metro: 0,
    area: 5
  },
  __lastAccess: 1602859485369,
  ip: '86.247.78.60'
}
[2020-10-16T16:45:23.607] [TRACE] file - Uw8IfHUsRvd3uMbWNqq9TbJc
[2020-10-16T16:45:23.607] [TRACE] file - Session {
  cookie: {
    path: '/',
    _expires: 2021-01-14T14:45:23.606Z,
    originalMaxAge: 7775999999,
    httpOnly: true
  },
  views: { '/': 247, '/cv': 88, '/giftedADHD': 76 },
  horodate: 2020-10-16T16:45:23.605Z,
  ip: '86.247.78.60',
  geoloc: {
    range: [ 1459046400, 1459048447 ],
    country: 'FR',
    region: 'IDF',
    eu: '1',
    timezone: 'Europe/Paris',
    city: 'Paris',
    ll: [ 48.8543, 2.3527 ],
    metro: 0,
    area: 5
  },
  __lastAccess: 1602859523607
}
[2020-10-16T16:45:26.154] [TRACE] file - Uw8IfHUsRvd3uMbWNqq9TbJc
[2020-10-16T16:45:26.154] [TRACE] file - Session {
  cookie: {
    path: '/',
    _expires: 2021-01-14T14:45:26.153Z,
    originalMaxAge: 7775999999,
    httpOnly: true
  },
  views: { '/': 248, '/cv': 88, '/giftedADHD': 76 },
  horodate: 2020-10-16T16:45:26.151Z,
  ip: '86.247.78.60',
  geoloc: {
    range: [ 1459046400, 1459048447 ],
    country: 'FR',
    region: 'IDF',
    eu: '1',
    timezone: 'Europe/Paris',
    city: 'Paris',
    ll: [ 48.8543, 2.3527 ],
    metro: 0,
    area: 5
  },
  __lastAccess: 1602859526154
}
[2020-10-16T16:48:31.435] [TRACE] file - uIejZyjRwpwZD_giaQ9Wt_xD
[2020-10-16T16:48:31.435] [TRACE] file - Session {
  cookie: {
    path: '/',
    _expires: 2021-01-14T14:48:31.431Z,
    originalMaxAge: 7775999997,
    httpOnly: true
  },
  views: { '/': 443, '/cv': 257, '/giftedADHD': 157 },
  horodate: 2020-10-16T16:48:31.432Z,
  geoloc: {
    range: [ 1459046400, 1459048447 ],
    country: 'FR',
    region: 'IDF',
    eu: '1',
    timezone: 'Europe/Paris',
    city: 'Paris',
    ll: [ 48.8543, 2.3527 ],
    metro: 0,
    area: 5
  },
  __lastAccess: 1602859711434,
  ip: '86.247.78.60'
}
[2020-10-16T16:50:37.021] [TRACE] file - RMBk3fh7Ij4KZiO6iJOLFNSQ
[2020-10-16T16:50:37.021] [TRACE] file - Session {
  cookie: {
    path: '/',
    _expires: 2021-01-14T14:50:37.021Z,
    originalMaxAge: 7776000000,
    httpOnly: true,
    SameSite: 'Lax'
  },
  views: { '/': 1 },
  horodate: 2020-10-16T16:50:37.019Z,
  ip: '213.202.223.223',
  geoloc: {
    range: [ 3586840576, 3586842623 ],
    country: 'DE',
    region: 'MV',
    eu: '1',
    timezone: 'Europe/Berlin',
    city: 'Poelchow',
    ll: [ 54.0167, 12.1 ],
    metro: 0,
    area: 1000
  },
  __lastAccess: 1602859837021
}
[2020-10-16T16:50:47.954] [TRACE] file - EjntdhykNqBUfIqEzbWXhkqz
[2020-10-16T16:50:47.954] [TRACE] file - Session {
  cookie: {
    path: '/',
    _expires: 2021-01-14T14:50:47.954Z,
    originalMaxAge: 7776000000,
    httpOnly: true,
    SameSite: 'Lax'
  },
  views: { '/': 1 },
  horodate: 2020-10-16T16:50:47.952Z,
  ip: '95.123.41.94',
  geoloc: {
    range: [ 1601906688, 1601907711 ],
    country: 'ES',
    region: 'MD',
    eu: '1',
    timezone: 'Europe/Madrid',
    city: 'Madrid',
    ll: [ 40.4143, -3.7016 ],
    metro: 0,
    area: 20
  },
  __lastAccess: 1602859847954
}
[2020-10-16T17:41:47.867] [TRACE] file - 1-VXGl2WEmxhdWGfk7G1ycwD
[2020-10-16T17:41:47.867] [TRACE] file - Session {
  cookie: {
    path: '/',
    _expires: 2021-01-14T15:41:47.866Z,
    originalMaxAge: 7776000000,
    httpOnly: true,
    SameSite: 'Lax'
  },
  views: { '/': 1 },
  horodate: 2020-10-16T17:41:47.858Z,
  ip: '190.10.160.78',
  geoloc: {
    range: [ 3188367360, 3188367615 ],
    country: 'EC',
    region: '',
    eu: '0',
    timezone: 'America/Guayaquil',
    city: '',
    ll: [ -2, -77.5 ],
    metro: 0,
    area: 50
  },
  __lastAccess: 1602862907866
}
[2020-10-16T17:42:35.290] [TRACE] file - a8SllxymdDO_FT-bHVWOHt6B
[2020-10-16T17:42:35.290] [TRACE] file - Session {
  cookie: {
    path: '/',
    _expires: 2021-01-14T15:42:35.290Z,
    originalMaxAge: 7776000000,
    httpOnly: true,
    SameSite: 'Lax'
  },
  views: { '/': 1 },
  horodate: 2020-10-16T17:42:35.284Z,
  ip: '79.34.206.2',
  geoloc: {
    range: [ 1327680512, 1327681535 ],
    country: 'IT',
    region: '78',
    eu: '1',
    timezone: 'Europe/Rome',
    city: 'Reggio Calabria',
    ll: [ 38.1105, 15.6613 ],
    metro: 0,
    area: 100
  },
  __lastAccess: 1602862955290
}
[2020-10-16T17:53:06.913] [TRACE] file - fH6gtsAoW7PAAzPQ9ViMVQxG
[2020-10-16T17:53:06.913] [TRACE] file - Session {
  cookie: {
    path: '/',
    _expires: 2021-01-14T15:53:06.913Z,
    originalMaxAge: 7776000000,
    httpOnly: true,
    SameSite: 'Lax'
  },
  views: { '/': 1 },
  horodate: 2020-10-16T17:53:06.912Z,
  ip: '128.14.134.134',
  geoloc: {
    range: [ 2148433920, 2148435967 ],
    country: 'US',
    region: 'CA',
    eu: '0',
    timezone: 'America/Los_Angeles',
    city: 'Arcadia',
    ll: [ 34.1397, -118.0353 ],
    metro: 803,
    area: 500
  },
  __lastAccess: 1602863586913
}
[2020-10-16T18:09:50.729] [TRACE] file - hVoAoHclq5EXqgmvWOORbNnm
[2020-10-16T18:09:50.729] [TRACE] file - Session {
  cookie: {
    path: '/',
    _expires: 2021-01-14T16:09:50.728Z,
    originalMaxAge: 7776000000,
    httpOnly: true,
    SameSite: 'Lax'
  },
  views: { '/': 1 },
  horodate: 2020-10-16T18:09:50.719Z,
  ip: '88.5.123.76',
  geoloc: {
    range: [ 1476753920, 1476754431 ],
    country: 'ES',
    region: 'MD',
    eu: '1',
    timezone: 'Europe/Madrid',
    city: 'Madrid',
    ll: [ 40.4143, -3.7016 ],
    metro: 0,
    area: 20
  },
  __lastAccess: 1602864590729
}
