Sun Oct 03 2021 10:11:43 GMT+0200 (GMT+02:00)[2020-10-03T10:11:47.868] [TRACE] file - uIejZyjRwpwZD_giaQ9Wt_xD
[2020-10-03T10:11:47.868] [TRACE] file - Session {
  cookie: {
    path: '/',
    _expires: 2021-01-01T08:11:47.863Z,
    originalMaxAge: 7775999999,
    httpOnly: true
  },
  views: { '/': 300, '/cv': 224, '/giftedADHD': 136 },
  horodate: 2020-10-03T10:11:47.858Z,
  ip: '86.247.252.92',
  geoloc: {
    range: [ 1459091456, 1459093503 ],
    country: 'FR',
    region: 'IDF',
    eu: '1',
    timezone: 'Europe/Paris',
    city: 'Paris',
    ll: [ 48.8543, 2.3527 ],
    metro: 0,
    area: 1
  },
  __lastAccess: 1601712707864
}
[2020-10-03T10:14:38.847] [TRACE] file - uIejZyjRwpwZD_giaQ9Wt_xD
[2020-10-03T10:14:38.847] [TRACE] file - Session {
  cookie: {
    path: '/',
    _expires: 2021-01-01T08:14:38.846Z,
    originalMaxAge: 7775999999,
    httpOnly: true
  },
  views: { '/': 301, '/cv': 224, '/giftedADHD': 136 },
  horodate: 2020-10-03T10:14:38.845Z,
  ip: '86.247.252.92',
  geoloc: {
    range: [ 1459091456, 1459093503 ],
    country: 'FR',
    region: 'IDF',
    eu: '1',
    timezone: 'Europe/Paris',
    city: 'Paris',
    ll: [ 48.8543, 2.3527 ],
    metro: 0,
    area: 1
  },
  __lastAccess: 1601712878847
}
[2020-10-03T10:16:44.579] [TRACE] file - uIejZyjRwpwZD_giaQ9Wt_xD
[2020-10-03T10:16:44.579] [TRACE] file - Session {
  cookie: {
    path: '/',
    _expires: 2021-01-01T08:16:44.577Z,
    originalMaxAge: 7775999999,
    httpOnly: true
  },
  views: { '/': 302, '/cv': 224, '/giftedADHD': 136 },
  horodate: 2020-10-03T10:16:44.577Z,
  ip: '86.247.252.92',
  geoloc: {
    range: [ 1459091456, 1459093503 ],
    country: 'FR',
    region: 'IDF',
    eu: '1',
    timezone: 'Europe/Paris',
    city: 'Paris',
    ll: [ 48.8543, 2.3527 ],
    metro: 0,
    area: 1
  },
  __lastAccess: 1601713004578
}
[2020-10-03T10:18:00.243] [TRACE] file - uIejZyjRwpwZD_giaQ9Wt_xD
[2020-10-03T10:18:00.243] [TRACE] file - Session {
  cookie: {
    path: '/',
    _expires: 2021-01-01T08:18:00.241Z,
    originalMaxAge: 7775999999,
    httpOnly: true
  },
  views: { '/': 303, '/cv': 224, '/giftedADHD': 136 },
  horodate: 2020-10-03T10:18:00.239Z,
  ip: '86.247.252.92',
  geoloc: {
    range: [ 1459091456, 1459093503 ],
    country: 'FR',
    region: 'IDF',
    eu: '1',
    timezone: 'Europe/Paris',
    city: 'Paris',
    ll: [ 48.8543, 2.3527 ],
    metro: 0,
    area: 1
  },
  __lastAccess: 1601713080242
}
[2020-10-03T10:19:24.564] [TRACE] file - uIejZyjRwpwZD_giaQ9Wt_xD
[2020-10-03T10:19:24.564] [TRACE] file - Session {
  cookie: {
    path: '/',
    _expires: 2021-01-01T08:19:24.563Z,
    originalMaxAge: 7775999999,
    httpOnly: true
  },
  views: { '/': 304, '/cv': 224, '/giftedADHD': 136 },
  horodate: 2020-10-03T10:19:24.562Z,
  ip: '86.247.252.92',
  geoloc: {
    range: [ 1459091456, 1459093503 ],
    country: 'FR',
    region: 'IDF',
    eu: '1',
    timezone: 'Europe/Paris',
    city: 'Paris',
    ll: [ 48.8543, 2.3527 ],
    metro: 0,
    area: 1
  },
  __lastAccess: 1601713164564
}
[2020-10-03T10:21:56.567] [TRACE] file - uIejZyjRwpwZD_giaQ9Wt_xD
[2020-10-03T10:21:56.567] [TRACE] file - Session {
  cookie: {
    path: '/',
    _expires: 2021-01-01T08:21:56.566Z,
    originalMaxAge: 7775999999,
    httpOnly: true
  },
  views: { '/': 305, '/cv': 224, '/giftedADHD': 136 },
  horodate: 2020-10-03T10:21:56.565Z,
  ip: '86.247.252.92',
  geoloc: {
    range: [ 1459091456, 1459093503 ],
    country: 'FR',
    region: 'IDF',
    eu: '1',
    timezone: 'Europe/Paris',
    city: 'Paris',
    ll: [ 48.8543, 2.3527 ],
    metro: 0,
    area: 1
  },
  __lastAccess: 1601713316567
}
[2020-10-03T10:22:16.658] [TRACE] file - uIejZyjRwpwZD_giaQ9Wt_xD
[2020-10-03T10:22:16.658] [TRACE] file - Session {
  cookie: {
    path: '/',
    _expires: 2021-01-01T08:22:16.656Z,
    originalMaxAge: 7775999999,
    httpOnly: true
  },
  views: { '/': 306, '/cv': 224, '/giftedADHD': 136 },
  horodate: 2020-10-03T10:22:16.655Z,
  ip: '86.247.252.92',
  geoloc: {
    range: [ 1459091456, 1459093503 ],
    country: 'FR',
    region: 'IDF',
    eu: '1',
    timezone: 'Europe/Paris',
    city: 'Paris',
    ll: [ 48.8543, 2.3527 ],
    metro: 0,
    area: 1
  },
  __lastAccess: 1601713336657
}
[2020-10-03T10:23:25.703] [TRACE] file - uIejZyjRwpwZD_giaQ9Wt_xD
[2020-10-03T10:23:25.703] [TRACE] file - Session {
  cookie: {
    path: '/',
    _expires: 2021-01-01T08:23:25.701Z,
    originalMaxAge: 7775999999,
    httpOnly: true
  },
  views: { '/': 307, '/cv': 224, '/giftedADHD': 136 },
  horodate: 2020-10-03T10:23:25.701Z,
  ip: '86.247.252.92',
  geoloc: {
    range: [ 1459091456, 1459093503 ],
    country: 'FR',
    region: 'IDF',
    eu: '1',
    timezone: 'Europe/Paris',
    city: 'Paris',
    ll: [ 48.8543, 2.3527 ],
    metro: 0,
    area: 1
  },
  __lastAccess: 1601713405702
}
[2020-10-03T10:24:12.020] [TRACE] file - uIejZyjRwpwZD_giaQ9Wt_xD
[2020-10-03T10:24:12.020] [TRACE] file - Session {
  cookie: {
    path: '/',
    _expires: 2021-01-01T08:24:12.019Z,
    originalMaxAge: 7775999999,
    httpOnly: true
  },
  views: { '/': 308, '/cv': 224, '/giftedADHD': 136 },
  horodate: 2020-10-03T10:24:12.019Z,
  ip: '86.247.252.92',
  geoloc: {
    range: [ 1459091456, 1459093503 ],
    country: 'FR',
    region: 'IDF',
    eu: '1',
    timezone: 'Europe/Paris',
    city: 'Paris',
    ll: [ 48.8543, 2.3527 ],
    metro: 0,
    area: 1
  },
  __lastAccess: 1601713452020
}
[2020-10-03T10:24:30.083] [TRACE] file - Session {
  cookie: {
    path: '/',
    _expires: 2021-01-01T08:24:30.082Z,
    originalMaxAge: 7775999999,
    httpOnly: true
  },
  views: { '/': 308, '/cv': 225, '/giftedADHD': 136 },
  horodate: 2020-10-03T10:24:30.081Z,
  ip: '86.247.252.92',
  geoloc: {
    range: [ 1459091456, 1459093503 ],
    country: 'FR',
    region: 'IDF',
    eu: '1',
    timezone: 'Europe/Paris',
    city: 'Paris',
    ll: [ 48.8543, 2.3527 ],
    metro: 0,
    area: 1
  },
  __lastAccess: 1601713470083
}
[2020-10-03T10:24:31.282] [TRACE] file - uIejZyjRwpwZD_giaQ9Wt_xD
[2020-10-03T10:24:31.282] [TRACE] file - Session {
  cookie: {
    path: '/',
    _expires: 2021-01-01T08:24:31.280Z,
    originalMaxAge: 7775999999,
    httpOnly: true
  },
  views: { '/': 309, '/cv': 225, '/giftedADHD': 136 },
  horodate: 2020-10-03T10:24:31.279Z,
  ip: '86.247.252.92',
  geoloc: {
    range: [ 1459091456, 1459093503 ],
    country: 'FR',
    region: 'IDF',
    eu: '1',
    timezone: 'Europe/Paris',
    city: 'Paris',
    ll: [ 48.8543, 2.3527 ],
    metro: 0,
    area: 1
  },
  __lastAccess: 1601713471281
}
[2020-10-03T11:06:19.099] [TRACE] file - Uw8IfHUsRvd3uMbWNqq9TbJc
[2020-10-03T11:06:19.099] [TRACE] file - Session {
  cookie: {
    path: '/',
    _expires: 2021-01-01T09:06:19.098Z,
    originalMaxAge: 7775999999,
    httpOnly: true
  },
  views: { '/': 182, '/cv': 74, '/giftedADHD': 66 },
  horodate: 2020-10-03T11:06:19.097Z,
  ip: '82.227.67.139',
  geoloc: {
    range: [ 1390624768, 1390625791 ],
    country: 'FR',
    region: 'IDF',
    eu: '1',
    timezone: 'Europe/Paris',
    city: 'Paris',
    ll: [ 48.8543, 2.3527 ],
    metro: 0,
    area: 5
  },
  __lastAccess: 1601715979099
}
[2020-10-03T11:06:20.836] [TRACE] file - Uw8IfHUsRvd3uMbWNqq9TbJc
[2020-10-03T11:06:20.836] [TRACE] file - Session {
  cookie: {
    path: '/',
    _expires: 2021-01-01T09:06:20.835Z,
    originalMaxAge: 7775999999,
    httpOnly: true
  },
  views: { '/': 183, '/cv': 74, '/giftedADHD': 66 },
  horodate: 2020-10-03T11:06:20.830Z,
  ip: '82.227.67.139',
  geoloc: {
    range: [ 1390624768, 1390625791 ],
    country: 'FR',
    region: 'IDF',
    eu: '1',
    timezone: 'Europe/Paris',
    city: 'Paris',
    ll: [ 48.8543, 2.3527 ],
    metro: 0,
    area: 5
  },
  __lastAccess: 1601715980836
}
[2020-10-03T11:06:25.895] [TRACE] file - Session {
  cookie: {
    path: '/',
    _expires: 2021-01-01T09:06:25.893Z,
    originalMaxAge: 7775999999,
    httpOnly: true
  },
  views: { '/': 183, '/cv': 75, '/giftedADHD': 66 },
  horodate: 2020-10-03T11:06:25.886Z,
  ip: '82.227.67.139',
  geoloc: {
    range: [ 1390624768, 1390625791 ],
    country: 'FR',
    region: 'IDF',
    eu: '1',
    timezone: 'Europe/Paris',
    city: 'Paris',
    ll: [ 48.8543, 2.3527 ],
    metro: 0,
    area: 5
  },
  __lastAccess: 1601715985895
}
[2020-10-03T11:06:27.145] [TRACE] file - Session {
  cookie: {
    path: '/',
    _expires: 2021-01-01T09:06:27.144Z,
    originalMaxAge: 7775999999,
    httpOnly: true
  },
  views: { '/': 183, '/cv': 75, '/giftedADHD': 67 },
  horodate: 2020-10-03T11:06:27.137Z,
  ip: '82.227.67.139',
  geoloc: {
    range: [ 1390624768, 1390625791 ],
    country: 'FR',
    region: 'IDF',
    eu: '1',
    timezone: 'Europe/Paris',
    city: 'Paris',
    ll: [ 48.8543, 2.3527 ],
    metro: 0,
    area: 5
  },
  __lastAccess: 1601715987145
}
[2020-10-03T11:27:16.070] [TRACE] file - tItW2ZW14z6ZoBLs_t2M2wo0
[2020-10-03T11:27:16.070] [TRACE] file - Session {
  cookie: {
    path: '/',
    _expires: 2021-01-01T09:27:16.070Z,
    originalMaxAge: 7776000000,
    httpOnly: true,
    SameSite: 'Lax'
  },
  views: { '/': 1 },
  horodate: 2020-10-03T11:27:16.069Z,
  ip: '163.172.66.130',
  geoloc: {
    range: [ 2745974784, 2745982975 ],
    country: 'FR',
    region: '',
    eu: '1',
    timezone: 'Europe/Paris',
    city: '',
    ll: [ 48.8582, 2.3387 ],
    metro: 0,
    area: 200
  },
  __lastAccess: 1601717236070
}
[2020-10-03T11:31:10.567] [TRACE] file - 8QdKQhprz_LA71L2m_rN0Byr
[2020-10-03T11:31:10.567] [TRACE] file - Session {
  cookie: {
    path: '/',
    _expires: 2021-01-01T09:31:10.567Z,
    originalMaxAge: 7776000000,
    httpOnly: true,
    SameSite: 'Lax'
  },
  views: { '/': 1 },
  horodate: 2020-10-03T11:31:10.565Z,
  ip: '132.232.70.247',
  geoloc: {
    range: [ 2229796864, 2229862399 ],
    country: 'CN',
    region: 'BJ',
    eu: '0',
    timezone: 'Asia/Shanghai',
    city: '',
    ll: [ 39.9289, 116.3883 ],
    metro: 0,
    area: 50
  },
  __lastAccess: 1601717470567
}
[2020-10-03T11:31:13.422] [TRACE] file - AsRFZUFo8GKH2L6G3RmY4JfF
[2020-10-03T11:31:13.422] [TRACE] file - Session {
  cookie: {
    path: '/',
    _expires: 2021-01-01T09:31:13.422Z,
    originalMaxAge: 7776000000,
    httpOnly: true,
    SameSite: 'Lax'
  },
  views: { '/': 1 },
  horodate: 2020-10-03T11:31:13.421Z,
  ip: '132.232.70.247',
  geoloc: {
    range: [ 2229796864, 2229862399 ],
    country: 'CN',
    region: 'BJ',
    eu: '0',
    timezone: 'Asia/Shanghai',
    city: '',
    ll: [ 39.9289, 116.3883 ],
    metro: 0,
    area: 50
  },
  __lastAccess: 1601717473422
}
[2020-10-03T11:32:50.676] [TRACE] file - zThLfrt8p50bbpCCssh0UZce
[2020-10-03T11:32:50.676] [TRACE] file - Session {
  cookie: {
    path: '/',
    _expires: 2021-01-01T09:32:50.676Z,
    originalMaxAge: 7776000000,
    httpOnly: true,
    SameSite: 'Lax'
  },
  views: { '/': 1 },
  horodate: 2020-10-03T11:32:50.674Z,
  ip: '132.232.70.247',
  geoloc: {
    range: [ 2229796864, 2229862399 ],
    country: 'CN',
    region: 'BJ',
    eu: '0',
    timezone: 'Asia/Shanghai',
    city: '',
    ll: [ 39.9289, 116.3883 ],
    metro: 0,
    area: 50
  },
  __lastAccess: 1601717570676
}
[2020-10-03T11:32:51.610] [TRACE] file - 8gDWSy2HKY0_04bP3N9zaQ7Z
[2020-10-03T11:32:51.610] [TRACE] file - Session {
  cookie: {
    path: '/',
    _expires: 2021-01-01T09:32:51.609Z,
    originalMaxAge: 7776000000,
    httpOnly: true,
    SameSite: 'Lax'
  },
  views: { '/': 1 },
  horodate: 2020-10-03T11:32:51.603Z,
  ip: '132.232.70.247',
  geoloc: {
    range: [ 2229796864, 2229862399 ],
    country: 'CN',
    region: 'BJ',
    eu: '0',
    timezone: 'Asia/Shanghai',
    city: '',
    ll: [ 39.9289, 116.3883 ],
    metro: 0,
    area: 50
  },
  __lastAccess: 1601717571609
}
[2020-10-03T11:32:53.512] [TRACE] file - pPox8CDEKmLaqxorjcoSQeoc
[2020-10-03T11:32:53.512] [TRACE] file - Session {
  cookie: {
    path: '/',
    _expires: 2021-01-01T09:32:53.511Z,
    originalMaxAge: 7776000000,
    httpOnly: true,
    SameSite: 'Lax'
  },
  views: { '/': 1 },
  horodate: 2020-10-03T11:32:53.507Z,
  ip: '132.232.70.247',
  geoloc: {
    range: [ 2229796864, 2229862399 ],
    country: 'CN',
    region: 'BJ',
    eu: '0',
    timezone: 'Asia/Shanghai',
    city: '',
    ll: [ 39.9289, 116.3883 ],
    metro: 0,
    area: 50
  },
  __lastAccess: 1601717573512
}
[2020-10-03T11:41:31.180] [TRACE] file - 3vjbfpWpybMeYkV2ZM12PkKD
[2020-10-03T11:41:31.180] [TRACE] file - Session {
  cookie: {
    path: '/',
    _expires: 2021-01-01T09:41:31.180Z,
    originalMaxAge: 7776000000,
    httpOnly: true,
    SameSite: 'Lax'
  },
  views: { '/': 1 },
  horodate: 2020-10-03T11:41:31.172Z,
  ip: '132.232.70.247',
  geoloc: {
    range: [ 2229796864, 2229862399 ],
    country: 'CN',
    region: 'BJ',
    eu: '0',
    timezone: 'Asia/Shanghai',
    city: '',
    ll: [ 39.9289, 116.3883 ],
    metro: 0,
    area: 50
  },
  __lastAccess: 1601718091180
}
[2020-10-03T11:44:15.592] [TRACE] file - xVJpqbLCF32acgNukSNv9c59
[2020-10-03T11:44:15.592] [TRACE] file - Session {
  cookie: {
    path: '/',
    _expires: 2021-01-01T09:44:15.592Z,
    originalMaxAge: 7776000000,
    httpOnly: true,
    SameSite: 'Lax'
  },
  views: { '/': 1 },
  horodate: 2020-10-03T11:44:15.591Z,
  ip: '54.36.149.76',
  geoloc: {
    range: [ 908366848, 908367871 ],
    country: 'FR',
    region: '',
    eu: '1',
    timezone: 'Europe/Paris',
    city: '',
    ll: [ 48.8582, 2.3387 ],
    metro: 0,
    area: 500
  },
  __lastAccess: 1601718255592
}
[2020-10-03T14:30:19.809] [TRACE] file - Qd5Px41RFGd7dYEGhAXpUHT-
[2020-10-03T14:30:19.809] [TRACE] file - Session {
  cookie: {
    path: '/',
    _expires: 2021-01-01T12:30:19.807Z,
    originalMaxAge: 7775999999,
    httpOnly: true
  },
  views: { '/': 29, '/cv': 28, '/giftedADHD': 10 },
  horodate: 2020-10-03T14:30:19.807Z,
  geoloc: {
    range: [ 1537998848, 1538260991 ],
    country: 'FR',
    region: '',
    eu: '1',
    timezone: 'Europe/Paris',
    city: '',
    ll: [ 48.8582, 2.3387 ],
    metro: 0,
    area: 500
  },
  __lastAccess: 1601728219808,
  ip: '91.175.159.123'
}
[2020-10-03T14:30:24.696] [TRACE] file - Session {
  cookie: {
    path: '/',
    _expires: 2021-01-01T12:30:24.694Z,
    originalMaxAge: 7775999999,
    httpOnly: true
  },
  views: { '/': 29, '/cv': 29, '/giftedADHD': 10 },
  horodate: 2020-10-03T14:30:24.685Z,
  geoloc: {
    range: [ 1537998848, 1538260991 ],
    country: 'FR',
    region: '',
    eu: '1',
    timezone: 'Europe/Paris',
    city: '',
    ll: [ 48.8582, 2.3387 ],
    metro: 0,
    area: 500
  },
  __lastAccess: 1601728224695,
  ip: '91.175.159.123'
}
[2020-10-03T14:36:28.287] [TRACE] file - Uw8IfHUsRvd3uMbWNqq9TbJc
[2020-10-03T14:36:28.287] [TRACE] file - Session {
  cookie: {
    path: '/',
    _expires: 2021-01-01T12:36:28.286Z,
    originalMaxAge: 7775999999,
    httpOnly: true
  },
  views: { '/': 184, '/cv': 75, '/giftedADHD': 67 },
  horodate: 2020-10-03T14:36:28.286Z,
  ip: '82.227.67.139',
  geoloc: {
    range: [ 1390624768, 1390625791 ],
    country: 'FR',
    region: 'IDF',
    eu: '1',
    timezone: 'Europe/Paris',
    city: 'Paris',
    ll: [ 48.8543, 2.3527 ],
    metro: 0,
    area: 5
  },
  __lastAccess: 1601728588287
}
[2020-10-03T14:44:06.125] [TRACE] file - uIejZyjRwpwZD_giaQ9Wt_xD
[2020-10-03T14:44:06.125] [TRACE] file - Session {
  cookie: {
    path: '/',
    _expires: 2021-01-01T12:44:06.123Z,
    originalMaxAge: 7775999999,
    httpOnly: true
  },
  views: { '/': 310, '/cv': 225, '/giftedADHD': 136 },
  horodate: 2020-10-03T14:44:06.121Z,
  ip: '86.247.252.92',
  geoloc: {
    range: [ 1459091456, 1459093503 ],
    country: 'FR',
    region: 'IDF',
    eu: '1',
    timezone: 'Europe/Paris',
    city: 'Paris',
    ll: [ 48.8543, 2.3527 ],
    metro: 0,
    area: 1
  },
  __lastAccess: 1601729046125
}
[2020-10-03T14:49:24.713] [TRACE] file - Session {
  cookie: {
    path: '/',
    _expires: 2021-01-01T12:49:24.713Z,
    originalMaxAge: 7776000000,
    httpOnly: true,
    SameSite: 'Lax'
  },
  views: { '/cv': 1 },
  horodate: 2020-10-03T14:49:24.711Z,
  __lastAccess: 1601729364713
}
[2020-10-03T14:50:01.661] [TRACE] file - mBYGObH-gr-GSxHkjqFOl4Dn
[2020-10-03T14:50:01.661] [TRACE] file - Session {
  cookie: {
    path: '/',
    _expires: 2021-01-01T12:50:01.661Z,
    originalMaxAge: 7776000000,
    httpOnly: true,
    SameSite: 'Lax'
  },
  views: { '/': 1 },
  horodate: 2020-10-03T14:50:01.659Z,
  ip: '192.36.70.176',
  geoloc: {
    range: [ 3223602176, 3223603199 ],
    country: 'SE',
    region: '',
    eu: '1',
    timezone: 'Europe/Stockholm',
    city: '',
    ll: [ 59.3247, 18.056 ],
    metro: 0,
    area: 500
  },
  __lastAccess: 1601729401661
}
[2020-10-03T15:32:37.317] [TRACE] file - JrE3PAVN3VxnrVjxzcxkVOXr
[2020-10-03T15:32:37.317] [TRACE] file - Session {
  cookie: {
    path: '/',
    _expires: 2021-01-01T13:32:37.317Z,
    originalMaxAge: 7776000000,
    httpOnly: true,
    SameSite: 'Lax'
  },
  views: { '/': 1 },
  horodate: 2020-10-03T15:32:37.309Z,
  ip: '192.227.223.108',
  geoloc: {
    range: [ 3236158464, 3236159487 ],
    country: 'US',
    region: 'NY',
    eu: '0',
    timezone: 'America/New_York',
    city: 'Buffalo',
    ll: [ 42.8864, -78.8781 ],
    metro: 514,
    area: 1000
  },
  __lastAccess: 1601731957317
}
[2020-10-03T16:29:50.610] [TRACE] file - 7EXnwbVsELSJuM4knkVzH98m
[2020-10-03T16:29:50.610] [TRACE] file - Session {
  cookie: {
    path: '/',
    _expires: 2021-01-01T14:29:50.610Z,
    originalMaxAge: 7776000000,
    httpOnly: true,
    SameSite: 'Lax'
  },
  views: { '/': 1 },
  horodate: 2020-10-03T16:29:50.608Z,
  ip: '83.97.20.30',
  geoloc: {
    range: [ 1398871040, 1398871295 ],
    country: 'RO',
    region: 'B',
    eu: '1',
    timezone: 'Europe/Bucharest',
    city: 'Bucharest',
    ll: [ 44.418, 26.1691 ],
    metro: 0,
    area: 200
  },
  __lastAccess: 1601735390610
}
[2020-10-03T17:22:12.822] [TRACE] file - uIejZyjRwpwZD_giaQ9Wt_xD
[2020-10-03T17:22:12.822] [TRACE] file - Session {
  cookie: {
    path: '/',
    _expires: 2021-01-01T15:22:12.820Z,
    originalMaxAge: 7775999999,
    httpOnly: true
  },
  views: { '/': 311, '/cv': 225, '/giftedADHD': 136 },
  horodate: 2020-10-03T17:22:12.819Z,
  ip: '86.247.252.92',
  geoloc: {
    range: [ 1459091456, 1459093503 ],
    country: 'FR',
    region: 'IDF',
    eu: '1',
    timezone: 'Europe/Paris',
    city: 'Paris',
    ll: [ 48.8543, 2.3527 ],
    metro: 0,
    area: 1
  },
  __lastAccess: 1601738532821
}
[2020-10-03T17:22:49.433] [TRACE] file - JalaoV7sXbknUGNrMFenuvUY
[2020-10-03T17:22:49.433] [TRACE] file - Session {
  cookie: {
    path: '/',
    _expires: 2021-01-01T15:22:49.432Z,
    originalMaxAge: 7776000000,
    httpOnly: true,
    SameSite: 'Lax'
  },
  views: { '/': 1 },
  horodate: 2020-10-03T17:22:49.431Z,
  ip: '193.118.53.210',
  geoloc: {
    range: [ 3245748224, 3245752319 ],
    country: 'DE',
    region: '',
    eu: '1',
    timezone: 'Europe/Berlin',
    city: '',
    ll: [ 51.2993, 9.491 ],
    metro: 0,
    area: 200
  },
  __lastAccess: 1601738569432
}
[2020-10-03T17:24:10.888] [TRACE] file - uIejZyjRwpwZD_giaQ9Wt_xD
[2020-10-03T17:24:10.888] [TRACE] file - Session {
  cookie: {
    path: '/',
    _expires: 2021-01-01T15:24:10.887Z,
    originalMaxAge: 7775999999,
    httpOnly: true
  },
  views: { '/': 312, '/cv': 225, '/giftedADHD': 136 },
  horodate: 2020-10-03T17:24:10.886Z,
  ip: '86.247.252.92',
  geoloc: {
    range: [ 1459091456, 1459093503 ],
    country: 'FR',
    region: 'IDF',
    eu: '1',
    timezone: 'Europe/Paris',
    city: 'Paris',
    ll: [ 48.8543, 2.3527 ],
    metro: 0,
    area: 1
  },
  __lastAccess: 1601738650888
}
[2020-10-03T17:24:12.629] [TRACE] file - Session {
  cookie: {
    path: '/',
    _expires: 2021-01-01T15:24:12.628Z,
    originalMaxAge: 7775999999,
    httpOnly: true
  },
  views: { '/': 312, '/cv': 226, '/giftedADHD': 136 },
  horodate: 2020-10-03T17:24:12.627Z,
  ip: '86.247.252.92',
  geoloc: {
    range: [ 1459091456, 1459093503 ],
    country: 'FR',
    region: 'IDF',
    eu: '1',
    timezone: 'Europe/Paris',
    city: 'Paris',
    ll: [ 48.8543, 2.3527 ],
    metro: 0,
    area: 1
  },
  __lastAccess: 1601738652629
}
[2020-10-03T17:24:16.404] [TRACE] file - Session {
  cookie: {
    path: '/',
    _expires: 2021-01-01T15:24:16.402Z,
    originalMaxAge: 7775999999,
    httpOnly: true
  },
  views: { '/': 312, '/cv': 226, '/giftedADHD': 137 },
  horodate: 2020-10-03T17:24:16.400Z,
  ip: '86.247.252.92',
  geoloc: {
    range: [ 1459091456, 1459093503 ],
    country: 'FR',
    region: 'IDF',
    eu: '1',
    timezone: 'Europe/Paris',
    city: 'Paris',
    ll: [ 48.8543, 2.3527 ],
    metro: 0,
    area: 1
  },
  __lastAccess: 1601738656403
}
[2020-10-03T17:24:18.220] [TRACE] file - uIejZyjRwpwZD_giaQ9Wt_xD
[2020-10-03T17:24:18.220] [TRACE] file - Session {
  cookie: {
    path: '/',
    _expires: 2021-01-01T15:24:18.219Z,
    originalMaxAge: 7775999999,
    httpOnly: true
  },
  views: { '/': 313, '/cv': 226, '/giftedADHD': 137 },
  horodate: 2020-10-03T17:24:18.218Z,
  ip: '86.247.252.92',
  geoloc: {
    range: [ 1459091456, 1459093503 ],
    country: 'FR',
    region: 'IDF',
    eu: '1',
    timezone: 'Europe/Paris',
    city: 'Paris',
    ll: [ 48.8543, 2.3527 ],
    metro: 0,
    area: 1
  },
  __lastAccess: 1601738658220
}
[2020-10-03T18:10:48.003] [TRACE] file - tSg_5q25mmY4s4e3sZmcxn91
[2020-10-03T18:10:48.003] [TRACE] file - Session {
  cookie: {
    path: '/',
    _expires: 2021-01-01T16:10:48.003Z,
    originalMaxAge: 7776000000,
    httpOnly: true,
    SameSite: 'Lax'
  },
  views: { '/': 1 },
  horodate: 2020-10-03T18:10:48.002Z,
  ip: '176.113.115.214',
  geoloc: {
    range: [ 2960224768, 2960225279 ],
    country: 'RU',
    region: 'MOW',
    eu: '0',
    timezone: 'Europe/Moscow',
    city: 'Moscow',
    ll: [ 55.7527, 37.6172 ],
    metro: 0,
    area: 200
  },
  __lastAccess: 1601741448003
}
[2020-10-03T18:31:28.243] [TRACE] file - 70rletNRaUN3M8-BiW9hfHkv
[2020-10-03T18:31:28.243] [TRACE] file - Session {
  cookie: {
    path: '/',
    _expires: 2021-01-01T16:31:28.243Z,
    originalMaxAge: 7776000000,
    httpOnly: true,
    SameSite: 'Lax'
  },
  views: { '/': 1 },
  horodate: 2020-10-03T18:31:28.240Z,
  ip: '176.113.115.214',
  geoloc: {
    range: [ 2960224768, 2960225279 ],
    country: 'RU',
    region: 'MOW',
    eu: '0',
    timezone: 'Europe/Moscow',
    city: 'Moscow',
    ll: [ 55.7527, 37.6172 ],
    metro: 0,
    area: 200
  },
  __lastAccess: 1601742688243
}
[2020-10-03T19:14:53.885] [TRACE] file - ZpCoCxd-b6Smk2vd11BIOAKc
[2020-10-03T19:14:53.885] [TRACE] file - Session {
  cookie: {
    path: '/',
    _expires: 2021-01-01T17:14:53.885Z,
    originalMaxAge: 7776000000,
    httpOnly: true,
    SameSite: 'Lax'
  },
  views: { '/': 1 },
  horodate: 2020-10-03T19:14:53.883Z,
  ip: '46.1.167.165',
  geoloc: {
    range: [ 771859456, 771860479 ],
    country: 'TR',
    region: '42',
    eu: '0',
    timezone: 'Europe/Istanbul',
    city: 'Konya',
    ll: [ 37.9273, 32.4199 ],
    metro: 0,
    area: 200
  },
  __lastAccess: 1601745293885
}
[2020-10-03T19:44:16.471] [TRACE] file - WDwhYwzj-EDHveRg1r49WAqV
[2020-10-03T19:44:16.471] [TRACE] file - Session {
  cookie: {
    path: '/',
    _expires: 2021-01-01T17:44:16.471Z,
    originalMaxAge: 7776000000,
    httpOnly: true,
    SameSite: 'Lax'
  },
  views: { '/': 1 },
  horodate: 2020-10-03T19:44:16.465Z,
  ip: '92.118.161.33',
  geoloc: {
    range: [ 1551278080, 1551279103 ],
    country: 'LT',
    region: '',
    eu: '1',
    timezone: 'Europe/Vilnius',
    city: '',
    ll: [ 56, 24 ],
    metro: 0,
    area: 200
  },
  __lastAccess: 1601747056471
}
[2020-10-03T19:58:10.613] [TRACE] file - khlYc00SjI_NFrq2tRjE4AE-
[2020-10-03T19:58:10.613] [TRACE] file - Session {
  cookie: {
    path: '/',
    _expires: 2021-01-01T17:58:10.612Z,
    originalMaxAge: 7775999999,
    httpOnly: true,
    SameSite: 'Lax'
  },
  views: { '/': 1 },
  horodate: 2020-10-03T19:58:10.607Z,
  ip: '139.59.226.79',
  geoloc: {
    range: [ 2335956992, 2335959039 ],
    country: 'SG',
    region: '',
    eu: '0',
    timezone: 'Asia/Singapore',
    city: '',
    ll: [ 1.314, 103.6839 ],
    metro: 0,
    area: 50
  },
  __lastAccess: 1601747890613
}
[2020-10-03T22:24:27.586] [TRACE] file - Uw8IfHUsRvd3uMbWNqq9TbJc
[2020-10-03T22:24:27.586] [TRACE] file - Session {
  cookie: {
    path: '/',
    _expires: 2021-01-01T20:24:27.584Z,
    originalMaxAge: 7775999999,
    httpOnly: true
  },
  views: { '/': 185, '/cv': 75, '/giftedADHD': 67 },
  horodate: 2020-10-03T22:24:27.579Z,
  ip: '86.247.252.92',
  geoloc: {
    range: [ 1459091456, 1459093503 ],
    country: 'FR',
    region: 'IDF',
    eu: '1',
    timezone: 'Europe/Paris',
    city: 'Paris',
    ll: [ 48.8543, 2.3527 ],
    metro: 0,
    area: 1
  },
  __lastAccess: 1601756667585
}
[2020-10-03T22:24:33.175] [TRACE] file - Session {
  cookie: {
    path: '/',
    _expires: 2021-01-01T20:24:33.173Z,
    originalMaxAge: 7775999999,
    httpOnly: true
  },
  views: { '/': 185, '/cv': 75, '/giftedADHD': 68 },
  horodate: 2020-10-03T22:24:33.167Z,
  ip: '86.247.252.92',
  geoloc: {
    range: [ 1459091456, 1459093503 ],
    country: 'FR',
    region: 'IDF',
    eu: '1',
    timezone: 'Europe/Paris',
    city: 'Paris',
    ll: [ 48.8543, 2.3527 ],
    metro: 0,
    area: 1
  },
  __lastAccess: 1601756673174
}
[2020-10-03T22:24:34.420] [TRACE] file - Session {
  cookie: {
    path: '/',
    _expires: 2021-01-01T20:24:34.419Z,
    originalMaxAge: 7775999999,
    httpOnly: true
  },
  views: { '/': 185, '/cv': 76, '/giftedADHD': 68 },
  horodate: 2020-10-03T22:24:34.414Z,
  ip: '86.247.252.92',
  geoloc: {
    range: [ 1459091456, 1459093503 ],
    country: 'FR',
    region: 'IDF',
    eu: '1',
    timezone: 'Europe/Paris',
    city: 'Paris',
    ll: [ 48.8543, 2.3527 ],
    metro: 0,
    area: 1
  },
  __lastAccess: 1601756674420
}
[2020-10-03T22:24:35.607] [TRACE] file - Uw8IfHUsRvd3uMbWNqq9TbJc
[2020-10-03T22:24:35.607] [TRACE] file - Session {
  cookie: {
    path: '/',
    _expires: 2021-01-01T20:24:35.605Z,
    originalMaxAge: 7775999999,
    httpOnly: true
  },
  views: { '/': 186, '/cv': 76, '/giftedADHD': 68 },
  horodate: 2020-10-03T22:24:35.600Z,
  ip: '86.247.252.92',
  geoloc: {
    range: [ 1459091456, 1459093503 ],
    country: 'FR',
    region: 'IDF',
    eu: '1',
    timezone: 'Europe/Paris',
    city: 'Paris',
    ll: [ 48.8543, 2.3527 ],
    metro: 0,
    area: 1
  },
  __lastAccess: 1601756675606
}
[2020-10-03T22:32:28.451] [TRACE] file - Hxyl2k85dhoBjDC7VDC42QVU
[2020-10-03T22:32:28.451] [TRACE] file - Session {
  cookie: {
    path: '/',
    _expires: 2021-01-01T20:32:28.450Z,
    originalMaxAge: 7776000000,
    httpOnly: true,
    SameSite: 'Lax'
  },
  views: { '/': 1 },
  horodate: 2020-10-03T22:32:28.448Z,
  ip: '74.120.14.34',
  geoloc: {
    range: [ 1249380352, 1249382399 ],
    country: 'US',
    region: '',
    eu: '0',
    timezone: 'America/Chicago',
    city: '',
    ll: [ 37.751, -97.822 ],
    metro: 0,
    area: 1000
  },
  __lastAccess: 1601757148450
}
[2020-10-03T22:32:28.666] [TRACE] file - mTk8i6YIV6PlbOD4uA-2EImC
[2020-10-03T22:32:28.666] [TRACE] file - Session {
  cookie: {
    path: '/',
    _expires: 2021-01-01T20:32:28.666Z,
    originalMaxAge: 7776000000,
    httpOnly: true,
    SameSite: 'Lax'
  },
  views: { '/': 1 },
  horodate: 2020-10-03T22:32:28.665Z,
  ip: '74.120.14.34',
  geoloc: {
    range: [ 1249380352, 1249382399 ],
    country: 'US',
    region: '',
    eu: '0',
    timezone: 'America/Chicago',
    city: '',
    ll: [ 37.751, -97.822 ],
    metro: 0,
    area: 1000
  },
  __lastAccess: 1601757148666
}
