Wed Oct 06 2021 18:08:32 GMT+0200 (GMT+02:00)[2020-10-06T18:08:38.035] [TRACE] file - uIejZyjRwpwZD_giaQ9Wt_xD
[2020-10-06T18:08:38.036] [TRACE] file - Session {
  cookie: {
    path: '/',
    _expires: 2021-01-04T16:08:38.030Z,
    originalMaxAge: 7775999997,
    httpOnly: true
  },
  views: { '/': 358, '/cv': 245, '/giftedADHD': 150 },
  horodate: 2020-10-06T18:08:38.027Z,
  geoloc: {
    range: [ 1459091456, 1459093503 ],
    country: 'FR',
    region: 'IDF',
    eu: '1',
    timezone: 'Europe/Paris',
    city: 'Paris',
    ll: [ 48.8543, 2.3527 ],
    metro: 0,
    area: 1
  },
  __lastAccess: 1602000518033,
  ip: '86.247.252.92'
}
[2020-10-06T18:09:29.993] [TRACE] file - Uw8IfHUsRvd3uMbWNqq9TbJc
[2020-10-06T18:09:29.994] [TRACE] file - Session {
  cookie: {
    path: '/',
    _expires: 2021-01-04T16:09:29.992Z,
    originalMaxAge: 7775999999,
    httpOnly: true
  },
  views: { '/': 202, '/cv': 80, '/giftedADHD': 71 },
  horodate: 2020-10-06T18:09:29.989Z,
  ip: '86.247.252.92',
  geoloc: {
    range: [ 1459091456, 1459093503 ],
    country: 'FR',
    region: 'IDF',
    eu: '1',
    timezone: 'Europe/Paris',
    city: 'Paris',
    ll: [ 48.8543, 2.3527 ],
    metro: 0,
    area: 1
  },
  __lastAccess: 1602000569993
}
[2020-10-06T18:09:33.175] [TRACE] file - Uw8IfHUsRvd3uMbWNqq9TbJc
[2020-10-06T18:09:33.175] [TRACE] file - Session {
  cookie: {
    path: '/',
    _expires: 2021-01-04T16:09:33.173Z,
    originalMaxAge: 7775999999,
    httpOnly: true
  },
  views: { '/': 203, '/cv': 80, '/giftedADHD': 71 },
  horodate: 2020-10-06T18:09:33.173Z,
  ip: '86.247.252.92',
  geoloc: {
    range: [ 1459091456, 1459093503 ],
    country: 'FR',
    region: 'IDF',
    eu: '1',
    timezone: 'Europe/Paris',
    city: 'Paris',
    ll: [ 48.8543, 2.3527 ],
    metro: 0,
    area: 1
  },
  __lastAccess: 1602000573174
}
[2020-10-06T18:09:34.966] [TRACE] file - Session {
  cookie: {
    path: '/',
    _expires: 2021-01-04T16:09:34.965Z,
    originalMaxAge: 7775999999,
    httpOnly: true
  },
  views: { '/': 203, '/cv': 81, '/giftedADHD': 71 },
  horodate: 2020-10-06T18:09:34.964Z,
  ip: '86.247.252.92',
  geoloc: {
    range: [ 1459091456, 1459093503 ],
    country: 'FR',
    region: 'IDF',
    eu: '1',
    timezone: 'Europe/Paris',
    city: 'Paris',
    ll: [ 48.8543, 2.3527 ],
    metro: 0,
    area: 1
  },
  __lastAccess: 1602000574966
}
[2020-10-06T18:09:35.883] [TRACE] file - Session {
  cookie: {
    path: '/',
    _expires: 2021-01-04T16:09:35.882Z,
    originalMaxAge: 7775999999,
    httpOnly: true
  },
  views: { '/': 203, '/cv': 81, '/giftedADHD': 72 },
  horodate: 2020-10-06T18:09:35.881Z,
  ip: '86.247.252.92',
  geoloc: {
    range: [ 1459091456, 1459093503 ],
    country: 'FR',
    region: 'IDF',
    eu: '1',
    timezone: 'Europe/Paris',
    city: 'Paris',
    ll: [ 48.8543, 2.3527 ],
    metro: 0,
    area: 1
  },
  __lastAccess: 1602000575883
}
[2020-10-06T18:09:38.419] [TRACE] file - Uw8IfHUsRvd3uMbWNqq9TbJc
[2020-10-06T18:09:38.420] [TRACE] file - Session {
  cookie: {
    path: '/',
    _expires: 2021-01-04T16:09:38.418Z,
    originalMaxAge: 7775999999,
    httpOnly: true
  },
  views: { '/': 204, '/cv': 81, '/giftedADHD': 72 },
  horodate: 2020-10-06T18:09:38.415Z,
  ip: '86.247.252.92',
  geoloc: {
    range: [ 1459091456, 1459093503 ],
    country: 'FR',
    region: 'IDF',
    eu: '1',
    timezone: 'Europe/Paris',
    city: 'Paris',
    ll: [ 48.8543, 2.3527 ],
    metro: 0,
    area: 1
  },
  __lastAccess: 1602000578419
}
[2020-10-06T18:09:45.222] [TRACE] file - Session {
  cookie: {
    path: '/',
    _expires: 2021-01-04T16:09:45.219Z,
    originalMaxAge: 7775999997,
    httpOnly: true
  },
  views: { '/': 358, '/cv': 246, '/giftedADHD': 150 },
  horodate: 2020-10-06T18:09:45.219Z,
  geoloc: {
    range: [ 1459091456, 1459093503 ],
    country: 'FR',
    region: 'IDF',
    eu: '1',
    timezone: 'Europe/Paris',
    city: 'Paris',
    ll: [ 48.8543, 2.3527 ],
    metro: 0,
    area: 1
  },
  __lastAccess: 1602000585222,
  ip: '86.247.252.92'
}
[2020-10-06T18:09:46.417] [TRACE] file - uIejZyjRwpwZD_giaQ9Wt_xD
[2020-10-06T18:09:46.417] [TRACE] file - Session {
  cookie: {
    path: '/',
    _expires: 2021-01-04T16:09:46.414Z,
    originalMaxAge: 7775999997,
    httpOnly: true
  },
  views: { '/': 359, '/cv': 246, '/giftedADHD': 150 },
  horodate: 2020-10-06T18:09:46.415Z,
  geoloc: {
    range: [ 1459091456, 1459093503 ],
    country: 'FR',
    region: 'IDF',
    eu: '1',
    timezone: 'Europe/Paris',
    city: 'Paris',
    ll: [ 48.8543, 2.3527 ],
    metro: 0,
    area: 1
  },
  __lastAccess: 1602000586417,
  ip: '86.247.252.92'
}
[2020-10-06T18:09:47.680] [TRACE] file - Session {
  cookie: {
    path: '/',
    _expires: 2021-01-04T16:09:47.677Z,
    originalMaxAge: 7775999997,
    httpOnly: true
  },
  views: { '/': 359, '/cv': 246, '/giftedADHD': 151 },
  horodate: 2020-10-06T18:09:47.677Z,
  geoloc: {
    range: [ 1459091456, 1459093503 ],
    country: 'FR',
    region: 'IDF',
    eu: '1',
    timezone: 'Europe/Paris',
    city: 'Paris',
    ll: [ 48.8543, 2.3527 ],
    metro: 0,
    area: 1
  },
  __lastAccess: 1602000587680,
  ip: '86.247.252.92'
}
[2020-10-06T18:09:48.861] [TRACE] file - Session {
  cookie: {
    path: '/',
    _expires: 2021-01-04T16:09:48.858Z,
    originalMaxAge: 7775999997,
    httpOnly: true
  },
  views: { '/': 359, '/cv': 247, '/giftedADHD': 151 },
  horodate: 2020-10-06T18:09:48.859Z,
  geoloc: {
    range: [ 1459091456, 1459093503 ],
    country: 'FR',
    region: 'IDF',
    eu: '1',
    timezone: 'Europe/Paris',
    city: 'Paris',
    ll: [ 48.8543, 2.3527 ],
    metro: 0,
    area: 1
  },
  __lastAccess: 1602000588861,
  ip: '86.247.252.92'
}
[2020-10-06T18:09:49.876] [TRACE] file - uIejZyjRwpwZD_giaQ9Wt_xD
[2020-10-06T18:09:49.876] [TRACE] file - Session {
  cookie: {
    path: '/',
    _expires: 2021-01-04T16:09:49.873Z,
    originalMaxAge: 7775999997,
    httpOnly: true
  },
  views: { '/': 360, '/cv': 247, '/giftedADHD': 151 },
  horodate: 2020-10-06T18:09:49.874Z,
  geoloc: {
    range: [ 1459091456, 1459093503 ],
    country: 'FR',
    region: 'IDF',
    eu: '1',
    timezone: 'Europe/Paris',
    city: 'Paris',
    ll: [ 48.8543, 2.3527 ],
    metro: 0,
    area: 1
  },
  __lastAccess: 1602000589876,
  ip: '86.247.252.92'
}
[2020-10-06T18:10:41.696] [TRACE] file - Session {
  cookie: {
    path: '/',
    _expires: 2021-01-04T16:10:41.693Z,
    originalMaxAge: 7775999997,
    httpOnly: true
  },
  views: { '/': 360, '/cv': 248, '/giftedADHD': 151 },
  horodate: 2020-10-06T18:10:41.694Z,
  geoloc: {
    range: [ 1459091456, 1459093503 ],
    country: 'FR',
    region: 'IDF',
    eu: '1',
    timezone: 'Europe/Paris',
    city: 'Paris',
    ll: [ 48.8543, 2.3527 ],
    metro: 0,
    area: 1
  },
  __lastAccess: 1602000641696,
  ip: '86.247.252.92'
}
[2020-10-06T18:10:42.591] [TRACE] file - Session {
  cookie: {
    path: '/',
    _expires: 2021-01-04T16:10:42.588Z,
    originalMaxAge: 7775999997,
    httpOnly: true
  },
  views: { '/': 360, '/cv': 248, '/giftedADHD': 152 },
  horodate: 2020-10-06T18:10:42.589Z,
  geoloc: {
    range: [ 1459091456, 1459093503 ],
    country: 'FR',
    region: 'IDF',
    eu: '1',
    timezone: 'Europe/Paris',
    city: 'Paris',
    ll: [ 48.8543, 2.3527 ],
    metro: 0,
    area: 1
  },
  __lastAccess: 1602000642591,
  ip: '86.247.252.92'
}
[2020-10-06T18:10:46.085] [TRACE] file - Session {
  cookie: {
    path: '/',
    _expires: 2021-01-04T16:10:46.081Z,
    originalMaxAge: 7775999997,
    httpOnly: true
  },
  views: { '/': 360, '/cv': 249, '/giftedADHD': 152 },
  horodate: 2020-10-06T18:10:46.083Z,
  geoloc: {
    range: [ 1459091456, 1459093503 ],
    country: 'FR',
    region: 'IDF',
    eu: '1',
    timezone: 'Europe/Paris',
    city: 'Paris',
    ll: [ 48.8543, 2.3527 ],
    metro: 0,
    area: 1
  },
  __lastAccess: 1602000646084,
  ip: '86.247.252.92'
}
[2020-10-06T18:10:49.231] [TRACE] file - uIejZyjRwpwZD_giaQ9Wt_xD
[2020-10-06T18:10:49.231] [TRACE] file - Session {
  cookie: {
    path: '/',
    _expires: 2021-01-04T16:10:49.228Z,
    originalMaxAge: 7775999997,
    httpOnly: true
  },
  views: { '/': 361, '/cv': 249, '/giftedADHD': 152 },
  horodate: 2020-10-06T18:10:49.228Z,
  geoloc: {
    range: [ 1459091456, 1459093503 ],
    country: 'FR',
    region: 'IDF',
    eu: '1',
    timezone: 'Europe/Paris',
    city: 'Paris',
    ll: [ 48.8543, 2.3527 ],
    metro: 0,
    area: 1
  },
  __lastAccess: 1602000649231,
  ip: '86.247.252.92'
}
[2020-10-06T18:11:01.724] [TRACE] file - Session {
  cookie: {
    path: '/',
    _expires: 2021-01-04T16:11:01.722Z,
    originalMaxAge: 7775999999,
    httpOnly: true
  },
  views: { '/': 204, '/cv': 82, '/giftedADHD': 72 },
  horodate: 2020-10-06T18:11:01.720Z,
  ip: '86.247.252.92',
  geoloc: {
    range: [ 1459091456, 1459093503 ],
    country: 'FR',
    region: 'IDF',
    eu: '1',
    timezone: 'Europe/Paris',
    city: 'Paris',
    ll: [ 48.8543, 2.3527 ],
    metro: 0,
    area: 1
  },
  __lastAccess: 1602000661723
}
[2020-10-06T18:31:36.492] [TRACE] file - YZgZsNximQNG7u7-eGiIFkxK
[2020-10-06T18:31:36.492] [TRACE] file - Session {
  cookie: {
    path: '/',
    _expires: 2021-01-04T16:31:36.491Z,
    originalMaxAge: 7776000000,
    httpOnly: true,
    SameSite: 'Lax'
  },
  views: { '/': 1 },
  horodate: 2020-10-06T18:31:36.485Z,
  ip: '54.36.148.32',
  geoloc: {
    range: [ 908366848, 908367871 ],
    country: 'FR',
    region: '',
    eu: '1',
    timezone: 'Europe/Paris',
    city: '',
    ll: [ 48.8582, 2.3387 ],
    metro: 0,
    area: 500
  },
  __lastAccess: 1602001896491
}
[2020-10-06T18:43:15.886] [TRACE] file - uIejZyjRwpwZD_giaQ9Wt_xD
[2020-10-06T18:43:15.886] [TRACE] file - Session {
  cookie: {
    path: '/',
    _expires: 2021-01-04T16:43:15.882Z,
    originalMaxAge: 7775999997,
    httpOnly: true
  },
  views: { '/': 362, '/cv': 249, '/giftedADHD': 152 },
  horodate: 2020-10-06T18:43:15.884Z,
  geoloc: {
    range: [ 1459091456, 1459093503 ],
    country: 'FR',
    region: 'IDF',
    eu: '1',
    timezone: 'Europe/Paris',
    city: 'Paris',
    ll: [ 48.8543, 2.3527 ],
    metro: 0,
    area: 1
  },
  __lastAccess: 1602002595886,
  ip: '86.247.252.92'
}
[2020-10-06T18:43:59.816] [TRACE] file - uIejZyjRwpwZD_giaQ9Wt_xD
[2020-10-06T18:43:59.816] [TRACE] file - Session {
  cookie: {
    path: '/',
    _expires: 2021-01-04T16:43:59.812Z,
    originalMaxAge: 7775999997,
    httpOnly: true
  },
  views: { '/': 363, '/cv': 249, '/giftedADHD': 152 },
  horodate: 2020-10-06T18:43:59.813Z,
  geoloc: {
    range: [ 1459091456, 1459093503 ],
    country: 'FR',
    region: 'IDF',
    eu: '1',
    timezone: 'Europe/Paris',
    city: 'Paris',
    ll: [ 48.8543, 2.3527 ],
    metro: 0,
    area: 1
  },
  __lastAccess: 1602002639815,
  ip: '86.247.252.92'
}
[2020-10-06T18:44:35.441] [TRACE] file - rIzmvLXBxXkdiPRwGi_Pf60i
[2020-10-06T18:44:35.441] [TRACE] file - Session {
  cookie: {
    path: '/',
    _expires: 2021-01-04T16:44:35.441Z,
    originalMaxAge: 7776000000,
    httpOnly: true,
    SameSite: 'Lax'
  },
  views: { '/': 1 },
  horodate: 2020-10-06T18:44:35.438Z,
  ip: '52.143.249.184',
  geoloc: {
    range: [ 881844224, 881852415 ],
    country: 'US',
    region: 'IA',
    eu: '0',
    timezone: 'America/Chicago',
    city: 'Des Moines',
    ll: [ 41.6006, -93.6112 ],
    metro: 679,
    area: 1000
  },
  __lastAccess: 1602002675441
}
[2020-10-06T18:48:25.236] [TRACE] file - la03CJgzOJsucXSwca9VM7WR
[2020-10-06T18:48:25.236] [TRACE] file - Session {
  cookie: {
    path: '/',
    _expires: 2021-01-04T16:48:25.235Z,
    originalMaxAge: 7776000000,
    httpOnly: true,
    SameSite: 'Lax'
  },
  views: { '/': 1 },
  horodate: 2020-10-06T18:48:25.229Z,
  ip: '162.142.125.34',
  geoloc: {
    range: [ 2727231488, 2727247871 ],
    country: 'US',
    region: '',
    eu: '0',
    timezone: 'America/Chicago',
    city: '',
    ll: [ 37.751, -97.822 ],
    metro: 0,
    area: 1000
  },
  __lastAccess: 1602002905235
}
[2020-10-06T18:48:25.445] [TRACE] file - em7xJLmER0-c1GGX5H1X-v1Y
[2020-10-06T18:48:25.445] [TRACE] file - Session {
  cookie: {
    path: '/',
    _expires: 2021-01-04T16:48:25.445Z,
    originalMaxAge: 7776000000,
    httpOnly: true,
    SameSite: 'Lax'
  },
  views: { '/': 1 },
  horodate: 2020-10-06T18:48:25.444Z,
  ip: '162.142.125.34',
  geoloc: {
    range: [ 2727231488, 2727247871 ],
    country: 'US',
    region: '',
    eu: '0',
    timezone: 'America/Chicago',
    city: '',
    ll: [ 37.751, -97.822 ],
    metro: 0,
    area: 1000
  },
  __lastAccess: 1602002905445
}
[2020-10-06T19:44:20.295] [TRACE] file - 6a7PJ_i6hfIzGATOeX58ASEd
[2020-10-06T19:44:20.295] [TRACE] file - Session {
  cookie: {
    path: '/',
    _expires: 2021-01-04T17:44:20.295Z,
    originalMaxAge: 7776000000,
    httpOnly: true,
    SameSite: 'Lax'
  },
  views: { '/': 1 },
  horodate: 2020-10-06T19:44:20.290Z,
  ip: '213.32.122.81',
  geoloc: {
    range: [ 3575675456, 3575675519 ],
    country: 'FR',
    region: '',
    eu: '1',
    timezone: 'Europe/Paris',
    city: '',
    ll: [ 48.8582, 2.3387 ],
    metro: 0,
    area: 500
  },
  __lastAccess: 1602006260295
}
[2020-10-06T19:45:09.211] [TRACE] file - -Utm8zxZ1mhyephv2otLk12h
[2020-10-06T19:45:09.211] [TRACE] file - Session {
  cookie: {
    path: '/',
    _expires: 2021-01-04T17:45:09.211Z,
    originalMaxAge: 7776000000,
    httpOnly: true,
    SameSite: 'Lax'
  },
  views: { '/': 1 },
  horodate: 2020-10-06T19:45:09.209Z,
  ip: '176.113.115.214',
  geoloc: {
    range: [ 2960224768, 2960225279 ],
    country: 'RU',
    region: 'MOW',
    eu: '0',
    timezone: 'Europe/Moscow',
    city: 'Moscow',
    ll: [ 55.7527, 37.6172 ],
    metro: 0,
    area: 200
  },
  __lastAccess: 1602006309211
}
[2020-10-06T20:08:14.803] [TRACE] file - f0ioAdR6pZRmob-41g_e-7MR
[2020-10-06T20:08:14.803] [TRACE] file - Session {
  cookie: {
    path: '/',
    _expires: 2021-01-04T18:08:14.803Z,
    originalMaxAge: 7776000000,
    httpOnly: true,
    SameSite: 'Lax'
  },
  views: { '/': 1 },
  horodate: 2020-10-06T20:08:14.801Z,
  ip: '176.113.115.214',
  geoloc: {
    range: [ 2960224768, 2960225279 ],
    country: 'RU',
    region: 'MOW',
    eu: '0',
    timezone: 'Europe/Moscow',
    city: 'Moscow',
    ll: [ 55.7527, 37.6172 ],
    metro: 0,
    area: 200
  },
  __lastAccess: 1602007694803
}
[2020-10-06T21:56:54.841] [TRACE] file - u40A-iOJpRoDGdXDcyRANwpk
[2020-10-06T21:56:54.841] [TRACE] file - Session {
  cookie: {
    path: '/',
    _expires: 2021-01-04T19:56:54.840Z,
    originalMaxAge: 7776000000,
    httpOnly: true,
    SameSite: 'Lax'
  },
  views: { '/': 1 },
  horodate: 2020-10-06T21:56:54.834Z,
  ip: '86.247.252.92',
  geoloc: {
    range: [ 1459091456, 1459093503 ],
    country: 'FR',
    region: 'IDF',
    eu: '1',
    timezone: 'Europe/Paris',
    city: 'Paris',
    ll: [ 48.8543, 2.3527 ],
    metro: 0,
    area: 1
  },
  __lastAccess: 1602014214840
}
[2020-10-06T21:57:45.945] [TRACE] file - Session {
  cookie: {
    path: '/',
    _expires: 2021-01-04T19:57:45.943Z,
    originalMaxAge: 7776000000,
    httpOnly: true
  },
  views: { '/': 1, '/cv': 1 },
  horodate: 2020-10-06T21:57:45.935Z,
  ip: '86.247.252.92',
  geoloc: {
    range: [ 1459091456, 1459093503 ],
    country: 'FR',
    region: 'IDF',
    eu: '1',
    timezone: 'Europe/Paris',
    city: 'Paris',
    ll: [ 48.8543, 2.3527 ],
    metro: 0,
    area: 1
  },
  __lastAccess: 1602014265944
}
[2020-10-06T21:57:51.981] [TRACE] file - Session {
  cookie: {
    path: '/',
    _expires: 2021-01-04T19:57:51.980Z,
    originalMaxAge: 7776000000,
    httpOnly: true
  },
  views: { '/': 1, '/cv': 1, '/giftedADHD': 1 },
  horodate: 2020-10-06T21:57:51.978Z,
  ip: '86.247.252.92',
  geoloc: {
    range: [ 1459091456, 1459093503 ],
    country: 'FR',
    region: 'IDF',
    eu: '1',
    timezone: 'Europe/Paris',
    city: 'Paris',
    ll: [ 48.8543, 2.3527 ],
    metro: 0,
    area: 1
  },
  __lastAccess: 1602014271980
}
[2020-10-06T21:57:53.913] [TRACE] file - u40A-iOJpRoDGdXDcyRANwpk
[2020-10-06T21:57:53.913] [TRACE] file - Session {
  cookie: {
    path: '/',
    _expires: 2021-01-04T19:57:53.913Z,
    originalMaxAge: 7776000000,
    httpOnly: true
  },
  views: { '/': 2, '/cv': 1, '/giftedADHD': 1 },
  horodate: 2020-10-06T21:57:53.904Z,
  ip: '86.247.252.92',
  geoloc: {
    range: [ 1459091456, 1459093503 ],
    country: 'FR',
    region: 'IDF',
    eu: '1',
    timezone: 'Europe/Paris',
    city: 'Paris',
    ll: [ 48.8543, 2.3527 ],
    metro: 0,
    area: 1
  },
  __lastAccess: 1602014273913
}
[2020-10-06T21:57:55.471] [TRACE] file - J61K5vw8wXeuoLAS5KNMW2px
[2020-10-06T21:57:55.471] [TRACE] file - Session {
  cookie: {
    path: '/',
    _expires: 2021-01-04T19:57:55.471Z,
    originalMaxAge: 7776000000,
    httpOnly: true,
    SameSite: 'Lax'
  },
  views: { '/': 1 },
  horodate: 2020-10-06T21:57:55.469Z,
  ip: '88.240.161.163',
  geoloc: {
    range: [ 1492164608, 1492166655 ],
    country: 'TR',
    region: '45',
    eu: '0',
    timezone: 'Europe/Istanbul',
    city: 'Magnesia ad Sipylum',
    ll: [ 38.5267, 27.785 ],
    metro: 0,
    area: 100
  },
  __lastAccess: 1602014275471
}
[2020-10-06T23:02:50.047] [TRACE] file - 4tFP7XgVdjIYSpuTdf0hR9Cl
[2020-10-06T23:02:50.047] [TRACE] file - Session {
  cookie: {
    path: '/',
    _expires: 2021-01-04T21:02:50.046Z,
    originalMaxAge: 7776000000,
    httpOnly: true,
    SameSite: 'Lax'
  },
  views: { '/': 1 },
  horodate: 2020-10-06T23:02:50.044Z,
  ip: '86.247.252.92',
  geoloc: {
    range: [ 1459091456, 1459093503 ],
    country: 'FR',
    region: 'IDF',
    eu: '1',
    timezone: 'Europe/Paris',
    city: 'Paris',
    ll: [ 48.8543, 2.3527 ],
    metro: 0,
    area: 1
  },
  __lastAccess: 1602018170046
}
[2020-10-06T23:03:12.882] [TRACE] file - 4tFP7XgVdjIYSpuTdf0hR9Cl
[2020-10-06T23:03:12.882] [TRACE] file - Session {
  cookie: {
    path: '/',
    _expires: 2021-01-04T21:03:12.881Z,
    originalMaxAge: 7776000000,
    httpOnly: true
  },
  views: { '/': 2 },
  horodate: 2020-10-06T23:03:12.880Z,
  ip: '86.247.252.92',
  geoloc: {
    range: [ 1459091456, 1459093503 ],
    country: 'FR',
    region: 'IDF',
    eu: '1',
    timezone: 'Europe/Paris',
    city: 'Paris',
    ll: [ 48.8543, 2.3527 ],
    metro: 0,
    area: 1
  },
  __lastAccess: 1602018192881
}
[2020-10-06T23:03:31.020] [TRACE] file - 4tFP7XgVdjIYSpuTdf0hR9Cl
[2020-10-06T23:03:31.021] [TRACE] file - Session {
  cookie: {
    path: '/',
    _expires: 2021-01-04T21:03:31.019Z,
    originalMaxAge: 7776000000,
    httpOnly: true
  },
  views: { '/': 3 },
  horodate: 2020-10-06T23:03:31.017Z,
  ip: '86.247.252.92',
  geoloc: {
    range: [ 1459091456, 1459093503 ],
    country: 'FR',
    region: 'IDF',
    eu: '1',
    timezone: 'Europe/Paris',
    city: 'Paris',
    ll: [ 48.8543, 2.3527 ],
    metro: 0,
    area: 1
  },
  __lastAccess: 1602018211019
}
[2020-10-06T23:05:06.287] [TRACE] file - Session {
  cookie: {
    path: '/',
    _expires: 2021-01-04T21:05:06.287Z,
    originalMaxAge: 7776000000,
    httpOnly: true
  },
  views: { '/': 3, '/cv': 1 },
  horodate: 2020-10-06T23:05:06.284Z,
  ip: '86.247.252.92',
  geoloc: {
    range: [ 1459091456, 1459093503 ],
    country: 'FR',
    region: 'IDF',
    eu: '1',
    timezone: 'Europe/Paris',
    city: 'Paris',
    ll: [ 48.8543, 2.3527 ],
    metro: 0,
    area: 1
  },
  __lastAccess: 1602018306287
}
[2020-10-06T23:05:07.788] [TRACE] file - 4tFP7XgVdjIYSpuTdf0hR9Cl
[2020-10-06T23:05:07.788] [TRACE] file - Session {
  cookie: {
    path: '/',
    _expires: 2021-01-04T21:05:07.787Z,
    originalMaxAge: 7776000000,
    httpOnly: true
  },
  views: { '/': 4, '/cv': 1 },
  horodate: 2020-10-06T23:05:07.781Z,
  ip: '86.247.252.92',
  geoloc: {
    range: [ 1459091456, 1459093503 ],
    country: 'FR',
    region: 'IDF',
    eu: '1',
    timezone: 'Europe/Paris',
    city: 'Paris',
    ll: [ 48.8543, 2.3527 ],
    metro: 0,
    area: 1
  },
  __lastAccess: 1602018307787
}
[2020-10-07T00:21:59.760] [TRACE] file - Uw8IfHUsRvd3uMbWNqq9TbJc
[2020-10-07T00:21:59.760] [TRACE] file - Session {
  cookie: {
    path: '/',
    _expires: 2021-01-04T22:21:59.758Z,
    originalMaxAge: 7775999999,
    httpOnly: true
  },
  views: { '/': 205, '/cv': 82, '/giftedADHD': 72 },
  horodate: 2020-10-06T00:21:59.758Z,
  ip: '86.247.252.92',
  geoloc: {
    range: [ 1459091456, 1459093503 ],
    country: 'FR',
    region: 'IDF',
    eu: '1',
    timezone: 'Europe/Paris',
    city: 'Paris',
    ll: [ 48.8543, 2.3527 ],
    metro: 0,
    area: 1
  },
  __lastAccess: 1602022919760
}
[2020-10-07T00:22:04.264] [TRACE] file - Session {
  cookie: {
    path: '/',
    _expires: 2021-01-04T22:22:04.262Z,
    originalMaxAge: 7775999999,
    httpOnly: true
  },
  views: { '/': 205, '/cv': 83, '/giftedADHD': 72 },
  horodate: 2020-10-06T00:22:04.261Z,
  ip: '86.247.252.92',
  geoloc: {
    range: [ 1459091456, 1459093503 ],
    country: 'FR',
    region: 'IDF',
    eu: '1',
    timezone: 'Europe/Paris',
    city: 'Paris',
    ll: [ 48.8543, 2.3527 ],
    metro: 0,
    area: 1
  },
  __lastAccess: 1602022924264
}
[2020-10-07T00:22:06.539] [TRACE] file - Session {
  cookie: {
    path: '/',
    _expires: 2021-01-04T22:22:06.538Z,
    originalMaxAge: 7775999999,
    httpOnly: true
  },
  views: { '/': 205, '/cv': 83, '/giftedADHD': 73 },
  horodate: 2020-10-06T00:22:06.531Z,
  ip: '86.247.252.92',
  geoloc: {
    range: [ 1459091456, 1459093503 ],
    country: 'FR',
    region: 'IDF',
    eu: '1',
    timezone: 'Europe/Paris',
    city: 'Paris',
    ll: [ 48.8543, 2.3527 ],
    metro: 0,
    area: 1
  },
  __lastAccess: 1602022926539
}
[2020-10-07T00:22:08.083] [TRACE] file - Uw8IfHUsRvd3uMbWNqq9TbJc
[2020-10-07T00:22:08.084] [TRACE] file - Session {
  cookie: {
    path: '/',
    _expires: 2021-01-04T22:22:08.082Z,
    originalMaxAge: 7775999999,
    httpOnly: true
  },
  views: { '/': 206, '/cv': 83, '/giftedADHD': 73 },
  horodate: 2020-10-06T00:22:08.076Z,
  ip: '86.247.252.92',
  geoloc: {
    range: [ 1459091456, 1459093503 ],
    country: 'FR',
    region: 'IDF',
    eu: '1',
    timezone: 'Europe/Paris',
    city: 'Paris',
    ll: [ 48.8543, 2.3527 ],
    metro: 0,
    area: 1
  },
  __lastAccess: 1602022928083
}
[2020-10-07T01:05:58.221] [TRACE] file - f7-jxhTb0d1ldtmydvWU69Zq
[2020-10-07T01:05:58.221] [TRACE] file - Session {
  cookie: {
    path: '/',
    _expires: 2021-01-04T23:05:58.221Z,
    originalMaxAge: 7776000000,
    httpOnly: true,
    SameSite: 'Lax'
  },
  views: { '/': 1 },
  horodate: 2020-10-06T01:05:58.220Z,
  ip: '189.26.255.175',
  geoloc: {
    range: [ 3172661248, 3172663295 ],
    country: 'BR',
    region: 'BA',
    eu: '0',
    timezone: 'America/Bahia',
    city: 'Salvador',
    ll: [ -12.8665, -38.4858 ],
    metro: 0,
    area: 50
  },
  __lastAccess: 1602025558221
}
[2020-10-07T01:15:10.581] [TRACE] file - 1XK6xEDbqsDbquSzh1WlBS1B
[2020-10-07T01:15:10.581] [TRACE] file - Session {
  cookie: {
    path: '/',
    _expires: 2021-01-04T23:15:10.580Z,
    originalMaxAge: 7776000000,
    httpOnly: true,
    SameSite: 'Lax'
  },
  views: { '/': 1 },
  horodate: 2020-10-06T01:15:10.579Z,
  ip: '82.113.63.230',
  geoloc: {
    range: [ 1383153632, 1383153663 ],
    country: 'CZ',
    region: '71',
    eu: '1',
    timezone: 'Europe/Prague',
    city: 'Libos',
    ll: [ 49.6833, 17.2167 ],
    metro: 0,
    area: 10
  },
  __lastAccess: 1602026110581
}
[2020-10-07T01:23:47.543] [TRACE] file - 9oJMtjQuxj6ogz_vFATqCnEB
[2020-10-07T01:23:47.543] [TRACE] file - Session {
  cookie: {
    path: '/',
    _expires: 2021-01-04T23:23:47.541Z,
    originalMaxAge: 7776000000,
    httpOnly: true,
    SameSite: 'Lax'
  },
  views: { '/': 1 },
  horodate: 2020-10-06T01:23:47.537Z,
  ip: '207.154.217.192',
  geoloc: {
    range: [ 3483025408, 3483041791 ],
    country: 'DE',
    region: 'HE',
    eu: '1',
    timezone: 'Europe/Berlin',
    city: 'Frankfurt am Main',
    ll: [ 50.1188, 8.6843 ],
    metro: 0,
    area: 1000
  },
  __lastAccess: 1602026627542
}
[2020-10-07T01:41:43.659] [TRACE] file - ECznRl8NkAIfO9SqHzbyDJzj
[2020-10-07T01:41:43.659] [TRACE] file - Session {
  cookie: {
    path: '/',
    _expires: 2021-01-04T23:41:43.659Z,
    originalMaxAge: 7776000000,
    httpOnly: true,
    SameSite: 'Lax'
  },
  views: { '/': 1 },
  horodate: 2020-10-06T01:41:43.658Z,
  ip: '131.72.153.231',
  geoloc: {
    range: [ 2202572800, 2202573311 ],
    country: 'BR',
    region: 'RO',
    eu: '0',
    timezone: 'America/Porto_Velho',
    city: 'Ouro Preto do Oeste',
    ll: [ -10.6667, -62.3 ],
    metro: 0,
    area: 50
  },
  __lastAccess: 1602027703659
}
[2020-10-07T02:40:33.092] [TRACE] file - eC5Kw1oACqwWJ33Z27BnBY_u
[2020-10-07T02:40:33.092] [TRACE] file - Session {
  cookie: {
    path: '/',
    _expires: 2021-01-05T00:40:33.092Z,
    originalMaxAge: 7776000000,
    httpOnly: true,
    SameSite: 'Lax'
  },
  views: { '/': 1 },
  horodate: 2020-10-07T02:40:33.091Z,
  ip: '152.231.116.162',
  geoloc: {
    range: [ 2565305344, 2565305855 ],
    country: 'CL',
    region: 'TA',
    eu: '0',
    timezone: 'America/Santiago',
    city: 'Iquique',
    ll: [ -20.2208, -70.1431 ],
    metro: 0,
    area: 1
  },
  __lastAccess: 1602031233092
}
[2020-10-07T02:48:25.545] [TRACE] file - Ew0TS-CFjgK1FYrzms8HhaVb
[2020-10-07T02:48:25.545] [TRACE] file - Session {
  cookie: {
    path: '/',
    _expires: 2021-01-05T00:48:25.544Z,
    originalMaxAge: 7776000000,
    httpOnly: true,
    SameSite: 'Lax'
  },
  views: { '/': 1 },
  horodate: 2020-10-07T02:48:25.539Z,
  ip: '104.152.52.25',
  geoloc: {
    range: [ 1754804224, 1754806271 ],
    country: 'US',
    region: '',
    eu: '0',
    timezone: 'America/Chicago',
    city: '',
    ll: [ 37.751, -97.822 ],
    metro: 0,
    area: 1000
  },
  __lastAccess: 1602031705544
}
[2020-10-07T03:20:09.459] [TRACE] file - uyJbX3u5tIeIy9uUHPWycv_Y
[2020-10-07T03:20:09.459] [TRACE] file - Session {
  cookie: {
    path: '/',
    _expires: 2021-01-05T01:20:09.458Z,
    originalMaxAge: 7776000000,
    httpOnly: true,
    SameSite: 'Lax'
  },
  views: { '/': 1 },
  horodate: 2020-10-07T03:20:09.457Z,
  ip: '103.124.12.17',
  geoloc: {
    range: [ 1736182784, 1736183807 ],
    country: 'IN',
    region: '',
    eu: '0',
    timezone: 'Asia/Kolkata',
    city: '',
    ll: [ 20, 77 ],
    metro: 0,
    area: 1000
  },
  __lastAccess: 1602033609458
}
[2020-10-07T04:27:59.123] [TRACE] file - Uw8IfHUsRvd3uMbWNqq9TbJc
[2020-10-07T04:27:59.123] [TRACE] file - Session {
  cookie: {
    path: '/',
    _expires: 2021-01-05T02:27:59.122Z,
    originalMaxAge: 7775999999,
    httpOnly: true
  },
  views: { '/': 207, '/cv': 83, '/giftedADHD': 73 },
  horodate: 2020-10-07T04:27:59.121Z,
  ip: '86.247.252.92',
  geoloc: {
    range: [ 1459091456, 1459093503 ],
    country: 'FR',
    region: 'IDF',
    eu: '1',
    timezone: 'Europe/Paris',
    city: 'Paris',
    ll: [ 48.8543, 2.3527 ],
    metro: 0,
    area: 1
  },
  __lastAccess: 1602037679123
}
[2020-10-07T04:53:32.659] [TRACE] file - NkrZ7ltgGi9s8B0STypAC7dP
[2020-10-07T04:53:32.659] [TRACE] file - Session {
  cookie: {
    path: '/',
    _expires: 2021-01-05T02:53:32.658Z,
    originalMaxAge: 7776000000,
    httpOnly: true,
    SameSite: 'Lax'
  },
  views: { '/': 1 },
  horodate: 2020-10-07T04:53:32.657Z,
  ip: '176.113.115.214',
  geoloc: {
    range: [ 2960224768, 2960225279 ],
    country: 'RU',
    region: 'MOW',
    eu: '0',
    timezone: 'Europe/Moscow',
    city: 'Moscow',
    ll: [ 55.7527, 37.6172 ],
    metro: 0,
    area: 200
  },
  __lastAccess: 1602039212659
}
[2020-10-07T04:58:16.105] [TRACE] file - JiHjNcG4o6d_mUh7lfdz2vtP
[2020-10-07T04:58:16.105] [TRACE] file - Session {
  cookie: {
    path: '/',
    _expires: 2021-01-05T02:58:16.105Z,
    originalMaxAge: 7776000000,
    httpOnly: true,
    SameSite: 'Lax'
  },
  views: { '/': 1 },
  horodate: 2020-10-07T04:58:16.103Z,
  ip: '176.113.115.214',
  geoloc: {
    range: [ 2960224768, 2960225279 ],
    country: 'RU',
    region: 'MOW',
    eu: '0',
    timezone: 'Europe/Moscow',
    city: 'Moscow',
    ll: [ 55.7527, 37.6172 ],
    metro: 0,
    area: 200
  },
  __lastAccess: 1602039496105
}
[2020-10-07T06:42:31.391] [TRACE] file - GXsTKTRfnCvr8p2ycA1UNwyN
[2020-10-07T06:42:31.391] [TRACE] file - Session {
  cookie: {
    path: '/',
    _expires: 2021-01-05T04:42:31.390Z,
    originalMaxAge: 7776000000,
    httpOnly: true,
    SameSite: 'Lax'
  },
  views: { '/': 1 },
  horodate: 2020-10-07T06:42:31.385Z,
  ip: '139.162.119.197',
  geoloc: {
    range: [ 2342674432, 2342682623 ],
    country: 'JP',
    region: '13',
    eu: '0',
    timezone: 'Asia/Tokyo',
    city: 'Tokyo',
    ll: [ 35.6882, 139.7532 ],
    metro: 0,
    area: 100
  },
  __lastAccess: 1602045751391
}
