Sun Oct 10 2021 22:56:24 GMT+0200 (GMT+02:00)[2020-10-10T23:47:39.801] [TRACE] file - 8KVfUPyX7U905t6RZPXkbtfO
[2020-10-10T23:47:39.802] [TRACE] file - Session {
  cookie: {
    path: '/',
    _expires: 2021-01-08T21:47:39.794Z,
    originalMaxAge: 7776000000,
    httpOnly: true,
    SameSite: 'Lax'
  },
  views: { '/': 1 },
  horodate: 2020-10-10T23:47:39.785Z,
  ip: '162.142.125.49',
  geoloc: {
    range: [ 2727231488, 2727247871 ],
    country: 'US',
    region: '',
    eu: '0',
    timezone: 'America/Chicago',
    city: '',
    ll: [ 37.751, -97.822 ],
    metro: 0,
    area: 1000
  },
  __lastAccess: 1602366459794
}
[2020-10-10T23:47:40.019] [TRACE] file - fYpCZn83qecjnyjB8hapqYTh
[2020-10-10T23:47:40.019] [TRACE] file - Session {
  cookie: {
    path: '/',
    _expires: 2021-01-08T21:47:40.017Z,
    originalMaxAge: 7776000000,
    httpOnly: true,
    SameSite: 'Lax'
  },
  views: { '/': 1 },
  horodate: 2020-10-10T23:47:40.014Z,
  ip: '162.142.125.49',
  geoloc: {
    range: [ 2727231488, 2727247871 ],
    country: 'US',
    region: '',
    eu: '0',
    timezone: 'America/Chicago',
    city: '',
    ll: [ 37.751, -97.822 ],
    metro: 0,
    area: 1000
  },
  __lastAccess: 1602366460018
}
[2020-10-11T00:24:50.884] [TRACE] file - TqGYIHByyTgQlKiWRMlYNClT
[2020-10-11T00:24:50.884] [TRACE] file - Session {
  cookie: {
    path: '/',
    _expires: 2021-01-08T22:24:50.884Z,
    originalMaxAge: 7776000000,
    httpOnly: true,
    SameSite: 'Lax'
  },
  views: { '/': 1 },
  horodate: 2020-10-10T00:24:50.882Z,
  ip: '196.52.43.60',
  geoloc: {
    range: [ 3291753216, 3291753471 ],
    country: 'US',
    region: 'NJ',
    eu: '0',
    timezone: 'America/New_York',
    city: 'Edison',
    ll: [ 40.4981, -74.3194 ],
    metro: 501,
    area: 500
  },
  __lastAccess: 1602368690884
}
[2020-10-11T00:43:01.809] [TRACE] file - Fn3TZBlSskbptQmNKJn2gih7
[2020-10-11T00:43:01.809] [TRACE] file - Session {
  cookie: {
    path: '/',
    _expires: 2021-01-08T22:43:01.809Z,
    originalMaxAge: 7776000000,
    httpOnly: true,
    SameSite: 'Lax'
  },
  views: { '/': 1 },
  horodate: 2020-10-10T00:43:01.806Z,
  ip: '46.1.117.113',
  geoloc: {
    range: [ 771847168, 771848191 ],
    country: 'TR',
    region: '34',
    eu: '0',
    timezone: 'Europe/Istanbul',
    city: 'Istanbul',
    ll: [ 41.0301, 28.9651 ],
    metro: 0,
    area: 5
  },
  __lastAccess: 1602369781809
}
[2020-10-11T00:59:45.361] [TRACE] file - Uw8IfHUsRvd3uMbWNqq9TbJc
[2020-10-11T00:59:45.361] [TRACE] file - Session {
  cookie: {
    path: '/',
    _expires: 2021-01-08T22:59:45.359Z,
    originalMaxAge: 7775999999,
    httpOnly: true
  },
  views: { '/': 226, '/cv': 87, '/giftedADHD': 75 },
  horodate: 2020-10-10T00:59:45.356Z,
  ip: '86.247.252.92',
  geoloc: {
    range: [ 1459091456, 1459093503 ],
    country: 'FR',
    region: 'IDF',
    eu: '1',
    timezone: 'Europe/Paris',
    city: 'Paris',
    ll: [ 48.8543, 2.3527 ],
    metro: 0,
    area: 1
  },
  __lastAccess: 1602370785360
}
[2020-10-11T02:58:22.253] [TRACE] file - lbBVibEplvPBcrjbVuSJTKQZ
[2020-10-11T02:58:22.253] [TRACE] file - Session {
  cookie: {
    path: '/',
    _expires: 2021-01-09T00:58:22.253Z,
    originalMaxAge: 7776000000,
    httpOnly: true,
    SameSite: 'Lax'
  },
  views: { '/': 1 },
  horodate: 2020-10-11T02:58:22.250Z,
  ip: '14.207.2.254',
  geoloc: {
    range: [ 248446976, 248447999 ],
    country: 'TH',
    region: '10',
    eu: '0',
    timezone: 'Asia/Bangkok',
    city: 'Bangkok',
    ll: [ 13.7086, 100.4553 ],
    metro: 0,
    area: 5
  },
  __lastAccess: 1602377902253
}
[2020-10-11T03:58:32.757] [TRACE] file - FXEhd3BlS0I0qUQQHkvCs_ok
[2020-10-11T03:58:32.757] [TRACE] file - Session {
  cookie: {
    path: '/',
    _expires: 2021-01-09T01:58:32.756Z,
    originalMaxAge: 7776000000,
    httpOnly: true,
    SameSite: 'Lax'
  },
  views: { '/': 1 },
  horodate: 2020-10-11T03:58:32.753Z,
  ip: '181.42.14.41',
  geoloc: {
    range: [ 3039431680, 3039432703 ],
    country: 'CL',
    region: '',
    eu: '0',
    timezone: 'America/Santiago',
    city: '',
    ll: [ -33.4378, -70.6503 ],
    metro: 0,
    area: 50
  },
  __lastAccess: 1602381512756
}
[2020-10-11T04:35:16.792] [TRACE] file - Nm6uQBcNgifwApYYWQEnu98b
[2020-10-11T04:35:16.792] [TRACE] file - Session {
  cookie: {
    path: '/',
    _expires: 2021-01-09T02:35:16.792Z,
    originalMaxAge: 7776000000,
    httpOnly: true,
    SameSite: 'Lax'
  },
  views: { '/': 1 },
  horodate: 2020-10-11T04:35:16.788Z,
  ip: '83.97.20.30',
  geoloc: {
    range: [ 1398871040, 1398871295 ],
    country: 'RO',
    region: 'B',
    eu: '1',
    timezone: 'Europe/Bucharest',
    city: 'Bucharest',
    ll: [ 44.418, 26.1691 ],
    metro: 0,
    area: 200
  },
  __lastAccess: 1602383716792
}
[2020-10-11T04:39:58.916] [TRACE] file - TB_LljtzN1Rp4_Vtr5ughxYH
[2020-10-11T04:39:58.916] [TRACE] file - Session {
  cookie: {
    path: '/',
    _expires: 2021-01-09T02:39:58.915Z,
    originalMaxAge: 7776000000,
    httpOnly: true,
    SameSite: 'Lax'
  },
  views: { '/': 1 },
  horodate: 2020-10-11T04:39:58.913Z,
  ip: '50.116.7.112',
  geoloc: {
    range: [ 846462976, 846465023 ],
    country: 'US',
    region: 'CA',
    eu: '0',
    timezone: 'America/Los_Angeles',
    city: 'Fremont',
    ll: [ 37.5625, -122.0004 ],
    metro: 807,
    area: 10
  },
  __lastAccess: 1602383998916
}
[2020-10-11T04:40:26.676] [TRACE] file - _QDDVf1-c-Ijmj4jLzMdP7d-
[2020-10-11T04:40:26.676] [TRACE] file - Session {
  cookie: {
    path: '/',
    _expires: 2021-01-09T02:40:26.676Z,
    originalMaxAge: 7776000000,
    httpOnly: true,
    SameSite: 'Lax'
  },
  views: { '/': 1 },
  horodate: 2020-10-11T04:40:26.674Z,
  ip: '167.99.190.114',
  geoloc: {
    range: [ 2808328192, 2808332287 ],
    country: 'CA',
    region: 'ON',
    eu: '0',
    timezone: 'America/Toronto',
    city: 'Toronto',
    ll: [ 43.6547, -79.3623 ],
    metro: 0,
    area: 1000
  },
  __lastAccess: 1602384026676
}
[2020-10-11T05:07:34.453] [TRACE] file - 0A2pwPNj2mnPkY56GmPALF_v
[2020-10-11T05:07:34.453] [TRACE] file - Session {
  cookie: {
    path: '/',
    _expires: 2021-01-09T03:07:34.452Z,
    originalMaxAge: 7776000000,
    httpOnly: true,
    SameSite: 'Lax'
  },
  views: { '/': 1 },
  horodate: 2020-10-11T05:07:34.445Z,
  ip: '78.46.85.236',
  geoloc: {
    range: [ 1311653888, 1311662079 ],
    country: 'DE',
    region: '',
    eu: '1',
    timezone: 'Europe/Berlin',
    city: '',
    ll: [ 51.2993, 9.491 ],
    metro: 0,
    area: 200
  },
  __lastAccess: 1602385654452
}
[2020-10-11T06:32:57.484] [TRACE] file - GpSFx0r3jvgdCXi57S8nMlFP
[2020-10-11T06:32:57.484] [TRACE] file - Session {
  cookie: {
    path: '/',
    _expires: 2021-01-09T04:32:57.484Z,
    originalMaxAge: 7776000000,
    httpOnly: true,
    SameSite: 'Lax'
  },
  views: { '/': 1 },
  horodate: 2020-10-11T06:32:57.481Z,
  ip: '81.30.215.93',
  geoloc: {
    range: [ 1360974848, 1360975871 ],
    country: 'RU',
    region: '',
    eu: '0',
    timezone: 'Europe/Moscow',
    city: '',
    ll: [ 55.7386, 37.6068 ],
    metro: 0,
    area: 1000
  },
  __lastAccess: 1602390777484
}
