Mon Oct 04 2021 19:14:25 GMT+0200 (GMT+02:00)[2020-10-04T19:14:28.765] [TRACE] file - Session {
  cookie: {
    path: '/',
    _expires: 2021-01-02T17:14:28.762Z,
    originalMaxAge: 7775999999,
    httpOnly: true
  },
  views: { '/': 333, '/cv': 237, '/giftedADHD': 145 },
  horodate: 2020-10-04T19:14:28.759Z,
  geoloc: {
    range: [ 1459091456, 1459093503 ],
    country: 'FR',
    region: 'IDF',
    eu: '1',
    timezone: 'Europe/Paris',
    city: 'Paris',
    ll: [ 48.8543, 2.3527 ],
    metro: 0,
    area: 1
  },
  __lastAccess: 1601831668764,
  ip: '86.247.252.92'
}
[2020-10-04T19:14:29.791] [TRACE] file - uIejZyjRwpwZD_giaQ9Wt_xD
[2020-10-04T19:14:29.791] [TRACE] file - Session {
  cookie: {
    path: '/',
    _expires: 2021-01-02T17:14:29.790Z,
    originalMaxAge: 7775999999,
    httpOnly: true
  },
  views: { '/': 334, '/cv': 237, '/giftedADHD': 145 },
  horodate: 2020-10-04T19:14:29.788Z,
  geoloc: {
    range: [ 1459091456, 1459093503 ],
    country: 'FR',
    region: 'IDF',
    eu: '1',
    timezone: 'Europe/Paris',
    city: 'Paris',
    ll: [ 48.8543, 2.3527 ],
    metro: 0,
    area: 1
  },
  __lastAccess: 1601831669791,
  ip: '86.247.252.92'
}
[2020-10-04T19:14:30.883] [TRACE] file - Session {
  cookie: {
    path: '/',
    _expires: 2021-01-02T17:14:30.881Z,
    originalMaxAge: 7775999998,
    httpOnly: true
  },
  views: { '/': 334, '/cv': 238, '/giftedADHD': 145 },
  horodate: 2020-10-04T19:14:30.881Z,
  geoloc: {
    range: [ 1459091456, 1459093503 ],
    country: 'FR',
    region: 'IDF',
    eu: '1',
    timezone: 'Europe/Paris',
    city: 'Paris',
    ll: [ 48.8543, 2.3527 ],
    metro: 0,
    area: 1
  },
  __lastAccess: 1601831670883,
  ip: '86.247.252.92'
}
[2020-10-04T19:14:32.153] [TRACE] file - Session {
  cookie: {
    path: '/',
    _expires: 2021-01-02T17:14:32.148Z,
    originalMaxAge: 7775999998,
    httpOnly: true
  },
  views: { '/': 334, '/cv': 238, '/giftedADHD': 146 },
  horodate: 2020-10-04T19:14:32.147Z,
  geoloc: {
    range: [ 1459091456, 1459093503 ],
    country: 'FR',
    region: 'IDF',
    eu: '1',
    timezone: 'Europe/Paris',
    city: 'Paris',
    ll: [ 48.8543, 2.3527 ],
    metro: 0,
    area: 1
  },
  __lastAccess: 1601831672150,
  ip: '86.247.252.92'
}
[2020-10-04T19:14:34.028] [TRACE] file - uIejZyjRwpwZD_giaQ9Wt_xD
[2020-10-04T19:14:34.028] [TRACE] file - Session {
  cookie: {
    path: '/',
    _expires: 2021-01-02T17:14:34.025Z,
    originalMaxAge: 7775999998,
    httpOnly: true
  },
  views: { '/': 335, '/cv': 238, '/giftedADHD': 146 },
  horodate: 2020-10-04T19:14:34.026Z,
  geoloc: {
    range: [ 1459091456, 1459093503 ],
    country: 'FR',
    region: 'IDF',
    eu: '1',
    timezone: 'Europe/Paris',
    city: 'Paris',
    ll: [ 48.8543, 2.3527 ],
    metro: 0,
    area: 1
  },
  __lastAccess: 1601831674028,
  ip: '86.247.252.92'
}
[2020-10-04T19:15:07.678] [TRACE] file - uIejZyjRwpwZD_giaQ9Wt_xD
[2020-10-04T19:15:07.678] [TRACE] file - Session {
  cookie: {
    path: '/',
    _expires: 2021-01-02T17:15:07.675Z,
    originalMaxAge: 7775999998,
    httpOnly: true
  },
  views: { '/': 336, '/cv': 238, '/giftedADHD': 146 },
  horodate: 2020-10-04T19:15:07.676Z,
  geoloc: {
    range: [ 1459091456, 1459093503 ],
    country: 'FR',
    region: 'IDF',
    eu: '1',
    timezone: 'Europe/Paris',
    city: 'Paris',
    ll: [ 48.8543, 2.3527 ],
    metro: 0,
    area: 1
  },
  __lastAccess: 1601831707678,
  ip: '86.247.252.92'
}
[2020-10-04T19:15:08.922] [TRACE] file - Session {
  cookie: {
    path: '/',
    _expires: 2021-01-02T17:15:08.919Z,
    originalMaxAge: 7775999998,
    httpOnly: true
  },
  views: { '/': 336, '/cv': 239, '/giftedADHD': 146 },
  horodate: 2020-10-04T19:15:08.920Z,
  geoloc: {
    range: [ 1459091456, 1459093503 ],
    country: 'FR',
    region: 'IDF',
    eu: '1',
    timezone: 'Europe/Paris',
    city: 'Paris',
    ll: [ 48.8543, 2.3527 ],
    metro: 0,
    area: 1
  },
  __lastAccess: 1601831708921,
  ip: '86.247.252.92'
}
[2020-10-04T19:15:10.188] [TRACE] file - Session {
  cookie: {
    path: '/',
    _expires: 2021-01-02T17:15:10.185Z,
    originalMaxAge: 7775999998,
    httpOnly: true
  },
  views: { '/': 336, '/cv': 239, '/giftedADHD': 147 },
  horodate: 2020-10-04T19:15:10.186Z,
  geoloc: {
    range: [ 1459091456, 1459093503 ],
    country: 'FR',
    region: 'IDF',
    eu: '1',
    timezone: 'Europe/Paris',
    city: 'Paris',
    ll: [ 48.8543, 2.3527 ],
    metro: 0,
    area: 1
  },
  __lastAccess: 1601831710187,
  ip: '86.247.252.92'
}
[2020-10-04T19:15:12.185] [TRACE] file - uIejZyjRwpwZD_giaQ9Wt_xD
[2020-10-04T19:15:12.185] [TRACE] file - Session {
  cookie: {
    path: '/',
    _expires: 2021-01-02T17:15:12.183Z,
    originalMaxAge: 7775999998,
    httpOnly: true
  },
  views: { '/': 337, '/cv': 239, '/giftedADHD': 147 },
  horodate: 2020-10-04T19:15:12.183Z,
  geoloc: {
    range: [ 1459091456, 1459093503 ],
    country: 'FR',
    region: 'IDF',
    eu: '1',
    timezone: 'Europe/Paris',
    city: 'Paris',
    ll: [ 48.8543, 2.3527 ],
    metro: 0,
    area: 1
  },
  __lastAccess: 1601831712185,
  ip: '86.247.252.92'
}
[2020-10-04T19:36:09.537] [TRACE] file - 5eME1XNbKx19LR8xe-S0kHQI
[2020-10-04T19:36:09.537] [TRACE] file - Session {
  cookie: {
    path: '/',
    _expires: 2021-01-02T17:36:09.536Z,
    originalMaxAge: 7776000000,
    httpOnly: true,
    SameSite: 'Lax'
  },
  views: { '/': 1 },
  horodate: 2020-10-04T19:36:09.532Z,
  ip: '213.32.122.81',
  geoloc: {
    range: [ 3575675456, 3575675519 ],
    country: 'FR',
    region: '',
    eu: '1',
    timezone: 'Europe/Paris',
    city: '',
    ll: [ 48.8582, 2.3387 ],
    metro: 0,
    area: 500
  },
  __lastAccess: 1601832969536
}
[2020-10-04T20:18:57.759] [TRACE] file - uIejZyjRwpwZD_giaQ9Wt_xD
[2020-10-04T20:18:57.759] [TRACE] file - Session {
  cookie: {
    path: '/',
    _expires: 2021-01-02T18:18:57.757Z,
    originalMaxAge: 7775999998,
    httpOnly: true
  },
  views: { '/': 338, '/cv': 239, '/giftedADHD': 147 },
  horodate: 2020-10-04T20:18:57.757Z,
  geoloc: {
    range: [ 1459091456, 1459093503 ],
    country: 'FR',
    region: 'IDF',
    eu: '1',
    timezone: 'Europe/Paris',
    city: 'Paris',
    ll: [ 48.8543, 2.3527 ],
    metro: 0,
    area: 1
  },
  __lastAccess: 1601835537759,
  ip: '86.247.252.92'
}
[2020-10-04T21:54:34.828] [TRACE] file - -yqXZKaj1mfK8a6vNY_rJbad
[2020-10-04T21:54:34.828] [TRACE] file - Session {
  cookie: {
    path: '/',
    _expires: 2021-01-02T19:54:34.826Z,
    originalMaxAge: 7776000000,
    httpOnly: true,
    SameSite: 'Lax'
  },
  views: { '/': 1 },
  horodate: 2020-10-04T21:54:34.819Z,
  ip: '213.138.217.14',
  geoloc: {
    range: [ 3582646272, 3582647295 ],
    country: 'IT',
    region: '',
    eu: '1',
    timezone: 'Europe/Rome',
    city: '',
    ll: [ 43.1479, 12.1097 ],
    metro: 0,
    area: 500
  },
  __lastAccess: 1601841274827
}
[2020-10-04T22:01:56.604] [TRACE] file - Uw8IfHUsRvd3uMbWNqq9TbJc
[2020-10-04T22:01:56.604] [TRACE] file - Session {
  cookie: {
    path: '/',
    _expires: 2021-01-02T20:01:56.603Z,
    originalMaxAge: 7775999999,
    httpOnly: true
  },
  views: { '/': 194, '/cv': 78, '/giftedADHD': 70 },
  horodate: 2020-10-04T22:01:56.602Z,
  ip: '86.247.252.92',
  geoloc: {
    range: [ 1459091456, 1459093503 ],
    country: 'FR',
    region: 'IDF',
    eu: '1',
    timezone: 'Europe/Paris',
    city: 'Paris',
    ll: [ 48.8543, 2.3527 ],
    metro: 0,
    area: 1
  },
  __lastAccess: 1601841716604
}
[2020-10-04T22:07:45.297] [TRACE] file - 0RjvirRKjVlGM225wt6c-_mo
[2020-10-04T22:07:45.298] [TRACE] file - Session {
  cookie: {
    path: '/',
    _expires: 2021-01-02T20:07:45.296Z,
    originalMaxAge: 7776000000,
    httpOnly: true,
    SameSite: 'Lax'
  },
  views: { '/': 1 },
  horodate: 2020-10-04T22:07:45.292Z,
  ip: '43.226.51.11',
  geoloc: {
    range: [ 736239616, 736247807 ],
    country: 'CN',
    region: '',
    eu: '0',
    timezone: 'Asia/Shanghai',
    city: '',
    ll: [ 34.7725, 113.7266 ],
    metro: 0,
    area: 50
  },
  __lastAccess: 1601842065296
}
[2020-10-04T22:07:46.904] [TRACE] file - VfdwnLAA_q_A6FDcAgNnKa5v
[2020-10-04T22:07:46.904] [TRACE] file - Session {
  cookie: {
    path: '/',
    _expires: 2021-01-02T20:07:46.903Z,
    originalMaxAge: 7776000000,
    httpOnly: true,
    SameSite: 'Lax'
  },
  views: { '/': 1 },
  horodate: 2020-10-04T22:07:46.901Z,
  ip: '43.226.51.11',
  geoloc: {
    range: [ 736239616, 736247807 ],
    country: 'CN',
    region: '',
    eu: '0',
    timezone: 'Asia/Shanghai',
    city: '',
    ll: [ 34.7725, 113.7266 ],
    metro: 0,
    area: 50
  },
  __lastAccess: 1601842066903
}
[2020-10-04T22:08:36.353] [TRACE] file - rf2HujNEtzmNGJY1bWhDfzw_
[2020-10-04T22:08:36.353] [TRACE] file - Session {
  cookie: {
    path: '/',
    _expires: 2021-01-02T20:08:36.352Z,
    originalMaxAge: 7776000000,
    httpOnly: true,
    SameSite: 'Lax'
  },
  views: { '/': 1 },
  horodate: 2020-10-04T22:08:36.351Z,
  ip: '43.226.51.11',
  geoloc: {
    range: [ 736239616, 736247807 ],
    country: 'CN',
    region: '',
    eu: '0',
    timezone: 'Asia/Shanghai',
    city: '',
    ll: [ 34.7725, 113.7266 ],
    metro: 0,
    area: 50
  },
  __lastAccess: 1601842116352
}
[2020-10-04T22:08:37.044] [TRACE] file - pW-F5pisvey3Fes5wrrgwVqP
[2020-10-04T22:08:37.044] [TRACE] file - Session {
  cookie: {
    path: '/',
    _expires: 2021-01-02T20:08:37.043Z,
    originalMaxAge: 7776000000,
    httpOnly: true,
    SameSite: 'Lax'
  },
  views: { '/': 1 },
  horodate: 2020-10-04T22:08:37.036Z,
  ip: '43.226.51.11',
  geoloc: {
    range: [ 736239616, 736247807 ],
    country: 'CN',
    region: '',
    eu: '0',
    timezone: 'Asia/Shanghai',
    city: '',
    ll: [ 34.7725, 113.7266 ],
    metro: 0,
    area: 50
  },
  __lastAccess: 1601842117044
}
[2020-10-04T22:08:38.578] [TRACE] file - AultL4imyuSTDTqikj05zPOs
[2020-10-04T22:08:38.578] [TRACE] file - Session {
  cookie: {
    path: '/',
    _expires: 2021-01-02T20:08:38.578Z,
    originalMaxAge: 7776000000,
    httpOnly: true,
    SameSite: 'Lax'
  },
  views: { '/': 1 },
  horodate: 2020-10-04T22:08:38.576Z,
  ip: '43.226.51.11',
  geoloc: {
    range: [ 736239616, 736247807 ],
    country: 'CN',
    region: '',
    eu: '0',
    timezone: 'Asia/Shanghai',
    city: '',
    ll: [ 34.7725, 113.7266 ],
    metro: 0,
    area: 50
  },
  __lastAccess: 1601842118578
}
[2020-10-04T22:14:33.296] [TRACE] file - EPy5zgjpdNnB-21VsOaVSTCl
[2020-10-04T22:14:33.297] [TRACE] file - Session {
  cookie: {
    path: '/',
    _expires: 2021-01-02T20:14:33.296Z,
    originalMaxAge: 7776000000,
    httpOnly: true,
    SameSite: 'Lax'
  },
  views: { '/': 1 },
  horodate: 2020-10-04T22:14:33.294Z,
  ip: '43.226.51.11',
  geoloc: {
    range: [ 736239616, 736247807 ],
    country: 'CN',
    region: '',
    eu: '0',
    timezone: 'Asia/Shanghai',
    city: '',
    ll: [ 34.7725, 113.7266 ],
    metro: 0,
    area: 50
  },
  __lastAccess: 1601842473296
}
[2020-10-04T22:24:58.251] [TRACE] file - dhhHL6GShIn9Qufsq7mjtWDI
[2020-10-04T22:24:58.251] [TRACE] file - Session {
  cookie: {
    path: '/',
    _expires: 2021-01-02T20:24:58.249Z,
    originalMaxAge: 7776000000,
    httpOnly: true,
    SameSite: 'Lax'
  },
  views: { '/': 1 },
  horodate: 2020-10-04T22:24:58.245Z,
  ip: '176.113.115.214',
  geoloc: {
    range: [ 2960224768, 2960225279 ],
    country: 'RU',
    region: 'MOW',
    eu: '0',
    timezone: 'Europe/Moscow',
    city: 'Moscow',
    ll: [ 55.7527, 37.6172 ],
    metro: 0,
    area: 200
  },
  __lastAccess: 1601843098249
}
[2020-10-04T22:33:26.079] [TRACE] file - WXX12UWELpZ75X7DzjnmKIok
[2020-10-04T22:33:26.079] [TRACE] file - Session {
  cookie: {
    path: '/',
    _expires: 2021-01-02T20:33:26.079Z,
    originalMaxAge: 7776000000,
    httpOnly: true,
    SameSite: 'Lax'
  },
  views: { '/': 1 },
  horodate: 2020-10-04T22:33:26.077Z,
  ip: '49.235.243.137',
  geoloc: {
    range: [ 837287936, 837550079 ],
    country: 'CN',
    region: 'BJ',
    eu: '0',
    timezone: 'Asia/Shanghai',
    city: 'Beijing',
    ll: [ 39.9288, 116.3889 ],
    metro: 0,
    area: 50
  },
  __lastAccess: 1601843606079
}
[2020-10-04T22:42:55.464] [TRACE] file - mRES1sJE-M4_R0EF2_UEe5Mb
[2020-10-04T22:42:55.464] [TRACE] file - Session {
  cookie: {
    path: '/',
    _expires: 2021-01-02T20:42:55.464Z,
    originalMaxAge: 7776000000,
    httpOnly: true,
    SameSite: 'Lax'
  },
  views: { '/': 1 },
  horodate: 2020-10-04T22:42:55.463Z,
  ip: '176.113.115.214',
  geoloc: {
    range: [ 2960224768, 2960225279 ],
    country: 'RU',
    region: 'MOW',
    eu: '0',
    timezone: 'Europe/Moscow',
    city: 'Moscow',
    ll: [ 55.7527, 37.6172 ],
    metro: 0,
    area: 200
  },
  __lastAccess: 1601844175464
}
[2020-10-04T23:18:33.571] [TRACE] file - oQI3_MM9zIC9Xae2fyq2JbPu
[2020-10-04T23:18:33.571] [TRACE] file - Session {
  cookie: {
    path: '/',
    _expires: 2021-01-02T21:18:33.570Z,
    originalMaxAge: 7776000000,
    httpOnly: true,
    SameSite: 'Lax'
  },
  views: { '/': 1 },
  horodate: 2020-10-04T23:18:33.569Z,
  ip: '83.97.20.30',
  geoloc: {
    range: [ 1398871040, 1398871295 ],
    country: 'RO',
    region: 'B',
    eu: '1',
    timezone: 'Europe/Bucharest',
    city: 'Bucharest',
    ll: [ 44.418, 26.1691 ],
    metro: 0,
    area: 200
  },
  __lastAccess: 1601846313571
}
[2020-10-04T23:46:10.092] [TRACE] file - g4se1LTHsfRTBkhVaWmNtM0G
[2020-10-04T23:46:10.092] [TRACE] file - Session {
  cookie: {
    path: '/',
    _expires: 2021-01-02T21:46:10.092Z,
    originalMaxAge: 7776000000,
    httpOnly: true,
    SameSite: 'Lax'
  },
  views: { '/': 1 },
  horodate: 2020-10-04T23:46:10.090Z,
  ip: '177.185.156.63',
  geoloc: {
    range: [ 2981731328, 2981732351 ],
    country: 'BR',
    region: 'PR',
    eu: '0',
    timezone: 'America/Sao_Paulo',
    city: 'Dois Vizinhos',
    ll: [ -25.7458, -53.0913 ],
    metro: 0,
    area: 50
  },
  __lastAccess: 1601847970092
}
[2020-10-05T00:12:34.183] [TRACE] file - 5jM5m254-82wgq9lu2gLrZq8
[2020-10-05T00:12:34.183] [TRACE] file - Session {
  cookie: {
    path: '/',
    _expires: 2021-01-02T22:12:34.183Z,
    originalMaxAge: 7776000000,
    httpOnly: true,
    SameSite: 'Lax'
  },
  views: { '/': 1 },
  horodate: 2020-10-04T00:12:34.182Z,
  ip: '54.36.148.32',
  geoloc: {
    range: [ 908366848, 908367871 ],
    country: 'FR',
    region: '',
    eu: '1',
    timezone: 'Europe/Paris',
    city: '',
    ll: [ 48.8582, 2.3387 ],
    metro: 0,
    area: 500
  },
  __lastAccess: 1601849554183
}
[2020-10-05T00:47:10.986] [TRACE] file - HK7_plX9rDhm3h_SHZrmCop6
[2020-10-05T00:47:10.986] [TRACE] file - Session {
  cookie: {
    path: '/',
    _expires: 2021-01-02T22:47:10.985Z,
    originalMaxAge: 7776000000,
    httpOnly: true,
    SameSite: 'Lax'
  },
  views: { '/': 1 },
  horodate: 2020-10-04T00:47:10.984Z,
  ip: '95.250.121.164',
  geoloc: {
    range: [ 1610250496, 1610250751 ],
    country: 'IT',
    region: '52',
    eu: '1',
    timezone: 'Europe/Rome',
    city: 'Florence',
    ll: [ 43.7667, 11.25 ],
    metro: 0,
    area: 50
  },
  __lastAccess: 1601851630985
}
[2020-10-05T01:25:31.858] [TRACE] file - SpPte-JVynOvXRUpynQXJRzf
[2020-10-05T01:25:31.858] [TRACE] file - Session {
  cookie: {
    path: '/',
    _expires: 2021-01-02T23:25:31.858Z,
    originalMaxAge: 7776000000,
    httpOnly: true,
    SameSite: 'Lax'
  },
  views: { '/': 1 },
  horodate: 2020-10-04T01:25:31.857Z,
  ip: '178.217.71.72',
  geoloc: {
    range: [ 3000582144, 3000584191 ],
    country: 'RU',
    region: 'IRK',
    eu: '0',
    timezone: 'Asia/Irkutsk',
    city: 'Irkutsk',
    ll: [ 52.2978, 104.2964 ],
    metro: 0,
    area: 1
  },
  __lastAccess: 1601853931858
}
[2020-10-05T01:28:18.265] [TRACE] file - T2dPdqtr1wztUpKn7-vp2YVg
[2020-10-05T01:28:18.265] [TRACE] file - Session {
  cookie: {
    path: '/',
    _expires: 2021-01-02T23:28:18.264Z,
    originalMaxAge: 7776000000,
    httpOnly: true,
    SameSite: 'Lax'
  },
  views: { '/': 1 },
  horodate: 2020-10-04T01:28:18.258Z,
  ip: '185.142.236.40',
  geoloc: {
    range: [ 3113151488, 3113151743 ],
    country: 'NL',
    region: '',
    eu: '1',
    timezone: 'Europe/Amsterdam',
    city: '',
    ll: [ 52.3824, 4.8995 ],
    metro: 0,
    area: 100
  },
  __lastAccess: 1601854098265
}
