Mon Aug 02 2021 13:53:37 GMT+0200 (GMT+02:00)[2020-08-02T13:53:41.287] [TRACE] file - uIejZyjRwpwZD_giaQ9Wt_xD
[2020-08-02T13:53:41.287] [TRACE] file - Session {
  cookie: {
    path: '/',
    _expires: 2020-10-31T11:53:41.283Z,
    originalMaxAge: 7776000000,
    httpOnly: true,
    SameSite: 'Lax'
  },
  views: { '/': 1 },
  horodate: 2020-08-02T13:53:41.277Z,
  ip: '83.202.34.239',
  geoloc: {
    range: [ 1405755904, 1405756415 ],
    country: 'FR',
    region: 'IDF',
    eu: '1',
    timezone: 'Europe/Paris',
    city: 'Paris',
    ll: [ 48.8543, 2.3527 ],
    metro: 0,
    area: 10
  },
  __lastAccess: 1596369221283
}
[2020-08-02T13:55:06.879] [TRACE] file - uIejZyjRwpwZD_giaQ9Wt_xD
[2020-08-02T13:55:06.879] [TRACE] file - Session {
  cookie: {
    path: '/',
    _expires: 2020-10-31T11:55:06.878Z,
    originalMaxAge: 7776000000,
    httpOnly: true
  },
  views: { '/': 2 },
  horodate: 2020-08-02T13:55:06.875Z,
  ip: '83.202.34.239',
  geoloc: {
    range: [ 1405755904, 1405756415 ],
    country: 'FR',
    region: 'IDF',
    eu: '1',
    timezone: 'Europe/Paris',
    city: 'Paris',
    ll: [ 48.8543, 2.3527 ],
    metro: 0,
    area: 10
  },
  __lastAccess: 1596369306878
}
[2020-08-02T13:56:05.716] [TRACE] file - uIejZyjRwpwZD_giaQ9Wt_xD
[2020-08-02T13:56:05.716] [TRACE] file - Session {
  cookie: {
    path: '/',
    _expires: 2020-10-31T11:56:05.715Z,
    originalMaxAge: 7776000000,
    httpOnly: true
  },
  views: { '/': 3 },
  horodate: 2020-08-02T13:56:05.713Z,
  ip: '83.202.34.239',
  geoloc: {
    range: [ 1405755904, 1405756415 ],
    country: 'FR',
    region: 'IDF',
    eu: '1',
    timezone: 'Europe/Paris',
    city: 'Paris',
    ll: [ 48.8543, 2.3527 ],
    metro: 0,
    area: 10
  },
  __lastAccess: 1596369365715
}
[2020-08-02T13:56:33.244] [TRACE] file - Session {
  cookie: {
    path: '/',
    _expires: 2020-10-31T11:56:33.243Z,
    originalMaxAge: 7776000000,
    httpOnly: true
  },
  views: { '/': 3, '/cv': 1 },
  horodate: 2020-08-02T13:56:33.242Z,
  ip: '83.202.34.239',
  geoloc: {
    range: [ 1405755904, 1405756415 ],
    country: 'FR',
    region: 'IDF',
    eu: '1',
    timezone: 'Europe/Paris',
    city: 'Paris',
    ll: [ 48.8543, 2.3527 ],
    metro: 0,
    area: 10
  },
  __lastAccess: 1596369393244
}
[2020-08-02T13:56:41.222] [TRACE] file - uIejZyjRwpwZD_giaQ9Wt_xD
[2020-08-02T13:56:41.222] [TRACE] file - Session {
  cookie: {
    path: '/',
    _expires: 2020-10-31T11:56:41.221Z,
    originalMaxAge: 7776000000,
    httpOnly: true
  },
  views: { '/': 4, '/cv': 1 },
  horodate: 2020-08-02T13:56:41.219Z,
  ip: '83.202.34.239',
  geoloc: {
    range: [ 1405755904, 1405756415 ],
    country: 'FR',
    region: 'IDF',
    eu: '1',
    timezone: 'Europe/Paris',
    city: 'Paris',
    ll: [ 48.8543, 2.3527 ],
    metro: 0,
    area: 10
  },
  __lastAccess: 1596369401221
}
[2020-08-02T13:57:11.367] [TRACE] file - uIejZyjRwpwZD_giaQ9Wt_xD
[2020-08-02T13:57:11.367] [TRACE] file - Session {
  cookie: {
    path: '/',
    _expires: 2020-10-31T11:57:11.367Z,
    originalMaxAge: 7776000000,
    httpOnly: true
  },
  views: { '/': 5, '/cv': 1 },
  horodate: 2020-08-02T13:57:11.365Z,
  ip: '83.202.34.239',
  geoloc: {
    range: [ 1405755904, 1405756415 ],
    country: 'FR',
    region: 'IDF',
    eu: '1',
    timezone: 'Europe/Paris',
    city: 'Paris',
    ll: [ 48.8543, 2.3527 ],
    metro: 0,
    area: 10
  },
  __lastAccess: 1596369431367
}
[2020-08-02T13:57:43.569] [TRACE] file - uIejZyjRwpwZD_giaQ9Wt_xD
[2020-08-02T13:57:43.569] [TRACE] file - Session {
  cookie: {
    path: '/',
    _expires: 2020-10-31T11:57:43.569Z,
    originalMaxAge: 7776000000,
    httpOnly: true
  },
  views: { '/': 6, '/cv': 1 },
  horodate: 2020-08-02T13:57:43.567Z,
  ip: '83.202.34.239',
  geoloc: {
    range: [ 1405755904, 1405756415 ],
    country: 'FR',
    region: 'IDF',
    eu: '1',
    timezone: 'Europe/Paris',
    city: 'Paris',
    ll: [ 48.8543, 2.3527 ],
    metro: 0,
    area: 10
  },
  __lastAccess: 1596369463569
}
[2020-08-02T13:57:49.375] [TRACE] file - Session {
  cookie: {
    path: '/',
    _expires: 2020-10-31T11:57:49.375Z,
    originalMaxAge: 7776000000,
    httpOnly: true
  },
  views: { '/': 6, '/cv': 2 },
  horodate: 2020-08-02T13:57:49.373Z,
  ip: '83.202.34.239',
  geoloc: {
    range: [ 1405755904, 1405756415 ],
    country: 'FR',
    region: 'IDF',
    eu: '1',
    timezone: 'Europe/Paris',
    city: 'Paris',
    ll: [ 48.8543, 2.3527 ],
    metro: 0,
    area: 10
  },
  __lastAccess: 1596369469375
}
[2020-08-02T13:57:50.734] [TRACE] file - Session {
  cookie: {
    path: '/',
    _expires: 2020-10-31T11:57:50.734Z,
    originalMaxAge: 7776000000,
    httpOnly: true
  },
  views: { '/': 6, '/cv': 2, '/giftedADHD': 1 },
  horodate: 2020-08-02T13:57:50.732Z,
  ip: '83.202.34.239',
  geoloc: {
    range: [ 1405755904, 1405756415 ],
    country: 'FR',
    region: 'IDF',
    eu: '1',
    timezone: 'Europe/Paris',
    city: 'Paris',
    ll: [ 48.8543, 2.3527 ],
    metro: 0,
    area: 10
  },
  __lastAccess: 1596369470734
}
[2020-08-02T13:57:57.408] [TRACE] file - Uw8IfHUsRvd3uMbWNqq9TbJc
[2020-08-02T13:57:57.408] [TRACE] file - Session {
  cookie: {
    path: '/',
    _expires: 2020-10-31T11:57:57.407Z,
    originalMaxAge: 7776000000,
    httpOnly: true
  },
  views: { '/': 4, '/cv': 1, '/giftedADHD': 1 },
  horodate: 2020-08-02T13:57:57.405Z,
  ip: '83.202.34.239',
  geoloc: {
    range: [ 1405755904, 1405756415 ],
    country: 'FR',
    region: 'IDF',
    eu: '1',
    timezone: 'Europe/Paris',
    city: 'Paris',
    ll: [ 48.8543, 2.3527 ],
    metro: 0,
    area: 10
  },
  __lastAccess: 1596369477407
}
[2020-08-02T13:58:04.768] [TRACE] file - Uw8IfHUsRvd3uMbWNqq9TbJc
[2020-08-02T13:58:04.768] [TRACE] file - Session {
  cookie: {
    path: '/',
    _expires: 2020-10-31T11:58:04.767Z,
    originalMaxAge: 7776000000,
    httpOnly: true
  },
  views: { '/': 5, '/cv': 1, '/giftedADHD': 1 },
  horodate: 2020-08-02T13:58:04.763Z,
  ip: '83.202.34.239',
  geoloc: {
    range: [ 1405755904, 1405756415 ],
    country: 'FR',
    region: 'IDF',
    eu: '1',
    timezone: 'Europe/Paris',
    city: 'Paris',
    ll: [ 48.8543, 2.3527 ],
    metro: 0,
    area: 10
  },
  __lastAccess: 1596369484767
}
[2020-08-02T13:59:05.213] [TRACE] file - Session {
  cookie: {
    path: '/',
    _expires: 2020-10-31T11:59:05.212Z,
    originalMaxAge: 7776000000,
    httpOnly: true
  },
  views: { '/': 6, '/cv': 2, '/giftedADHD': 2 },
  horodate: 2020-08-02T13:59:05.210Z,
  ip: '83.202.34.239',
  geoloc: {
    range: [ 1405755904, 1405756415 ],
    country: 'FR',
    region: 'IDF',
    eu: '1',
    timezone: 'Europe/Paris',
    city: 'Paris',
    ll: [ 48.8543, 2.3527 ],
    metro: 0,
    area: 10
  },
  __lastAccess: 1596369545212
}
[2020-08-02T13:59:06.717] [TRACE] file - uIejZyjRwpwZD_giaQ9Wt_xD
[2020-08-02T13:59:06.717] [TRACE] file - Session {
  cookie: {
    path: '/',
    _expires: 2020-10-31T11:59:06.717Z,
    originalMaxAge: 7776000000,
    httpOnly: true
  },
  views: { '/': 7, '/cv': 2, '/giftedADHD': 2 },
  horodate: 2020-08-02T13:59:06.714Z,
  ip: '83.202.34.239',
  geoloc: {
    range: [ 1405755904, 1405756415 ],
    country: 'FR',
    region: 'IDF',
    eu: '1',
    timezone: 'Europe/Paris',
    city: 'Paris',
    ll: [ 48.8543, 2.3527 ],
    metro: 0,
    area: 10
  },
  __lastAccess: 1596369546717
}
[2020-08-02T14:01:11.065] [TRACE] file - Session {
  cookie: {
    path: '/',
    _expires: 2020-10-31T12:01:11.064Z,
    originalMaxAge: 7776000000,
    httpOnly: true
  },
  views: { '/': 7, '/cv': 3, '/giftedADHD': 2 },
  horodate: 2020-08-02T14:01:11.063Z,
  ip: '83.202.34.239',
  geoloc: {
    range: [ 1405755904, 1405756415 ],
    country: 'FR',
    region: 'IDF',
    eu: '1',
    timezone: 'Europe/Paris',
    city: 'Paris',
    ll: [ 48.8543, 2.3527 ],
    metro: 0,
    area: 10
  },
  __lastAccess: 1596369671064
}
[2020-08-02T14:01:27.472] [TRACE] file - Session {
  cookie: {
    path: '/',
    _expires: 2020-10-31T12:01:27.472Z,
    originalMaxAge: 7776000000,
    httpOnly: true
  },
  views: { '/': 7, '/cv': 3, '/giftedADHD': 3 },
  horodate: 2020-08-02T14:01:27.470Z,
  ip: '83.202.34.239',
  geoloc: {
    range: [ 1405755904, 1405756415 ],
    country: 'FR',
    region: 'IDF',
    eu: '1',
    timezone: 'Europe/Paris',
    city: 'Paris',
    ll: [ 48.8543, 2.3527 ],
    metro: 0,
    area: 10
  },
  __lastAccess: 1596369687472
}
[2020-08-02T14:02:02.821] [TRACE] file - Session {
  cookie: {
    path: '/',
    _expires: 2020-10-31T12:02:02.821Z,
    originalMaxAge: 7776000000,
    httpOnly: true
  },
  views: { '/': 7, '/cv': 3, '/giftedADHD': 4 },
  horodate: 2020-08-02T14:02:02.819Z,
  ip: '83.202.34.239',
  geoloc: {
    range: [ 1405755904, 1405756415 ],
    country: 'FR',
    region: 'IDF',
    eu: '1',
    timezone: 'Europe/Paris',
    city: 'Paris',
    ll: [ 48.8543, 2.3527 ],
    metro: 0,
    area: 10
  },
  __lastAccess: 1596369722821
}
[2020-08-02T14:02:08.536] [TRACE] file - uIejZyjRwpwZD_giaQ9Wt_xD
[2020-08-02T14:02:08.536] [TRACE] file - Session {
  cookie: {
    path: '/',
    _expires: 2020-10-31T12:02:08.535Z,
    originalMaxAge: 7776000000,
    httpOnly: true
  },
  views: { '/': 8, '/cv': 3, '/giftedADHD': 4 },
  horodate: 2020-08-02T14:02:08.534Z,
  ip: '83.202.34.239',
  geoloc: {
    range: [ 1405755904, 1405756415 ],
    country: 'FR',
    region: 'IDF',
    eu: '1',
    timezone: 'Europe/Paris',
    city: 'Paris',
    ll: [ 48.8543, 2.3527 ],
    metro: 0,
    area: 10
  },
  __lastAccess: 1596369728535
}
[2020-08-02T14:11:44.016] [TRACE] file - uIejZyjRwpwZD_giaQ9Wt_xD
[2020-08-02T14:11:44.016] [TRACE] file - Session {
  cookie: {
    path: '/',
    _expires: 2020-10-31T12:11:44.015Z,
    originalMaxAge: 7776000000,
    httpOnly: true
  },
  views: { '/': 9, '/cv': 3, '/giftedADHD': 4 },
  horodate: 2020-08-02T14:11:44.013Z,
  ip: '83.202.34.239',
  geoloc: {
    range: [ 1405755904, 1405756415 ],
    country: 'FR',
    region: 'IDF',
    eu: '1',
    timezone: 'Europe/Paris',
    city: 'Paris',
    ll: [ 48.8543, 2.3527 ],
    metro: 0,
    area: 10
  },
  __lastAccess: 1596370304015
}
[2020-08-02T14:12:13.094] [TRACE] file - Session {
  cookie: {
    path: '/',
    _expires: 2020-10-31T12:12:13.093Z,
    originalMaxAge: 7776000000,
    httpOnly: true
  },
  views: { '/': 9, '/cv': 4, '/giftedADHD': 4 },
  horodate: 2020-08-02T14:12:13.092Z,
  ip: '83.202.34.239',
  geoloc: {
    range: [ 1405755904, 1405756415 ],
    country: 'FR',
    region: 'IDF',
    eu: '1',
    timezone: 'Europe/Paris',
    city: 'Paris',
    ll: [ 48.8543, 2.3527 ],
    metro: 0,
    area: 10
  },
  __lastAccess: 1596370333094
}
[2020-08-02T14:12:14.456] [TRACE] file - Session {
  cookie: {
    path: '/',
    _expires: 2020-10-31T12:12:14.455Z,
    originalMaxAge: 7776000000,
    httpOnly: true
  },
  views: { '/': 9, '/cv': 4, '/giftedADHD': 5 },
  horodate: 2020-08-02T14:12:14.453Z,
  ip: '83.202.34.239',
  geoloc: {
    range: [ 1405755904, 1405756415 ],
    country: 'FR',
    region: 'IDF',
    eu: '1',
    timezone: 'Europe/Paris',
    city: 'Paris',
    ll: [ 48.8543, 2.3527 ],
    metro: 0,
    area: 10
  },
  __lastAccess: 1596370334456
}
[2020-08-02T14:12:18.242] [TRACE] file - uIejZyjRwpwZD_giaQ9Wt_xD
[2020-08-02T14:12:18.242] [TRACE] file - Session {
  cookie: {
    path: '/',
    _expires: 2020-10-31T12:12:18.242Z,
    originalMaxAge: 7776000000,
    httpOnly: true
  },
  views: { '/': 10, '/cv': 4, '/giftedADHD': 5 },
  horodate: 2020-08-02T14:12:18.239Z,
  ip: '83.202.34.239',
  geoloc: {
    range: [ 1405755904, 1405756415 ],
    country: 'FR',
    region: 'IDF',
    eu: '1',
    timezone: 'Europe/Paris',
    city: 'Paris',
    ll: [ 48.8543, 2.3527 ],
    metro: 0,
    area: 10
  },
  __lastAccess: 1596370338242
}
[2020-08-02T14:12:49.828] [TRACE] file - Uw8IfHUsRvd3uMbWNqq9TbJc
[2020-08-02T14:12:49.828] [TRACE] file - Session {
  cookie: {
    path: '/',
    _expires: 2020-10-31T12:12:49.827Z,
    originalMaxAge: 7776000000,
    httpOnly: true
  },
  views: { '/': 6, '/cv': 1, '/giftedADHD': 1 },
  horodate: 2020-08-02T14:12:49.822Z,
  ip: '83.202.34.239',
  geoloc: {
    range: [ 1405755904, 1405756415 ],
    country: 'FR',
    region: 'IDF',
    eu: '1',
    timezone: 'Europe/Paris',
    city: 'Paris',
    ll: [ 48.8543, 2.3527 ],
    metro: 0,
    area: 10
  },
  __lastAccess: 1596370369827
}
[2020-08-02T14:12:51.545] [TRACE] file - Session {
  cookie: {
    path: '/',
    _expires: 2020-10-31T12:12:51.544Z,
    originalMaxAge: 7776000000,
    httpOnly: true
  },
  views: { '/': 6, '/cv': 2, '/giftedADHD': 1 },
  horodate: 2020-08-02T14:12:51.540Z,
  ip: '83.202.34.239',
  geoloc: {
    range: [ 1405755904, 1405756415 ],
    country: 'FR',
    region: 'IDF',
    eu: '1',
    timezone: 'Europe/Paris',
    city: 'Paris',
    ll: [ 48.8543, 2.3527 ],
    metro: 0,
    area: 10
  },
  __lastAccess: 1596370371544
}
[2020-08-02T14:12:57.089] [TRACE] file - Session {
  cookie: {
    path: '/',
    _expires: 2020-10-31T12:12:57.088Z,
    originalMaxAge: 7776000000,
    httpOnly: true
  },
  views: { '/': 6, '/cv': 2, '/giftedADHD': 2 },
  horodate: 2020-08-02T14:12:57.085Z,
  ip: '83.202.34.239',
  geoloc: {
    range: [ 1405755904, 1405756415 ],
    country: 'FR',
    region: 'IDF',
    eu: '1',
    timezone: 'Europe/Paris',
    city: 'Paris',
    ll: [ 48.8543, 2.3527 ],
    metro: 0,
    area: 10
  },
  __lastAccess: 1596370377088
}
[2020-08-02T14:13:00.667] [TRACE] file - Session {
  cookie: {
    path: '/',
    _expires: 2020-10-31T12:13:00.667Z,
    originalMaxAge: 7776000000,
    httpOnly: true
  },
  views: { '/': 6, '/cv': 3, '/giftedADHD': 2 },
  horodate: 2020-08-02T14:13:00.665Z,
  ip: '83.202.34.239',
  geoloc: {
    range: [ 1405755904, 1405756415 ],
    country: 'FR',
    region: 'IDF',
    eu: '1',
    timezone: 'Europe/Paris',
    city: 'Paris',
    ll: [ 48.8543, 2.3527 ],
    metro: 0,
    area: 10
  },
  __lastAccess: 1596370380667
}
[2020-08-02T14:13:08.462] [TRACE] file - Uw8IfHUsRvd3uMbWNqq9TbJc
[2020-08-02T14:13:08.462] [TRACE] file - Session {
  cookie: {
    path: '/',
    _expires: 2020-10-31T12:13:08.462Z,
    originalMaxAge: 7776000000,
    httpOnly: true
  },
  views: { '/': 7, '/cv': 3, '/giftedADHD': 2 },
  horodate: 2020-08-02T14:13:08.460Z,
  ip: '83.202.34.239',
  geoloc: {
    range: [ 1405755904, 1405756415 ],
    country: 'FR',
    region: 'IDF',
    eu: '1',
    timezone: 'Europe/Paris',
    city: 'Paris',
    ll: [ 48.8543, 2.3527 ],
    metro: 0,
    area: 10
  },
  __lastAccess: 1596370388462
}
[2020-08-02T14:25:28.341] [TRACE] file - ZH4Nq3Qg-j2lIuCqgajdLsdv
[2020-08-02T14:25:28.341] [TRACE] file - Session {
  cookie: {
    path: '/',
    _expires: 2020-10-31T12:25:28.340Z,
    originalMaxAge: 7776000000,
    httpOnly: true,
    SameSite: 'Lax'
  },
  views: { '/': 1 },
  horodate: 2020-08-02T14:25:28.334Z,
  ip: '83.202.34.239',
  geoloc: {
    range: [ 1405755904, 1405756415 ],
    country: 'FR',
    region: 'IDF',
    eu: '1',
    timezone: 'Europe/Paris',
    city: 'Paris',
    ll: [ 48.8543, 2.3527 ],
    metro: 0,
    area: 10
  },
  __lastAccess: 1596371128341
}
[2020-08-02T14:25:32.845] [TRACE] file - Session {
  cookie: {
    path: '/',
    _expires: 2020-10-31T12:25:32.844Z,
    originalMaxAge: 7776000000,
    httpOnly: true
  },
  views: { '/': 1, '/cv': 1 },
  horodate: 2020-08-02T14:25:32.840Z,
  ip: '83.202.34.239',
  geoloc: {
    range: [ 1405755904, 1405756415 ],
    country: 'FR',
    region: 'IDF',
    eu: '1',
    timezone: 'Europe/Paris',
    city: 'Paris',
    ll: [ 48.8543, 2.3527 ],
    metro: 0,
    area: 10
  },
  __lastAccess: 1596371132844
}
[2020-08-02T14:25:34.400] [TRACE] file - Session {
  cookie: {
    path: '/',
    _expires: 2020-10-31T12:25:34.399Z,
    originalMaxAge: 7776000000,
    httpOnly: true
  },
  views: { '/': 1, '/cv': 1, '/giftedADHD': 1 },
  horodate: 2020-08-02T14:25:34.394Z,
  ip: '83.202.34.239',
  geoloc: {
    range: [ 1405755904, 1405756415 ],
    country: 'FR',
    region: 'IDF',
    eu: '1',
    timezone: 'Europe/Paris',
    city: 'Paris',
    ll: [ 48.8543, 2.3527 ],
    metro: 0,
    area: 10
  },
  __lastAccess: 1596371134399
}
[2020-08-02T14:25:35.878] [TRACE] file - Session {
  cookie: {
    path: '/',
    _expires: 2020-10-31T12:25:35.878Z,
    originalMaxAge: 7776000000,
    httpOnly: true
  },
  views: { '/': 1, '/cv': 2, '/giftedADHD': 1 },
  horodate: 2020-08-02T14:25:35.874Z,
  ip: '83.202.34.239',
  geoloc: {
    range: [ 1405755904, 1405756415 ],
    country: 'FR',
    region: 'IDF',
    eu: '1',
    timezone: 'Europe/Paris',
    city: 'Paris',
    ll: [ 48.8543, 2.3527 ],
    metro: 0,
    area: 10
  },
  __lastAccess: 1596371135878
}
[2020-08-02T14:25:39.357] [TRACE] file - ZH4Nq3Qg-j2lIuCqgajdLsdv
[2020-08-02T14:25:39.357] [TRACE] file - Session {
  cookie: {
    path: '/',
    _expires: 2020-10-31T12:25:39.357Z,
    originalMaxAge: 7776000000,
    httpOnly: true
  },
  views: { '/': 2, '/cv': 2, '/giftedADHD': 1 },
  horodate: 2020-08-02T14:25:39.354Z,
  ip: '83.202.34.239',
  geoloc: {
    range: [ 1405755904, 1405756415 ],
    country: 'FR',
    region: 'IDF',
    eu: '1',
    timezone: 'Europe/Paris',
    city: 'Paris',
    ll: [ 48.8543, 2.3527 ],
    metro: 0,
    area: 10
  },
  __lastAccess: 1596371139357
}
[2020-08-02T14:26:56.353] [TRACE] file - ZH4Nq3Qg-j2lIuCqgajdLsdv
[2020-08-02T14:26:56.353] [TRACE] file - Session {
  cookie: {
    path: '/',
    _expires: 2020-10-31T12:26:56.352Z,
    originalMaxAge: 7776000000,
    httpOnly: true
  },
  views: { '/': 3, '/cv': 2, '/giftedADHD': 1 },
  horodate: 2020-08-02T14:26:56.345Z,
  ip: '83.202.34.239',
  geoloc: {
    range: [ 1405755904, 1405756415 ],
    country: 'FR',
    region: 'IDF',
    eu: '1',
    timezone: 'Europe/Paris',
    city: 'Paris',
    ll: [ 48.8543, 2.3527 ],
    metro: 0,
    area: 10
  },
  __lastAccess: 1596371216353
}
[2020-08-02T14:27:38.374] [TRACE] file - Session {
  cookie: {
    path: '/',
    _expires: 2020-10-31T12:27:38.371Z,
    originalMaxAge: 7776000000,
    httpOnly: true
  },
  views: { '/': 3, '/cv': 3, '/giftedADHD': 1 },
  horodate: 2020-08-02T14:27:38.366Z,
  ip: '83.202.34.239',
  geoloc: {
    range: [ 1405755904, 1405756415 ],
    country: 'FR',
    region: 'IDF',
    eu: '1',
    timezone: 'Europe/Paris',
    city: 'Paris',
    ll: [ 48.8543, 2.3527 ],
    metro: 0,
    area: 10
  },
  __lastAccess: 1596371258373
}
[2020-08-02T14:27:42.981] [TRACE] file - Session {
  cookie: {
    path: '/',
    _expires: 2020-10-31T12:27:42.980Z,
    originalMaxAge: 7776000000,
    httpOnly: true
  },
  views: { '/': 3, '/cv': 3, '/giftedADHD': 2 },
  horodate: 2020-08-02T14:27:42.976Z,
  ip: '83.202.34.239',
  geoloc: {
    range: [ 1405755904, 1405756415 ],
    country: 'FR',
    region: 'IDF',
    eu: '1',
    timezone: 'Europe/Paris',
    city: 'Paris',
    ll: [ 48.8543, 2.3527 ],
    metro: 0,
    area: 10
  },
  __lastAccess: 1596371262981
}
[2020-08-02T14:28:00.211] [TRACE] file - j95jsJ97BRB6WQgZR8jydGvI
[2020-08-02T14:28:00.211] [TRACE] file - Session {
  cookie: {
    path: '/',
    _expires: 2020-10-31T12:28:00.211Z,
    originalMaxAge: 7776000000,
    httpOnly: true,
    SameSite: 'Lax'
  },
  views: { '/': 1 },
  horodate: 2020-08-02T14:28:00.209Z,
  ip: '83.202.34.239',
  geoloc: {
    range: [ 1405755904, 1405756415 ],
    country: 'FR',
    region: 'IDF',
    eu: '1',
    timezone: 'Europe/Paris',
    city: 'Paris',
    ll: [ 48.8543, 2.3527 ],
    metro: 0,
    area: 10
  },
  __lastAccess: 1596371280211
}
[2020-08-02T14:28:00.227] [TRACE] file - 0WW-h5iwx7YVyn4mTWt1DFXv
[2020-08-02T14:28:00.227] [TRACE] file - Session {
  cookie: {
    path: '/',
    _expires: 2020-10-31T12:28:00.227Z,
    originalMaxAge: 7776000000,
    httpOnly: true,
    SameSite: 'Lax'
  },
  views: { '/': 1 },
  horodate: 2020-08-02T14:28:00.225Z,
  ip: '83.202.34.239',
  geoloc: {
    range: [ 1405755904, 1405756415 ],
    country: 'FR',
    region: 'IDF',
    eu: '1',
    timezone: 'Europe/Paris',
    city: 'Paris',
    ll: [ 48.8543, 2.3527 ],
    metro: 0,
    area: 10
  },
  __lastAccess: 1596371280227
}
[2020-08-02T14:28:06.276] [TRACE] file - Session {
  cookie: {
    path: '/',
    _expires: 2020-10-31T12:28:06.276Z,
    originalMaxAge: 7776000000,
    httpOnly: true
  },
  views: { '/': 1, '/cv': 1 },
  horodate: 2020-08-02T14:28:06.274Z,
  ip: '83.202.34.239',
  geoloc: {
    range: [ 1405755904, 1405756415 ],
    country: 'FR',
    region: 'IDF',
    eu: '1',
    timezone: 'Europe/Paris',
    city: 'Paris',
    ll: [ 48.8543, 2.3527 ],
    metro: 0,
    area: 10
  },
  __lastAccess: 1596371286276
}
[2020-08-02T14:28:16.468] [TRACE] file - Session {
  cookie: {
    path: '/',
    _expires: 2020-10-31T12:28:16.467Z,
    originalMaxAge: 7776000000,
    httpOnly: true
  },
  views: { '/': 1, '/cv': 1, '/giftedADHD': 1 },
  horodate: 2020-08-02T14:28:16.464Z,
  ip: '83.202.34.239',
  geoloc: {
    range: [ 1405755904, 1405756415 ],
    country: 'FR',
    region: 'IDF',
    eu: '1',
    timezone: 'Europe/Paris',
    city: 'Paris',
    ll: [ 48.8543, 2.3527 ],
    metro: 0,
    area: 10
  },
  __lastAccess: 1596371296467
}
[2020-08-02T14:28:21.903] [TRACE] file - 0WW-h5iwx7YVyn4mTWt1DFXv
[2020-08-02T14:28:21.903] [TRACE] file - Session {
  cookie: {
    path: '/',
    _expires: 2020-10-31T12:28:21.902Z,
    originalMaxAge: 7776000000,
    httpOnly: true
  },
  views: { '/': 2, '/cv': 1, '/giftedADHD': 1 },
  horodate: 2020-08-02T14:28:21.898Z,
  ip: '83.202.34.239',
  geoloc: {
    range: [ 1405755904, 1405756415 ],
    country: 'FR',
    region: 'IDF',
    eu: '1',
    timezone: 'Europe/Paris',
    city: 'Paris',
    ll: [ 48.8543, 2.3527 ],
    metro: 0,
    area: 10
  },
  __lastAccess: 1596371301902
}
[2020-08-02T14:28:56.235] [TRACE] file - 0WW-h5iwx7YVyn4mTWt1DFXv
[2020-08-02T14:28:56.236] [TRACE] file - Session {
  cookie: {
    path: '/',
    _expires: 2020-10-31T12:28:56.235Z,
    originalMaxAge: 7776000000,
    httpOnly: true
  },
  views: { '/': 3, '/cv': 1, '/giftedADHD': 1 },
  horodate: 2020-08-02T14:28:56.229Z,
  ip: '83.202.34.239',
  geoloc: {
    range: [ 1405755904, 1405756415 ],
    country: 'FR',
    region: 'IDF',
    eu: '1',
    timezone: 'Europe/Paris',
    city: 'Paris',
    ll: [ 48.8543, 2.3527 ],
    metro: 0,
    area: 10
  },
  __lastAccess: 1596371336235
}
[2020-08-02T14:29:35.142] [TRACE] file - 1tfONk-xfXHhUd1OSv9pQUZC
[2020-08-02T14:29:35.142] [TRACE] file - Session {
  cookie: {
    path: '/',
    _expires: 2020-10-31T12:29:35.141Z,
    originalMaxAge: 7776000000,
    httpOnly: true,
    SameSite: 'Lax'
  },
  views: { '/': 1 },
  horodate: 2020-08-02T14:29:35.135Z,
  ip: '83.202.34.239',
  geoloc: {
    range: [ 1405755904, 1405756415 ],
    country: 'FR',
    region: 'IDF',
    eu: '1',
    timezone: 'Europe/Paris',
    city: 'Paris',
    ll: [ 48.8543, 2.3527 ],
    metro: 0,
    area: 10
  },
  __lastAccess: 1596371375142
}
[2020-08-02T14:29:40.847] [TRACE] file - Session {
  cookie: {
    path: '/',
    _expires: 2020-10-31T12:29:40.847Z,
    originalMaxAge: 7776000000,
    httpOnly: true
  },
  views: { '/': 1, '/cv': 1 },
  horodate: 2020-08-02T14:29:40.846Z,
  ip: '83.202.34.239',
  geoloc: {
    range: [ 1405755904, 1405756415 ],
    country: 'FR',
    region: 'IDF',
    eu: '1',
    timezone: 'Europe/Paris',
    city: 'Paris',
    ll: [ 48.8543, 2.3527 ],
    metro: 0,
    area: 10
  },
  __lastAccess: 1596371380847
}
[2020-08-02T15:08:52.465] [TRACE] file - Uw8IfHUsRvd3uMbWNqq9TbJc
[2020-08-02T15:08:52.465] [TRACE] file - Session {
  cookie: {
    path: '/',
    _expires: 2020-10-31T13:08:52.464Z,
    originalMaxAge: 7776000000,
    httpOnly: true
  },
  views: { '/': 8, '/cv': 3, '/giftedADHD': 2 },
  horodate: 2020-08-02T15:08:52.462Z,
  ip: '83.202.34.239',
  geoloc: {
    range: [ 1405755904, 1405756415 ],
    country: 'FR',
    region: 'IDF',
    eu: '1',
    timezone: 'Europe/Paris',
    city: 'Paris',
    ll: [ 48.8543, 2.3527 ],
    metro: 0,
    area: 10
  },
  __lastAccess: 1596373732464
}
[2020-08-02T15:08:54.486] [TRACE] file - Uw8IfHUsRvd3uMbWNqq9TbJc
[2020-08-02T15:08:54.486] [TRACE] file - Session {
  cookie: {
    path: '/',
    _expires: 2020-10-31T13:08:54.486Z,
    originalMaxAge: 7776000000,
    httpOnly: true
  },
  views: { '/': 9, '/cv': 3, '/giftedADHD': 2 },
  horodate: 2020-08-02T15:08:54.484Z,
  ip: '83.202.34.239',
  geoloc: {
    range: [ 1405755904, 1405756415 ],
    country: 'FR',
    region: 'IDF',
    eu: '1',
    timezone: 'Europe/Paris',
    city: 'Paris',
    ll: [ 48.8543, 2.3527 ],
    metro: 0,
    area: 10
  },
  __lastAccess: 1596373734486
}
[2020-08-02T15:09:30.590] [TRACE] file - Uw8IfHUsRvd3uMbWNqq9TbJc
[2020-08-02T15:09:30.590] [TRACE] file - Session {
  cookie: {
    path: '/',
    _expires: 2020-10-31T13:09:30.590Z,
    originalMaxAge: 7776000000,
    httpOnly: true
  },
  views: { '/': 10, '/cv': 3, '/giftedADHD': 2 },
  horodate: 2020-08-02T15:09:30.588Z,
  ip: '83.202.34.239',
  geoloc: {
    range: [ 1405755904, 1405756415 ],
    country: 'FR',
    region: 'IDF',
    eu: '1',
    timezone: 'Europe/Paris',
    city: 'Paris',
    ll: [ 48.8543, 2.3527 ],
    metro: 0,
    area: 10
  },
  __lastAccess: 1596373770590
}
[2020-08-02T15:09:39.868] [TRACE] file - Session {
  cookie: {
    path: '/',
    _expires: 2020-10-31T13:09:39.868Z,
    originalMaxAge: 7776000000,
    httpOnly: true
  },
  views: { '/': 10, '/cv': 4, '/giftedADHD': 2 },
  horodate: 2020-08-02T15:09:39.866Z,
  ip: '83.202.34.239',
  geoloc: {
    range: [ 1405755904, 1405756415 ],
    country: 'FR',
    region: 'IDF',
    eu: '1',
    timezone: 'Europe/Paris',
    city: 'Paris',
    ll: [ 48.8543, 2.3527 ],
    metro: 0,
    area: 10
  },
  __lastAccess: 1596373779868
}
[2020-08-02T15:09:58.501] [TRACE] file - uIejZyjRwpwZD_giaQ9Wt_xD
[2020-08-02T15:09:58.501] [TRACE] file - Session {
  cookie: {
    path: '/',
    _expires: 2020-10-31T13:09:58.500Z,
    originalMaxAge: 7776000000,
    httpOnly: true
  },
  views: { '/': 11, '/cv': 4, '/giftedADHD': 5 },
  horodate: 2020-08-02T15:09:58.498Z,
  ip: '83.202.34.239',
  geoloc: {
    range: [ 1405755904, 1405756415 ],
    country: 'FR',
    region: 'IDF',
    eu: '1',
    timezone: 'Europe/Paris',
    city: 'Paris',
    ll: [ 48.8543, 2.3527 ],
    metro: 0,
    area: 10
  },
  __lastAccess: 1596373798500
}
[2020-08-02T15:12:39.680] [TRACE] file - uIejZyjRwpwZD_giaQ9Wt_xD
[2020-08-02T15:12:39.680] [TRACE] file - Session {
  cookie: {
    path: '/',
    _expires: 2020-10-31T13:12:39.679Z,
    originalMaxAge: 7776000000,
    httpOnly: true
  },
  views: { '/': 12, '/cv': 4, '/giftedADHD': 5 },
  horodate: 2020-08-02T15:12:39.678Z,
  ip: '83.202.34.239',
  geoloc: {
    range: [ 1405755904, 1405756415 ],
    country: 'FR',
    region: 'IDF',
    eu: '1',
    timezone: 'Europe/Paris',
    city: 'Paris',
    ll: [ 48.8543, 2.3527 ],
    metro: 0,
    area: 10
  },
  __lastAccess: 1596373959679
}
[2020-08-02T15:13:11.035] [TRACE] file - uIejZyjRwpwZD_giaQ9Wt_xD
[2020-08-02T15:13:11.035] [TRACE] file - Session {
  cookie: {
    path: '/',
    _expires: 2020-10-31T13:13:11.034Z,
    originalMaxAge: 7776000000,
    httpOnly: true
  },
  views: { '/': 13, '/cv': 4, '/giftedADHD': 5 },
  horodate: 2020-08-02T15:13:11.033Z,
  ip: '83.202.34.239',
  geoloc: {
    range: [ 1405755904, 1405756415 ],
    country: 'FR',
    region: 'IDF',
    eu: '1',
    timezone: 'Europe/Paris',
    city: 'Paris',
    ll: [ 48.8543, 2.3527 ],
    metro: 0,
    area: 10
  },
  __lastAccess: 1596373991034
}
[2020-08-02T15:13:19.298] [TRACE] file - Uw8IfHUsRvd3uMbWNqq9TbJc
[2020-08-02T15:13:19.298] [TRACE] file - Session {
  cookie: {
    path: '/',
    _expires: 2020-10-31T13:13:19.298Z,
    originalMaxAge: 7776000000,
    httpOnly: true
  },
  views: { '/': 11, '/cv': 4, '/giftedADHD': 2 },
  horodate: 2020-08-02T15:13:19.295Z,
  ip: '83.202.34.239',
  geoloc: {
    range: [ 1405755904, 1405756415 ],
    country: 'FR',
    region: 'IDF',
    eu: '1',
    timezone: 'Europe/Paris',
    city: 'Paris',
    ll: [ 48.8543, 2.3527 ],
    metro: 0,
    area: 10
  },
  __lastAccess: 1596373999298
}
[2020-08-02T15:13:22.646] [TRACE] file - Uw8IfHUsRvd3uMbWNqq9TbJc
[2020-08-02T15:13:22.646] [TRACE] file - Session {
  cookie: {
    path: '/',
    _expires: 2020-10-31T13:13:22.646Z,
    originalMaxAge: 7776000000,
    httpOnly: true
  },
  views: { '/': 12, '/cv': 4, '/giftedADHD': 2 },
  horodate: 2020-08-02T15:13:22.642Z,
  ip: '83.202.34.239',
  geoloc: {
    range: [ 1405755904, 1405756415 ],
    country: 'FR',
    region: 'IDF',
    eu: '1',
    timezone: 'Europe/Paris',
    city: 'Paris',
    ll: [ 48.8543, 2.3527 ],
    metro: 0,
    area: 10
  },
  __lastAccess: 1596374002646
}
[2020-08-02T15:14:05.890] [TRACE] file - Session {
  cookie: {
    path: '/',
    _expires: 2020-10-31T13:14:05.890Z,
    originalMaxAge: 7776000000,
    httpOnly: true
  },
  views: { '/': 12, '/cv': 4, '/giftedADHD': 3 },
  horodate: 2020-08-02T15:14:05.886Z,
  ip: '83.202.34.239',
  geoloc: {
    range: [ 1405755904, 1405756415 ],
    country: 'FR',
    region: 'IDF',
    eu: '1',
    timezone: 'Europe/Paris',
    city: 'Paris',
    ll: [ 48.8543, 2.3527 ],
    metro: 0,
    area: 10
  },
  __lastAccess: 1596374045890
}
[2020-08-02T15:14:06.886] [TRACE] file - Session {
  cookie: {
    path: '/',
    _expires: 2020-10-31T13:14:06.885Z,
    originalMaxAge: 7776000000,
    httpOnly: true
  },
  views: { '/': 12, '/cv': 5, '/giftedADHD': 3 },
  horodate: 2020-08-02T15:14:06.882Z,
  ip: '83.202.34.239',
  geoloc: {
    range: [ 1405755904, 1405756415 ],
    country: 'FR',
    region: 'IDF',
    eu: '1',
    timezone: 'Europe/Paris',
    city: 'Paris',
    ll: [ 48.8543, 2.3527 ],
    metro: 0,
    area: 10
  },
  __lastAccess: 1596374046885
}
[2020-08-02T15:14:09.374] [TRACE] file - Session {
  cookie: {
    path: '/',
    _expires: 2020-10-31T13:14:09.374Z,
    originalMaxAge: 7776000000,
    httpOnly: true
  },
  views: { '/': 12, '/cv': 5, '/giftedADHD': 4 },
  horodate: 2020-08-02T15:14:09.372Z,
  ip: '83.202.34.239',
  geoloc: {
    range: [ 1405755904, 1405756415 ],
    country: 'FR',
    region: 'IDF',
    eu: '1',
    timezone: 'Europe/Paris',
    city: 'Paris',
    ll: [ 48.8543, 2.3527 ],
    metro: 0,
    area: 10
  },
  __lastAccess: 1596374049374
}
[2020-08-02T15:14:14.897] [TRACE] file - Session {
  cookie: {
    path: '/',
    _expires: 2020-10-31T13:14:14.897Z,
    originalMaxAge: 7776000000,
    httpOnly: true
  },
  views: { '/': 12, '/cv': 6, '/giftedADHD': 4 },
  horodate: 2020-08-02T15:14:14.896Z,
  ip: '83.202.34.239',
  geoloc: {
    range: [ 1405755904, 1405756415 ],
    country: 'FR',
    region: 'IDF',
    eu: '1',
    timezone: 'Europe/Paris',
    city: 'Paris',
    ll: [ 48.8543, 2.3527 ],
    metro: 0,
    area: 10
  },
  __lastAccess: 1596374054897
}
[2020-08-02T15:14:17.770] [TRACE] file - Uw8IfHUsRvd3uMbWNqq9TbJc
[2020-08-02T15:14:17.770] [TRACE] file - Session {
  cookie: {
    path: '/',
    _expires: 2020-10-31T13:14:17.770Z,
    originalMaxAge: 7776000000,
    httpOnly: true
  },
  views: { '/': 13, '/cv': 6, '/giftedADHD': 4 },
  horodate: 2020-08-02T15:14:17.768Z,
  ip: '83.202.34.239',
  geoloc: {
    range: [ 1405755904, 1405756415 ],
    country: 'FR',
    region: 'IDF',
    eu: '1',
    timezone: 'Europe/Paris',
    city: 'Paris',
    ll: [ 48.8543, 2.3527 ],
    metro: 0,
    area: 10
  },
  __lastAccess: 1596374057770
}
[2020-08-02T15:14:36.356] [TRACE] file - uIejZyjRwpwZD_giaQ9Wt_xD
[2020-08-02T15:14:36.356] [TRACE] file - Session {
  cookie: {
    path: '/',
    _expires: 2020-10-31T13:14:36.356Z,
    originalMaxAge: 7776000000,
    httpOnly: true
  },
  views: { '/': 14, '/cv': 4, '/giftedADHD': 5 },
  horodate: 2020-08-02T15:14:36.353Z,
  ip: '83.202.34.239',
  geoloc: {
    range: [ 1405755904, 1405756415 ],
    country: 'FR',
    region: 'IDF',
    eu: '1',
    timezone: 'Europe/Paris',
    city: 'Paris',
    ll: [ 48.8543, 2.3527 ],
    metro: 0,
    area: 10
  },
  __lastAccess: 1596374076356
}
