Sat Oct 02 2021 22:42:06 GMT+0200 (GMT+02:00)[2020-10-02T22:43:47.653] [TRACE] file - Uw8IfHUsRvd3uMbWNqq9TbJc
[2020-10-02T22:43:47.654] [TRACE] file - Session {
  cookie: {
    path: '/',
    _expires: 2020-12-31T20:43:47.651Z,
    originalMaxAge: 7775999999,
    httpOnly: true
  },
  views: { '/': 174, '/cv': 70, '/giftedADHD': 61 },
  horodate: 2020-10-02T22:43:47.646Z,
  ip: '82.227.67.139',
  geoloc: {
    range: [ 1390624768, 1390625791 ],
    country: 'FR',
    region: 'IDF',
    eu: '1',
    timezone: 'Europe/Paris',
    city: 'Paris',
    ll: [ 48.8543, 2.3527 ],
    metro: 0,
    area: 5
  },
  __lastAccess: 1601671427652
}
[2020-10-02T22:44:12.637] [TRACE] file - Uw8IfHUsRvd3uMbWNqq9TbJc
[2020-10-02T22:44:12.637] [TRACE] file - Session {
  cookie: {
    path: '/',
    _expires: 2020-12-31T20:44:12.636Z,
    originalMaxAge: 7775999999,
    httpOnly: true
  },
  views: { '/': 175, '/cv': 70, '/giftedADHD': 61 },
  horodate: 2020-10-02T22:44:12.635Z,
  ip: '82.227.67.139',
  geoloc: {
    range: [ 1390624768, 1390625791 ],
    country: 'FR',
    region: 'IDF',
    eu: '1',
    timezone: 'Europe/Paris',
    city: 'Paris',
    ll: [ 48.8543, 2.3527 ],
    metro: 0,
    area: 5
  },
  __lastAccess: 1601671452637
}
